ERROR - 2024-10-19 00:17:53 --> Error connecting to the database: mysqli_sql_exception: Access denied for user ''@'localhost' (using password: NO) in C:\Users\Administrator\Documents\GitHub\sagara\vendor\codeigniter4\framework\system\Database\MySQLi\Connection.php:186
Stack trace:
#0 C:\Users\Administrator\Documents\GitHub\sagara\vendor\codeigniter4\framework\system\Database\MySQLi\Connection.php(186): mysqli->real_connect()
#1 C:\Users\Administrator\Documents\GitHub\sagara\vendor\codeigniter4\framework\system\Database\BaseConnection.php(421): CodeIgniter\Database\MySQLi\Connection->connect()
#2 C:\Users\Administrator\Documents\GitHub\sagara\vendor\codeigniter4\framework\system\Database\BaseConnection.php(616): CodeIgniter\Database\BaseConnection->initialize()
#3 C:\Users\Administrator\Documents\GitHub\sagara\vendor\codeigniter4\framework\system\Database\BaseBuilder.php(1728): CodeIgniter\Database\BaseConnection->query()
#4 C:\Users\Administrator\Documents\GitHub\sagara\vendor\codeigniter4\framework\system\Model.php(678): CodeIgniter\Database\BaseBuilder->countAllResults()
#5 C:\Users\Administrator\Documents\GitHub\sagara\app\Controllers\Login.php(141): CodeIgniter\Model->countAllResults()
#6 C:\Users\Administrator\Documents\GitHub\sagara\vendor\codeigniter4\framework\system\CodeIgniter.php(933): App\Controllers\Login->index()
#7 C:\Users\Administrator\Documents\GitHub\sagara\vendor\codeigniter4\framework\system\CodeIgniter.php(509): CodeIgniter\CodeIgniter->runController()
#8 C:\Users\Administrator\Documents\GitHub\sagara\vendor\codeigniter4\framework\system\CodeIgniter.php(355): CodeIgniter\CodeIgniter->handleRequest()
#9 C:\Users\Administrator\Documents\GitHub\sagara\vendor\codeigniter4\framework\system\Boot.php(325): CodeIgniter\CodeIgniter->run()
#10 C:\Users\Administrator\Documents\GitHub\sagara\vendor\codeigniter4\framework\system\Boot.php(67): CodeIgniter\Boot::runCodeIgniter()
#11 C:\Users\Administrator\Documents\GitHub\sagara\public\index.php(56): CodeIgniter\Boot::bootWeb()
#12 C:\Users\Administrator\Documents\GitHub\sagara\vendor\codeigniter4\framework\system\rewrite.php(44): require_once('...')
#13 {main}

Next CodeIgniter\Database\Exceptions\DatabaseException: Access denied for user ''@'localhost' (using password: NO) in C:\Users\Administrator\Documents\GitHub\sagara\vendor\codeigniter4\framework\system\Database\MySQLi\Connection.php:231
Stack trace:
#0 C:\Users\Administrator\Documents\GitHub\sagara\vendor\codeigniter4\framework\system\Database\BaseConnection.php(421): CodeIgniter\Database\MySQLi\Connection->connect()
#1 C:\Users\Administrator\Documents\GitHub\sagara\vendor\codeigniter4\framework\system\Database\BaseConnection.php(616): CodeIgniter\Database\BaseConnection->initialize()
#2 C:\Users\Administrator\Documents\GitHub\sagara\vendor\codeigniter4\framework\system\Database\BaseBuilder.php(1728): CodeIgniter\Database\BaseConnection->query()
#3 C:\Users\Administrator\Documents\GitHub\sagara\vendor\codeigniter4\framework\system\Model.php(678): CodeIgniter\Database\BaseBuilder->countAllResults()
#4 C:\Users\Administrator\Documents\GitHub\sagara\app\Controllers\Login.php(141): CodeIgniter\Model->countAllResults()
#5 C:\Users\Administrator\Documents\GitHub\sagara\vendor\codeigniter4\framework\system\CodeIgniter.php(933): App\Controllers\Login->index()
#6 C:\Users\Administrator\Documents\GitHub\sagara\vendor\codeigniter4\framework\system\CodeIgniter.php(509): CodeIgniter\CodeIgniter->runController()
#7 C:\Users\Administrator\Documents\GitHub\sagara\vendor\codeigniter4\framework\system\CodeIgniter.php(355): CodeIgniter\CodeIgniter->handleRequest()
#8 C:\Users\Administrator\Documents\GitHub\sagara\vendor\codeigniter4\framework\system\Boot.php(325): CodeIgniter\CodeIgniter->run()
#9 C:\Users\Administrator\Documents\GitHub\sagara\vendor\codeigniter4\framework\system\Boot.php(67): CodeIgniter\Boot::runCodeIgniter()
#10 C:\Users\Administrator\Documents\GitHub\sagara\public\index.php(56): CodeIgniter\Boot::bootWeb()
#11 C:\Users\Administrator\Documents\GitHub\sagara\vendor\codeigniter4\framework\system\rewrite.php(44): require_once('...')
#12 {main}
CRITICAL - 2024-10-19 00:17:53 --> CodeIgniter\Database\Exceptions\DatabaseException: Unable to connect to the database.
Main connection [MySQLi]: Access denied for user ''@'localhost' (using password: NO)
[Method: GET, Route: login]
in SYSTEMPATH\Database\BaseConnection.php on line 467.
 1 SYSTEMPATH\Database\BaseConnection.php(616): CodeIgniter\Database\BaseConnection->initialize()
 2 SYSTEMPATH\Database\BaseBuilder.php(1728): CodeIgniter\Database\BaseConnection->query()
 3 SYSTEMPATH\Model.php(678): CodeIgniter\Database\BaseBuilder->countAllResults()
 4 APPPATH\Controllers\Login.php(141): CodeIgniter\Model->countAllResults()
 5 SYSTEMPATH\CodeIgniter.php(933): App\Controllers\Login->index()
 6 SYSTEMPATH\CodeIgniter.php(509): CodeIgniter\CodeIgniter->runController()
 7 SYSTEMPATH\CodeIgniter.php(355): CodeIgniter\CodeIgniter->handleRequest()
 8 SYSTEMPATH\Boot.php(325): CodeIgniter\CodeIgniter->run()
 9 SYSTEMPATH\Boot.php(67): CodeIgniter\Boot::runCodeIgniter()
10 FCPATH\index.php(56): CodeIgniter\Boot::bootWeb()
11 SYSTEMPATH\rewrite.php(44): require_once('C:\\Users\\Administrator\\Documents\\GitHub\\sagara\\public\\index.php')
INFO - 2024-10-19 00:19:44 --> Session: Class initialized using 'CodeIgniter\Session\Handlers\FileHandler' driver.
ERROR - 2024-10-19 00:19:46 --> Error connecting to the database: mysqli_sql_exception: Access denied for user ''@'localhost' (using password: NO) in C:\Users\Administrator\Documents\GitHub\sagara\vendor\codeigniter4\framework\system\Database\MySQLi\Connection.php:186
Stack trace:
#0 C:\Users\Administrator\Documents\GitHub\sagara\vendor\codeigniter4\framework\system\Database\MySQLi\Connection.php(186): mysqli->real_connect()
#1 C:\Users\Administrator\Documents\GitHub\sagara\vendor\codeigniter4\framework\system\Database\BaseConnection.php(421): CodeIgniter\Database\MySQLi\Connection->connect()
#2 C:\Users\Administrator\Documents\GitHub\sagara\vendor\codeigniter4\framework\system\Database\BaseConnection.php(616): CodeIgniter\Database\BaseConnection->initialize()
#3 C:\Users\Administrator\Documents\GitHub\sagara\vendor\codeigniter4\framework\system\Database\BaseBuilder.php(1728): CodeIgniter\Database\BaseConnection->query()
#4 C:\Users\Administrator\Documents\GitHub\sagara\vendor\codeigniter4\framework\system\Model.php(678): CodeIgniter\Database\BaseBuilder->countAllResults()
#5 C:\Users\Administrator\Documents\GitHub\sagara\app\Controllers\Login.php(141): CodeIgniter\Model->countAllResults()
#6 C:\Users\Administrator\Documents\GitHub\sagara\vendor\codeigniter4\framework\system\CodeIgniter.php(933): App\Controllers\Login->index()
#7 C:\Users\Administrator\Documents\GitHub\sagara\vendor\codeigniter4\framework\system\CodeIgniter.php(509): CodeIgniter\CodeIgniter->runController()
#8 C:\Users\Administrator\Documents\GitHub\sagara\vendor\codeigniter4\framework\system\CodeIgniter.php(355): CodeIgniter\CodeIgniter->handleRequest()
#9 C:\Users\Administrator\Documents\GitHub\sagara\vendor\codeigniter4\framework\system\Boot.php(325): CodeIgniter\CodeIgniter->run()
#10 C:\Users\Administrator\Documents\GitHub\sagara\vendor\codeigniter4\framework\system\Boot.php(67): CodeIgniter\Boot::runCodeIgniter()
#11 C:\Users\Administrator\Documents\GitHub\sagara\public\index.php(56): CodeIgniter\Boot::bootWeb()
#12 C:\Users\Administrator\Documents\GitHub\sagara\vendor\codeigniter4\framework\system\rewrite.php(44): require_once('...')
#13 {main}

Next CodeIgniter\Database\Exceptions\DatabaseException: Access denied for user ''@'localhost' (using password: NO) in C:\Users\Administrator\Documents\GitHub\sagara\vendor\codeigniter4\framework\system\Database\MySQLi\Connection.php:231
Stack trace:
#0 C:\Users\Administrator\Documents\GitHub\sagara\vendor\codeigniter4\framework\system\Database\BaseConnection.php(421): CodeIgniter\Database\MySQLi\Connection->connect()
#1 C:\Users\Administrator\Documents\GitHub\sagara\vendor\codeigniter4\framework\system\Database\BaseConnection.php(616): CodeIgniter\Database\BaseConnection->initialize()
#2 C:\Users\Administrator\Documents\GitHub\sagara\vendor\codeigniter4\framework\system\Database\BaseBuilder.php(1728): CodeIgniter\Database\BaseConnection->query()
#3 C:\Users\Administrator\Documents\GitHub\sagara\vendor\codeigniter4\framework\system\Model.php(678): CodeIgniter\Database\BaseBuilder->countAllResults()
#4 C:\Users\Administrator\Documents\GitHub\sagara\app\Controllers\Login.php(141): CodeIgniter\Model->countAllResults()
#5 C:\Users\Administrator\Documents\GitHub\sagara\vendor\codeigniter4\framework\system\CodeIgniter.php(933): App\Controllers\Login->index()
#6 C:\Users\Administrator\Documents\GitHub\sagara\vendor\codeigniter4\framework\system\CodeIgniter.php(509): CodeIgniter\CodeIgniter->runController()
#7 C:\Users\Administrator\Documents\GitHub\sagara\vendor\codeigniter4\framework\system\CodeIgniter.php(355): CodeIgniter\CodeIgniter->handleRequest()
#8 C:\Users\Administrator\Documents\GitHub\sagara\vendor\codeigniter4\framework\system\Boot.php(325): CodeIgniter\CodeIgniter->run()
#9 C:\Users\Administrator\Documents\GitHub\sagara\vendor\codeigniter4\framework\system\Boot.php(67): CodeIgniter\Boot::runCodeIgniter()
#10 C:\Users\Administrator\Documents\GitHub\sagara\public\index.php(56): CodeIgniter\Boot::bootWeb()
#11 C:\Users\Administrator\Documents\GitHub\sagara\vendor\codeigniter4\framework\system\rewrite.php(44): require_once('...')
#12 {main}
CRITICAL - 2024-10-19 00:19:46 --> CodeIgniter\Database\Exceptions\DatabaseException: Unable to connect to the database.
Main connection [MySQLi]: Access denied for user ''@'localhost' (using password: NO)
[Method: GET, Route: login]
in SYSTEMPATH\Database\BaseConnection.php on line 467.
 1 SYSTEMPATH\Database\BaseConnection.php(616): CodeIgniter\Database\BaseConnection->initialize()
 2 SYSTEMPATH\Database\BaseBuilder.php(1728): CodeIgniter\Database\BaseConnection->query()
 3 SYSTEMPATH\Model.php(678): CodeIgniter\Database\BaseBuilder->countAllResults()
 4 APPPATH\Controllers\Login.php(141): CodeIgniter\Model->countAllResults()
 5 SYSTEMPATH\CodeIgniter.php(933): App\Controllers\Login->index()
 6 SYSTEMPATH\CodeIgniter.php(509): CodeIgniter\CodeIgniter->runController()
 7 SYSTEMPATH\CodeIgniter.php(355): CodeIgniter\CodeIgniter->handleRequest()
 8 SYSTEMPATH\Boot.php(325): CodeIgniter\CodeIgniter->run()
 9 SYSTEMPATH\Boot.php(67): CodeIgniter\Boot::runCodeIgniter()
10 FCPATH\index.php(56): CodeIgniter\Boot::bootWeb()
11 SYSTEMPATH\rewrite.php(44): require_once('C:\\Users\\Administrator\\Documents\\GitHub\\sagara\\public\\index.php')
INFO - 2024-10-19 00:20:09 --> Session: Class initialized using 'CodeIgniter\Session\Handlers\FileHandler' driver.
ERROR - 2024-10-19 00:20:09 --> Error connecting to the database: mysqli_sql_exception: Access denied for user 'root'@'localhost' (using password: YES) in C:\Users\Administrator\Documents\GitHub\sagara\vendor\codeigniter4\framework\system\Database\MySQLi\Connection.php:186
Stack trace:
#0 C:\Users\Administrator\Documents\GitHub\sagara\vendor\codeigniter4\framework\system\Database\MySQLi\Connection.php(186): mysqli->real_connect()
#1 C:\Users\Administrator\Documents\GitHub\sagara\vendor\codeigniter4\framework\system\Database\BaseConnection.php(421): CodeIgniter\Database\MySQLi\Connection->connect()
#2 C:\Users\Administrator\Documents\GitHub\sagara\vendor\codeigniter4\framework\system\Database\BaseConnection.php(616): CodeIgniter\Database\BaseConnection->initialize()
#3 C:\Users\Administrator\Documents\GitHub\sagara\vendor\codeigniter4\framework\system\Database\BaseBuilder.php(1728): CodeIgniter\Database\BaseConnection->query()
#4 C:\Users\Administrator\Documents\GitHub\sagara\vendor\codeigniter4\framework\system\Model.php(678): CodeIgniter\Database\BaseBuilder->countAllResults()
#5 C:\Users\Administrator\Documents\GitHub\sagara\app\Controllers\Login.php(141): CodeIgniter\Model->countAllResults()
#6 C:\Users\Administrator\Documents\GitHub\sagara\vendor\codeigniter4\framework\system\CodeIgniter.php(933): App\Controllers\Login->index()
#7 C:\Users\Administrator\Documents\GitHub\sagara\vendor\codeigniter4\framework\system\CodeIgniter.php(509): CodeIgniter\CodeIgniter->runController()
#8 C:\Users\Administrator\Documents\GitHub\sagara\vendor\codeigniter4\framework\system\CodeIgniter.php(355): CodeIgniter\CodeIgniter->handleRequest()
#9 C:\Users\Administrator\Documents\GitHub\sagara\vendor\codeigniter4\framework\system\Boot.php(325): CodeIgniter\CodeIgniter->run()
#10 C:\Users\Administrator\Documents\GitHub\sagara\vendor\codeigniter4\framework\system\Boot.php(67): CodeIgniter\Boot::runCodeIgniter()
#11 C:\Users\Administrator\Documents\GitHub\sagara\public\index.php(56): CodeIgniter\Boot::bootWeb()
#12 C:\Users\Administrator\Documents\GitHub\sagara\vendor\codeigniter4\framework\system\rewrite.php(44): require_once('...')
#13 {main}

Next CodeIgniter\Database\Exceptions\DatabaseException: Access denied for user '****'@'localhost' (using password: YES) in C:\Users\Administrator\Documents\GitHub\sagara\vendor\codeigniter4\framework\system\Database\MySQLi\Connection.php:231
Stack trace:
#0 C:\Users\Administrator\Documents\GitHub\sagara\vendor\codeigniter4\framework\system\Database\BaseConnection.php(421): CodeIgniter\Database\MySQLi\Connection->connect()
#1 C:\Users\Administrator\Documents\GitHub\sagara\vendor\codeigniter4\framework\system\Database\BaseConnection.php(616): CodeIgniter\Database\BaseConnection->initialize()
#2 C:\Users\Administrator\Documents\GitHub\sagara\vendor\codeigniter4\framework\system\Database\BaseBuilder.php(1728): CodeIgniter\Database\BaseConnection->query()
#3 C:\Users\Administrator\Documents\GitHub\sagara\vendor\codeigniter4\framework\system\Model.php(678): CodeIgniter\Database\BaseBuilder->countAllResults()
#4 C:\Users\Administrator\Documents\GitHub\sagara\app\Controllers\Login.php(141): CodeIgniter\Model->countAllResults()
#5 C:\Users\Administrator\Documents\GitHub\sagara\vendor\codeigniter4\framework\system\CodeIgniter.php(933): App\Controllers\Login->index()
#6 C:\Users\Administrator\Documents\GitHub\sagara\vendor\codeigniter4\framework\system\CodeIgniter.php(509): CodeIgniter\CodeIgniter->runController()
#7 C:\Users\Administrator\Documents\GitHub\sagara\vendor\codeigniter4\framework\system\CodeIgniter.php(355): CodeIgniter\CodeIgniter->handleRequest()
#8 C:\Users\Administrator\Documents\GitHub\sagara\vendor\codeigniter4\framework\system\Boot.php(325): CodeIgniter\CodeIgniter->run()
#9 C:\Users\Administrator\Documents\GitHub\sagara\vendor\codeigniter4\framework\system\Boot.php(67): CodeIgniter\Boot::runCodeIgniter()
#10 C:\Users\Administrator\Documents\GitHub\sagara\public\index.php(56): CodeIgniter\Boot::bootWeb()
#11 C:\Users\Administrator\Documents\GitHub\sagara\vendor\codeigniter4\framework\system\rewrite.php(44): require_once('...')
#12 {main}
CRITICAL - 2024-10-19 00:20:09 --> CodeIgniter\Database\Exceptions\DatabaseException: Unable to connect to the database.
Main connection [MySQLi]: Access denied for user '****'@'localhost' (using password: YES)
[Method: GET, Route: login]
in SYSTEMPATH\Database\BaseConnection.php on line 467.
 1 SYSTEMPATH\Database\BaseConnection.php(616): CodeIgniter\Database\BaseConnection->initialize()
 2 SYSTEMPATH\Database\BaseBuilder.php(1728): CodeIgniter\Database\BaseConnection->query()
 3 SYSTEMPATH\Model.php(678): CodeIgniter\Database\BaseBuilder->countAllResults()
 4 APPPATH\Controllers\Login.php(141): CodeIgniter\Model->countAllResults()
 5 SYSTEMPATH\CodeIgniter.php(933): App\Controllers\Login->index()
 6 SYSTEMPATH\CodeIgniter.php(509): CodeIgniter\CodeIgniter->runController()
 7 SYSTEMPATH\CodeIgniter.php(355): CodeIgniter\CodeIgniter->handleRequest()
 8 SYSTEMPATH\Boot.php(325): CodeIgniter\CodeIgniter->run()
 9 SYSTEMPATH\Boot.php(67): CodeIgniter\Boot::runCodeIgniter()
10 FCPATH\index.php(56): CodeIgniter\Boot::bootWeb()
11 SYSTEMPATH\rewrite.php(44): require_once('C:\\Users\\Administrator\\Documents\\GitHub\\sagara\\public\\index.php')
INFO - 2024-10-19 00:20:16 --> Session: Class initialized using 'CodeIgniter\Session\Handlers\FileHandler' driver.
ERROR - 2024-10-19 00:20:17 --> mysqli_sql_exception: Table 'ci4.users' doesn't exist in C:\Users\Administrator\Documents\GitHub\sagara\vendor\codeigniter4\framework\system\Database\MySQLi\Connection.php:312
Stack trace:
#0 C:\Users\Administrator\Documents\GitHub\sagara\vendor\codeigniter4\framework\system\Database\MySQLi\Connection.php(312): mysqli->query()
#1 C:\Users\Administrator\Documents\GitHub\sagara\vendor\codeigniter4\framework\system\Database\BaseConnection.php(734): CodeIgniter\Database\MySQLi\Connection->execute()
#2 C:\Users\Administrator\Documents\GitHub\sagara\vendor\codeigniter4\framework\system\Database\BaseConnection.php(648): CodeIgniter\Database\BaseConnection->simpleQuery()
#3 C:\Users\Administrator\Documents\GitHub\sagara\vendor\codeigniter4\framework\system\Database\BaseBuilder.php(1728): CodeIgniter\Database\BaseConnection->query()
#4 C:\Users\Administrator\Documents\GitHub\sagara\vendor\codeigniter4\framework\system\Model.php(678): CodeIgniter\Database\BaseBuilder->countAllResults()
#5 C:\Users\Administrator\Documents\GitHub\sagara\app\Controllers\Login.php(141): CodeIgniter\Model->countAllResults()
#6 C:\Users\Administrator\Documents\GitHub\sagara\vendor\codeigniter4\framework\system\CodeIgniter.php(933): App\Controllers\Login->index()
#7 C:\Users\Administrator\Documents\GitHub\sagara\vendor\codeigniter4\framework\system\CodeIgniter.php(509): CodeIgniter\CodeIgniter->runController()
#8 C:\Users\Administrator\Documents\GitHub\sagara\vendor\codeigniter4\framework\system\CodeIgniter.php(355): CodeIgniter\CodeIgniter->handleRequest()
#9 C:\Users\Administrator\Documents\GitHub\sagara\vendor\codeigniter4\framework\system\Boot.php(325): CodeIgniter\CodeIgniter->run()
#10 C:\Users\Administrator\Documents\GitHub\sagara\vendor\codeigniter4\framework\system\Boot.php(67): CodeIgniter\Boot::runCodeIgniter()
#11 C:\Users\Administrator\Documents\GitHub\sagara\public\index.php(56): CodeIgniter\Boot::bootWeb()
#12 C:\Users\Administrator\Documents\GitHub\sagara\vendor\codeigniter4\framework\system\rewrite.php(44): require_once('...')
#13 {main}
CRITICAL - 2024-10-19 00:20:17 --> CodeIgniter\Database\Exceptions\DatabaseException: Table 'ci4.users' doesn't exist
[Method: GET, Route: login]
in SYSTEMPATH\Database\BaseConnection.php on line 688.
 1 SYSTEMPATH\Database\BaseBuilder.php(1728): CodeIgniter\Database\BaseConnection->query()
 2 SYSTEMPATH\Model.php(678): CodeIgniter\Database\BaseBuilder->countAllResults()
 3 APPPATH\Controllers\Login.php(141): CodeIgniter\Model->countAllResults()
 4 SYSTEMPATH\CodeIgniter.php(933): App\Controllers\Login->index()
 5 SYSTEMPATH\CodeIgniter.php(509): CodeIgniter\CodeIgniter->runController()
 6 SYSTEMPATH\CodeIgniter.php(355): CodeIgniter\CodeIgniter->handleRequest()
 7 SYSTEMPATH\Boot.php(325): CodeIgniter\CodeIgniter->run()
 8 SYSTEMPATH\Boot.php(67): CodeIgniter\Boot::runCodeIgniter()
 9 FCPATH\index.php(56): CodeIgniter\Boot::bootWeb()
10 SYSTEMPATH\rewrite.php(44): require_once('C:\\Users\\Administrator\\Documents\\GitHub\\sagara\\public\\index.php')
CRITICAL - 2024-10-19 00:20:17 --> [Caused by] CodeIgniter\Database\Exceptions\DatabaseException: Table 'ci4.users' doesn't exist
in SYSTEMPATH\Database\MySQLi\Connection.php on line 317.
 1 SYSTEMPATH\Database\BaseConnection.php(734): CodeIgniter\Database\MySQLi\Connection->execute()
 2 SYSTEMPATH\Database\BaseConnection.php(648): CodeIgniter\Database\BaseConnection->simpleQuery()
 3 SYSTEMPATH\Database\BaseBuilder.php(1728): CodeIgniter\Database\BaseConnection->query()
 4 SYSTEMPATH\Model.php(678): CodeIgniter\Database\BaseBuilder->countAllResults()
 5 APPPATH\Controllers\Login.php(141): CodeIgniter\Model->countAllResults()
 6 SYSTEMPATH\CodeIgniter.php(933): App\Controllers\Login->index()
 7 SYSTEMPATH\CodeIgniter.php(509): CodeIgniter\CodeIgniter->runController()
 8 SYSTEMPATH\CodeIgniter.php(355): CodeIgniter\CodeIgniter->handleRequest()
 9 SYSTEMPATH\Boot.php(325): CodeIgniter\CodeIgniter->run()
10 SYSTEMPATH\Boot.php(67): CodeIgniter\Boot::runCodeIgniter()
11 FCPATH\index.php(56): CodeIgniter\Boot::bootWeb()
12 SYSTEMPATH\rewrite.php(44): require_once('C:\\Users\\Administrator\\Documents\\GitHub\\sagara\\public\\index.php')
CRITICAL - 2024-10-19 00:20:17 --> [Caused by] mysqli_sql_exception: Table 'ci4.users' doesn't exist
in SYSTEMPATH\Database\MySQLi\Connection.php on line 312.
 1 SYSTEMPATH\Database\MySQLi\Connection.php(312): mysqli->query()
 2 SYSTEMPATH\Database\BaseConnection.php(734): CodeIgniter\Database\MySQLi\Connection->execute()
 3 SYSTEMPATH\Database\BaseConnection.php(648): CodeIgniter\Database\BaseConnection->simpleQuery()
 4 SYSTEMPATH\Database\BaseBuilder.php(1728): CodeIgniter\Database\BaseConnection->query()
 5 SYSTEMPATH\Model.php(678): CodeIgniter\Database\BaseBuilder->countAllResults()
 6 APPPATH\Controllers\Login.php(141): CodeIgniter\Model->countAllResults()
 7 SYSTEMPATH\CodeIgniter.php(933): App\Controllers\Login->index()
 8 SYSTEMPATH\CodeIgniter.php(509): CodeIgniter\CodeIgniter->runController()
 9 SYSTEMPATH\CodeIgniter.php(355): CodeIgniter\CodeIgniter->handleRequest()
10 SYSTEMPATH\Boot.php(325): CodeIgniter\CodeIgniter->run()
11 SYSTEMPATH\Boot.php(67): CodeIgniter\Boot::runCodeIgniter()
12 FCPATH\index.php(56): CodeIgniter\Boot::bootWeb()
13 SYSTEMPATH\rewrite.php(44): require_once('C:\\Users\\Administrator\\Documents\\GitHub\\sagara\\public\\index.php')
INFO - 2024-10-19 00:23:53 --> Session: Class initialized using 'CodeIgniter\Session\Handlers\FileHandler' driver.
INFO - 2024-10-19 00:23:53 --> Session: Class initialized using 'CodeIgniter\Session\Handlers\FileHandler' driver.
ERROR - 2024-10-19 00:23:55 --> Error connecting to the database: mysqli_sql_exception: Access denied for user 'cendrata_root'@'localhost' (using password: YES) in C:\Users\Administrator\Documents\GitHub\sagara\vendor\codeigniter4\framework\system\Database\MySQLi\Connection.php:186
Stack trace:
#0 C:\Users\Administrator\Documents\GitHub\sagara\vendor\codeigniter4\framework\system\Database\MySQLi\Connection.php(186): mysqli->real_connect('localhost', 'cendrata_root', Object(SensitiveParameterValue), 'cendrata_main', 3306, '', 0)
#1 C:\Users\Administrator\Documents\GitHub\sagara\vendor\codeigniter4\framework\system\Database\BaseConnection.php(421): CodeIgniter\Database\MySQLi\Connection->connect(false)
#2 C:\Users\Administrator\Documents\GitHub\sagara\vendor\codeigniter4\framework\system\Database\BaseConnection.php(616): CodeIgniter\Database\BaseConnection->initialize()
#3 C:\Users\Administrator\Documents\GitHub\sagara\vendor\codeigniter4\framework\system\Database\BaseBuilder.php(1728): CodeIgniter\Database\BaseConnection->query('SELECT COUNT(*)...', Array, false)
#4 C:\Users\Administrator\Documents\GitHub\sagara\vendor\codeigniter4\framework\system\Model.php(678): CodeIgniter\Database\BaseBuilder->countAllResults(true)
#5 C:\Users\Administrator\Documents\GitHub\sagara\app\Controllers\Login.php(141): CodeIgniter\Model->countAllResults()
#6 C:\Users\Administrator\Documents\GitHub\sagara\vendor\codeigniter4\framework\system\CodeIgniter.php(933): App\Controllers\Login->index()
#7 C:\Users\Administrator\Documents\GitHub\sagara\vendor\codeigniter4\framework\system\CodeIgniter.php(509): CodeIgniter\CodeIgniter->runController(Object(App\Controllers\Login))
#8 C:\Users\Administrator\Documents\GitHub\sagara\vendor\codeigniter4\framework\system\CodeIgniter.php(355): CodeIgniter\CodeIgniter->handleRequest(NULL, Object(Config\Cache), false)
#9 C:\Users\Administrator\Documents\GitHub\sagara\vendor\codeigniter4\framework\system\Boot.php(325): CodeIgniter\CodeIgniter->run()
#10 C:\Users\Administrator\Documents\GitHub\sagara\vendor\codeigniter4\framework\system\Boot.php(67): CodeIgniter\Boot::runCodeIgniter(Object(CodeIgniter\CodeIgniter))
#11 C:\Users\Administrator\Documents\GitHub\sagara\public\index.php(56): CodeIgniter\Boot::bootWeb(Object(Config\Paths))
#12 {main}

Next CodeIgniter\Database\Exceptions\DatabaseException: Access denied for user '****'@'localhost' (using password: YES) in C:\Users\Administrator\Documents\GitHub\sagara\vendor\codeigniter4\framework\system\Database\MySQLi\Connection.php:231
Stack trace:
#0 C:\Users\Administrator\Documents\GitHub\sagara\vendor\codeigniter4\framework\system\Database\BaseConnection.php(421): CodeIgniter\Database\MySQLi\Connection->connect(false)
#1 C:\Users\Administrator\Documents\GitHub\sagara\vendor\codeigniter4\framework\system\Database\BaseConnection.php(616): CodeIgniter\Database\BaseConnection->initialize()
#2 C:\Users\Administrator\Documents\GitHub\sagara\vendor\codeigniter4\framework\system\Database\BaseBuilder.php(1728): CodeIgniter\Database\BaseConnection->query('SELECT COUNT(*)...', Array, false)
#3 C:\Users\Administrator\Documents\GitHub\sagara\vendor\codeigniter4\framework\system\Model.php(678): CodeIgniter\Database\BaseBuilder->countAllResults(true)
#4 C:\Users\Administrator\Documents\GitHub\sagara\app\Controllers\Login.php(141): CodeIgniter\Model->countAllResults()
#5 C:\Users\Administrator\Documents\GitHub\sagara\vendor\codeigniter4\framework\system\CodeIgniter.php(933): App\Controllers\Login->index()
#6 C:\Users\Administrator\Documents\GitHub\sagara\vendor\codeigniter4\framework\system\CodeIgniter.php(509): CodeIgniter\CodeIgniter->runController(Object(App\Controllers\Login))
#7 C:\Users\Administrator\Documents\GitHub\sagara\vendor\codeigniter4\framework\system\CodeIgniter.php(355): CodeIgniter\CodeIgniter->handleRequest(NULL, Object(Config\Cache), false)
#8 C:\Users\Administrator\Documents\GitHub\sagara\vendor\codeigniter4\framework\system\Boot.php(325): CodeIgniter\CodeIgniter->run()
#9 C:\Users\Administrator\Documents\GitHub\sagara\vendor\codeigniter4\framework\system\Boot.php(67): CodeIgniter\Boot::runCodeIgniter(Object(CodeIgniter\CodeIgniter))
#10 C:\Users\Administrator\Documents\GitHub\sagara\public\index.php(56): CodeIgniter\Boot::bootWeb(Object(Config\Paths))
#11 {main}
CRITICAL - 2024-10-19 00:23:55 --> CodeIgniter\Database\Exceptions\DatabaseException: Unable to connect to the database.
Main connection [MySQLi]: Access denied for user '****'@'localhost' (using password: YES)
[Method: GET, Route: login]
in SYSTEMPATH\Database\BaseConnection.php on line 467.
 1 SYSTEMPATH\Database\BaseConnection.php(616): CodeIgniter\Database\BaseConnection->initialize()
 2 SYSTEMPATH\Database\BaseBuilder.php(1728): CodeIgniter\Database\BaseConnection->query('SELECT COUNT(*) AS `numrows`
FROM `users`', [], false)
 3 SYSTEMPATH\Model.php(678): CodeIgniter\Database\BaseBuilder->countAllResults(true)
 4 APPPATH\Controllers\Login.php(141): CodeIgniter\Model->countAllResults()
 5 SYSTEMPATH\CodeIgniter.php(933): App\Controllers\Login->index()
 6 SYSTEMPATH\CodeIgniter.php(509): CodeIgniter\CodeIgniter->runController(Object(App\Controllers\Login))
 7 SYSTEMPATH\CodeIgniter.php(355): CodeIgniter\CodeIgniter->handleRequest(null, Object(Config\Cache), false)
 8 SYSTEMPATH\Boot.php(325): CodeIgniter\CodeIgniter->run()
 9 SYSTEMPATH\Boot.php(67): CodeIgniter\Boot::runCodeIgniter(Object(CodeIgniter\CodeIgniter))
10 FCPATH\index.php(56): CodeIgniter\Boot::bootWeb(Object(Config\Paths))
INFO - 2024-10-19 00:24:18 --> Session: Class initialized using 'CodeIgniter\Session\Handlers\FileHandler' driver.
ERROR - 2024-10-19 00:24:20 --> Error connecting to the database: mysqli_sql_exception: Access denied for user 'root'@'localhost' (using password: NO) in C:\Users\Administrator\Documents\GitHub\sagara\vendor\codeigniter4\framework\system\Database\MySQLi\Connection.php:186
Stack trace:
#0 C:\Users\Administrator\Documents\GitHub\sagara\vendor\codeigniter4\framework\system\Database\MySQLi\Connection.php(186): mysqli->real_connect('localhost', 'root', Object(SensitiveParameterValue), 'sgr', 3306, '', 0)
#1 C:\Users\Administrator\Documents\GitHub\sagara\vendor\codeigniter4\framework\system\Database\BaseConnection.php(421): CodeIgniter\Database\MySQLi\Connection->connect(false)
#2 C:\Users\Administrator\Documents\GitHub\sagara\vendor\codeigniter4\framework\system\Database\BaseConnection.php(616): CodeIgniter\Database\BaseConnection->initialize()
#3 C:\Users\Administrator\Documents\GitHub\sagara\vendor\codeigniter4\framework\system\Database\BaseBuilder.php(1728): CodeIgniter\Database\BaseConnection->query('SELECT COUNT(*)...', Array, false)
#4 C:\Users\Administrator\Documents\GitHub\sagara\vendor\codeigniter4\framework\system\Model.php(678): CodeIgniter\Database\BaseBuilder->countAllResults(true)
#5 C:\Users\Administrator\Documents\GitHub\sagara\app\Controllers\Login.php(141): CodeIgniter\Model->countAllResults()
#6 C:\Users\Administrator\Documents\GitHub\sagara\vendor\codeigniter4\framework\system\CodeIgniter.php(933): App\Controllers\Login->index()
#7 C:\Users\Administrator\Documents\GitHub\sagara\vendor\codeigniter4\framework\system\CodeIgniter.php(509): CodeIgniter\CodeIgniter->runController(Object(App\Controllers\Login))
#8 C:\Users\Administrator\Documents\GitHub\sagara\vendor\codeigniter4\framework\system\CodeIgniter.php(355): CodeIgniter\CodeIgniter->handleRequest(NULL, Object(Config\Cache), false)
#9 C:\Users\Administrator\Documents\GitHub\sagara\vendor\codeigniter4\framework\system\Boot.php(325): CodeIgniter\CodeIgniter->run()
#10 C:\Users\Administrator\Documents\GitHub\sagara\vendor\codeigniter4\framework\system\Boot.php(67): CodeIgniter\Boot::runCodeIgniter(Object(CodeIgniter\CodeIgniter))
#11 C:\Users\Administrator\Documents\GitHub\sagara\public\index.php(56): CodeIgniter\Boot::bootWeb(Object(Config\Paths))
#12 {main}

Next CodeIgniter\Database\Exceptions\DatabaseException: Access denied for user '****'@'localhost' (using password: NO) in C:\Users\Administrator\Documents\GitHub\sagara\vendor\codeigniter4\framework\system\Database\MySQLi\Connection.php:231
Stack trace:
#0 C:\Users\Administrator\Documents\GitHub\sagara\vendor\codeigniter4\framework\system\Database\BaseConnection.php(421): CodeIgniter\Database\MySQLi\Connection->connect(false)
#1 C:\Users\Administrator\Documents\GitHub\sagara\vendor\codeigniter4\framework\system\Database\BaseConnection.php(616): CodeIgniter\Database\BaseConnection->initialize()
#2 C:\Users\Administrator\Documents\GitHub\sagara\vendor\codeigniter4\framework\system\Database\BaseBuilder.php(1728): CodeIgniter\Database\BaseConnection->query('SELECT COUNT(*)...', Array, false)
#3 C:\Users\Administrator\Documents\GitHub\sagara\vendor\codeigniter4\framework\system\Model.php(678): CodeIgniter\Database\BaseBuilder->countAllResults(true)
#4 C:\Users\Administrator\Documents\GitHub\sagara\app\Controllers\Login.php(141): CodeIgniter\Model->countAllResults()
#5 C:\Users\Administrator\Documents\GitHub\sagara\vendor\codeigniter4\framework\system\CodeIgniter.php(933): App\Controllers\Login->index()
#6 C:\Users\Administrator\Documents\GitHub\sagara\vendor\codeigniter4\framework\system\CodeIgniter.php(509): CodeIgniter\CodeIgniter->runController(Object(App\Controllers\Login))
#7 C:\Users\Administrator\Documents\GitHub\sagara\vendor\codeigniter4\framework\system\CodeIgniter.php(355): CodeIgniter\CodeIgniter->handleRequest(NULL, Object(Config\Cache), false)
#8 C:\Users\Administrator\Documents\GitHub\sagara\vendor\codeigniter4\framework\system\Boot.php(325): CodeIgniter\CodeIgniter->run()
#9 C:\Users\Administrator\Documents\GitHub\sagara\vendor\codeigniter4\framework\system\Boot.php(67): CodeIgniter\Boot::runCodeIgniter(Object(CodeIgniter\CodeIgniter))
#10 C:\Users\Administrator\Documents\GitHub\sagara\public\index.php(56): CodeIgniter\Boot::bootWeb(Object(Config\Paths))
#11 {main}
CRITICAL - 2024-10-19 00:24:20 --> CodeIgniter\Database\Exceptions\DatabaseException: Unable to connect to the database.
Main connection [MySQLi]: Access denied for user '****'@'localhost' (using password: NO)
[Method: GET, Route: login]
in SYSTEMPATH\Database\BaseConnection.php on line 467.
 1 SYSTEMPATH\Database\BaseConnection.php(616): CodeIgniter\Database\BaseConnection->initialize()
 2 SYSTEMPATH\Database\BaseBuilder.php(1728): CodeIgniter\Database\BaseConnection->query('SELECT COUNT(*) AS `numrows`
FROM `users`', [], false)
 3 SYSTEMPATH\Model.php(678): CodeIgniter\Database\BaseBuilder->countAllResults(true)
 4 APPPATH\Controllers\Login.php(141): CodeIgniter\Model->countAllResults()
 5 SYSTEMPATH\CodeIgniter.php(933): App\Controllers\Login->index()
 6 SYSTEMPATH\CodeIgniter.php(509): CodeIgniter\CodeIgniter->runController(Object(App\Controllers\Login))
 7 SYSTEMPATH\CodeIgniter.php(355): CodeIgniter\CodeIgniter->handleRequest(null, Object(Config\Cache), false)
 8 SYSTEMPATH\Boot.php(325): CodeIgniter\CodeIgniter->run()
 9 SYSTEMPATH\Boot.php(67): CodeIgniter\Boot::runCodeIgniter(Object(CodeIgniter\CodeIgniter))
10 FCPATH\index.php(56): CodeIgniter\Boot::bootWeb(Object(Config\Paths))
INFO - 2024-10-19 00:24:34 --> Session: Class initialized using 'CodeIgniter\Session\Handlers\FileHandler' driver.
ERROR - 2024-10-19 00:24:34 --> Error connecting to the database: mysqli_sql_exception: Unknown database 'sgr' in C:\Users\Administrator\Documents\GitHub\sagara\vendor\codeigniter4\framework\system\Database\MySQLi\Connection.php:186
Stack trace:
#0 C:\Users\Administrator\Documents\GitHub\sagara\vendor\codeigniter4\framework\system\Database\MySQLi\Connection.php(186): mysqli->real_connect('localhost', 'root', Object(SensitiveParameterValue), 'sgr', 3308, '', 0)
#1 C:\Users\Administrator\Documents\GitHub\sagara\vendor\codeigniter4\framework\system\Database\BaseConnection.php(421): CodeIgniter\Database\MySQLi\Connection->connect(false)
#2 C:\Users\Administrator\Documents\GitHub\sagara\vendor\codeigniter4\framework\system\Database\BaseConnection.php(616): CodeIgniter\Database\BaseConnection->initialize()
#3 C:\Users\Administrator\Documents\GitHub\sagara\vendor\codeigniter4\framework\system\Database\BaseBuilder.php(1728): CodeIgniter\Database\BaseConnection->query('SELECT COUNT(*)...', Array, false)
#4 C:\Users\Administrator\Documents\GitHub\sagara\vendor\codeigniter4\framework\system\Model.php(678): CodeIgniter\Database\BaseBuilder->countAllResults(true)
#5 C:\Users\Administrator\Documents\GitHub\sagara\app\Controllers\Login.php(141): CodeIgniter\Model->countAllResults()
#6 C:\Users\Administrator\Documents\GitHub\sagara\vendor\codeigniter4\framework\system\CodeIgniter.php(933): App\Controllers\Login->index()
#7 C:\Users\Administrator\Documents\GitHub\sagara\vendor\codeigniter4\framework\system\CodeIgniter.php(509): CodeIgniter\CodeIgniter->runController(Object(App\Controllers\Login))
#8 C:\Users\Administrator\Documents\GitHub\sagara\vendor\codeigniter4\framework\system\CodeIgniter.php(355): CodeIgniter\CodeIgniter->handleRequest(NULL, Object(Config\Cache), false)
#9 C:\Users\Administrator\Documents\GitHub\sagara\vendor\codeigniter4\framework\system\Boot.php(325): CodeIgniter\CodeIgniter->run()
#10 C:\Users\Administrator\Documents\GitHub\sagara\vendor\codeigniter4\framework\system\Boot.php(67): CodeIgniter\Boot::runCodeIgniter(Object(CodeIgniter\CodeIgniter))
#11 C:\Users\Administrator\Documents\GitHub\sagara\public\index.php(56): CodeIgniter\Boot::bootWeb(Object(Config\Paths))
#12 {main}

Next CodeIgniter\Database\Exceptions\DatabaseException: Unknown database 'sgr' in C:\Users\Administrator\Documents\GitHub\sagara\vendor\codeigniter4\framework\system\Database\MySQLi\Connection.php:231
Stack trace:
#0 C:\Users\Administrator\Documents\GitHub\sagara\vendor\codeigniter4\framework\system\Database\BaseConnection.php(421): CodeIgniter\Database\MySQLi\Connection->connect(false)
#1 C:\Users\Administrator\Documents\GitHub\sagara\vendor\codeigniter4\framework\system\Database\BaseConnection.php(616): CodeIgniter\Database\BaseConnection->initialize()
#2 C:\Users\Administrator\Documents\GitHub\sagara\vendor\codeigniter4\framework\system\Database\BaseBuilder.php(1728): CodeIgniter\Database\BaseConnection->query('SELECT COUNT(*)...', Array, false)
#3 C:\Users\Administrator\Documents\GitHub\sagara\vendor\codeigniter4\framework\system\Model.php(678): CodeIgniter\Database\BaseBuilder->countAllResults(true)
#4 C:\Users\Administrator\Documents\GitHub\sagara\app\Controllers\Login.php(141): CodeIgniter\Model->countAllResults()
#5 C:\Users\Administrator\Documents\GitHub\sagara\vendor\codeigniter4\framework\system\CodeIgniter.php(933): App\Controllers\Login->index()
#6 C:\Users\Administrator\Documents\GitHub\sagara\vendor\codeigniter4\framework\system\CodeIgniter.php(509): CodeIgniter\CodeIgniter->runController(Object(App\Controllers\Login))
#7 C:\Users\Administrator\Documents\GitHub\sagara\vendor\codeigniter4\framework\system\CodeIgniter.php(355): CodeIgniter\CodeIgniter->handleRequest(NULL, Object(Config\Cache), false)
#8 C:\Users\Administrator\Documents\GitHub\sagara\vendor\codeigniter4\framework\system\Boot.php(325): CodeIgniter\CodeIgniter->run()
#9 C:\Users\Administrator\Documents\GitHub\sagara\vendor\codeigniter4\framework\system\Boot.php(67): CodeIgniter\Boot::runCodeIgniter(Object(CodeIgniter\CodeIgniter))
#10 C:\Users\Administrator\Documents\GitHub\sagara\public\index.php(56): CodeIgniter\Boot::bootWeb(Object(Config\Paths))
#11 {main}
CRITICAL - 2024-10-19 00:24:34 --> CodeIgniter\Database\Exceptions\DatabaseException: Unable to connect to the database.
Main connection [MySQLi]: Unknown database 'sgr'
[Method: GET, Route: login]
in SYSTEMPATH\Database\BaseConnection.php on line 467.
 1 SYSTEMPATH\Database\BaseConnection.php(616): CodeIgniter\Database\BaseConnection->initialize()
 2 SYSTEMPATH\Database\BaseBuilder.php(1728): CodeIgniter\Database\BaseConnection->query('SELECT COUNT(*) AS `numrows`
FROM `users`', [], false)
 3 SYSTEMPATH\Model.php(678): CodeIgniter\Database\BaseBuilder->countAllResults(true)
 4 APPPATH\Controllers\Login.php(141): CodeIgniter\Model->countAllResults()
 5 SYSTEMPATH\CodeIgniter.php(933): App\Controllers\Login->index()
 6 SYSTEMPATH\CodeIgniter.php(509): CodeIgniter\CodeIgniter->runController(Object(App\Controllers\Login))
 7 SYSTEMPATH\CodeIgniter.php(355): CodeIgniter\CodeIgniter->handleRequest(null, Object(Config\Cache), false)
 8 SYSTEMPATH\Boot.php(325): CodeIgniter\CodeIgniter->run()
 9 SYSTEMPATH\Boot.php(67): CodeIgniter\Boot::runCodeIgniter(Object(CodeIgniter\CodeIgniter))
10 FCPATH\index.php(56): CodeIgniter\Boot::bootWeb(Object(Config\Paths))
INFO - 2024-10-19 00:24:36 --> Session: Class initialized using 'CodeIgniter\Session\Handlers\FileHandler' driver.
ERROR - 2024-10-19 00:24:36 --> Error connecting to the database: mysqli_sql_exception: Unknown database 'sgr' in C:\Users\Administrator\Documents\GitHub\sagara\vendor\codeigniter4\framework\system\Database\MySQLi\Connection.php:186
Stack trace:
#0 C:\Users\Administrator\Documents\GitHub\sagara\vendor\codeigniter4\framework\system\Database\MySQLi\Connection.php(186): mysqli->real_connect('localhost', 'root', Object(SensitiveParameterValue), 'sgr', 3308, '', 0)
#1 C:\Users\Administrator\Documents\GitHub\sagara\vendor\codeigniter4\framework\system\Database\BaseConnection.php(421): CodeIgniter\Database\MySQLi\Connection->connect(false)
#2 C:\Users\Administrator\Documents\GitHub\sagara\vendor\codeigniter4\framework\system\Database\BaseConnection.php(616): CodeIgniter\Database\BaseConnection->initialize()
#3 C:\Users\Administrator\Documents\GitHub\sagara\vendor\codeigniter4\framework\system\Database\BaseBuilder.php(1728): CodeIgniter\Database\BaseConnection->query('SELECT COUNT(*)...', Array, false)
#4 C:\Users\Administrator\Documents\GitHub\sagara\vendor\codeigniter4\framework\system\Model.php(678): CodeIgniter\Database\BaseBuilder->countAllResults(true)
#5 C:\Users\Administrator\Documents\GitHub\sagara\app\Controllers\Login.php(141): CodeIgniter\Model->countAllResults()
#6 C:\Users\Administrator\Documents\GitHub\sagara\vendor\codeigniter4\framework\system\CodeIgniter.php(933): App\Controllers\Login->index()
#7 C:\Users\Administrator\Documents\GitHub\sagara\vendor\codeigniter4\framework\system\CodeIgniter.php(509): CodeIgniter\CodeIgniter->runController(Object(App\Controllers\Login))
#8 C:\Users\Administrator\Documents\GitHub\sagara\vendor\codeigniter4\framework\system\CodeIgniter.php(355): CodeIgniter\CodeIgniter->handleRequest(NULL, Object(Config\Cache), false)
#9 C:\Users\Administrator\Documents\GitHub\sagara\vendor\codeigniter4\framework\system\Boot.php(325): CodeIgniter\CodeIgniter->run()
#10 C:\Users\Administrator\Documents\GitHub\sagara\vendor\codeigniter4\framework\system\Boot.php(67): CodeIgniter\Boot::runCodeIgniter(Object(CodeIgniter\CodeIgniter))
#11 C:\Users\Administrator\Documents\GitHub\sagara\public\index.php(56): CodeIgniter\Boot::bootWeb(Object(Config\Paths))
#12 {main}

Next CodeIgniter\Database\Exceptions\DatabaseException: Unknown database 'sgr' in C:\Users\Administrator\Documents\GitHub\sagara\vendor\codeigniter4\framework\system\Database\MySQLi\Connection.php:231
Stack trace:
#0 C:\Users\Administrator\Documents\GitHub\sagara\vendor\codeigniter4\framework\system\Database\BaseConnection.php(421): CodeIgniter\Database\MySQLi\Connection->connect(false)
#1 C:\Users\Administrator\Documents\GitHub\sagara\vendor\codeigniter4\framework\system\Database\BaseConnection.php(616): CodeIgniter\Database\BaseConnection->initialize()
#2 C:\Users\Administrator\Documents\GitHub\sagara\vendor\codeigniter4\framework\system\Database\BaseBuilder.php(1728): CodeIgniter\Database\BaseConnection->query('SELECT COUNT(*)...', Array, false)
#3 C:\Users\Administrator\Documents\GitHub\sagara\vendor\codeigniter4\framework\system\Model.php(678): CodeIgniter\Database\BaseBuilder->countAllResults(true)
#4 C:\Users\Administrator\Documents\GitHub\sagara\app\Controllers\Login.php(141): CodeIgniter\Model->countAllResults()
#5 C:\Users\Administrator\Documents\GitHub\sagara\vendor\codeigniter4\framework\system\CodeIgniter.php(933): App\Controllers\Login->index()
#6 C:\Users\Administrator\Documents\GitHub\sagara\vendor\codeigniter4\framework\system\CodeIgniter.php(509): CodeIgniter\CodeIgniter->runController(Object(App\Controllers\Login))
#7 C:\Users\Administrator\Documents\GitHub\sagara\vendor\codeigniter4\framework\system\CodeIgniter.php(355): CodeIgniter\CodeIgniter->handleRequest(NULL, Object(Config\Cache), false)
#8 C:\Users\Administrator\Documents\GitHub\sagara\vendor\codeigniter4\framework\system\Boot.php(325): CodeIgniter\CodeIgniter->run()
#9 C:\Users\Administrator\Documents\GitHub\sagara\vendor\codeigniter4\framework\system\Boot.php(67): CodeIgniter\Boot::runCodeIgniter(Object(CodeIgniter\CodeIgniter))
#10 C:\Users\Administrator\Documents\GitHub\sagara\public\index.php(56): CodeIgniter\Boot::bootWeb(Object(Config\Paths))
#11 {main}
CRITICAL - 2024-10-19 00:24:36 --> CodeIgniter\Database\Exceptions\DatabaseException: Unable to connect to the database.
Main connection [MySQLi]: Unknown database 'sgr'
[Method: GET, Route: login]
in SYSTEMPATH\Database\BaseConnection.php on line 467.
 1 SYSTEMPATH\Database\BaseConnection.php(616): CodeIgniter\Database\BaseConnection->initialize()
 2 SYSTEMPATH\Database\BaseBuilder.php(1728): CodeIgniter\Database\BaseConnection->query('SELECT COUNT(*) AS `numrows`
FROM `users`', [], false)
 3 SYSTEMPATH\Model.php(678): CodeIgniter\Database\BaseBuilder->countAllResults(true)
 4 APPPATH\Controllers\Login.php(141): CodeIgniter\Model->countAllResults()
 5 SYSTEMPATH\CodeIgniter.php(933): App\Controllers\Login->index()
 6 SYSTEMPATH\CodeIgniter.php(509): CodeIgniter\CodeIgniter->runController(Object(App\Controllers\Login))
 7 SYSTEMPATH\CodeIgniter.php(355): CodeIgniter\CodeIgniter->handleRequest(null, Object(Config\Cache), false)
 8 SYSTEMPATH\Boot.php(325): CodeIgniter\CodeIgniter->run()
 9 SYSTEMPATH\Boot.php(67): CodeIgniter\Boot::runCodeIgniter(Object(CodeIgniter\CodeIgniter))
10 FCPATH\index.php(56): CodeIgniter\Boot::bootWeb(Object(Config\Paths))
ERROR - 2024-10-19 00:25:08 --> Error connecting to the database: mysqli_sql_exception: Unknown database 'sgr' in C:\Users\Administrator\Documents\GitHub\sagara\vendor\codeigniter4\framework\system\Database\MySQLi\Connection.php:186
Stack trace:
#0 C:\Users\Administrator\Documents\GitHub\sagara\vendor\codeigniter4\framework\system\Database\MySQLi\Connection.php(186): mysqli->real_connect()
#1 C:\Users\Administrator\Documents\GitHub\sagara\vendor\codeigniter4\framework\system\Database\BaseConnection.php(421): CodeIgniter\Database\MySQLi\Connection->connect()
#2 C:\Users\Administrator\Documents\GitHub\sagara\vendor\codeigniter4\framework\system\Database\BaseConnection.php(616): CodeIgniter\Database\BaseConnection->initialize()
#3 C:\Users\Administrator\Documents\GitHub\sagara\vendor\codeigniter4\framework\system\Database\BaseConnection.php(1485): CodeIgniter\Database\BaseConnection->query()
#4 C:\Users\Administrator\Documents\GitHub\sagara\vendor\codeigniter4\framework\system\Database\BaseConnection.php(1505): CodeIgniter\Database\BaseConnection->listTables()
#5 C:\Users\Administrator\Documents\GitHub\sagara\vendor\codeigniter4\framework\system\Database\MigrationRunner.php(759): CodeIgniter\Database\BaseConnection->tableExists()
#6 C:\Users\Administrator\Documents\GitHub\sagara\vendor\codeigniter4\framework\system\Database\MigrationRunner.php(163): CodeIgniter\Database\MigrationRunner->ensureTable()
#7 C:\Users\Administrator\Documents\GitHub\sagara\vendor\codeigniter4\framework\system\Commands\Database\Migrate.php(85): CodeIgniter\Database\MigrationRunner->latest()
#8 C:\Users\Administrator\Documents\GitHub\sagara\vendor\codeigniter4\framework\system\CLI\Commands.php(70): CodeIgniter\Commands\Database\Migrate->run()
#9 C:\Users\Administrator\Documents\GitHub\sagara\vendor\codeigniter4\framework\system\CLI\Console.php(48): CodeIgniter\CLI\Commands->run()
#10 C:\Users\Administrator\Documents\GitHub\sagara\vendor\codeigniter4\framework\system\Boot.php(351): CodeIgniter\CLI\Console->run()
#11 C:\Users\Administrator\Documents\GitHub\sagara\vendor\codeigniter4\framework\system\Boot.php(104): CodeIgniter\Boot::runCommand()
#12 C:\Users\Administrator\Documents\GitHub\sagara\spark(84): CodeIgniter\Boot::bootSpark()
#13 {main}

Next CodeIgniter\Database\Exceptions\DatabaseException: Unknown database 'sgr' in C:\Users\Administrator\Documents\GitHub\sagara\vendor\codeigniter4\framework\system\Database\MySQLi\Connection.php:231
Stack trace:
#0 C:\Users\Administrator\Documents\GitHub\sagara\vendor\codeigniter4\framework\system\Database\BaseConnection.php(421): CodeIgniter\Database\MySQLi\Connection->connect()
#1 C:\Users\Administrator\Documents\GitHub\sagara\vendor\codeigniter4\framework\system\Database\BaseConnection.php(616): CodeIgniter\Database\BaseConnection->initialize()
#2 C:\Users\Administrator\Documents\GitHub\sagara\vendor\codeigniter4\framework\system\Database\BaseConnection.php(1485): CodeIgniter\Database\BaseConnection->query()
#3 C:\Users\Administrator\Documents\GitHub\sagara\vendor\codeigniter4\framework\system\Database\BaseConnection.php(1505): CodeIgniter\Database\BaseConnection->listTables()
#4 C:\Users\Administrator\Documents\GitHub\sagara\vendor\codeigniter4\framework\system\Database\MigrationRunner.php(759): CodeIgniter\Database\BaseConnection->tableExists()
#5 C:\Users\Administrator\Documents\GitHub\sagara\vendor\codeigniter4\framework\system\Database\MigrationRunner.php(163): CodeIgniter\Database\MigrationRunner->ensureTable()
#6 C:\Users\Administrator\Documents\GitHub\sagara\vendor\codeigniter4\framework\system\Commands\Database\Migrate.php(85): CodeIgniter\Database\MigrationRunner->latest()
#7 C:\Users\Administrator\Documents\GitHub\sagara\vendor\codeigniter4\framework\system\CLI\Commands.php(70): CodeIgniter\Commands\Database\Migrate->run()
#8 C:\Users\Administrator\Documents\GitHub\sagara\vendor\codeigniter4\framework\system\CLI\Console.php(48): CodeIgniter\CLI\Commands->run()
#9 C:\Users\Administrator\Documents\GitHub\sagara\vendor\codeigniter4\framework\system\Boot.php(351): CodeIgniter\CLI\Console->run()
#10 C:\Users\Administrator\Documents\GitHub\sagara\vendor\codeigniter4\framework\system\Boot.php(104): CodeIgniter\Boot::runCommand()
#11 C:\Users\Administrator\Documents\GitHub\sagara\spark(84): CodeIgniter\Boot::bootSpark()
#12 {main}
ERROR - 2024-10-19 00:25:50 --> mysqli_sql_exception: Specified key was too long; max key length is 1000 bytes in C:\Users\Administrator\Documents\GitHub\sagara\vendor\codeigniter4\framework\system\Database\MySQLi\Connection.php:312
Stack trace:
#0 C:\Users\Administrator\Documents\GitHub\sagara\vendor\codeigniter4\framework\system\Database\MySQLi\Connection.php(312): mysqli->query()
#1 C:\Users\Administrator\Documents\GitHub\sagara\vendor\codeigniter4\framework\system\Database\BaseConnection.php(734): CodeIgniter\Database\MySQLi\Connection->execute()
#2 C:\Users\Administrator\Documents\GitHub\sagara\vendor\codeigniter4\framework\system\Database\BaseConnection.php(648): CodeIgniter\Database\BaseConnection->simpleQuery()
#3 C:\Users\Administrator\Documents\GitHub\sagara\vendor\codeigniter4\framework\system\Database\Forge.php(570): CodeIgniter\Database\BaseConnection->query()
#4 C:\Users\Administrator\Documents\GitHub\sagara\app\Database\Migrations\2024-08-29-035625_CreateUsersTable.php(55): CodeIgniter\Database\Forge->createTable()
#5 C:\Users\Administrator\Documents\GitHub\sagara\vendor\codeigniter4\framework\system\Database\MigrationRunner.php(867): App\Database\Migrations\CreateUsersTable->up()
#6 C:\Users\Administrator\Documents\GitHub\sagara\vendor\codeigniter4\framework\system\Database\MigrationRunner.php(183): CodeIgniter\Database\MigrationRunner->migrate()
#7 C:\Users\Administrator\Documents\GitHub\sagara\vendor\codeigniter4\framework\system\Commands\Database\Migrate.php(85): CodeIgniter\Database\MigrationRunner->latest()
#8 C:\Users\Administrator\Documents\GitHub\sagara\vendor\codeigniter4\framework\system\CLI\Commands.php(70): CodeIgniter\Commands\Database\Migrate->run()
#9 C:\Users\Administrator\Documents\GitHub\sagara\vendor\codeigniter4\framework\system\CLI\Console.php(48): CodeIgniter\CLI\Commands->run()
#10 C:\Users\Administrator\Documents\GitHub\sagara\vendor\codeigniter4\framework\system\Boot.php(351): CodeIgniter\CLI\Console->run()
#11 C:\Users\Administrator\Documents\GitHub\sagara\vendor\codeigniter4\framework\system\Boot.php(104): CodeIgniter\Boot::runCommand()
#12 C:\Users\Administrator\Documents\GitHub\sagara\spark(84): CodeIgniter\Boot::bootSpark()
#13 {main}
ERROR - 2024-10-19 00:26:31 --> mysqli_sql_exception: Specified key was too long; max key length is 1000 bytes in C:\Users\Administrator\Documents\GitHub\sagara\vendor\codeigniter4\framework\system\Database\MySQLi\Connection.php:312
Stack trace:
#0 C:\Users\Administrator\Documents\GitHub\sagara\vendor\codeigniter4\framework\system\Database\MySQLi\Connection.php(312): mysqli->query()
#1 C:\Users\Administrator\Documents\GitHub\sagara\vendor\codeigniter4\framework\system\Database\BaseConnection.php(734): CodeIgniter\Database\MySQLi\Connection->execute()
#2 C:\Users\Administrator\Documents\GitHub\sagara\vendor\codeigniter4\framework\system\Database\BaseConnection.php(648): CodeIgniter\Database\BaseConnection->simpleQuery()
#3 C:\Users\Administrator\Documents\GitHub\sagara\vendor\codeigniter4\framework\system\Database\Forge.php(570): CodeIgniter\Database\BaseConnection->query()
#4 C:\Users\Administrator\Documents\GitHub\sagara\app\Database\Migrations\2024-08-29-035625_CreateUsersTable.php(55): CodeIgniter\Database\Forge->createTable()
#5 C:\Users\Administrator\Documents\GitHub\sagara\vendor\codeigniter4\framework\system\Database\MigrationRunner.php(867): App\Database\Migrations\CreateUsersTable->up()
#6 C:\Users\Administrator\Documents\GitHub\sagara\vendor\codeigniter4\framework\system\Database\MigrationRunner.php(183): CodeIgniter\Database\MigrationRunner->migrate()
#7 C:\Users\Administrator\Documents\GitHub\sagara\vendor\codeigniter4\framework\system\Commands\Database\Migrate.php(85): CodeIgniter\Database\MigrationRunner->latest()
#8 C:\Users\Administrator\Documents\GitHub\sagara\vendor\codeigniter4\framework\system\CLI\Commands.php(70): CodeIgniter\Commands\Database\Migrate->run()
#9 C:\Users\Administrator\Documents\GitHub\sagara\vendor\codeigniter4\framework\system\CLI\Console.php(48): CodeIgniter\CLI\Commands->run()
#10 C:\Users\Administrator\Documents\GitHub\sagara\vendor\codeigniter4\framework\system\Boot.php(351): CodeIgniter\CLI\Console->run()
#11 C:\Users\Administrator\Documents\GitHub\sagara\vendor\codeigniter4\framework\system\Boot.php(104): CodeIgniter\Boot::runCommand()
#12 C:\Users\Administrator\Documents\GitHub\sagara\spark(84): CodeIgniter\Boot::bootSpark()
#13 {main}
ERROR - 2024-10-19 00:26:38 --> mysqli_sql_exception: Specified key was too long; max key length is 1000 bytes in C:\Users\Administrator\Documents\GitHub\sagara\vendor\codeigniter4\framework\system\Database\MySQLi\Connection.php:312
Stack trace:
#0 C:\Users\Administrator\Documents\GitHub\sagara\vendor\codeigniter4\framework\system\Database\MySQLi\Connection.php(312): mysqli->query()
#1 C:\Users\Administrator\Documents\GitHub\sagara\vendor\codeigniter4\framework\system\Database\BaseConnection.php(734): CodeIgniter\Database\MySQLi\Connection->execute()
#2 C:\Users\Administrator\Documents\GitHub\sagara\vendor\codeigniter4\framework\system\Database\BaseConnection.php(648): CodeIgniter\Database\BaseConnection->simpleQuery()
#3 C:\Users\Administrator\Documents\GitHub\sagara\vendor\codeigniter4\framework\system\Database\Forge.php(570): CodeIgniter\Database\BaseConnection->query()
#4 C:\Users\Administrator\Documents\GitHub\sagara\app\Database\Migrations\2024-08-29-035625_CreateUsersTable.php(55): CodeIgniter\Database\Forge->createTable()
#5 C:\Users\Administrator\Documents\GitHub\sagara\vendor\codeigniter4\framework\system\Database\MigrationRunner.php(867): App\Database\Migrations\CreateUsersTable->up()
#6 C:\Users\Administrator\Documents\GitHub\sagara\vendor\codeigniter4\framework\system\Database\MigrationRunner.php(183): CodeIgniter\Database\MigrationRunner->migrate()
#7 C:\Users\Administrator\Documents\GitHub\sagara\vendor\codeigniter4\framework\system\Commands\Database\Migrate.php(85): CodeIgniter\Database\MigrationRunner->latest()
#8 C:\Users\Administrator\Documents\GitHub\sagara\vendor\codeigniter4\framework\system\CLI\Commands.php(70): CodeIgniter\Commands\Database\Migrate->run()
#9 C:\Users\Administrator\Documents\GitHub\sagara\vendor\codeigniter4\framework\system\CLI\Console.php(48): CodeIgniter\CLI\Commands->run()
#10 C:\Users\Administrator\Documents\GitHub\sagara\vendor\codeigniter4\framework\system\Boot.php(351): CodeIgniter\CLI\Console->run()
#11 C:\Users\Administrator\Documents\GitHub\sagara\vendor\codeigniter4\framework\system\Boot.php(104): CodeIgniter\Boot::runCommand()
#12 C:\Users\Administrator\Documents\GitHub\sagara\spark(84): CodeIgniter\Boot::bootSpark()
#13 {main}
INFO - 2024-10-19 00:29:11 --> Session: Class initialized using 'CodeIgniter\Session\Handlers\FileHandler' driver.
INFO - 2024-10-19 00:29:32 --> Session: Class initialized using 'CodeIgniter\Session\Handlers\FileHandler' driver.
INFO - 2024-10-19 00:29:32 --> Session: Class initialized using 'CodeIgniter\Session\Handlers\FileHandler' driver.
INFO - 2024-10-19 00:29:39 --> Session: Class initialized using 'CodeIgniter\Session\Handlers\FileHandler' driver.
INFO - 2024-10-19 00:29:39 --> Session: Class initialized using 'CodeIgniter\Session\Handlers\FileHandler' driver.
INFO - 2024-10-19 00:29:39 --> Session: Class initialized using 'CodeIgniter\Session\Handlers\FileHandler' driver.
INFO - 2024-10-19 00:29:45 --> Session: Class initialized using 'CodeIgniter\Session\Handlers\FileHandler' driver.
INFO - 2024-10-19 00:29:45 --> Session: Class initialized using 'CodeIgniter\Session\Handlers\FileHandler' driver.
WARNING - 2024-10-19 00:29:45 --> [DEPRECATED] Creation of dynamic property App\Controllers\WarehouseController::$db is deprecated in APPPATH\Controllers\WarehouseController.php on line 15.
 1 APPPATH\Controllers\Home.php(36): App\Controllers\WarehouseController->__construct()
 2 SYSTEMPATH\CodeIgniter.php(933): App\Controllers\Home->index()
 3 SYSTEMPATH\CodeIgniter.php(509): CodeIgniter\CodeIgniter->runController(Object(App\Controllers\Home))
 4 SYSTEMPATH\CodeIgniter.php(355): CodeIgniter\CodeIgniter->handleRequest(null, Object(Config\Cache), false)
 5 SYSTEMPATH\Boot.php(325): CodeIgniter\CodeIgniter->run()
 6 SYSTEMPATH\Boot.php(67): CodeIgniter\Boot::runCodeIgniter(Object(CodeIgniter\CodeIgniter))
 7 FCPATH\index.php(56): CodeIgniter\Boot::bootWeb(Object(Config\Paths))
WARNING - 2024-10-19 00:29:45 --> [DEPRECATED] Creation of dynamic property App\Controllers\WarehouseController::$session is deprecated in APPPATH\Controllers\WarehouseController.php on line 16.
 1 APPPATH\Controllers\Home.php(36): App\Controllers\WarehouseController->__construct()
 2 SYSTEMPATH\CodeIgniter.php(933): App\Controllers\Home->index()
 3 SYSTEMPATH\CodeIgniter.php(509): CodeIgniter\CodeIgniter->runController(Object(App\Controllers\Home))
 4 SYSTEMPATH\CodeIgniter.php(355): CodeIgniter\CodeIgniter->handleRequest(null, Object(Config\Cache), false)
 5 SYSTEMPATH\Boot.php(325): CodeIgniter\CodeIgniter->run()
 6 SYSTEMPATH\Boot.php(67): CodeIgniter\Boot::runCodeIgniter(Object(CodeIgniter\CodeIgniter))
 7 FCPATH\index.php(56): CodeIgniter\Boot::bootWeb(Object(Config\Paths))
WARNING - 2024-10-19 00:29:45 --> [DEPRECATED] Creation of dynamic property App\Controllers\WarehouseController::$uri is deprecated in APPPATH\Controllers\WarehouseController.php on line 17.
 1 APPPATH\Controllers\Home.php(36): App\Controllers\WarehouseController->__construct()
 2 SYSTEMPATH\CodeIgniter.php(933): App\Controllers\Home->index()
 3 SYSTEMPATH\CodeIgniter.php(509): CodeIgniter\CodeIgniter->runController(Object(App\Controllers\Home))
 4 SYSTEMPATH\CodeIgniter.php(355): CodeIgniter\CodeIgniter->handleRequest(null, Object(Config\Cache), false)
 5 SYSTEMPATH\Boot.php(325): CodeIgniter\CodeIgniter->run()
 6 SYSTEMPATH\Boot.php(67): CodeIgniter\Boot::runCodeIgniter(Object(CodeIgniter\CodeIgniter))
 7 FCPATH\index.php(56): CodeIgniter\Boot::bootWeb(Object(Config\Paths))
WARNING - 2024-10-19 00:29:45 --> [DEPRECATED] Creation of dynamic property App\Controllers\WarehouseController::$form_validation is deprecated in APPPATH\Controllers\WarehouseController.php on line 19.
 1 APPPATH\Controllers\Home.php(36): App\Controllers\WarehouseController->__construct()
 2 SYSTEMPATH\CodeIgniter.php(933): App\Controllers\Home->index()
 3 SYSTEMPATH\CodeIgniter.php(509): CodeIgniter\CodeIgniter->runController(Object(App\Controllers\Home))
 4 SYSTEMPATH\CodeIgniter.php(355): CodeIgniter\CodeIgniter->handleRequest(null, Object(Config\Cache), false)
 5 SYSTEMPATH\Boot.php(325): CodeIgniter\CodeIgniter->run()
 6 SYSTEMPATH\Boot.php(67): CodeIgniter\Boot::runCodeIgniter(Object(CodeIgniter\CodeIgniter))
 7 FCPATH\index.php(56): CodeIgniter\Boot::bootWeb(Object(Config\Paths))
WARNING - 2024-10-19 00:29:45 --> [DEPRECATED] Creation of dynamic property App\Controllers\WarehouseController::$userValidation is deprecated in APPPATH\Controllers\WarehouseController.php on line 20.
 1 APPPATH\Controllers\Home.php(36): App\Controllers\WarehouseController->__construct()
 2 SYSTEMPATH\CodeIgniter.php(933): App\Controllers\Home->index()
 3 SYSTEMPATH\CodeIgniter.php(509): CodeIgniter\CodeIgniter->runController(Object(App\Controllers\Home))
 4 SYSTEMPATH\CodeIgniter.php(355): CodeIgniter\CodeIgniter->handleRequest(null, Object(Config\Cache), false)
 5 SYSTEMPATH\Boot.php(325): CodeIgniter\CodeIgniter->run()
 6 SYSTEMPATH\Boot.php(67): CodeIgniter\Boot::runCodeIgniter(Object(CodeIgniter\CodeIgniter))
 7 FCPATH\index.php(56): CodeIgniter\Boot::bootWeb(Object(Config\Paths))
