CRITICAL - 2024-12-13 15:41:13 --> ErrorException: Undefined array key "company"
[Method: GET, Route: /]
in APPPATH\Views\home\layout\head.php on line 10.
 1 APPPATH\Views\home\layout\head.php(10): CodeIgniter\Debug\Exceptions->errorHandler(2, 'Undefined array key "company"', 'F:\\Github\\sagara\\ci4\\app\\Views\\home\\layout\\head.php', 10)
 2 SYSTEMPATH\View\View.php(234): include('F:\\Github\\sagara\\ci4\\app\\Views\\home\\layout\\head.php')
 3 SYSTEMPATH\View\View.php(237): CodeIgniter\View\View->CodeIgniter\View\{closure}()
 4 SYSTEMPATH\Common.php(1171): CodeIgniter\View\View->render('home/layout/head.php', [], true)
 5 APPPATH\Views\home\index.php(2): view('home/layout/head.php')
 6 SYSTEMPATH\View\View.php(234): include('F:\\Github\\sagara\\ci4\\app\\Views\\home\\index.php')
 7 SYSTEMPATH\View\View.php(237): CodeIgniter\View\View->CodeIgniter\View\{closure}()
 8 SYSTEMPATH\Common.php(1171): CodeIgniter\View\View->render('home/index', [], true)
 9 APPPATH\Controllers\Home.php(14): view('home/index', [...])
10 SYSTEMPATH\CodeIgniter.php(933): App\Controllers\Home->index()
11 SYSTEMPATH\CodeIgniter.php(509): CodeIgniter\CodeIgniter->runController(Object(App\Controllers\Home))
12 SYSTEMPATH\CodeIgniter.php(355): CodeIgniter\CodeIgniter->handleRequest(null, Object(Config\Cache), false)
13 SYSTEMPATH\Boot.php(325): CodeIgniter\CodeIgniter->run()
14 SYSTEMPATH\Boot.php(67): CodeIgniter\Boot::runCodeIgniter(Object(CodeIgniter\CodeIgniter))
15 FCPATH\index.php(56): CodeIgniter\Boot::bootWeb(Object(Config\Paths))
ERROR - 2024-12-13 23:50:12 --> Error connecting to the database: mysqli_sql_exception: The server requested authentication method unknown to the client [auth_gssapi_client] in F:\Github\sagara\ci4\vendor\codeigniter4\framework\system\Database\MySQLi\Connection.php:186
Stack trace:
#0 F:\Github\sagara\ci4\vendor\codeigniter4\framework\system\Database\MySQLi\Connection.php(186): mysqli->real_connect('localhost', 'lqbilbsg_sagara', Object(SensitiveParameterValue), 'lqbilbsg_sagara', 3306, '', 0)
#1 F:\Github\sagara\ci4\vendor\codeigniter4\framework\system\Database\BaseConnection.php(421): CodeIgniter\Database\MySQLi\Connection->connect(false)
#2 F:\Github\sagara\ci4\vendor\codeigniter4\framework\system\Database\BaseConnection.php(616): CodeIgniter\Database\BaseConnection->initialize()
#3 F:\Github\sagara\ci4\vendor\codeigniter4\framework\system\Database\BaseBuilder.php(1644): CodeIgniter\Database\BaseConnection->query('SELECT *\nFROM `...', Array, false)
#4 F:\Github\sagara\ci4\vendor\codeigniter4\framework\system\Model.php(930): CodeIgniter\Database\BaseBuilder->get()
#5 F:\Github\sagara\ci4\app\Controllers\Home.php(19): CodeIgniter\Model->__call('get', Array)
#6 F:\Github\sagara\ci4\vendor\codeigniter4\framework\system\CodeIgniter.php(933): App\Controllers\Home->menu()
#7 F:\Github\sagara\ci4\vendor\codeigniter4\framework\system\CodeIgniter.php(509): CodeIgniter\CodeIgniter->runController(Object(App\Controllers\Home))
#8 F:\Github\sagara\ci4\vendor\codeigniter4\framework\system\CodeIgniter.php(355): CodeIgniter\CodeIgniter->handleRequest(NULL, Object(Config\Cache), false)
#9 F:\Github\sagara\ci4\vendor\codeigniter4\framework\system\Boot.php(325): CodeIgniter\CodeIgniter->run()
#10 F:\Github\sagara\ci4\vendor\codeigniter4\framework\system\Boot.php(67): CodeIgniter\Boot::runCodeIgniter(Object(CodeIgniter\CodeIgniter))
#11 F:\Github\sagara\public_html\index.php(56): CodeIgniter\Boot::bootWeb(Object(Config\Paths))
#12 {main}

Next CodeIgniter\Database\Exceptions\DatabaseException: The server requested authentication method unknown to the client [auth_gssapi_client] in F:\Github\sagara\ci4\vendor\codeigniter4\framework\system\Database\MySQLi\Connection.php:231
Stack trace:
#0 F:\Github\sagara\ci4\vendor\codeigniter4\framework\system\Database\BaseConnection.php(421): CodeIgniter\Database\MySQLi\Connection->connect(false)
#1 F:\Github\sagara\ci4\vendor\codeigniter4\framework\system\Database\BaseConnection.php(616): CodeIgniter\Database\BaseConnection->initialize()
#2 F:\Github\sagara\ci4\vendor\codeigniter4\framework\system\Database\BaseBuilder.php(1644): CodeIgniter\Database\BaseConnection->query('SELECT *\nFROM `...', Array, false)
#3 F:\Github\sagara\ci4\vendor\codeigniter4\framework\system\Model.php(930): CodeIgniter\Database\BaseBuilder->get()
#4 F:\Github\sagara\ci4\app\Controllers\Home.php(19): CodeIgniter\Model->__call('get', Array)
#5 F:\Github\sagara\ci4\vendor\codeigniter4\framework\system\CodeIgniter.php(933): App\Controllers\Home->menu()
#6 F:\Github\sagara\ci4\vendor\codeigniter4\framework\system\CodeIgniter.php(509): CodeIgniter\CodeIgniter->runController(Object(App\Controllers\Home))
#7 F:\Github\sagara\ci4\vendor\codeigniter4\framework\system\CodeIgniter.php(355): CodeIgniter\CodeIgniter->handleRequest(NULL, Object(Config\Cache), false)
#8 F:\Github\sagara\ci4\vendor\codeigniter4\framework\system\Boot.php(325): CodeIgniter\CodeIgniter->run()
#9 F:\Github\sagara\ci4\vendor\codeigniter4\framework\system\Boot.php(67): CodeIgniter\Boot::runCodeIgniter(Object(CodeIgniter\CodeIgniter))
#10 F:\Github\sagara\public_html\index.php(56): CodeIgniter\Boot::bootWeb(Object(Config\Paths))
#11 {main}
CRITICAL - 2024-12-13 23:50:12 --> CodeIgniter\Database\Exceptions\DatabaseException: Unable to connect to the database.
Main connection [MySQLi]: The server requested authentication method unknown to the client [auth_gssapi_client]
[Method: POST, Route: home/menu]
in SYSTEMPATH\Database\BaseConnection.php on line 467.
 1 SYSTEMPATH\Database\BaseConnection.php(616): CodeIgniter\Database\BaseConnection->initialize()
 2 SYSTEMPATH\Database\BaseBuilder.php(1644): CodeIgniter\Database\BaseConnection->query('SELECT *
FROM `page`
WHERE `id` != :id:
AND `deleted_at` IS NULL', [...], false)
 3 SYSTEMPATH\Model.php(930): CodeIgniter\Database\BaseBuilder->get()
 4 APPPATH\Controllers\Home.php(19): CodeIgniter\Model->__call('get', [])
 5 SYSTEMPATH\CodeIgniter.php(933): App\Controllers\Home->menu()
 6 SYSTEMPATH\CodeIgniter.php(509): CodeIgniter\CodeIgniter->runController(Object(App\Controllers\Home))
 7 SYSTEMPATH\CodeIgniter.php(355): CodeIgniter\CodeIgniter->handleRequest(null, Object(Config\Cache), false)
 8 SYSTEMPATH\Boot.php(325): CodeIgniter\CodeIgniter->run()
 9 SYSTEMPATH\Boot.php(67): CodeIgniter\Boot::runCodeIgniter(Object(CodeIgniter\CodeIgniter))
10 FCPATH\index.php(56): CodeIgniter\Boot::bootWeb(Object(Config\Paths))
ERROR - 2024-12-13 23:50:13 --> Error connecting to the database: mysqli_sql_exception: The server requested authentication method unknown to the client [auth_gssapi_client] in F:\Github\sagara\ci4\vendor\codeigniter4\framework\system\Database\MySQLi\Connection.php:186
Stack trace:
#0 F:\Github\sagara\ci4\vendor\codeigniter4\framework\system\Database\MySQLi\Connection.php(186): mysqli->real_connect('localhost', 'lqbilbsg_sagara', Object(SensitiveParameterValue), 'lqbilbsg_sagara', 3306, '', 0)
#1 F:\Github\sagara\ci4\vendor\codeigniter4\framework\system\Database\BaseConnection.php(421): CodeIgniter\Database\MySQLi\Connection->connect(false)
#2 F:\Github\sagara\ci4\vendor\codeigniter4\framework\system\Database\BaseConnection.php(616): CodeIgniter\Database\BaseConnection->initialize()
#3 F:\Github\sagara\ci4\vendor\codeigniter4\framework\system\Database\BaseBuilder.php(1644): CodeIgniter\Database\BaseConnection->query('SELECT *\nFROM `...', Array, false)
#4 F:\Github\sagara\ci4\vendor\codeigniter4\framework\system\Model.php(930): CodeIgniter\Database\BaseBuilder->get()
#5 F:\Github\sagara\ci4\app\Controllers\Home.php(56): CodeIgniter\Model->__call('get', Array)
#6 F:\Github\sagara\ci4\vendor\codeigniter4\framework\system\CodeIgniter.php(933): App\Controllers\Home->getSlider()
#7 F:\Github\sagara\ci4\vendor\codeigniter4\framework\system\CodeIgniter.php(509): CodeIgniter\CodeIgniter->runController(Object(App\Controllers\Home))
#8 F:\Github\sagara\ci4\vendor\codeigniter4\framework\system\CodeIgniter.php(355): CodeIgniter\CodeIgniter->handleRequest(NULL, Object(Config\Cache), false)
#9 F:\Github\sagara\ci4\vendor\codeigniter4\framework\system\Boot.php(325): CodeIgniter\CodeIgniter->run()
#10 F:\Github\sagara\ci4\vendor\codeigniter4\framework\system\Boot.php(67): CodeIgniter\Boot::runCodeIgniter(Object(CodeIgniter\CodeIgniter))
#11 F:\Github\sagara\public_html\index.php(56): CodeIgniter\Boot::bootWeb(Object(Config\Paths))
#12 {main}

Next CodeIgniter\Database\Exceptions\DatabaseException: The server requested authentication method unknown to the client [auth_gssapi_client] in F:\Github\sagara\ci4\vendor\codeigniter4\framework\system\Database\MySQLi\Connection.php:231
Stack trace:
#0 F:\Github\sagara\ci4\vendor\codeigniter4\framework\system\Database\BaseConnection.php(421): CodeIgniter\Database\MySQLi\Connection->connect(false)
#1 F:\Github\sagara\ci4\vendor\codeigniter4\framework\system\Database\BaseConnection.php(616): CodeIgniter\Database\BaseConnection->initialize()
#2 F:\Github\sagara\ci4\vendor\codeigniter4\framework\system\Database\BaseBuilder.php(1644): CodeIgniter\Database\BaseConnection->query('SELECT *\nFROM `...', Array, false)
#3 F:\Github\sagara\ci4\vendor\codeigniter4\framework\system\Model.php(930): CodeIgniter\Database\BaseBuilder->get()
#4 F:\Github\sagara\ci4\app\Controllers\Home.php(56): CodeIgniter\Model->__call('get', Array)
#5 F:\Github\sagara\ci4\vendor\codeigniter4\framework\system\CodeIgniter.php(933): App\Controllers\Home->getSlider()
#6 F:\Github\sagara\ci4\vendor\codeigniter4\framework\system\CodeIgniter.php(509): CodeIgniter\CodeIgniter->runController(Object(App\Controllers\Home))
#7 F:\Github\sagara\ci4\vendor\codeigniter4\framework\system\CodeIgniter.php(355): CodeIgniter\CodeIgniter->handleRequest(NULL, Object(Config\Cache), false)
#8 F:\Github\sagara\ci4\vendor\codeigniter4\framework\system\Boot.php(325): CodeIgniter\CodeIgniter->run()
#9 F:\Github\sagara\ci4\vendor\codeigniter4\framework\system\Boot.php(67): CodeIgniter\Boot::runCodeIgniter(Object(CodeIgniter\CodeIgniter))
#10 F:\Github\sagara\public_html\index.php(56): CodeIgniter\Boot::bootWeb(Object(Config\Paths))
#11 {main}
CRITICAL - 2024-12-13 23:50:13 --> CodeIgniter\Database\Exceptions\DatabaseException: Unable to connect to the database.
Main connection [MySQLi]: The server requested authentication method unknown to the client [auth_gssapi_client]
[Method: POST, Route: home/getSlider]
in SYSTEMPATH\Database\BaseConnection.php on line 467.
 1 SYSTEMPATH\Database\BaseConnection.php(616): CodeIgniter\Database\BaseConnection->initialize()
 2 SYSTEMPATH\Database\BaseBuilder.php(1644): CodeIgniter\Database\BaseConnection->query('SELECT *
FROM `slider`
WHERE `status` = :status:
AND `deleted_at` IS NULL', [...], false)
 3 SYSTEMPATH\Model.php(930): CodeIgniter\Database\BaseBuilder->get()
 4 APPPATH\Controllers\Home.php(56): CodeIgniter\Model->__call('get', [])
 5 SYSTEMPATH\CodeIgniter.php(933): App\Controllers\Home->getSlider()
 6 SYSTEMPATH\CodeIgniter.php(509): CodeIgniter\CodeIgniter->runController(Object(App\Controllers\Home))
 7 SYSTEMPATH\CodeIgniter.php(355): CodeIgniter\CodeIgniter->handleRequest(null, Object(Config\Cache), false)
 8 SYSTEMPATH\Boot.php(325): CodeIgniter\CodeIgniter->run()
 9 SYSTEMPATH\Boot.php(67): CodeIgniter\Boot::runCodeIgniter(Object(CodeIgniter\CodeIgniter))
10 FCPATH\index.php(56): CodeIgniter\Boot::bootWeb(Object(Config\Paths))
ERROR - 2024-12-13 23:50:13 --> Error connecting to the database: mysqli_sql_exception: The server requested authentication method unknown to the client [auth_gssapi_client] in F:\Github\sagara\ci4\vendor\codeigniter4\framework\system\Database\MySQLi\Connection.php:186
Stack trace:
#0 F:\Github\sagara\ci4\vendor\codeigniter4\framework\system\Database\MySQLi\Connection.php(186): mysqli->real_connect('localhost', 'lqbilbsg_sagara', Object(SensitiveParameterValue), 'lqbilbsg_sagara', 3306, '', 0)
#1 F:\Github\sagara\ci4\vendor\codeigniter4\framework\system\Database\BaseConnection.php(421): CodeIgniter\Database\MySQLi\Connection->connect(false)
#2 F:\Github\sagara\ci4\vendor\codeigniter4\framework\system\Database\BaseConnection.php(616): CodeIgniter\Database\BaseConnection->initialize()
#3 F:\Github\sagara\ci4\vendor\codeigniter4\framework\system\Database\BaseBuilder.php(1644): CodeIgniter\Database\BaseConnection->query('SELECT *\nFROM `...', Array, false)
#4 F:\Github\sagara\ci4\vendor\codeigniter4\framework\system\Model.php(930): CodeIgniter\Database\BaseBuilder->get()
#5 F:\Github\sagara\ci4\app\Controllers\Home.php(85): CodeIgniter\Model->__call('get', Array)
#6 F:\Github\sagara\ci4\vendor\codeigniter4\framework\system\CodeIgniter.php(933): App\Controllers\Home->getGroupProduct()
#7 F:\Github\sagara\ci4\vendor\codeigniter4\framework\system\CodeIgniter.php(509): CodeIgniter\CodeIgniter->runController(Object(App\Controllers\Home))
#8 F:\Github\sagara\ci4\vendor\codeigniter4\framework\system\CodeIgniter.php(355): CodeIgniter\CodeIgniter->handleRequest(NULL, Object(Config\Cache), false)
#9 F:\Github\sagara\ci4\vendor\codeigniter4\framework\system\Boot.php(325): CodeIgniter\CodeIgniter->run()
#10 F:\Github\sagara\ci4\vendor\codeigniter4\framework\system\Boot.php(67): CodeIgniter\Boot::runCodeIgniter(Object(CodeIgniter\CodeIgniter))
#11 F:\Github\sagara\public_html\index.php(56): CodeIgniter\Boot::bootWeb(Object(Config\Paths))
#12 {main}

Next CodeIgniter\Database\Exceptions\DatabaseException: The server requested authentication method unknown to the client [auth_gssapi_client] in F:\Github\sagara\ci4\vendor\codeigniter4\framework\system\Database\MySQLi\Connection.php:231
Stack trace:
#0 F:\Github\sagara\ci4\vendor\codeigniter4\framework\system\Database\BaseConnection.php(421): CodeIgniter\Database\MySQLi\Connection->connect(false)
#1 F:\Github\sagara\ci4\vendor\codeigniter4\framework\system\Database\BaseConnection.php(616): CodeIgniter\Database\BaseConnection->initialize()
#2 F:\Github\sagara\ci4\vendor\codeigniter4\framework\system\Database\BaseBuilder.php(1644): CodeIgniter\Database\BaseConnection->query('SELECT *\nFROM `...', Array, false)
#3 F:\Github\sagara\ci4\vendor\codeigniter4\framework\system\Model.php(930): CodeIgniter\Database\BaseBuilder->get()
#4 F:\Github\sagara\ci4\app\Controllers\Home.php(85): CodeIgniter\Model->__call('get', Array)
#5 F:\Github\sagara\ci4\vendor\codeigniter4\framework\system\CodeIgniter.php(933): App\Controllers\Home->getGroupProduct()
#6 F:\Github\sagara\ci4\vendor\codeigniter4\framework\system\CodeIgniter.php(509): CodeIgniter\CodeIgniter->runController(Object(App\Controllers\Home))
#7 F:\Github\sagara\ci4\vendor\codeigniter4\framework\system\CodeIgniter.php(355): CodeIgniter\CodeIgniter->handleRequest(NULL, Object(Config\Cache), false)
#8 F:\Github\sagara\ci4\vendor\codeigniter4\framework\system\Boot.php(325): CodeIgniter\CodeIgniter->run()
#9 F:\Github\sagara\ci4\vendor\codeigniter4\framework\system\Boot.php(67): CodeIgniter\Boot::runCodeIgniter(Object(CodeIgniter\CodeIgniter))
#10 F:\Github\sagara\public_html\index.php(56): CodeIgniter\Boot::bootWeb(Object(Config\Paths))
#11 {main}
CRITICAL - 2024-12-13 23:50:13 --> CodeIgniter\Database\Exceptions\DatabaseException: Unable to connect to the database.
Main connection [MySQLi]: The server requested authentication method unknown to the client [auth_gssapi_client]
[Method: POST, Route: home/getGroupProduct]
in SYSTEMPATH\Database\BaseConnection.php on line 467.
 1 SYSTEMPATH\Database\BaseConnection.php(616): CodeIgniter\Database\BaseConnection->initialize()
 2 SYSTEMPATH\Database\BaseBuilder.php(1644): CodeIgniter\Database\BaseConnection->query('SELECT *
FROM `product_group`
WHERE `deleted_at` IS NULL', [], false)
 3 SYSTEMPATH\Model.php(930): CodeIgniter\Database\BaseBuilder->get()
 4 APPPATH\Controllers\Home.php(85): CodeIgniter\Model->__call('get', [])
 5 SYSTEMPATH\CodeIgniter.php(933): App\Controllers\Home->getGroupProduct()
 6 SYSTEMPATH\CodeIgniter.php(509): CodeIgniter\CodeIgniter->runController(Object(App\Controllers\Home))
 7 SYSTEMPATH\CodeIgniter.php(355): CodeIgniter\CodeIgniter->handleRequest(null, Object(Config\Cache), false)
 8 SYSTEMPATH\Boot.php(325): CodeIgniter\CodeIgniter->run()
 9 SYSTEMPATH\Boot.php(67): CodeIgniter\Boot::runCodeIgniter(Object(CodeIgniter\CodeIgniter))
10 FCPATH\index.php(56): CodeIgniter\Boot::bootWeb(Object(Config\Paths))
