INFO - 2024-11-01 02:04:21 --> Session: Class initialized using 'CodeIgniter\Session\Handlers\FileHandler' driver.
INFO - 2024-11-01 02:04:21 --> Session: Class initialized using 'CodeIgniter\Session\Handlers\FileHandler' driver.
INFO - 2024-11-01 02:04:24 --> Session: Class initialized using 'CodeIgniter\Session\Handlers\FileHandler' driver.
INFO - 2024-11-01 02:04:24 --> Session: Class initialized using 'CodeIgniter\Session\Handlers\FileHandler' driver.
INFO - 2024-11-01 02:04:31 --> Session: Class initialized using 'CodeIgniter\Session\Handlers\FileHandler' driver.
INFO - 2024-11-01 02:04:31 --> Session: Class initialized using 'CodeIgniter\Session\Handlers\FileHandler' driver.
INFO - 2024-11-01 07:52:05 --> Session: Class initialized using 'CodeIgniter\Session\Handlers\FileHandler' driver.
INFO - 2024-11-01 07:52:05 --> Session: Class initialized using 'CodeIgniter\Session\Handlers\FileHandler' driver.
INFO - 2024-11-01 07:55:44 --> Session: Class initialized using 'CodeIgniter\Session\Handlers\FileHandler' driver.
INFO - 2024-11-01 07:56:14 --> Session: Class initialized using 'CodeIgniter\Session\Handlers\FileHandler' driver.
INFO - 2024-11-01 07:56:20 --> Session: Class initialized using 'CodeIgniter\Session\Handlers\FileHandler' driver.
INFO - 2024-11-01 08:13:26 --> Session: Class initialized using 'CodeIgniter\Session\Handlers\FileHandler' driver.
CRITICAL - 2024-11-01 08:13:26 --> ErrorException: Undefined array key "level"
[Method: GET, Route: altloginuser]
in APPPATH\Controllers\Login.php on line 298.
 1 APPPATH\Controllers\Login.php(298): CodeIgniter\Debug\Exceptions->errorHandler(2, 'Undefined array key "level"', 'C:\\Users\\suluh\\Documents\\ci4\\ci4\\app\\Controllers\\Login.php', 298)
 2 SYSTEMPATH\CodeIgniter.php(933): App\Controllers\Login->altloginuser()
 3 SYSTEMPATH\CodeIgniter.php(509): CodeIgniter\CodeIgniter->runController(Object(App\Controllers\Login))
 4 SYSTEMPATH\CodeIgniter.php(355): CodeIgniter\CodeIgniter->handleRequest(null, Object(Config\Cache), false)
 5 SYSTEMPATH\Boot.php(325): CodeIgniter\CodeIgniter->run()
 6 SYSTEMPATH\Boot.php(67): CodeIgniter\Boot::runCodeIgniter(Object(CodeIgniter\CodeIgniter))
 7 FCPATH\index.php(56): CodeIgniter\Boot::bootWeb(Object(Config\Paths))
INFO - 2024-11-01 08:13:35 --> Session: Class initialized using 'CodeIgniter\Session\Handlers\FileHandler' driver.
INFO - 2024-11-01 08:13:36 --> Session: Class initialized using 'CodeIgniter\Session\Handlers\FileHandler' driver.
INFO - 2024-11-01 08:13:40 --> Session: Class initialized using 'CodeIgniter\Session\Handlers\FileHandler' driver.
INFO - 2024-11-01 08:15:47 --> Session: Class initialized using 'CodeIgniter\Session\Handlers\FileHandler' driver.
INFO - 2024-11-01 08:15:47 --> Session: Class initialized using 'CodeIgniter\Session\Handlers\FileHandler' driver.
INFO - 2024-11-01 08:15:50 --> Session: Class initialized using 'CodeIgniter\Session\Handlers\FileHandler' driver.
INFO - 2024-11-01 08:15:50 --> Session: Class initialized using 'CodeIgniter\Session\Handlers\FileHandler' driver.
INFO - 2024-11-01 08:15:54 --> Session: Class initialized using 'CodeIgniter\Session\Handlers\FileHandler' driver.
INFO - 2024-11-01 08:19:17 --> Session: Class initialized using 'CodeIgniter\Session\Handlers\FileHandler' driver.
CRITICAL - 2024-11-01 08:19:17 --> ErrorException: Undefined array key "level"
[Method: GET, Route: admin/manage/pages]
in APPPATH\Controllers\CheckAccess.php on line 16.
 1 APPPATH\Controllers\CheckAccess.php(16): CodeIgniter\Debug\Exceptions->errorHandler(2, 'Undefined array key "level"', 'C:\\Users\\suluh\\Documents\\ci4\\ci4\\app\\Controllers\\CheckAccess.php', 16)
 2 APPPATH\Controllers\Pages.php(52): App\Controllers\CheckAccess->access('1', 'operator')
 3 APPPATH\Controllers\Pages.php(43): App\Controllers\Pages->access('operator')
 4 SYSTEMPATH\CodeIgniter.php(933): App\Controllers\Pages->manage()
 5 SYSTEMPATH\CodeIgniter.php(509): CodeIgniter\CodeIgniter->runController(Object(App\Controllers\Pages))
 6 SYSTEMPATH\CodeIgniter.php(355): CodeIgniter\CodeIgniter->handleRequest(null, Object(Config\Cache), false)
 7 SYSTEMPATH\Boot.php(325): CodeIgniter\CodeIgniter->run()
 8 SYSTEMPATH\Boot.php(67): CodeIgniter\Boot::runCodeIgniter(Object(CodeIgniter\CodeIgniter))
 9 FCPATH\index.php(56): CodeIgniter\Boot::bootWeb(Object(Config\Paths))
INFO - 2024-11-01 08:19:21 --> Session: Class initialized using 'CodeIgniter\Session\Handlers\FileHandler' driver.
INFO - 2024-11-01 08:19:25 --> Session: Class initialized using 'CodeIgniter\Session\Handlers\FileHandler' driver.
INFO - 2024-11-01 08:19:25 --> Session: Class initialized using 'CodeIgniter\Session\Handlers\FileHandler' driver.
INFO - 2024-11-01 08:19:25 --> Session: Class initialized using 'CodeIgniter\Session\Handlers\FileHandler' driver.
INFO - 2024-11-01 08:19:28 --> Session: Class initialized using 'CodeIgniter\Session\Handlers\FileHandler' driver.
INFO - 2024-11-01 08:19:28 --> Session: Class initialized using 'CodeIgniter\Session\Handlers\FileHandler' driver.
INFO - 2024-11-01 08:19:35 --> Session: Class initialized using 'CodeIgniter\Session\Handlers\FileHandler' driver.
INFO - 2024-11-01 08:19:36 --> Session: Class initialized using 'CodeIgniter\Session\Handlers\FileHandler' driver.
INFO - 2024-11-01 08:19:40 --> Session: Class initialized using 'CodeIgniter\Session\Handlers\FileHandler' driver.
INFO - 2024-11-01 08:19:41 --> Session: Class initialized using 'CodeIgniter\Session\Handlers\FileHandler' driver.
INFO - 2024-11-01 08:19:41 --> Session: Class initialized using 'CodeIgniter\Session\Handlers\FileHandler' driver.
INFO - 2024-11-01 08:20:07 --> Session: Class initialized using 'CodeIgniter\Session\Handlers\FileHandler' driver.
CRITICAL - 2024-11-01 08:20:08 --> CodeIgniter\Images\Exceptions\ImageException: Unable to save the image. Please make sure the image and file directory are writable.
[Method: POST, Route: admin/static_page/upload]
in SYSTEMPATH\Images\Handlers\GDHandler.php on line 256.
 1 SYSTEMPATH\Images\Handlers\GDHandler.php(256): CodeIgniter\Images\Exceptions\ImageException::forSaveFailed()
 2 APPPATH\Controllers\StaticPages.php(229): CodeIgniter\Images\Handlers\GDHandler->save('../public/assets/upload/thumb/1730449208_e0c59f1dd8aac4accb46.jpg')
 3 SYSTEMPATH\CodeIgniter.php(933): App\Controllers\StaticPages->crud('upload')
 4 SYSTEMPATH\CodeIgniter.php(509): CodeIgniter\CodeIgniter->runController(Object(App\Controllers\StaticPages))
 5 SYSTEMPATH\CodeIgniter.php(355): CodeIgniter\CodeIgniter->handleRequest(null, Object(Config\Cache), false)
 6 SYSTEMPATH\Boot.php(325): CodeIgniter\CodeIgniter->run()
 7 SYSTEMPATH\Boot.php(67): CodeIgniter\Boot::runCodeIgniter(Object(CodeIgniter\CodeIgniter))
 8 FCPATH\index.php(56): CodeIgniter\Boot::bootWeb(Object(Config\Paths))
INFO - 2024-11-01 08:22:27 --> Session: Class initialized using 'CodeIgniter\Session\Handlers\FileHandler' driver.
INFO - 2024-11-01 08:22:27 --> Session: Class initialized using 'CodeIgniter\Session\Handlers\FileHandler' driver.
INFO - 2024-11-01 08:22:27 --> Session: Class initialized using 'CodeIgniter\Session\Handlers\FileHandler' driver.
INFO - 2024-11-01 08:22:39 --> Session: Class initialized using 'CodeIgniter\Session\Handlers\FileHandler' driver.
CRITICAL - 2024-11-01 08:22:39 --> CodeIgniter\Images\Exceptions\ImageException: Unable to save the image. Please make sure the image and file directory are writable.
[Method: POST, Route: admin/static_page/upload]
in SYSTEMPATH\Images\Handlers\GDHandler.php on line 256.
 1 SYSTEMPATH\Images\Handlers\GDHandler.php(256): CodeIgniter\Images\Exceptions\ImageException::forSaveFailed()
 2 APPPATH\Controllers\StaticPages.php(229): CodeIgniter\Images\Handlers\GDHandler->save('../public/assets/upload/thumb/1730449359_60cff2cd524f8c048a99.jpg')
 3 SYSTEMPATH\CodeIgniter.php(933): App\Controllers\StaticPages->crud('upload')
 4 SYSTEMPATH\CodeIgniter.php(509): CodeIgniter\CodeIgniter->runController(Object(App\Controllers\StaticPages))
 5 SYSTEMPATH\CodeIgniter.php(355): CodeIgniter\CodeIgniter->handleRequest(null, Object(Config\Cache), false)
 6 SYSTEMPATH\Boot.php(325): CodeIgniter\CodeIgniter->run()
 7 SYSTEMPATH\Boot.php(67): CodeIgniter\Boot::runCodeIgniter(Object(CodeIgniter\CodeIgniter))
 8 FCPATH\index.php(56): CodeIgniter\Boot::bootWeb(Object(Config\Paths))
INFO - 2024-11-01 08:23:25 --> Session: Class initialized using 'CodeIgniter\Session\Handlers\FileHandler' driver.
CRITICAL - 2024-11-01 08:23:25 --> CodeIgniter\Images\Exceptions\ImageException: Unable to save the image. Please make sure the image and file directory are writable.
[Method: POST, Route: admin/static_page/upload]
in SYSTEMPATH\Images\Handlers\GDHandler.php on line 256.
 1 SYSTEMPATH\Images\Handlers\GDHandler.php(256): CodeIgniter\Images\Exceptions\ImageException::forSaveFailed()
 2 APPPATH\Controllers\StaticPages.php(229): CodeIgniter\Images\Handlers\GDHandler->save('../public/assets/upload/thumb/1730449405_a44accf9debf2275a520.jpg')
 3 SYSTEMPATH\CodeIgniter.php(933): App\Controllers\StaticPages->crud('upload')
 4 SYSTEMPATH\CodeIgniter.php(509): CodeIgniter\CodeIgniter->runController(Object(App\Controllers\StaticPages))
 5 SYSTEMPATH\CodeIgniter.php(355): CodeIgniter\CodeIgniter->handleRequest(null, Object(Config\Cache), false)
 6 SYSTEMPATH\Boot.php(325): CodeIgniter\CodeIgniter->run()
 7 SYSTEMPATH\Boot.php(67): CodeIgniter\Boot::runCodeIgniter(Object(CodeIgniter\CodeIgniter))
 8 FCPATH\index.php(56): CodeIgniter\Boot::bootWeb(Object(Config\Paths))
INFO - 2024-11-01 08:23:50 --> Session: Class initialized using 'CodeIgniter\Session\Handlers\FileHandler' driver.
CRITICAL - 2024-11-01 08:23:50 --> CodeIgniter\Images\Exceptions\ImageException: Unable to save the image. Please make sure the image and file directory are writable.
[Method: POST, Route: admin/static_page/upload]
in SYSTEMPATH\Images\Handlers\GDHandler.php on line 266.
 1 SYSTEMPATH\Images\Handlers\GDHandler.php(266): CodeIgniter\Images\Exceptions\ImageException::forSaveFailed()
 2 APPPATH\Controllers\StaticPages.php(229): CodeIgniter\Images\Handlers\GDHandler->save('../public/assets/upload/thumb/1730449430_cd0bd781ff89e252eb7e.png')
 3 SYSTEMPATH\CodeIgniter.php(933): App\Controllers\StaticPages->crud('upload')
 4 SYSTEMPATH\CodeIgniter.php(509): CodeIgniter\CodeIgniter->runController(Object(App\Controllers\StaticPages))
 5 SYSTEMPATH\CodeIgniter.php(355): CodeIgniter\CodeIgniter->handleRequest(null, Object(Config\Cache), false)
 6 SYSTEMPATH\Boot.php(325): CodeIgniter\CodeIgniter->run()
 7 SYSTEMPATH\Boot.php(67): CodeIgniter\Boot::runCodeIgniter(Object(CodeIgniter\CodeIgniter))
 8 FCPATH\index.php(56): CodeIgniter\Boot::bootWeb(Object(Config\Paths))
INFO - 2024-11-01 08:35:40 --> Session: Class initialized using 'CodeIgniter\Session\Handlers\FileHandler' driver.
INFO - 2024-11-01 08:43:07 --> Session: Class initialized using 'CodeIgniter\Session\Handlers\FileHandler' driver.
INFO - 2024-11-01 08:43:07 --> Session: Class initialized using 'CodeIgniter\Session\Handlers\FileHandler' driver.
INFO - 2024-11-01 08:43:07 --> Session: Class initialized using 'CodeIgniter\Session\Handlers\FileHandler' driver.
