ERROR - 2024-11-12 22:59:27 --> Error connecting to the database: mysqli_sql_exception: A connection attempt failed because the connected party did not properly respond after a period of time, or established connection failed because connected host has failed to respond in C:\Users\Suluh\Documents\GitHub\sagara\sagara\ci4\vendor\codeigniter4\framework\system\Database\MySQLi\Connection.php:186
Stack trace:
#0 C:\Users\Suluh\Documents\GitHub\sagara\sagara\ci4\vendor\codeigniter4\framework\system\Database\MySQLi\Connection.php(186): mysqli->real_connect('192.168.1.2', 'username', Object(SensitiveParameterValue), 'sagara', 3308, '', 0)
#1 C:\Users\Suluh\Documents\GitHub\sagara\sagara\ci4\vendor\codeigniter4\framework\system\Database\BaseConnection.php(421): CodeIgniter\Database\MySQLi\Connection->connect(false)
#2 C:\Users\Suluh\Documents\GitHub\sagara\sagara\ci4\vendor\codeigniter4\framework\system\Database\BaseConnection.php(616): CodeIgniter\Database\BaseConnection->initialize()
#3 C:\Users\Suluh\Documents\GitHub\sagara\sagara\ci4\vendor\codeigniter4\framework\system\Database\BaseBuilder.php(1644): CodeIgniter\Database\BaseConnection->query('SELECT *\nFROM `...', Array, false)
#4 C:\Users\Suluh\Documents\GitHub\sagara\sagara\ci4\vendor\codeigniter4\framework\system\Model.php(930): CodeIgniter\Database\BaseBuilder->get()
#5 C:\Users\Suluh\Documents\GitHub\sagara\sagara\ci4\app\Controllers\Home.php(19): CodeIgniter\Model->__call('get', Array)
#6 C:\Users\Suluh\Documents\GitHub\sagara\sagara\ci4\vendor\codeigniter4\framework\system\CodeIgniter.php(933): App\Controllers\Home->menu()
#7 C:\Users\Suluh\Documents\GitHub\sagara\sagara\ci4\vendor\codeigniter4\framework\system\CodeIgniter.php(509): CodeIgniter\CodeIgniter->runController(Object(App\Controllers\Home))
#8 C:\Users\Suluh\Documents\GitHub\sagara\sagara\ci4\vendor\codeigniter4\framework\system\CodeIgniter.php(355): CodeIgniter\CodeIgniter->handleRequest(NULL, Object(Config\Cache), false)
#9 C:\Users\Suluh\Documents\GitHub\sagara\sagara\ci4\vendor\codeigniter4\framework\system\Boot.php(325): CodeIgniter\CodeIgniter->run()
#10 C:\Users\Suluh\Documents\GitHub\sagara\sagara\ci4\vendor\codeigniter4\framework\system\Boot.php(67): CodeIgniter\Boot::runCodeIgniter(Object(CodeIgniter\CodeIgniter))
#11 C:\Users\Suluh\Documents\GitHub\sagara\sagara\public_html\index.php(56): CodeIgniter\Boot::bootWeb(Object(Config\Paths))
#12 {main}

Next CodeIgniter\Database\Exceptions\DatabaseException: A connection attempt failed because the connected party did not properly respond after a period of time, or established connection failed because connected host has failed to respond in C:\Users\Suluh\Documents\GitHub\sagara\sagara\ci4\vendor\codeigniter4\framework\system\Database\MySQLi\Connection.php:231
Stack trace:
#0 C:\Users\Suluh\Documents\GitHub\sagara\sagara\ci4\vendor\codeigniter4\framework\system\Database\BaseConnection.php(421): CodeIgniter\Database\MySQLi\Connection->connect(false)
#1 C:\Users\Suluh\Documents\GitHub\sagara\sagara\ci4\vendor\codeigniter4\framework\system\Database\BaseConnection.php(616): CodeIgniter\Database\BaseConnection->initialize()
#2 C:\Users\Suluh\Documents\GitHub\sagara\sagara\ci4\vendor\codeigniter4\framework\system\Database\BaseBuilder.php(1644): CodeIgniter\Database\BaseConnection->query('SELECT *\nFROM `...', Array, false)
#3 C:\Users\Suluh\Documents\GitHub\sagara\sagara\ci4\vendor\codeigniter4\framework\system\Model.php(930): CodeIgniter\Database\BaseBuilder->get()
#4 C:\Users\Suluh\Documents\GitHub\sagara\sagara\ci4\app\Controllers\Home.php(19): CodeIgniter\Model->__call('get', Array)
#5 C:\Users\Suluh\Documents\GitHub\sagara\sagara\ci4\vendor\codeigniter4\framework\system\CodeIgniter.php(933): App\Controllers\Home->menu()
#6 C:\Users\Suluh\Documents\GitHub\sagara\sagara\ci4\vendor\codeigniter4\framework\system\CodeIgniter.php(509): CodeIgniter\CodeIgniter->runController(Object(App\Controllers\Home))
#7 C:\Users\Suluh\Documents\GitHub\sagara\sagara\ci4\vendor\codeigniter4\framework\system\CodeIgniter.php(355): CodeIgniter\CodeIgniter->handleRequest(NULL, Object(Config\Cache), false)
#8 C:\Users\Suluh\Documents\GitHub\sagara\sagara\ci4\vendor\codeigniter4\framework\system\Boot.php(325): CodeIgniter\CodeIgniter->run()
#9 C:\Users\Suluh\Documents\GitHub\sagara\sagara\ci4\vendor\codeigniter4\framework\system\Boot.php(67): CodeIgniter\Boot::runCodeIgniter(Object(CodeIgniter\CodeIgniter))
#10 C:\Users\Suluh\Documents\GitHub\sagara\sagara\public_html\index.php(56): CodeIgniter\Boot::bootWeb(Object(Config\Paths))
#11 {main}
CRITICAL - 2024-11-12 22:59:27 --> CodeIgniter\Database\Exceptions\DatabaseException: Unable to connect to the database.
Main connection [MySQLi]: A connection attempt failed because the connected party did not properly respond after a period of time, or established connection failed because connected host has failed to respond
[Method: POST, Route: home/menu]
in SYSTEMPATH\Database\BaseConnection.php on line 467.
 1 SYSTEMPATH\Database\BaseConnection.php(616): CodeIgniter\Database\BaseConnection->initialize()
 2 SYSTEMPATH\Database\BaseBuilder.php(1644): CodeIgniter\Database\BaseConnection->query('SELECT *
FROM `page`
WHERE `id` != :id:
AND `deleted_at` IS NULL', [...], false)
 3 SYSTEMPATH\Model.php(930): CodeIgniter\Database\BaseBuilder->get()
 4 APPPATH\Controllers\Home.php(19): CodeIgniter\Model->__call('get', [])
 5 SYSTEMPATH\CodeIgniter.php(933): App\Controllers\Home->menu()
 6 SYSTEMPATH\CodeIgniter.php(509): CodeIgniter\CodeIgniter->runController(Object(App\Controllers\Home))
 7 SYSTEMPATH\CodeIgniter.php(355): CodeIgniter\CodeIgniter->handleRequest(null, Object(Config\Cache), false)
 8 SYSTEMPATH\Boot.php(325): CodeIgniter\CodeIgniter->run()
 9 SYSTEMPATH\Boot.php(67): CodeIgniter\Boot::runCodeIgniter(Object(CodeIgniter\CodeIgniter))
10 FCPATH\index.php(56): CodeIgniter\Boot::bootWeb(Object(Config\Paths))
ERROR - 2024-11-12 22:59:38 --> Error connecting to the database: mysqli_sql_exception: A connection attempt failed because the connected party did not properly respond after a period of time, or established connection failed because connected host has failed to respond in C:\Users\Suluh\Documents\GitHub\sagara\sagara\ci4\vendor\codeigniter4\framework\system\Database\MySQLi\Connection.php:186
Stack trace:
#0 C:\Users\Suluh\Documents\GitHub\sagara\sagara\ci4\vendor\codeigniter4\framework\system\Database\MySQLi\Connection.php(186): mysqli->real_connect('192.168.1.2', 'username', Object(SensitiveParameterValue), 'sagara', 3308, '', 0)
#1 C:\Users\Suluh\Documents\GitHub\sagara\sagara\ci4\vendor\codeigniter4\framework\system\Database\BaseConnection.php(421): CodeIgniter\Database\MySQLi\Connection->connect(false)
#2 C:\Users\Suluh\Documents\GitHub\sagara\sagara\ci4\vendor\codeigniter4\framework\system\Database\BaseConnection.php(616): CodeIgniter\Database\BaseConnection->initialize()
#3 C:\Users\Suluh\Documents\GitHub\sagara\sagara\ci4\vendor\codeigniter4\framework\system\Database\BaseBuilder.php(1644): CodeIgniter\Database\BaseConnection->query('SELECT *\nFROM `...', Array, false)
#4 C:\Users\Suluh\Documents\GitHub\sagara\sagara\ci4\vendor\codeigniter4\framework\system\Model.php(930): CodeIgniter\Database\BaseBuilder->get()
#5 C:\Users\Suluh\Documents\GitHub\sagara\sagara\ci4\app\Controllers\Home.php(56): CodeIgniter\Model->__call('get', Array)
#6 C:\Users\Suluh\Documents\GitHub\sagara\sagara\ci4\vendor\codeigniter4\framework\system\CodeIgniter.php(933): App\Controllers\Home->getSlider()
#7 C:\Users\Suluh\Documents\GitHub\sagara\sagara\ci4\vendor\codeigniter4\framework\system\CodeIgniter.php(509): CodeIgniter\CodeIgniter->runController(Object(App\Controllers\Home))
#8 C:\Users\Suluh\Documents\GitHub\sagara\sagara\ci4\vendor\codeigniter4\framework\system\CodeIgniter.php(355): CodeIgniter\CodeIgniter->handleRequest(NULL, Object(Config\Cache), false)
#9 C:\Users\Suluh\Documents\GitHub\sagara\sagara\ci4\vendor\codeigniter4\framework\system\Boot.php(325): CodeIgniter\CodeIgniter->run()
#10 C:\Users\Suluh\Documents\GitHub\sagara\sagara\ci4\vendor\codeigniter4\framework\system\Boot.php(67): CodeIgniter\Boot::runCodeIgniter(Object(CodeIgniter\CodeIgniter))
#11 C:\Users\Suluh\Documents\GitHub\sagara\sagara\public_html\index.php(56): CodeIgniter\Boot::bootWeb(Object(Config\Paths))
#12 {main}

Next CodeIgniter\Database\Exceptions\DatabaseException: A connection attempt failed because the connected party did not properly respond after a period of time, or established connection failed because connected host has failed to respond in C:\Users\Suluh\Documents\GitHub\sagara\sagara\ci4\vendor\codeigniter4\framework\system\Database\MySQLi\Connection.php:231
Stack trace:
#0 C:\Users\Suluh\Documents\GitHub\sagara\sagara\ci4\vendor\codeigniter4\framework\system\Database\BaseConnection.php(421): CodeIgniter\Database\MySQLi\Connection->connect(false)
#1 C:\Users\Suluh\Documents\GitHub\sagara\sagara\ci4\vendor\codeigniter4\framework\system\Database\BaseConnection.php(616): CodeIgniter\Database\BaseConnection->initialize()
#2 C:\Users\Suluh\Documents\GitHub\sagara\sagara\ci4\vendor\codeigniter4\framework\system\Database\BaseBuilder.php(1644): CodeIgniter\Database\BaseConnection->query('SELECT *\nFROM `...', Array, false)
#3 C:\Users\Suluh\Documents\GitHub\sagara\sagara\ci4\vendor\codeigniter4\framework\system\Model.php(930): CodeIgniter\Database\BaseBuilder->get()
#4 C:\Users\Suluh\Documents\GitHub\sagara\sagara\ci4\app\Controllers\Home.php(56): CodeIgniter\Model->__call('get', Array)
#5 C:\Users\Suluh\Documents\GitHub\sagara\sagara\ci4\vendor\codeigniter4\framework\system\CodeIgniter.php(933): App\Controllers\Home->getSlider()
#6 C:\Users\Suluh\Documents\GitHub\sagara\sagara\ci4\vendor\codeigniter4\framework\system\CodeIgniter.php(509): CodeIgniter\CodeIgniter->runController(Object(App\Controllers\Home))
#7 C:\Users\Suluh\Documents\GitHub\sagara\sagara\ci4\vendor\codeigniter4\framework\system\CodeIgniter.php(355): CodeIgniter\CodeIgniter->handleRequest(NULL, Object(Config\Cache), false)
#8 C:\Users\Suluh\Documents\GitHub\sagara\sagara\ci4\vendor\codeigniter4\framework\system\Boot.php(325): CodeIgniter\CodeIgniter->run()
#9 C:\Users\Suluh\Documents\GitHub\sagara\sagara\ci4\vendor\codeigniter4\framework\system\Boot.php(67): CodeIgniter\Boot::runCodeIgniter(Object(CodeIgniter\CodeIgniter))
#10 C:\Users\Suluh\Documents\GitHub\sagara\sagara\public_html\index.php(56): CodeIgniter\Boot::bootWeb(Object(Config\Paths))
#11 {main}
CRITICAL - 2024-11-12 22:59:38 --> CodeIgniter\Database\Exceptions\DatabaseException: Unable to connect to the database.
Main connection [MySQLi]: A connection attempt failed because the connected party did not properly respond after a period of time, or established connection failed because connected host has failed to respond
[Method: POST, Route: home/getSlider]
in SYSTEMPATH\Database\BaseConnection.php on line 467.
 1 SYSTEMPATH\Database\BaseConnection.php(616): CodeIgniter\Database\BaseConnection->initialize()
 2 SYSTEMPATH\Database\BaseBuilder.php(1644): CodeIgniter\Database\BaseConnection->query('SELECT *
FROM `slider`
WHERE `status` = :status:
AND `deleted_at` IS NULL', [...], false)
 3 SYSTEMPATH\Model.php(930): CodeIgniter\Database\BaseBuilder->get()
 4 APPPATH\Controllers\Home.php(56): CodeIgniter\Model->__call('get', [])
 5 SYSTEMPATH\CodeIgniter.php(933): App\Controllers\Home->getSlider()
 6 SYSTEMPATH\CodeIgniter.php(509): CodeIgniter\CodeIgniter->runController(Object(App\Controllers\Home))
 7 SYSTEMPATH\CodeIgniter.php(355): CodeIgniter\CodeIgniter->handleRequest(null, Object(Config\Cache), false)
 8 SYSTEMPATH\Boot.php(325): CodeIgniter\CodeIgniter->run()
 9 SYSTEMPATH\Boot.php(67): CodeIgniter\Boot::runCodeIgniter(Object(CodeIgniter\CodeIgniter))
10 FCPATH\index.php(56): CodeIgniter\Boot::bootWeb(Object(Config\Paths))
ERROR - 2024-11-12 22:59:48 --> Error connecting to the database: mysqli_sql_exception: A connection attempt failed because the connected party did not properly respond after a period of time, or established connection failed because connected host has failed to respond in C:\Users\Suluh\Documents\GitHub\sagara\sagara\ci4\vendor\codeigniter4\framework\system\Database\MySQLi\Connection.php:186
Stack trace:
#0 C:\Users\Suluh\Documents\GitHub\sagara\sagara\ci4\vendor\codeigniter4\framework\system\Database\MySQLi\Connection.php(186): mysqli->real_connect('192.168.1.2', 'username', Object(SensitiveParameterValue), 'sagara', 3308, '', 0)
#1 C:\Users\Suluh\Documents\GitHub\sagara\sagara\ci4\vendor\codeigniter4\framework\system\Database\BaseConnection.php(421): CodeIgniter\Database\MySQLi\Connection->connect(false)
#2 C:\Users\Suluh\Documents\GitHub\sagara\sagara\ci4\vendor\codeigniter4\framework\system\Database\BaseConnection.php(616): CodeIgniter\Database\BaseConnection->initialize()
#3 C:\Users\Suluh\Documents\GitHub\sagara\sagara\ci4\vendor\codeigniter4\framework\system\Database\BaseBuilder.php(1644): CodeIgniter\Database\BaseConnection->query('SELECT *\nFROM `...', Array, false)
#4 C:\Users\Suluh\Documents\GitHub\sagara\sagara\ci4\vendor\codeigniter4\framework\system\Model.php(930): CodeIgniter\Database\BaseBuilder->get()
#5 C:\Users\Suluh\Documents\GitHub\sagara\sagara\ci4\app\Controllers\Home.php(85): CodeIgniter\Model->__call('get', Array)
#6 C:\Users\Suluh\Documents\GitHub\sagara\sagara\ci4\vendor\codeigniter4\framework\system\CodeIgniter.php(933): App\Controllers\Home->getGroupProduct()
#7 C:\Users\Suluh\Documents\GitHub\sagara\sagara\ci4\vendor\codeigniter4\framework\system\CodeIgniter.php(509): CodeIgniter\CodeIgniter->runController(Object(App\Controllers\Home))
#8 C:\Users\Suluh\Documents\GitHub\sagara\sagara\ci4\vendor\codeigniter4\framework\system\CodeIgniter.php(355): CodeIgniter\CodeIgniter->handleRequest(NULL, Object(Config\Cache), false)
#9 C:\Users\Suluh\Documents\GitHub\sagara\sagara\ci4\vendor\codeigniter4\framework\system\Boot.php(325): CodeIgniter\CodeIgniter->run()
#10 C:\Users\Suluh\Documents\GitHub\sagara\sagara\ci4\vendor\codeigniter4\framework\system\Boot.php(67): CodeIgniter\Boot::runCodeIgniter(Object(CodeIgniter\CodeIgniter))
#11 C:\Users\Suluh\Documents\GitHub\sagara\sagara\public_html\index.php(56): CodeIgniter\Boot::bootWeb(Object(Config\Paths))
#12 {main}

Next CodeIgniter\Database\Exceptions\DatabaseException: A connection attempt failed because the connected party did not properly respond after a period of time, or established connection failed because connected host has failed to respond in C:\Users\Suluh\Documents\GitHub\sagara\sagara\ci4\vendor\codeigniter4\framework\system\Database\MySQLi\Connection.php:231
Stack trace:
#0 C:\Users\Suluh\Documents\GitHub\sagara\sagara\ci4\vendor\codeigniter4\framework\system\Database\BaseConnection.php(421): CodeIgniter\Database\MySQLi\Connection->connect(false)
#1 C:\Users\Suluh\Documents\GitHub\sagara\sagara\ci4\vendor\codeigniter4\framework\system\Database\BaseConnection.php(616): CodeIgniter\Database\BaseConnection->initialize()
#2 C:\Users\Suluh\Documents\GitHub\sagara\sagara\ci4\vendor\codeigniter4\framework\system\Database\BaseBuilder.php(1644): CodeIgniter\Database\BaseConnection->query('SELECT *\nFROM `...', Array, false)
#3 C:\Users\Suluh\Documents\GitHub\sagara\sagara\ci4\vendor\codeigniter4\framework\system\Model.php(930): CodeIgniter\Database\BaseBuilder->get()
#4 C:\Users\Suluh\Documents\GitHub\sagara\sagara\ci4\app\Controllers\Home.php(85): CodeIgniter\Model->__call('get', Array)
#5 C:\Users\Suluh\Documents\GitHub\sagara\sagara\ci4\vendor\codeigniter4\framework\system\CodeIgniter.php(933): App\Controllers\Home->getGroupProduct()
#6 C:\Users\Suluh\Documents\GitHub\sagara\sagara\ci4\vendor\codeigniter4\framework\system\CodeIgniter.php(509): CodeIgniter\CodeIgniter->runController(Object(App\Controllers\Home))
#7 C:\Users\Suluh\Documents\GitHub\sagara\sagara\ci4\vendor\codeigniter4\framework\system\CodeIgniter.php(355): CodeIgniter\CodeIgniter->handleRequest(NULL, Object(Config\Cache), false)
#8 C:\Users\Suluh\Documents\GitHub\sagara\sagara\ci4\vendor\codeigniter4\framework\system\Boot.php(325): CodeIgniter\CodeIgniter->run()
#9 C:\Users\Suluh\Documents\GitHub\sagara\sagara\ci4\vendor\codeigniter4\framework\system\Boot.php(67): CodeIgniter\Boot::runCodeIgniter(Object(CodeIgniter\CodeIgniter))
#10 C:\Users\Suluh\Documents\GitHub\sagara\sagara\public_html\index.php(56): CodeIgniter\Boot::bootWeb(Object(Config\Paths))
#11 {main}
CRITICAL - 2024-11-12 22:59:48 --> CodeIgniter\Database\Exceptions\DatabaseException: Unable to connect to the database.
Main connection [MySQLi]: A connection attempt failed because the connected party did not properly respond after a period of time, or established connection failed because connected host has failed to respond
[Method: POST, Route: home/getGroupProduct]
in SYSTEMPATH\Database\BaseConnection.php on line 467.
 1 SYSTEMPATH\Database\BaseConnection.php(616): CodeIgniter\Database\BaseConnection->initialize()
 2 SYSTEMPATH\Database\BaseBuilder.php(1644): CodeIgniter\Database\BaseConnection->query('SELECT *
FROM `product_group`
WHERE `deleted_at` IS NULL', [], false)
 3 SYSTEMPATH\Model.php(930): CodeIgniter\Database\BaseBuilder->get()
 4 APPPATH\Controllers\Home.php(85): CodeIgniter\Model->__call('get', [])
 5 SYSTEMPATH\CodeIgniter.php(933): App\Controllers\Home->getGroupProduct()
 6 SYSTEMPATH\CodeIgniter.php(509): CodeIgniter\CodeIgniter->runController(Object(App\Controllers\Home))
 7 SYSTEMPATH\CodeIgniter.php(355): CodeIgniter\CodeIgniter->handleRequest(null, Object(Config\Cache), false)
 8 SYSTEMPATH\Boot.php(325): CodeIgniter\CodeIgniter->run()
 9 SYSTEMPATH\Boot.php(67): CodeIgniter\Boot::runCodeIgniter(Object(CodeIgniter\CodeIgniter))
10 FCPATH\index.php(56): CodeIgniter\Boot::bootWeb(Object(Config\Paths))
INFO - 2024-11-12 23:00:07 --> Session: Class initialized using 'CodeIgniter\Session\Handlers\FileHandler' driver.
ERROR - 2024-11-12 23:00:17 --> Error connecting to the database: mysqli_sql_exception: A connection attempt failed because the connected party did not properly respond after a period of time, or established connection failed because connected host has failed to respond in C:\Users\Suluh\Documents\GitHub\sagara\sagara\ci4\vendor\codeigniter4\framework\system\Database\MySQLi\Connection.php:186
Stack trace:
#0 C:\Users\Suluh\Documents\GitHub\sagara\sagara\ci4\vendor\codeigniter4\framework\system\Database\MySQLi\Connection.php(186): mysqli->real_connect('192.168.1.2', 'username', Object(SensitiveParameterValue), 'sagara', 3308, '', 0)
#1 C:\Users\Suluh\Documents\GitHub\sagara\sagara\ci4\vendor\codeigniter4\framework\system\Database\BaseConnection.php(421): CodeIgniter\Database\MySQLi\Connection->connect(false)
#2 C:\Users\Suluh\Documents\GitHub\sagara\sagara\ci4\vendor\codeigniter4\framework\system\Database\BaseConnection.php(616): CodeIgniter\Database\BaseConnection->initialize()
#3 C:\Users\Suluh\Documents\GitHub\sagara\sagara\ci4\vendor\codeigniter4\framework\system\Database\BaseBuilder.php(1644): CodeIgniter\Database\BaseConnection->query('SELECT *\nFROM `...', Array, false)
#4 C:\Users\Suluh\Documents\GitHub\sagara\sagara\ci4\vendor\codeigniter4\framework\system\Model.php(330): CodeIgniter\Database\BaseBuilder->get()
#5 C:\Users\Suluh\Documents\GitHub\sagara\sagara\ci4\vendor\codeigniter4\framework\system\BaseModel.php(714): CodeIgniter\Model->doFirst()
#6 C:\Users\Suluh\Documents\GitHub\sagara\sagara\ci4\app\Controllers\Login.php(294): CodeIgniter\BaseModel->first('*')
#7 C:\Users\Suluh\Documents\GitHub\sagara\sagara\ci4\vendor\codeigniter4\framework\system\CodeIgniter.php(933): App\Controllers\Login->altloginuser()
#8 C:\Users\Suluh\Documents\GitHub\sagara\sagara\ci4\vendor\codeigniter4\framework\system\CodeIgniter.php(509): CodeIgniter\CodeIgniter->runController(Object(App\Controllers\Login))
#9 C:\Users\Suluh\Documents\GitHub\sagara\sagara\ci4\vendor\codeigniter4\framework\system\CodeIgniter.php(355): CodeIgniter\CodeIgniter->handleRequest(NULL, Object(Config\Cache), false)
#10 C:\Users\Suluh\Documents\GitHub\sagara\sagara\ci4\vendor\codeigniter4\framework\system\Boot.php(325): CodeIgniter\CodeIgniter->run()
#11 C:\Users\Suluh\Documents\GitHub\sagara\sagara\ci4\vendor\codeigniter4\framework\system\Boot.php(67): CodeIgniter\Boot::runCodeIgniter(Object(CodeIgniter\CodeIgniter))
#12 C:\Users\Suluh\Documents\GitHub\sagara\sagara\public_html\index.php(56): CodeIgniter\Boot::bootWeb(Object(Config\Paths))
#13 {main}

Next CodeIgniter\Database\Exceptions\DatabaseException: A connection attempt failed because the connected party did not properly respond after a period of time, or established connection failed because connected host has failed to respond in C:\Users\Suluh\Documents\GitHub\sagara\sagara\ci4\vendor\codeigniter4\framework\system\Database\MySQLi\Connection.php:231
Stack trace:
#0 C:\Users\Suluh\Documents\GitHub\sagara\sagara\ci4\vendor\codeigniter4\framework\system\Database\BaseConnection.php(421): CodeIgniter\Database\MySQLi\Connection->connect(false)
#1 C:\Users\Suluh\Documents\GitHub\sagara\sagara\ci4\vendor\codeigniter4\framework\system\Database\BaseConnection.php(616): CodeIgniter\Database\BaseConnection->initialize()
#2 C:\Users\Suluh\Documents\GitHub\sagara\sagara\ci4\vendor\codeigniter4\framework\system\Database\BaseBuilder.php(1644): CodeIgniter\Database\BaseConnection->query('SELECT *\nFROM `...', Array, false)
#3 C:\Users\Suluh\Documents\GitHub\sagara\sagara\ci4\vendor\codeigniter4\framework\system\Model.php(330): CodeIgniter\Database\BaseBuilder->get()
#4 C:\Users\Suluh\Documents\GitHub\sagara\sagara\ci4\vendor\codeigniter4\framework\system\BaseModel.php(714): CodeIgniter\Model->doFirst()
#5 C:\Users\Suluh\Documents\GitHub\sagara\sagara\ci4\app\Controllers\Login.php(294): CodeIgniter\BaseModel->first('*')
#6 C:\Users\Suluh\Documents\GitHub\sagara\sagara\ci4\vendor\codeigniter4\framework\system\CodeIgniter.php(933): App\Controllers\Login->altloginuser()
#7 C:\Users\Suluh\Documents\GitHub\sagara\sagara\ci4\vendor\codeigniter4\framework\system\CodeIgniter.php(509): CodeIgniter\CodeIgniter->runController(Object(App\Controllers\Login))
#8 C:\Users\Suluh\Documents\GitHub\sagara\sagara\ci4\vendor\codeigniter4\framework\system\CodeIgniter.php(355): CodeIgniter\CodeIgniter->handleRequest(NULL, Object(Config\Cache), false)
#9 C:\Users\Suluh\Documents\GitHub\sagara\sagara\ci4\vendor\codeigniter4\framework\system\Boot.php(325): CodeIgniter\CodeIgniter->run()
#10 C:\Users\Suluh\Documents\GitHub\sagara\sagara\ci4\vendor\codeigniter4\framework\system\Boot.php(67): CodeIgniter\Boot::runCodeIgniter(Object(CodeIgniter\CodeIgniter))
#11 C:\Users\Suluh\Documents\GitHub\sagara\sagara\public_html\index.php(56): CodeIgniter\Boot::bootWeb(Object(Config\Paths))
#12 {main}
CRITICAL - 2024-11-12 23:00:17 --> CodeIgniter\Database\Exceptions\DatabaseException: Unable to connect to the database.
Main connection [MySQLi]: A connection attempt failed because the connected party did not properly respond after a period of time, or established connection failed because connected host has failed to respond
[Method: GET, Route: altloginuser]
in SYSTEMPATH\Database\BaseConnection.php on line 467.
 1 SYSTEMPATH\Database\BaseConnection.php(616): CodeIgniter\Database\BaseConnection->initialize()
 2 SYSTEMPATH\Database\BaseBuilder.php(1644): CodeIgniter\Database\BaseConnection->query('SELECT *
FROM `client`
 LIMIT 1', [], false)
 3 SYSTEMPATH\Model.php(330): CodeIgniter\Database\BaseBuilder->get()
 4 SYSTEMPATH\BaseModel.php(714): CodeIgniter\Model->doFirst()
 5 APPPATH\Controllers\Login.php(294): CodeIgniter\BaseModel->first('*')
 6 SYSTEMPATH\CodeIgniter.php(933): App\Controllers\Login->altloginuser()
 7 SYSTEMPATH\CodeIgniter.php(509): CodeIgniter\CodeIgniter->runController(Object(App\Controllers\Login))
 8 SYSTEMPATH\CodeIgniter.php(355): CodeIgniter\CodeIgniter->handleRequest(null, Object(Config\Cache), false)
 9 SYSTEMPATH\Boot.php(325): CodeIgniter\CodeIgniter->run()
10 SYSTEMPATH\Boot.php(67): CodeIgniter\Boot::runCodeIgniter(Object(CodeIgniter\CodeIgniter))
11 FCPATH\index.php(56): CodeIgniter\Boot::bootWeb(Object(Config\Paths))
INFO - 2024-11-12 23:01:41 --> Session: Class initialized using 'CodeIgniter\Session\Handlers\FileHandler' driver.
ERROR - 2024-11-12 23:01:41 --> Error connecting to the database: mysqli_sql_exception: Access denied for user 'username'@'localhost' (using password: YES) in C:\Users\Suluh\Documents\GitHub\sagara\sagara\ci4\vendor\codeigniter4\framework\system\Database\MySQLi\Connection.php:186
Stack trace:
#0 C:\Users\Suluh\Documents\GitHub\sagara\sagara\ci4\vendor\codeigniter4\framework\system\Database\MySQLi\Connection.php(186): mysqli->real_connect('localhost', 'username', Object(SensitiveParameterValue), 'sagara', 3306, '', 0)
#1 C:\Users\Suluh\Documents\GitHub\sagara\sagara\ci4\vendor\codeigniter4\framework\system\Database\BaseConnection.php(421): CodeIgniter\Database\MySQLi\Connection->connect(false)
#2 C:\Users\Suluh\Documents\GitHub\sagara\sagara\ci4\vendor\codeigniter4\framework\system\Database\BaseConnection.php(616): CodeIgniter\Database\BaseConnection->initialize()
#3 C:\Users\Suluh\Documents\GitHub\sagara\sagara\ci4\vendor\codeigniter4\framework\system\Database\BaseBuilder.php(1644): CodeIgniter\Database\BaseConnection->query('SELECT *\nFROM `...', Array, false)
#4 C:\Users\Suluh\Documents\GitHub\sagara\sagara\ci4\vendor\codeigniter4\framework\system\Model.php(330): CodeIgniter\Database\BaseBuilder->get()
#5 C:\Users\Suluh\Documents\GitHub\sagara\sagara\ci4\vendor\codeigniter4\framework\system\BaseModel.php(714): CodeIgniter\Model->doFirst()
#6 C:\Users\Suluh\Documents\GitHub\sagara\sagara\ci4\app\Controllers\Login.php(294): CodeIgniter\BaseModel->first('*')
#7 C:\Users\Suluh\Documents\GitHub\sagara\sagara\ci4\vendor\codeigniter4\framework\system\CodeIgniter.php(933): App\Controllers\Login->altloginuser()
#8 C:\Users\Suluh\Documents\GitHub\sagara\sagara\ci4\vendor\codeigniter4\framework\system\CodeIgniter.php(509): CodeIgniter\CodeIgniter->runController(Object(App\Controllers\Login))
#9 C:\Users\Suluh\Documents\GitHub\sagara\sagara\ci4\vendor\codeigniter4\framework\system\CodeIgniter.php(355): CodeIgniter\CodeIgniter->handleRequest(NULL, Object(Config\Cache), false)
#10 C:\Users\Suluh\Documents\GitHub\sagara\sagara\ci4\vendor\codeigniter4\framework\system\Boot.php(325): CodeIgniter\CodeIgniter->run()
#11 C:\Users\Suluh\Documents\GitHub\sagara\sagara\ci4\vendor\codeigniter4\framework\system\Boot.php(67): CodeIgniter\Boot::runCodeIgniter(Object(CodeIgniter\CodeIgniter))
#12 C:\Users\Suluh\Documents\GitHub\sagara\sagara\public_html\index.php(56): CodeIgniter\Boot::bootWeb(Object(Config\Paths))
#13 {main}

Next CodeIgniter\Database\Exceptions\DatabaseException: Access denied for user '****'@'localhost' (using password: YES) in C:\Users\Suluh\Documents\GitHub\sagara\sagara\ci4\vendor\codeigniter4\framework\system\Database\MySQLi\Connection.php:231
Stack trace:
#0 C:\Users\Suluh\Documents\GitHub\sagara\sagara\ci4\vendor\codeigniter4\framework\system\Database\BaseConnection.php(421): CodeIgniter\Database\MySQLi\Connection->connect(false)
#1 C:\Users\Suluh\Documents\GitHub\sagara\sagara\ci4\vendor\codeigniter4\framework\system\Database\BaseConnection.php(616): CodeIgniter\Database\BaseConnection->initialize()
#2 C:\Users\Suluh\Documents\GitHub\sagara\sagara\ci4\vendor\codeigniter4\framework\system\Database\BaseBuilder.php(1644): CodeIgniter\Database\BaseConnection->query('SELECT *\nFROM `...', Array, false)
#3 C:\Users\Suluh\Documents\GitHub\sagara\sagara\ci4\vendor\codeigniter4\framework\system\Model.php(330): CodeIgniter\Database\BaseBuilder->get()
#4 C:\Users\Suluh\Documents\GitHub\sagara\sagara\ci4\vendor\codeigniter4\framework\system\BaseModel.php(714): CodeIgniter\Model->doFirst()
#5 C:\Users\Suluh\Documents\GitHub\sagara\sagara\ci4\app\Controllers\Login.php(294): CodeIgniter\BaseModel->first('*')
#6 C:\Users\Suluh\Documents\GitHub\sagara\sagara\ci4\vendor\codeigniter4\framework\system\CodeIgniter.php(933): App\Controllers\Login->altloginuser()
#7 C:\Users\Suluh\Documents\GitHub\sagara\sagara\ci4\vendor\codeigniter4\framework\system\CodeIgniter.php(509): CodeIgniter\CodeIgniter->runController(Object(App\Controllers\Login))
#8 C:\Users\Suluh\Documents\GitHub\sagara\sagara\ci4\vendor\codeigniter4\framework\system\CodeIgniter.php(355): CodeIgniter\CodeIgniter->handleRequest(NULL, Object(Config\Cache), false)
#9 C:\Users\Suluh\Documents\GitHub\sagara\sagara\ci4\vendor\codeigniter4\framework\system\Boot.php(325): CodeIgniter\CodeIgniter->run()
#10 C:\Users\Suluh\Documents\GitHub\sagara\sagara\ci4\vendor\codeigniter4\framework\system\Boot.php(67): CodeIgniter\Boot::runCodeIgniter(Object(CodeIgniter\CodeIgniter))
#11 C:\Users\Suluh\Documents\GitHub\sagara\sagara\public_html\index.php(56): CodeIgniter\Boot::bootWeb(Object(Config\Paths))
#12 {main}
CRITICAL - 2024-11-12 23:01:41 --> CodeIgniter\Database\Exceptions\DatabaseException: Unable to connect to the database.
Main connection [MySQLi]: Access denied for user '****'@'localhost' (using password: YES)
[Method: GET, Route: altloginuser]
in SYSTEMPATH\Database\BaseConnection.php on line 467.
 1 SYSTEMPATH\Database\BaseConnection.php(616): CodeIgniter\Database\BaseConnection->initialize()
 2 SYSTEMPATH\Database\BaseBuilder.php(1644): CodeIgniter\Database\BaseConnection->query('SELECT *
FROM `client`
 LIMIT 1', [], false)
 3 SYSTEMPATH\Model.php(330): CodeIgniter\Database\BaseBuilder->get()
 4 SYSTEMPATH\BaseModel.php(714): CodeIgniter\Model->doFirst()
 5 APPPATH\Controllers\Login.php(294): CodeIgniter\BaseModel->first('*')
 6 SYSTEMPATH\CodeIgniter.php(933): App\Controllers\Login->altloginuser()
 7 SYSTEMPATH\CodeIgniter.php(509): CodeIgniter\CodeIgniter->runController(Object(App\Controllers\Login))
 8 SYSTEMPATH\CodeIgniter.php(355): CodeIgniter\CodeIgniter->handleRequest(null, Object(Config\Cache), false)
 9 SYSTEMPATH\Boot.php(325): CodeIgniter\CodeIgniter->run()
10 SYSTEMPATH\Boot.php(67): CodeIgniter\Boot::runCodeIgniter(Object(CodeIgniter\CodeIgniter))
11 FCPATH\index.php(56): CodeIgniter\Boot::bootWeb(Object(Config\Paths))
INFO - 2024-11-12 23:01:42 --> Session: Class initialized using 'CodeIgniter\Session\Handlers\FileHandler' driver.
ERROR - 2024-11-12 23:01:42 --> Error connecting to the database: mysqli_sql_exception: Access denied for user 'username'@'localhost' (using password: YES) in C:\Users\Suluh\Documents\GitHub\sagara\sagara\ci4\vendor\codeigniter4\framework\system\Database\MySQLi\Connection.php:186
Stack trace:
#0 C:\Users\Suluh\Documents\GitHub\sagara\sagara\ci4\vendor\codeigniter4\framework\system\Database\MySQLi\Connection.php(186): mysqli->real_connect('localhost', 'username', Object(SensitiveParameterValue), 'sagara', 3306, '', 0)
#1 C:\Users\Suluh\Documents\GitHub\sagara\sagara\ci4\vendor\codeigniter4\framework\system\Database\BaseConnection.php(421): CodeIgniter\Database\MySQLi\Connection->connect(false)
#2 C:\Users\Suluh\Documents\GitHub\sagara\sagara\ci4\vendor\codeigniter4\framework\system\Database\BaseConnection.php(616): CodeIgniter\Database\BaseConnection->initialize()
#3 C:\Users\Suluh\Documents\GitHub\sagara\sagara\ci4\vendor\codeigniter4\framework\system\Database\BaseBuilder.php(1644): CodeIgniter\Database\BaseConnection->query('SELECT *\nFROM `...', Array, false)
#4 C:\Users\Suluh\Documents\GitHub\sagara\sagara\ci4\vendor\codeigniter4\framework\system\Model.php(330): CodeIgniter\Database\BaseBuilder->get()
#5 C:\Users\Suluh\Documents\GitHub\sagara\sagara\ci4\vendor\codeigniter4\framework\system\BaseModel.php(714): CodeIgniter\Model->doFirst()
#6 C:\Users\Suluh\Documents\GitHub\sagara\sagara\ci4\app\Controllers\Login.php(294): CodeIgniter\BaseModel->first('*')
#7 C:\Users\Suluh\Documents\GitHub\sagara\sagara\ci4\vendor\codeigniter4\framework\system\CodeIgniter.php(933): App\Controllers\Login->altloginuser()
#8 C:\Users\Suluh\Documents\GitHub\sagara\sagara\ci4\vendor\codeigniter4\framework\system\CodeIgniter.php(509): CodeIgniter\CodeIgniter->runController(Object(App\Controllers\Login))
#9 C:\Users\Suluh\Documents\GitHub\sagara\sagara\ci4\vendor\codeigniter4\framework\system\CodeIgniter.php(355): CodeIgniter\CodeIgniter->handleRequest(NULL, Object(Config\Cache), false)
#10 C:\Users\Suluh\Documents\GitHub\sagara\sagara\ci4\vendor\codeigniter4\framework\system\Boot.php(325): CodeIgniter\CodeIgniter->run()
#11 C:\Users\Suluh\Documents\GitHub\sagara\sagara\ci4\vendor\codeigniter4\framework\system\Boot.php(67): CodeIgniter\Boot::runCodeIgniter(Object(CodeIgniter\CodeIgniter))
#12 C:\Users\Suluh\Documents\GitHub\sagara\sagara\public_html\index.php(56): CodeIgniter\Boot::bootWeb(Object(Config\Paths))
#13 {main}

Next CodeIgniter\Database\Exceptions\DatabaseException: Access denied for user '****'@'localhost' (using password: YES) in C:\Users\Suluh\Documents\GitHub\sagara\sagara\ci4\vendor\codeigniter4\framework\system\Database\MySQLi\Connection.php:231
Stack trace:
#0 C:\Users\Suluh\Documents\GitHub\sagara\sagara\ci4\vendor\codeigniter4\framework\system\Database\BaseConnection.php(421): CodeIgniter\Database\MySQLi\Connection->connect(false)
#1 C:\Users\Suluh\Documents\GitHub\sagara\sagara\ci4\vendor\codeigniter4\framework\system\Database\BaseConnection.php(616): CodeIgniter\Database\BaseConnection->initialize()
#2 C:\Users\Suluh\Documents\GitHub\sagara\sagara\ci4\vendor\codeigniter4\framework\system\Database\BaseBuilder.php(1644): CodeIgniter\Database\BaseConnection->query('SELECT *\nFROM `...', Array, false)
#3 C:\Users\Suluh\Documents\GitHub\sagara\sagara\ci4\vendor\codeigniter4\framework\system\Model.php(330): CodeIgniter\Database\BaseBuilder->get()
#4 C:\Users\Suluh\Documents\GitHub\sagara\sagara\ci4\vendor\codeigniter4\framework\system\BaseModel.php(714): CodeIgniter\Model->doFirst()
#5 C:\Users\Suluh\Documents\GitHub\sagara\sagara\ci4\app\Controllers\Login.php(294): CodeIgniter\BaseModel->first('*')
#6 C:\Users\Suluh\Documents\GitHub\sagara\sagara\ci4\vendor\codeigniter4\framework\system\CodeIgniter.php(933): App\Controllers\Login->altloginuser()
#7 C:\Users\Suluh\Documents\GitHub\sagara\sagara\ci4\vendor\codeigniter4\framework\system\CodeIgniter.php(509): CodeIgniter\CodeIgniter->runController(Object(App\Controllers\Login))
#8 C:\Users\Suluh\Documents\GitHub\sagara\sagara\ci4\vendor\codeigniter4\framework\system\CodeIgniter.php(355): CodeIgniter\CodeIgniter->handleRequest(NULL, Object(Config\Cache), false)
#9 C:\Users\Suluh\Documents\GitHub\sagara\sagara\ci4\vendor\codeigniter4\framework\system\Boot.php(325): CodeIgniter\CodeIgniter->run()
#10 C:\Users\Suluh\Documents\GitHub\sagara\sagara\ci4\vendor\codeigniter4\framework\system\Boot.php(67): CodeIgniter\Boot::runCodeIgniter(Object(CodeIgniter\CodeIgniter))
#11 C:\Users\Suluh\Documents\GitHub\sagara\sagara\public_html\index.php(56): CodeIgniter\Boot::bootWeb(Object(Config\Paths))
#12 {main}
CRITICAL - 2024-11-12 23:01:42 --> CodeIgniter\Database\Exceptions\DatabaseException: Unable to connect to the database.
Main connection [MySQLi]: Access denied for user '****'@'localhost' (using password: YES)
[Method: GET, Route: altloginuser]
in SYSTEMPATH\Database\BaseConnection.php on line 467.
 1 SYSTEMPATH\Database\BaseConnection.php(616): CodeIgniter\Database\BaseConnection->initialize()
 2 SYSTEMPATH\Database\BaseBuilder.php(1644): CodeIgniter\Database\BaseConnection->query('SELECT *
FROM `client`
 LIMIT 1', [], false)
 3 SYSTEMPATH\Model.php(330): CodeIgniter\Database\BaseBuilder->get()
 4 SYSTEMPATH\BaseModel.php(714): CodeIgniter\Model->doFirst()
 5 APPPATH\Controllers\Login.php(294): CodeIgniter\BaseModel->first('*')
 6 SYSTEMPATH\CodeIgniter.php(933): App\Controllers\Login->altloginuser()
 7 SYSTEMPATH\CodeIgniter.php(509): CodeIgniter\CodeIgniter->runController(Object(App\Controllers\Login))
 8 SYSTEMPATH\CodeIgniter.php(355): CodeIgniter\CodeIgniter->handleRequest(null, Object(Config\Cache), false)
 9 SYSTEMPATH\Boot.php(325): CodeIgniter\CodeIgniter->run()
10 SYSTEMPATH\Boot.php(67): CodeIgniter\Boot::runCodeIgniter(Object(CodeIgniter\CodeIgniter))
11 FCPATH\index.php(56): CodeIgniter\Boot::bootWeb(Object(Config\Paths))
INFO - 2024-11-12 23:01:43 --> Session: Class initialized using 'CodeIgniter\Session\Handlers\FileHandler' driver.
ERROR - 2024-11-12 23:01:43 --> Error connecting to the database: mysqli_sql_exception: Access denied for user 'username'@'localhost' (using password: YES) in C:\Users\Suluh\Documents\GitHub\sagara\sagara\ci4\vendor\codeigniter4\framework\system\Database\MySQLi\Connection.php:186
Stack trace:
#0 C:\Users\Suluh\Documents\GitHub\sagara\sagara\ci4\vendor\codeigniter4\framework\system\Database\MySQLi\Connection.php(186): mysqli->real_connect('localhost', 'username', Object(SensitiveParameterValue), 'sagara', 3306, '', 0)
#1 C:\Users\Suluh\Documents\GitHub\sagara\sagara\ci4\vendor\codeigniter4\framework\system\Database\BaseConnection.php(421): CodeIgniter\Database\MySQLi\Connection->connect(false)
#2 C:\Users\Suluh\Documents\GitHub\sagara\sagara\ci4\vendor\codeigniter4\framework\system\Database\BaseConnection.php(616): CodeIgniter\Database\BaseConnection->initialize()
#3 C:\Users\Suluh\Documents\GitHub\sagara\sagara\ci4\vendor\codeigniter4\framework\system\Database\BaseBuilder.php(1644): CodeIgniter\Database\BaseConnection->query('SELECT *\nFROM `...', Array, false)
#4 C:\Users\Suluh\Documents\GitHub\sagara\sagara\ci4\vendor\codeigniter4\framework\system\Model.php(330): CodeIgniter\Database\BaseBuilder->get()
#5 C:\Users\Suluh\Documents\GitHub\sagara\sagara\ci4\vendor\codeigniter4\framework\system\BaseModel.php(714): CodeIgniter\Model->doFirst()
#6 C:\Users\Suluh\Documents\GitHub\sagara\sagara\ci4\app\Controllers\Login.php(294): CodeIgniter\BaseModel->first('*')
#7 C:\Users\Suluh\Documents\GitHub\sagara\sagara\ci4\vendor\codeigniter4\framework\system\CodeIgniter.php(933): App\Controllers\Login->altloginuser()
#8 C:\Users\Suluh\Documents\GitHub\sagara\sagara\ci4\vendor\codeigniter4\framework\system\CodeIgniter.php(509): CodeIgniter\CodeIgniter->runController(Object(App\Controllers\Login))
#9 C:\Users\Suluh\Documents\GitHub\sagara\sagara\ci4\vendor\codeigniter4\framework\system\CodeIgniter.php(355): CodeIgniter\CodeIgniter->handleRequest(NULL, Object(Config\Cache), false)
#10 C:\Users\Suluh\Documents\GitHub\sagara\sagara\ci4\vendor\codeigniter4\framework\system\Boot.php(325): CodeIgniter\CodeIgniter->run()
#11 C:\Users\Suluh\Documents\GitHub\sagara\sagara\ci4\vendor\codeigniter4\framework\system\Boot.php(67): CodeIgniter\Boot::runCodeIgniter(Object(CodeIgniter\CodeIgniter))
#12 C:\Users\Suluh\Documents\GitHub\sagara\sagara\public_html\index.php(56): CodeIgniter\Boot::bootWeb(Object(Config\Paths))
#13 {main}

Next CodeIgniter\Database\Exceptions\DatabaseException: Access denied for user '****'@'localhost' (using password: YES) in C:\Users\Suluh\Documents\GitHub\sagara\sagara\ci4\vendor\codeigniter4\framework\system\Database\MySQLi\Connection.php:231
Stack trace:
#0 C:\Users\Suluh\Documents\GitHub\sagara\sagara\ci4\vendor\codeigniter4\framework\system\Database\BaseConnection.php(421): CodeIgniter\Database\MySQLi\Connection->connect(false)
#1 C:\Users\Suluh\Documents\GitHub\sagara\sagara\ci4\vendor\codeigniter4\framework\system\Database\BaseConnection.php(616): CodeIgniter\Database\BaseConnection->initialize()
#2 C:\Users\Suluh\Documents\GitHub\sagara\sagara\ci4\vendor\codeigniter4\framework\system\Database\BaseBuilder.php(1644): CodeIgniter\Database\BaseConnection->query('SELECT *\nFROM `...', Array, false)
#3 C:\Users\Suluh\Documents\GitHub\sagara\sagara\ci4\vendor\codeigniter4\framework\system\Model.php(330): CodeIgniter\Database\BaseBuilder->get()
#4 C:\Users\Suluh\Documents\GitHub\sagara\sagara\ci4\vendor\codeigniter4\framework\system\BaseModel.php(714): CodeIgniter\Model->doFirst()
#5 C:\Users\Suluh\Documents\GitHub\sagara\sagara\ci4\app\Controllers\Login.php(294): CodeIgniter\BaseModel->first('*')
#6 C:\Users\Suluh\Documents\GitHub\sagara\sagara\ci4\vendor\codeigniter4\framework\system\CodeIgniter.php(933): App\Controllers\Login->altloginuser()
#7 C:\Users\Suluh\Documents\GitHub\sagara\sagara\ci4\vendor\codeigniter4\framework\system\CodeIgniter.php(509): CodeIgniter\CodeIgniter->runController(Object(App\Controllers\Login))
#8 C:\Users\Suluh\Documents\GitHub\sagara\sagara\ci4\vendor\codeigniter4\framework\system\CodeIgniter.php(355): CodeIgniter\CodeIgniter->handleRequest(NULL, Object(Config\Cache), false)
#9 C:\Users\Suluh\Documents\GitHub\sagara\sagara\ci4\vendor\codeigniter4\framework\system\Boot.php(325): CodeIgniter\CodeIgniter->run()
#10 C:\Users\Suluh\Documents\GitHub\sagara\sagara\ci4\vendor\codeigniter4\framework\system\Boot.php(67): CodeIgniter\Boot::runCodeIgniter(Object(CodeIgniter\CodeIgniter))
#11 C:\Users\Suluh\Documents\GitHub\sagara\sagara\public_html\index.php(56): CodeIgniter\Boot::bootWeb(Object(Config\Paths))
#12 {main}
CRITICAL - 2024-11-12 23:01:43 --> CodeIgniter\Database\Exceptions\DatabaseException: Unable to connect to the database.
Main connection [MySQLi]: Access denied for user '****'@'localhost' (using password: YES)
[Method: GET, Route: altloginuser]
in SYSTEMPATH\Database\BaseConnection.php on line 467.
 1 SYSTEMPATH\Database\BaseConnection.php(616): CodeIgniter\Database\BaseConnection->initialize()
 2 SYSTEMPATH\Database\BaseBuilder.php(1644): CodeIgniter\Database\BaseConnection->query('SELECT *
FROM `client`
 LIMIT 1', [], false)
 3 SYSTEMPATH\Model.php(330): CodeIgniter\Database\BaseBuilder->get()
 4 SYSTEMPATH\BaseModel.php(714): CodeIgniter\Model->doFirst()
 5 APPPATH\Controllers\Login.php(294): CodeIgniter\BaseModel->first('*')
 6 SYSTEMPATH\CodeIgniter.php(933): App\Controllers\Login->altloginuser()
 7 SYSTEMPATH\CodeIgniter.php(509): CodeIgniter\CodeIgniter->runController(Object(App\Controllers\Login))
 8 SYSTEMPATH\CodeIgniter.php(355): CodeIgniter\CodeIgniter->handleRequest(null, Object(Config\Cache), false)
 9 SYSTEMPATH\Boot.php(325): CodeIgniter\CodeIgniter->run()
10 SYSTEMPATH\Boot.php(67): CodeIgniter\Boot::runCodeIgniter(Object(CodeIgniter\CodeIgniter))
11 FCPATH\index.php(56): CodeIgniter\Boot::bootWeb(Object(Config\Paths))
INFO - 2024-11-12 23:01:54 --> Session: Class initialized using 'CodeIgniter\Session\Handlers\FileHandler' driver.
INFO - 2024-11-12 23:01:54 --> Session: Class initialized using 'CodeIgniter\Session\Handlers\FileHandler' driver.
INFO - 2024-11-12 23:01:56 --> Session: Class initialized using 'CodeIgniter\Session\Handlers\FileHandler' driver.
INFO - 2024-11-12 23:02:12 --> Session: Class initialized using 'CodeIgniter\Session\Handlers\FileHandler' driver.
INFO - 2024-11-12 23:02:13 --> Session: Class initialized using 'CodeIgniter\Session\Handlers\FileHandler' driver.
INFO - 2024-11-12 23:03:01 --> Session: Class initialized using 'CodeIgniter\Session\Handlers\FileHandler' driver.
INFO - 2024-11-12 23:03:20 --> Session: Class initialized using 'CodeIgniter\Session\Handlers\FileHandler' driver.
INFO - 2024-11-12 23:03:58 --> Session: Class initialized using 'CodeIgniter\Session\Handlers\FileHandler' driver.
CRITICAL - 2024-11-12 23:03:58 --> ErrorException: Trying to access array offset on value of type null
[Method: GET, Route: altloginuser]
in APPPATH\Controllers\Login.php on line 296.
 1 APPPATH\Controllers\Login.php(296): CodeIgniter\Debug\Exceptions->errorHandler(2, 'Trying to access array offset on value of type null', 'C:\\Users\\Suluh\\Documents\\GitHub\\sagara\\sagara\\ci4\\app\\Controllers\\Login.php', 296)
 2 SYSTEMPATH\CodeIgniter.php(933): App\Controllers\Login->altloginuser()
 3 SYSTEMPATH\CodeIgniter.php(509): CodeIgniter\CodeIgniter->runController(Object(App\Controllers\Login))
 4 SYSTEMPATH\CodeIgniter.php(355): CodeIgniter\CodeIgniter->handleRequest(null, Object(Config\Cache), false)
 5 SYSTEMPATH\Boot.php(325): CodeIgniter\CodeIgniter->run()
 6 SYSTEMPATH\Boot.php(67): CodeIgniter\Boot::runCodeIgniter(Object(CodeIgniter\CodeIgniter))
 7 FCPATH\index.php(56): CodeIgniter\Boot::bootWeb(Object(Config\Paths))
INFO - 2024-11-12 23:04:09 --> Session: Class initialized using 'CodeIgniter\Session\Handlers\FileHandler' driver.
INFO - 2024-11-12 23:04:09 --> Session: Class initialized using 'CodeIgniter\Session\Handlers\FileHandler' driver.
INFO - 2024-11-12 23:04:15 --> Session: Class initialized using 'CodeIgniter\Session\Handlers\FileHandler' driver.
INFO - 2024-11-12 23:04:16 --> Session: Class initialized using 'CodeIgniter\Session\Handlers\FileHandler' driver.
INFO - 2024-11-12 23:04:39 --> Session: Class initialized using 'CodeIgniter\Session\Handlers\FileHandler' driver.
INFO - 2024-11-12 23:04:40 --> Session: Class initialized using 'CodeIgniter\Session\Handlers\FileHandler' driver.
INFO - 2024-11-12 23:04:40 --> Session: Class initialized using 'CodeIgniter\Session\Handlers\FileHandler' driver.
INFO - 2024-11-12 23:04:44 --> Session: Class initialized using 'CodeIgniter\Session\Handlers\FileHandler' driver.
INFO - 2024-11-12 23:04:53 --> Session: Class initialized using 'CodeIgniter\Session\Handlers\FileHandler' driver.
INFO - 2024-11-12 23:04:54 --> Session: Class initialized using 'CodeIgniter\Session\Handlers\FileHandler' driver.
INFO - 2024-11-12 23:04:54 --> Session: Class initialized using 'CodeIgniter\Session\Handlers\FileHandler' driver.
INFO - 2024-11-12 23:05:05 --> Session: Class initialized using 'CodeIgniter\Session\Handlers\FileHandler' driver.
INFO - 2024-11-12 23:05:13 --> Session: Class initialized using 'CodeIgniter\Session\Handlers\FileHandler' driver.
INFO - 2024-11-12 23:05:13 --> Session: Class initialized using 'CodeIgniter\Session\Handlers\FileHandler' driver.
INFO - 2024-11-12 23:08:29 --> Session: Class initialized using 'CodeIgniter\Session\Handlers\FileHandler' driver.
INFO - 2024-11-12 23:08:29 --> Session: Class initialized using 'CodeIgniter\Session\Handlers\FileHandler' driver.
INFO - 2024-11-12 23:08:31 --> Session: Class initialized using 'CodeIgniter\Session\Handlers\FileHandler' driver.
INFO - 2024-11-12 23:09:06 --> Session: Class initialized using 'CodeIgniter\Session\Handlers\FileHandler' driver.
INFO - 2024-11-12 23:09:06 --> Session: Class initialized using 'CodeIgniter\Session\Handlers\FileHandler' driver.
INFO - 2024-11-12 23:09:09 --> Session: Class initialized using 'CodeIgniter\Session\Handlers\FileHandler' driver.
INFO - 2024-11-12 23:09:21 --> Session: Class initialized using 'CodeIgniter\Session\Handlers\FileHandler' driver.
INFO - 2024-11-12 23:09:21 --> Session: Class initialized using 'CodeIgniter\Session\Handlers\FileHandler' driver.
INFO - 2024-11-12 23:09:22 --> Session: Class initialized using 'CodeIgniter\Session\Handlers\FileHandler' driver.
INFO - 2024-11-12 23:09:32 --> Session: Class initialized using 'CodeIgniter\Session\Handlers\FileHandler' driver.
INFO - 2024-11-12 23:09:41 --> Session: Class initialized using 'CodeIgniter\Session\Handlers\FileHandler' driver.
INFO - 2024-11-12 23:09:41 --> Session: Class initialized using 'CodeIgniter\Session\Handlers\FileHandler' driver.
INFO - 2024-11-12 23:09:44 --> Session: Class initialized using 'CodeIgniter\Session\Handlers\FileHandler' driver.
INFO - 2024-11-12 23:09:52 --> Session: Class initialized using 'CodeIgniter\Session\Handlers\FileHandler' driver.
INFO - 2024-11-12 23:09:52 --> Session: Class initialized using 'CodeIgniter\Session\Handlers\FileHandler' driver.
INFO - 2024-11-12 23:09:58 --> Session: Class initialized using 'CodeIgniter\Session\Handlers\FileHandler' driver.
INFO - 2024-11-12 23:09:58 --> Session: Class initialized using 'CodeIgniter\Session\Handlers\FileHandler' driver.
INFO - 2024-11-12 23:10:04 --> Session: Class initialized using 'CodeIgniter\Session\Handlers\FileHandler' driver.
INFO - 2024-11-12 23:10:04 --> Session: Class initialized using 'CodeIgniter\Session\Handlers\FileHandler' driver.
INFO - 2024-11-12 23:10:09 --> Session: Class initialized using 'CodeIgniter\Session\Handlers\FileHandler' driver.
INFO - 2024-11-12 23:10:09 --> Session: Class initialized using 'CodeIgniter\Session\Handlers\FileHandler' driver.
INFO - 2024-11-12 23:10:18 --> Session: Class initialized using 'CodeIgniter\Session\Handlers\FileHandler' driver.
INFO - 2024-11-12 23:10:18 --> Session: Class initialized using 'CodeIgniter\Session\Handlers\FileHandler' driver.
INFO - 2024-11-12 23:10:28 --> Session: Class initialized using 'CodeIgniter\Session\Handlers\FileHandler' driver.
INFO - 2024-11-12 23:10:28 --> Session: Class initialized using 'CodeIgniter\Session\Handlers\FileHandler' driver.
INFO - 2024-11-12 23:10:33 --> Session: Class initialized using 'CodeIgniter\Session\Handlers\FileHandler' driver.
INFO - 2024-11-12 23:10:33 --> Session: Class initialized using 'CodeIgniter\Session\Handlers\FileHandler' driver.
INFO - 2024-11-12 23:10:38 --> Session: Class initialized using 'CodeIgniter\Session\Handlers\FileHandler' driver.
INFO - 2024-11-12 23:10:38 --> Session: Class initialized using 'CodeIgniter\Session\Handlers\FileHandler' driver.
INFO - 2024-11-12 23:10:43 --> Session: Class initialized using 'CodeIgniter\Session\Handlers\FileHandler' driver.
INFO - 2024-11-12 23:10:43 --> Session: Class initialized using 'CodeIgniter\Session\Handlers\FileHandler' driver.
INFO - 2024-11-12 23:10:59 --> Session: Class initialized using 'CodeIgniter\Session\Handlers\FileHandler' driver.
INFO - 2024-11-12 23:10:59 --> Session: Class initialized using 'CodeIgniter\Session\Handlers\FileHandler' driver.
INFO - 2024-11-12 23:11:05 --> Session: Class initialized using 'CodeIgniter\Session\Handlers\FileHandler' driver.
INFO - 2024-11-12 23:11:07 --> Session: Class initialized using 'CodeIgniter\Session\Handlers\FileHandler' driver.
INFO - 2024-11-12 23:11:08 --> Session: Class initialized using 'CodeIgniter\Session\Handlers\FileHandler' driver.
INFO - 2024-11-12 23:16:21 --> Session: Class initialized using 'CodeIgniter\Session\Handlers\FileHandler' driver.
INFO - 2024-11-12 23:16:32 --> Session: Class initialized using 'CodeIgniter\Session\Handlers\FileHandler' driver.
INFO - 2024-11-12 23:16:32 --> Session: Class initialized using 'CodeIgniter\Session\Handlers\FileHandler' driver.
INFO - 2024-11-12 23:16:34 --> Session: Class initialized using 'CodeIgniter\Session\Handlers\FileHandler' driver.
INFO - 2024-11-12 23:16:39 --> Session: Class initialized using 'CodeIgniter\Session\Handlers\FileHandler' driver.
INFO - 2024-11-12 23:16:53 --> Session: Class initialized using 'CodeIgniter\Session\Handlers\FileHandler' driver.
INFO - 2024-11-12 23:17:00 --> Session: Class initialized using 'CodeIgniter\Session\Handlers\FileHandler' driver.
INFO - 2024-11-12 23:17:00 --> Session: Class initialized using 'CodeIgniter\Session\Handlers\FileHandler' driver.
INFO - 2024-11-12 23:17:06 --> Session: Class initialized using 'CodeIgniter\Session\Handlers\FileHandler' driver.
INFO - 2024-11-12 23:17:19 --> Session: Class initialized using 'CodeIgniter\Session\Handlers\FileHandler' driver.
INFO - 2024-11-12 23:17:19 --> Session: Class initialized using 'CodeIgniter\Session\Handlers\FileHandler' driver.
INFO - 2024-11-12 23:17:21 --> Session: Class initialized using 'CodeIgniter\Session\Handlers\FileHandler' driver.
INFO - 2024-11-12 23:17:32 --> Session: Class initialized using 'CodeIgniter\Session\Handlers\FileHandler' driver.
