INFO - 2024-11-08 03:12:25 --> Session: Class initialized using 'CodeIgniter\Session\Handlers\FileHandler' driver.
INFO - 2024-11-08 03:12:26 --> Session: Class initialized using 'CodeIgniter\Session\Handlers\FileHandler' driver.
INFO - 2024-11-08 03:12:36 --> Session: Class initialized using 'CodeIgniter\Session\Handlers\FileHandler' driver.
INFO - 2024-11-08 03:12:46 --> Session: Class initialized using 'CodeIgniter\Session\Handlers\FileHandler' driver.
INFO - 2024-11-08 03:12:46 --> Session: Class initialized using 'CodeIgniter\Session\Handlers\FileHandler' driver.
INFO - 2024-11-08 03:24:42 --> Session: Class initialized using 'CodeIgniter\Session\Handlers\FileHandler' driver.
INFO - 2024-11-08 03:24:42 --> Session: Class initialized using 'CodeIgniter\Session\Handlers\FileHandler' driver.
INFO - 2024-11-08 03:24:46 --> Session: Class initialized using 'CodeIgniter\Session\Handlers\FileHandler' driver.
INFO - 2024-11-08 03:24:46 --> Session: Class initialized using 'CodeIgniter\Session\Handlers\FileHandler' driver.
ERROR - 2024-11-08 09:38:34 --> mysqli_sql_exception: Column 'id_order' in where clause is ambiguous in C:\Users\suluh\Documents\GitHub\sag\ci4\vendor\codeigniter4\framework\system\Database\MySQLi\Connection.php:312
Stack trace:
#0 C:\Users\suluh\Documents\GitHub\sag\ci4\vendor\codeigniter4\framework\system\Database\MySQLi\Connection.php(312): mysqli->query('SELECT `orderta...', 0)
#1 C:\Users\suluh\Documents\GitHub\sag\ci4\vendor\codeigniter4\framework\system\Database\BaseConnection.php(734): CodeIgniter\Database\MySQLi\Connection->execute('SELECT `orderta...')
#2 C:\Users\suluh\Documents\GitHub\sag\ci4\vendor\codeigniter4\framework\system\Database\BaseConnection.php(648): CodeIgniter\Database\BaseConnection->simpleQuery('SELECT `orderta...')
#3 C:\Users\suluh\Documents\GitHub\sag\ci4\vendor\codeigniter4\framework\system\Database\BaseBuilder.php(1644): CodeIgniter\Database\BaseConnection->query('SELECT `orderta...', Array, false)
#4 C:\Users\suluh\Documents\GitHub\sag\ci4\vendor\codeigniter4\framework\system\Model.php(286): CodeIgniter\Database\BaseBuilder->get()
#5 C:\Users\suluh\Documents\GitHub\sag\ci4\vendor\codeigniter4\framework\system\BaseModel.php(676): CodeIgniter\Model->doFindAll(0, 0)
#6 C:\Users\suluh\Documents\GitHub\sag\ci4\app\Controllers\Home.php(101): CodeIgniter\BaseModel->findAll()
#7 C:\Users\suluh\Documents\GitHub\sag\ci4\vendor\codeigniter4\framework\system\CodeIgniter.php(933): App\Controllers\Home->client('uq98szad7')
#8 C:\Users\suluh\Documents\GitHub\sag\ci4\vendor\codeigniter4\framework\system\CodeIgniter.php(509): CodeIgniter\CodeIgniter->runController(Object(App\Controllers\Home))
#9 C:\Users\suluh\Documents\GitHub\sag\ci4\vendor\codeigniter4\framework\system\CodeIgniter.php(355): CodeIgniter\CodeIgniter->handleRequest(NULL, Object(Config\Cache), false)
#10 C:\Users\suluh\Documents\GitHub\sag\ci4\vendor\codeigniter4\framework\system\Boot.php(325): CodeIgniter\CodeIgniter->run()
#11 C:\Users\suluh\Documents\GitHub\sag\ci4\vendor\codeigniter4\framework\system\Boot.php(67): CodeIgniter\Boot::runCodeIgniter(Object(CodeIgniter\CodeIgniter))
#12 C:\Users\suluh\Documents\GitHub\sag\public_html\index.php(56): CodeIgniter\Boot::bootWeb(Object(Config\Paths))
#13 {main}
CRITICAL - 2024-11-08 09:38:35 --> CodeIgniter\Database\Exceptions\DatabaseException: Column 'id_order' in where clause is ambiguous
[Method: GET, Route: order/uq98szad7]
in SYSTEMPATH\Database\BaseConnection.php on line 688.
 1 SYSTEMPATH\Database\BaseBuilder.php(1644): CodeIgniter\Database\BaseConnection->query('SELECT `ordertable`.`id_order`, `ordertable`.`id_product`, `ordertable`.`id_size`, `ordertable`.`nama`, `ordertable`.`ukuran`, `ordertable`.`nomor_punggung`, `ordertable`.`keterangan`, `product`.`judul`, `product`.`id_group`, `product`.`nama` as `nama_produk`, `product`.`picture`, `product`.`slug`, `product`.`text`, `order_list`.`price`
FROM `ordertable`
JOIN `product` ON `product`.`id` = `order_list`.`id_product`
JOIN `order_list` ON `product`.`id` = `ordertable`.`id_product`
WHERE `id_order` = :id_order:', [...], false)
 2 SYSTEMPATH\Model.php(286): CodeIgniter\Database\BaseBuilder->get()
 3 SYSTEMPATH\BaseModel.php(676): CodeIgniter\Model->doFindAll(0, 0)
 4 APPPATH\Controllers\Home.php(101): CodeIgniter\BaseModel->findAll()
 5 SYSTEMPATH\CodeIgniter.php(933): App\Controllers\Home->client('uq98szad7')
 6 SYSTEMPATH\CodeIgniter.php(509): CodeIgniter\CodeIgniter->runController(Object(App\Controllers\Home))
 7 SYSTEMPATH\CodeIgniter.php(355): CodeIgniter\CodeIgniter->handleRequest(null, Object(Config\Cache), false)
 8 SYSTEMPATH\Boot.php(325): CodeIgniter\CodeIgniter->run()
 9 SYSTEMPATH\Boot.php(67): CodeIgniter\Boot::runCodeIgniter(Object(CodeIgniter\CodeIgniter))
10 FCPATH\index.php(56): CodeIgniter\Boot::bootWeb(Object(Config\Paths))
CRITICAL - 2024-11-08 09:38:35 --> [Caused by] CodeIgniter\Database\Exceptions\DatabaseException: Column 'id_order' in where clause is ambiguous
in SYSTEMPATH\Database\MySQLi\Connection.php on line 317.
 1 SYSTEMPATH\Database\BaseConnection.php(734): CodeIgniter\Database\MySQLi\Connection->execute('SELECT `ordertable`.`id_order`, `ordertable`.`id_product`, `ordertable`.`id_size`, `ordertable`.`nama`, `ordertable`.`ukuran`, `ordertable`.`nomor_punggung`, `ordertable`.`keterangan`, `product`.`judul`, `product`.`id_group`, `product`.`nama` as `nama_produk`, `product`.`picture`, `product`.`slug`, `product`.`text`, `order_list`.`price`
FROM `ordertable`
JOIN `product` ON `product`.`id` = `order_list`.`id_product`
JOIN `order_list` ON `product`.`id` = `ordertable`.`id_product`
WHERE `id_order` = \'uq98szad7\'')
 2 SYSTEMPATH\Database\BaseConnection.php(648): CodeIgniter\Database\BaseConnection->simpleQuery('SELECT `ordertable`.`id_order`, `ordertable`.`id_product`, `ordertable`.`id_size`, `ordertable`.`nama`, `ordertable`.`ukuran`, `ordertable`.`nomor_punggung`, `ordertable`.`keterangan`, `product`.`judul`, `product`.`id_group`, `product`.`nama` as `nama_produk`, `product`.`picture`, `product`.`slug`, `product`.`text`, `order_list`.`price`
FROM `ordertable`
JOIN `product` ON `product`.`id` = `order_list`.`id_product`
JOIN `order_list` ON `product`.`id` = `ordertable`.`id_product`
WHERE `id_order` = \'uq98szad7\'')
 3 SYSTEMPATH\Database\BaseBuilder.php(1644): CodeIgniter\Database\BaseConnection->query('SELECT `ordertable`.`id_order`, `ordertable`.`id_product`, `ordertable`.`id_size`, `ordertable`.`nama`, `ordertable`.`ukuran`, `ordertable`.`nomor_punggung`, `ordertable`.`keterangan`, `product`.`judul`, `product`.`id_group`, `product`.`nama` as `nama_produk`, `product`.`picture`, `product`.`slug`, `product`.`text`, `order_list`.`price`
FROM `ordertable`
JOIN `product` ON `product`.`id` = `order_list`.`id_product`
JOIN `order_list` ON `product`.`id` = `ordertable`.`id_product`
WHERE `id_order` = :id_order:', [...], false)
 4 SYSTEMPATH\Model.php(286): CodeIgniter\Database\BaseBuilder->get()
 5 SYSTEMPATH\BaseModel.php(676): CodeIgniter\Model->doFindAll(0, 0)
 6 APPPATH\Controllers\Home.php(101): CodeIgniter\BaseModel->findAll()
 7 SYSTEMPATH\CodeIgniter.php(933): App\Controllers\Home->client('uq98szad7')
 8 SYSTEMPATH\CodeIgniter.php(509): CodeIgniter\CodeIgniter->runController(Object(App\Controllers\Home))
 9 SYSTEMPATH\CodeIgniter.php(355): CodeIgniter\CodeIgniter->handleRequest(null, Object(Config\Cache), false)
10 SYSTEMPATH\Boot.php(325): CodeIgniter\CodeIgniter->run()
11 SYSTEMPATH\Boot.php(67): CodeIgniter\Boot::runCodeIgniter(Object(CodeIgniter\CodeIgniter))
12 FCPATH\index.php(56): CodeIgniter\Boot::bootWeb(Object(Config\Paths))
CRITICAL - 2024-11-08 09:38:35 --> [Caused by] mysqli_sql_exception: Column 'id_order' in where clause is ambiguous
in SYSTEMPATH\Database\MySQLi\Connection.php on line 312.
 1 SYSTEMPATH\Database\MySQLi\Connection.php(312): mysqli->query('SELECT `ordertable`.`id_order`, `ordertable`.`id_product`, `ordertable`.`id_size`, `ordertable`.`nama`, `ordertable`.`ukuran`, `ordertable`.`nomor_punggung`, `ordertable`.`keterangan`, `product`.`judul`, `product`.`id_group`, `product`.`nama` as `nama_produk`, `product`.`picture`, `product`.`slug`, `product`.`text`, `order_list`.`price`
FROM `ordertable`
JOIN `product` ON `product`.`id` = `order_list`.`id_product`
JOIN `order_list` ON `product`.`id` = `ordertable`.`id_product`
WHERE `id_order` = \'uq98szad7\'', 0)
 2 SYSTEMPATH\Database\BaseConnection.php(734): CodeIgniter\Database\MySQLi\Connection->execute('SELECT `ordertable`.`id_order`, `ordertable`.`id_product`, `ordertable`.`id_size`, `ordertable`.`nama`, `ordertable`.`ukuran`, `ordertable`.`nomor_punggung`, `ordertable`.`keterangan`, `product`.`judul`, `product`.`id_group`, `product`.`nama` as `nama_produk`, `product`.`picture`, `product`.`slug`, `product`.`text`, `order_list`.`price`
FROM `ordertable`
JOIN `product` ON `product`.`id` = `order_list`.`id_product`
JOIN `order_list` ON `product`.`id` = `ordertable`.`id_product`
WHERE `id_order` = \'uq98szad7\'')
 3 SYSTEMPATH\Database\BaseConnection.php(648): CodeIgniter\Database\BaseConnection->simpleQuery('SELECT `ordertable`.`id_order`, `ordertable`.`id_product`, `ordertable`.`id_size`, `ordertable`.`nama`, `ordertable`.`ukuran`, `ordertable`.`nomor_punggung`, `ordertable`.`keterangan`, `product`.`judul`, `product`.`id_group`, `product`.`nama` as `nama_produk`, `product`.`picture`, `product`.`slug`, `product`.`text`, `order_list`.`price`
FROM `ordertable`
JOIN `product` ON `product`.`id` = `order_list`.`id_product`
JOIN `order_list` ON `product`.`id` = `ordertable`.`id_product`
WHERE `id_order` = \'uq98szad7\'')
 4 SYSTEMPATH\Database\BaseBuilder.php(1644): CodeIgniter\Database\BaseConnection->query('SELECT `ordertable`.`id_order`, `ordertable`.`id_product`, `ordertable`.`id_size`, `ordertable`.`nama`, `ordertable`.`ukuran`, `ordertable`.`nomor_punggung`, `ordertable`.`keterangan`, `product`.`judul`, `product`.`id_group`, `product`.`nama` as `nama_produk`, `product`.`picture`, `product`.`slug`, `product`.`text`, `order_list`.`price`
FROM `ordertable`
JOIN `product` ON `product`.`id` = `order_list`.`id_product`
JOIN `order_list` ON `product`.`id` = `ordertable`.`id_product`
WHERE `id_order` = :id_order:', [...], false)
 5 SYSTEMPATH\Model.php(286): CodeIgniter\Database\BaseBuilder->get()
 6 SYSTEMPATH\BaseModel.php(676): CodeIgniter\Model->doFindAll(0, 0)
 7 APPPATH\Controllers\Home.php(101): CodeIgniter\BaseModel->findAll()
 8 SYSTEMPATH\CodeIgniter.php(933): App\Controllers\Home->client('uq98szad7')
 9 SYSTEMPATH\CodeIgniter.php(509): CodeIgniter\CodeIgniter->runController(Object(App\Controllers\Home))
10 SYSTEMPATH\CodeIgniter.php(355): CodeIgniter\CodeIgniter->handleRequest(null, Object(Config\Cache), false)
11 SYSTEMPATH\Boot.php(325): CodeIgniter\CodeIgniter->run()
12 SYSTEMPATH\Boot.php(67): CodeIgniter\Boot::runCodeIgniter(Object(CodeIgniter\CodeIgniter))
13 FCPATH\index.php(56): CodeIgniter\Boot::bootWeb(Object(Config\Paths))
ERROR - 2024-11-08 09:39:22 --> mysqli_sql_exception: Unknown column 'order_list.id_product' in 'on clause' in C:\Users\suluh\Documents\GitHub\sag\ci4\vendor\codeigniter4\framework\system\Database\MySQLi\Connection.php:312
Stack trace:
#0 C:\Users\suluh\Documents\GitHub\sag\ci4\vendor\codeigniter4\framework\system\Database\MySQLi\Connection.php(312): mysqli->query('SELECT `orderta...', 0)
#1 C:\Users\suluh\Documents\GitHub\sag\ci4\vendor\codeigniter4\framework\system\Database\BaseConnection.php(734): CodeIgniter\Database\MySQLi\Connection->execute('SELECT `orderta...')
#2 C:\Users\suluh\Documents\GitHub\sag\ci4\vendor\codeigniter4\framework\system\Database\BaseConnection.php(648): CodeIgniter\Database\BaseConnection->simpleQuery('SELECT `orderta...')
#3 C:\Users\suluh\Documents\GitHub\sag\ci4\vendor\codeigniter4\framework\system\Database\BaseBuilder.php(1644): CodeIgniter\Database\BaseConnection->query('SELECT `orderta...', Array, false)
#4 C:\Users\suluh\Documents\GitHub\sag\ci4\vendor\codeigniter4\framework\system\Model.php(286): CodeIgniter\Database\BaseBuilder->get()
#5 C:\Users\suluh\Documents\GitHub\sag\ci4\vendor\codeigniter4\framework\system\BaseModel.php(676): CodeIgniter\Model->doFindAll(0, 0)
#6 C:\Users\suluh\Documents\GitHub\sag\ci4\app\Controllers\Home.php(101): CodeIgniter\BaseModel->findAll()
#7 C:\Users\suluh\Documents\GitHub\sag\ci4\vendor\codeigniter4\framework\system\CodeIgniter.php(933): App\Controllers\Home->client('uq98szad7')
#8 C:\Users\suluh\Documents\GitHub\sag\ci4\vendor\codeigniter4\framework\system\CodeIgniter.php(509): CodeIgniter\CodeIgniter->runController(Object(App\Controllers\Home))
#9 C:\Users\suluh\Documents\GitHub\sag\ci4\vendor\codeigniter4\framework\system\CodeIgniter.php(355): CodeIgniter\CodeIgniter->handleRequest(NULL, Object(Config\Cache), false)
#10 C:\Users\suluh\Documents\GitHub\sag\ci4\vendor\codeigniter4\framework\system\Boot.php(325): CodeIgniter\CodeIgniter->run()
#11 C:\Users\suluh\Documents\GitHub\sag\ci4\vendor\codeigniter4\framework\system\Boot.php(67): CodeIgniter\Boot::runCodeIgniter(Object(CodeIgniter\CodeIgniter))
#12 C:\Users\suluh\Documents\GitHub\sag\public_html\index.php(56): CodeIgniter\Boot::bootWeb(Object(Config\Paths))
#13 {main}
CRITICAL - 2024-11-08 09:39:22 --> CodeIgniter\Database\Exceptions\DatabaseException: Unknown column 'order_list.id_product' in 'on clause'
[Method: GET, Route: order/uq98szad7]
in SYSTEMPATH\Database\BaseConnection.php on line 688.
 1 SYSTEMPATH\Database\BaseBuilder.php(1644): CodeIgniter\Database\BaseConnection->query('SELECT `ordertable`.`id_order`, `ordertable`.`id_product`, `ordertable`.`id_size`, `ordertable`.`nama`, `ordertable`.`ukuran`, `ordertable`.`nomor_punggung`, `ordertable`.`keterangan`, `product`.`judul`, `product`.`id_group`, `product`.`nama` as `nama_produk`, `product`.`picture`, `product`.`slug`, `product`.`text`, `order_list`.`price`
FROM `ordertable`
JOIN `product` ON `product`.`id` = `order_list`.`id_product`
JOIN `order_list` ON `product`.`id` = `ordertable`.`id_product`
WHERE `ordertable`.`id_order` = :ordertable.id_order:', [...], false)
 2 SYSTEMPATH\Model.php(286): CodeIgniter\Database\BaseBuilder->get()
 3 SYSTEMPATH\BaseModel.php(676): CodeIgniter\Model->doFindAll(0, 0)
 4 APPPATH\Controllers\Home.php(101): CodeIgniter\BaseModel->findAll()
 5 SYSTEMPATH\CodeIgniter.php(933): App\Controllers\Home->client('uq98szad7')
 6 SYSTEMPATH\CodeIgniter.php(509): CodeIgniter\CodeIgniter->runController(Object(App\Controllers\Home))
 7 SYSTEMPATH\CodeIgniter.php(355): CodeIgniter\CodeIgniter->handleRequest(null, Object(Config\Cache), false)
 8 SYSTEMPATH\Boot.php(325): CodeIgniter\CodeIgniter->run()
 9 SYSTEMPATH\Boot.php(67): CodeIgniter\Boot::runCodeIgniter(Object(CodeIgniter\CodeIgniter))
10 FCPATH\index.php(56): CodeIgniter\Boot::bootWeb(Object(Config\Paths))
CRITICAL - 2024-11-08 09:39:22 --> [Caused by] CodeIgniter\Database\Exceptions\DatabaseException: Unknown column 'order_list.id_product' in 'on clause'
in SYSTEMPATH\Database\MySQLi\Connection.php on line 317.
 1 SYSTEMPATH\Database\BaseConnection.php(734): CodeIgniter\Database\MySQLi\Connection->execute('SELECT `ordertable`.`id_order`, `ordertable`.`id_product`, `ordertable`.`id_size`, `ordertable`.`nama`, `ordertable`.`ukuran`, `ordertable`.`nomor_punggung`, `ordertable`.`keterangan`, `product`.`judul`, `product`.`id_group`, `product`.`nama` as `nama_produk`, `product`.`picture`, `product`.`slug`, `product`.`text`, `order_list`.`price`
FROM `ordertable`
JOIN `product` ON `product`.`id` = `order_list`.`id_product`
JOIN `order_list` ON `product`.`id` = `ordertable`.`id_product`
WHERE `ordertable`.`id_order` = \'uq98szad7\'')
 2 SYSTEMPATH\Database\BaseConnection.php(648): CodeIgniter\Database\BaseConnection->simpleQuery('SELECT `ordertable`.`id_order`, `ordertable`.`id_product`, `ordertable`.`id_size`, `ordertable`.`nama`, `ordertable`.`ukuran`, `ordertable`.`nomor_punggung`, `ordertable`.`keterangan`, `product`.`judul`, `product`.`id_group`, `product`.`nama` as `nama_produk`, `product`.`picture`, `product`.`slug`, `product`.`text`, `order_list`.`price`
FROM `ordertable`
JOIN `product` ON `product`.`id` = `order_list`.`id_product`
JOIN `order_list` ON `product`.`id` = `ordertable`.`id_product`
WHERE `ordertable`.`id_order` = \'uq98szad7\'')
 3 SYSTEMPATH\Database\BaseBuilder.php(1644): CodeIgniter\Database\BaseConnection->query('SELECT `ordertable`.`id_order`, `ordertable`.`id_product`, `ordertable`.`id_size`, `ordertable`.`nama`, `ordertable`.`ukuran`, `ordertable`.`nomor_punggung`, `ordertable`.`keterangan`, `product`.`judul`, `product`.`id_group`, `product`.`nama` as `nama_produk`, `product`.`picture`, `product`.`slug`, `product`.`text`, `order_list`.`price`
FROM `ordertable`
JOIN `product` ON `product`.`id` = `order_list`.`id_product`
JOIN `order_list` ON `product`.`id` = `ordertable`.`id_product`
WHERE `ordertable`.`id_order` = :ordertable.id_order:', [...], false)
 4 SYSTEMPATH\Model.php(286): CodeIgniter\Database\BaseBuilder->get()
 5 SYSTEMPATH\BaseModel.php(676): CodeIgniter\Model->doFindAll(0, 0)
 6 APPPATH\Controllers\Home.php(101): CodeIgniter\BaseModel->findAll()
 7 SYSTEMPATH\CodeIgniter.php(933): App\Controllers\Home->client('uq98szad7')
 8 SYSTEMPATH\CodeIgniter.php(509): CodeIgniter\CodeIgniter->runController(Object(App\Controllers\Home))
 9 SYSTEMPATH\CodeIgniter.php(355): CodeIgniter\CodeIgniter->handleRequest(null, Object(Config\Cache), false)
10 SYSTEMPATH\Boot.php(325): CodeIgniter\CodeIgniter->run()
11 SYSTEMPATH\Boot.php(67): CodeIgniter\Boot::runCodeIgniter(Object(CodeIgniter\CodeIgniter))
12 FCPATH\index.php(56): CodeIgniter\Boot::bootWeb(Object(Config\Paths))
CRITICAL - 2024-11-08 09:39:22 --> [Caused by] mysqli_sql_exception: Unknown column 'order_list.id_product' in 'on clause'
in SYSTEMPATH\Database\MySQLi\Connection.php on line 312.
 1 SYSTEMPATH\Database\MySQLi\Connection.php(312): mysqli->query('SELECT `ordertable`.`id_order`, `ordertable`.`id_product`, `ordertable`.`id_size`, `ordertable`.`nama`, `ordertable`.`ukuran`, `ordertable`.`nomor_punggung`, `ordertable`.`keterangan`, `product`.`judul`, `product`.`id_group`, `product`.`nama` as `nama_produk`, `product`.`picture`, `product`.`slug`, `product`.`text`, `order_list`.`price`
FROM `ordertable`
JOIN `product` ON `product`.`id` = `order_list`.`id_product`
JOIN `order_list` ON `product`.`id` = `ordertable`.`id_product`
WHERE `ordertable`.`id_order` = \'uq98szad7\'', 0)
 2 SYSTEMPATH\Database\BaseConnection.php(734): CodeIgniter\Database\MySQLi\Connection->execute('SELECT `ordertable`.`id_order`, `ordertable`.`id_product`, `ordertable`.`id_size`, `ordertable`.`nama`, `ordertable`.`ukuran`, `ordertable`.`nomor_punggung`, `ordertable`.`keterangan`, `product`.`judul`, `product`.`id_group`, `product`.`nama` as `nama_produk`, `product`.`picture`, `product`.`slug`, `product`.`text`, `order_list`.`price`
FROM `ordertable`
JOIN `product` ON `product`.`id` = `order_list`.`id_product`
JOIN `order_list` ON `product`.`id` = `ordertable`.`id_product`
WHERE `ordertable`.`id_order` = \'uq98szad7\'')
 3 SYSTEMPATH\Database\BaseConnection.php(648): CodeIgniter\Database\BaseConnection->simpleQuery('SELECT `ordertable`.`id_order`, `ordertable`.`id_product`, `ordertable`.`id_size`, `ordertable`.`nama`, `ordertable`.`ukuran`, `ordertable`.`nomor_punggung`, `ordertable`.`keterangan`, `product`.`judul`, `product`.`id_group`, `product`.`nama` as `nama_produk`, `product`.`picture`, `product`.`slug`, `product`.`text`, `order_list`.`price`
FROM `ordertable`
JOIN `product` ON `product`.`id` = `order_list`.`id_product`
JOIN `order_list` ON `product`.`id` = `ordertable`.`id_product`
WHERE `ordertable`.`id_order` = \'uq98szad7\'')
 4 SYSTEMPATH\Database\BaseBuilder.php(1644): CodeIgniter\Database\BaseConnection->query('SELECT `ordertable`.`id_order`, `ordertable`.`id_product`, `ordertable`.`id_size`, `ordertable`.`nama`, `ordertable`.`ukuran`, `ordertable`.`nomor_punggung`, `ordertable`.`keterangan`, `product`.`judul`, `product`.`id_group`, `product`.`nama` as `nama_produk`, `product`.`picture`, `product`.`slug`, `product`.`text`, `order_list`.`price`
FROM `ordertable`
JOIN `product` ON `product`.`id` = `order_list`.`id_product`
JOIN `order_list` ON `product`.`id` = `ordertable`.`id_product`
WHERE `ordertable`.`id_order` = :ordertable.id_order:', [...], false)
 5 SYSTEMPATH\Model.php(286): CodeIgniter\Database\BaseBuilder->get()
 6 SYSTEMPATH\BaseModel.php(676): CodeIgniter\Model->doFindAll(0, 0)
 7 APPPATH\Controllers\Home.php(101): CodeIgniter\BaseModel->findAll()
 8 SYSTEMPATH\CodeIgniter.php(933): App\Controllers\Home->client('uq98szad7')
 9 SYSTEMPATH\CodeIgniter.php(509): CodeIgniter\CodeIgniter->runController(Object(App\Controllers\Home))
10 SYSTEMPATH\CodeIgniter.php(355): CodeIgniter\CodeIgniter->handleRequest(null, Object(Config\Cache), false)
11 SYSTEMPATH\Boot.php(325): CodeIgniter\CodeIgniter->run()
12 SYSTEMPATH\Boot.php(67): CodeIgniter\Boot::runCodeIgniter(Object(CodeIgniter\CodeIgniter))
13 FCPATH\index.php(56): CodeIgniter\Boot::bootWeb(Object(Config\Paths))
ERROR - 2024-11-08 09:39:23 --> mysqli_sql_exception: Unknown column 'order_list.id_product' in 'on clause' in C:\Users\suluh\Documents\GitHub\sag\ci4\vendor\codeigniter4\framework\system\Database\MySQLi\Connection.php:312
Stack trace:
#0 C:\Users\suluh\Documents\GitHub\sag\ci4\vendor\codeigniter4\framework\system\Database\MySQLi\Connection.php(312): mysqli->query('SELECT `orderta...', 0)
#1 C:\Users\suluh\Documents\GitHub\sag\ci4\vendor\codeigniter4\framework\system\Database\BaseConnection.php(734): CodeIgniter\Database\MySQLi\Connection->execute('SELECT `orderta...')
#2 C:\Users\suluh\Documents\GitHub\sag\ci4\vendor\codeigniter4\framework\system\Database\BaseConnection.php(648): CodeIgniter\Database\BaseConnection->simpleQuery('SELECT `orderta...')
#3 C:\Users\suluh\Documents\GitHub\sag\ci4\vendor\codeigniter4\framework\system\Database\BaseBuilder.php(1644): CodeIgniter\Database\BaseConnection->query('SELECT `orderta...', Array, false)
#4 C:\Users\suluh\Documents\GitHub\sag\ci4\vendor\codeigniter4\framework\system\Model.php(286): CodeIgniter\Database\BaseBuilder->get()
#5 C:\Users\suluh\Documents\GitHub\sag\ci4\vendor\codeigniter4\framework\system\BaseModel.php(676): CodeIgniter\Model->doFindAll(0, 0)
#6 C:\Users\suluh\Documents\GitHub\sag\ci4\app\Controllers\Home.php(101): CodeIgniter\BaseModel->findAll()
#7 C:\Users\suluh\Documents\GitHub\sag\ci4\vendor\codeigniter4\framework\system\CodeIgniter.php(933): App\Controllers\Home->client('uq98szad7')
#8 C:\Users\suluh\Documents\GitHub\sag\ci4\vendor\codeigniter4\framework\system\CodeIgniter.php(509): CodeIgniter\CodeIgniter->runController(Object(App\Controllers\Home))
#9 C:\Users\suluh\Documents\GitHub\sag\ci4\vendor\codeigniter4\framework\system\CodeIgniter.php(355): CodeIgniter\CodeIgniter->handleRequest(NULL, Object(Config\Cache), false)
#10 C:\Users\suluh\Documents\GitHub\sag\ci4\vendor\codeigniter4\framework\system\Boot.php(325): CodeIgniter\CodeIgniter->run()
#11 C:\Users\suluh\Documents\GitHub\sag\ci4\vendor\codeigniter4\framework\system\Boot.php(67): CodeIgniter\Boot::runCodeIgniter(Object(CodeIgniter\CodeIgniter))
#12 C:\Users\suluh\Documents\GitHub\sag\public_html\index.php(56): CodeIgniter\Boot::bootWeb(Object(Config\Paths))
#13 {main}
CRITICAL - 2024-11-08 09:39:23 --> CodeIgniter\Database\Exceptions\DatabaseException: Unknown column 'order_list.id_product' in 'on clause'
[Method: GET, Route: order/uq98szad7]
in SYSTEMPATH\Database\BaseConnection.php on line 688.
 1 SYSTEMPATH\Database\BaseBuilder.php(1644): CodeIgniter\Database\BaseConnection->query('SELECT `ordertable`.`id_order`, `ordertable`.`id_product`, `ordertable`.`id_size`, `ordertable`.`nama`, `ordertable`.`ukuran`, `ordertable`.`nomor_punggung`, `ordertable`.`keterangan`, `product`.`judul`, `product`.`id_group`, `product`.`nama` as `nama_produk`, `product`.`picture`, `product`.`slug`, `product`.`text`, `order_list`.`price`
FROM `ordertable`
JOIN `product` ON `product`.`id` = `order_list`.`id_product`
JOIN `order_list` ON `product`.`id` = `ordertable`.`id_product`
WHERE `ordertable`.`id_order` = :ordertable.id_order:', [...], false)
 2 SYSTEMPATH\Model.php(286): CodeIgniter\Database\BaseBuilder->get()
 3 SYSTEMPATH\BaseModel.php(676): CodeIgniter\Model->doFindAll(0, 0)
 4 APPPATH\Controllers\Home.php(101): CodeIgniter\BaseModel->findAll()
 5 SYSTEMPATH\CodeIgniter.php(933): App\Controllers\Home->client('uq98szad7')
 6 SYSTEMPATH\CodeIgniter.php(509): CodeIgniter\CodeIgniter->runController(Object(App\Controllers\Home))
 7 SYSTEMPATH\CodeIgniter.php(355): CodeIgniter\CodeIgniter->handleRequest(null, Object(Config\Cache), false)
 8 SYSTEMPATH\Boot.php(325): CodeIgniter\CodeIgniter->run()
 9 SYSTEMPATH\Boot.php(67): CodeIgniter\Boot::runCodeIgniter(Object(CodeIgniter\CodeIgniter))
10 FCPATH\index.php(56): CodeIgniter\Boot::bootWeb(Object(Config\Paths))
CRITICAL - 2024-11-08 09:39:23 --> [Caused by] CodeIgniter\Database\Exceptions\DatabaseException: Unknown column 'order_list.id_product' in 'on clause'
in SYSTEMPATH\Database\MySQLi\Connection.php on line 317.
 1 SYSTEMPATH\Database\BaseConnection.php(734): CodeIgniter\Database\MySQLi\Connection->execute('SELECT `ordertable`.`id_order`, `ordertable`.`id_product`, `ordertable`.`id_size`, `ordertable`.`nama`, `ordertable`.`ukuran`, `ordertable`.`nomor_punggung`, `ordertable`.`keterangan`, `product`.`judul`, `product`.`id_group`, `product`.`nama` as `nama_produk`, `product`.`picture`, `product`.`slug`, `product`.`text`, `order_list`.`price`
FROM `ordertable`
JOIN `product` ON `product`.`id` = `order_list`.`id_product`
JOIN `order_list` ON `product`.`id` = `ordertable`.`id_product`
WHERE `ordertable`.`id_order` = \'uq98szad7\'')
 2 SYSTEMPATH\Database\BaseConnection.php(648): CodeIgniter\Database\BaseConnection->simpleQuery('SELECT `ordertable`.`id_order`, `ordertable`.`id_product`, `ordertable`.`id_size`, `ordertable`.`nama`, `ordertable`.`ukuran`, `ordertable`.`nomor_punggung`, `ordertable`.`keterangan`, `product`.`judul`, `product`.`id_group`, `product`.`nama` as `nama_produk`, `product`.`picture`, `product`.`slug`, `product`.`text`, `order_list`.`price`
FROM `ordertable`
JOIN `product` ON `product`.`id` = `order_list`.`id_product`
JOIN `order_list` ON `product`.`id` = `ordertable`.`id_product`
WHERE `ordertable`.`id_order` = \'uq98szad7\'')
 3 SYSTEMPATH\Database\BaseBuilder.php(1644): CodeIgniter\Database\BaseConnection->query('SELECT `ordertable`.`id_order`, `ordertable`.`id_product`, `ordertable`.`id_size`, `ordertable`.`nama`, `ordertable`.`ukuran`, `ordertable`.`nomor_punggung`, `ordertable`.`keterangan`, `product`.`judul`, `product`.`id_group`, `product`.`nama` as `nama_produk`, `product`.`picture`, `product`.`slug`, `product`.`text`, `order_list`.`price`
FROM `ordertable`
JOIN `product` ON `product`.`id` = `order_list`.`id_product`
JOIN `order_list` ON `product`.`id` = `ordertable`.`id_product`
WHERE `ordertable`.`id_order` = :ordertable.id_order:', [...], false)
 4 SYSTEMPATH\Model.php(286): CodeIgniter\Database\BaseBuilder->get()
 5 SYSTEMPATH\BaseModel.php(676): CodeIgniter\Model->doFindAll(0, 0)
 6 APPPATH\Controllers\Home.php(101): CodeIgniter\BaseModel->findAll()
 7 SYSTEMPATH\CodeIgniter.php(933): App\Controllers\Home->client('uq98szad7')
 8 SYSTEMPATH\CodeIgniter.php(509): CodeIgniter\CodeIgniter->runController(Object(App\Controllers\Home))
 9 SYSTEMPATH\CodeIgniter.php(355): CodeIgniter\CodeIgniter->handleRequest(null, Object(Config\Cache), false)
10 SYSTEMPATH\Boot.php(325): CodeIgniter\CodeIgniter->run()
11 SYSTEMPATH\Boot.php(67): CodeIgniter\Boot::runCodeIgniter(Object(CodeIgniter\CodeIgniter))
12 FCPATH\index.php(56): CodeIgniter\Boot::bootWeb(Object(Config\Paths))
CRITICAL - 2024-11-08 09:39:23 --> [Caused by] mysqli_sql_exception: Unknown column 'order_list.id_product' in 'on clause'
in SYSTEMPATH\Database\MySQLi\Connection.php on line 312.
 1 SYSTEMPATH\Database\MySQLi\Connection.php(312): mysqli->query('SELECT `ordertable`.`id_order`, `ordertable`.`id_product`, `ordertable`.`id_size`, `ordertable`.`nama`, `ordertable`.`ukuran`, `ordertable`.`nomor_punggung`, `ordertable`.`keterangan`, `product`.`judul`, `product`.`id_group`, `product`.`nama` as `nama_produk`, `product`.`picture`, `product`.`slug`, `product`.`text`, `order_list`.`price`
FROM `ordertable`
JOIN `product` ON `product`.`id` = `order_list`.`id_product`
JOIN `order_list` ON `product`.`id` = `ordertable`.`id_product`
WHERE `ordertable`.`id_order` = \'uq98szad7\'', 0)
 2 SYSTEMPATH\Database\BaseConnection.php(734): CodeIgniter\Database\MySQLi\Connection->execute('SELECT `ordertable`.`id_order`, `ordertable`.`id_product`, `ordertable`.`id_size`, `ordertable`.`nama`, `ordertable`.`ukuran`, `ordertable`.`nomor_punggung`, `ordertable`.`keterangan`, `product`.`judul`, `product`.`id_group`, `product`.`nama` as `nama_produk`, `product`.`picture`, `product`.`slug`, `product`.`text`, `order_list`.`price`
FROM `ordertable`
JOIN `product` ON `product`.`id` = `order_list`.`id_product`
JOIN `order_list` ON `product`.`id` = `ordertable`.`id_product`
WHERE `ordertable`.`id_order` = \'uq98szad7\'')
 3 SYSTEMPATH\Database\BaseConnection.php(648): CodeIgniter\Database\BaseConnection->simpleQuery('SELECT `ordertable`.`id_order`, `ordertable`.`id_product`, `ordertable`.`id_size`, `ordertable`.`nama`, `ordertable`.`ukuran`, `ordertable`.`nomor_punggung`, `ordertable`.`keterangan`, `product`.`judul`, `product`.`id_group`, `product`.`nama` as `nama_produk`, `product`.`picture`, `product`.`slug`, `product`.`text`, `order_list`.`price`
FROM `ordertable`
JOIN `product` ON `product`.`id` = `order_list`.`id_product`
JOIN `order_list` ON `product`.`id` = `ordertable`.`id_product`
WHERE `ordertable`.`id_order` = \'uq98szad7\'')
 4 SYSTEMPATH\Database\BaseBuilder.php(1644): CodeIgniter\Database\BaseConnection->query('SELECT `ordertable`.`id_order`, `ordertable`.`id_product`, `ordertable`.`id_size`, `ordertable`.`nama`, `ordertable`.`ukuran`, `ordertable`.`nomor_punggung`, `ordertable`.`keterangan`, `product`.`judul`, `product`.`id_group`, `product`.`nama` as `nama_produk`, `product`.`picture`, `product`.`slug`, `product`.`text`, `order_list`.`price`
FROM `ordertable`
JOIN `product` ON `product`.`id` = `order_list`.`id_product`
JOIN `order_list` ON `product`.`id` = `ordertable`.`id_product`
WHERE `ordertable`.`id_order` = :ordertable.id_order:', [...], false)
 5 SYSTEMPATH\Model.php(286): CodeIgniter\Database\BaseBuilder->get()
 6 SYSTEMPATH\BaseModel.php(676): CodeIgniter\Model->doFindAll(0, 0)
 7 APPPATH\Controllers\Home.php(101): CodeIgniter\BaseModel->findAll()
 8 SYSTEMPATH\CodeIgniter.php(933): App\Controllers\Home->client('uq98szad7')
 9 SYSTEMPATH\CodeIgniter.php(509): CodeIgniter\CodeIgniter->runController(Object(App\Controllers\Home))
10 SYSTEMPATH\CodeIgniter.php(355): CodeIgniter\CodeIgniter->handleRequest(null, Object(Config\Cache), false)
11 SYSTEMPATH\Boot.php(325): CodeIgniter\CodeIgniter->run()
12 SYSTEMPATH\Boot.php(67): CodeIgniter\Boot::runCodeIgniter(Object(CodeIgniter\CodeIgniter))
13 FCPATH\index.php(56): CodeIgniter\Boot::bootWeb(Object(Config\Paths))
ERROR - 2024-11-08 09:39:55 --> mysqli_sql_exception: Unknown column 'order_list.id_product' in 'on clause' in C:\Users\suluh\Documents\GitHub\sag\ci4\vendor\codeigniter4\framework\system\Database\MySQLi\Connection.php:312
Stack trace:
#0 C:\Users\suluh\Documents\GitHub\sag\ci4\vendor\codeigniter4\framework\system\Database\MySQLi\Connection.php(312): mysqli->query('SELECT `orderta...', 0)
#1 C:\Users\suluh\Documents\GitHub\sag\ci4\vendor\codeigniter4\framework\system\Database\BaseConnection.php(734): CodeIgniter\Database\MySQLi\Connection->execute('SELECT `orderta...')
#2 C:\Users\suluh\Documents\GitHub\sag\ci4\vendor\codeigniter4\framework\system\Database\BaseConnection.php(648): CodeIgniter\Database\BaseConnection->simpleQuery('SELECT `orderta...')
#3 C:\Users\suluh\Documents\GitHub\sag\ci4\vendor\codeigniter4\framework\system\Database\BaseBuilder.php(1644): CodeIgniter\Database\BaseConnection->query('SELECT `orderta...', Array, false)
#4 C:\Users\suluh\Documents\GitHub\sag\ci4\vendor\codeigniter4\framework\system\Model.php(286): CodeIgniter\Database\BaseBuilder->get()
#5 C:\Users\suluh\Documents\GitHub\sag\ci4\vendor\codeigniter4\framework\system\BaseModel.php(676): CodeIgniter\Model->doFindAll(0, 0)
#6 C:\Users\suluh\Documents\GitHub\sag\ci4\app\Controllers\Home.php(101): CodeIgniter\BaseModel->findAll()
#7 C:\Users\suluh\Documents\GitHub\sag\ci4\vendor\codeigniter4\framework\system\CodeIgniter.php(933): App\Controllers\Home->client('uq98szad7')
#8 C:\Users\suluh\Documents\GitHub\sag\ci4\vendor\codeigniter4\framework\system\CodeIgniter.php(509): CodeIgniter\CodeIgniter->runController(Object(App\Controllers\Home))
#9 C:\Users\suluh\Documents\GitHub\sag\ci4\vendor\codeigniter4\framework\system\CodeIgniter.php(355): CodeIgniter\CodeIgniter->handleRequest(NULL, Object(Config\Cache), false)
#10 C:\Users\suluh\Documents\GitHub\sag\ci4\vendor\codeigniter4\framework\system\Boot.php(325): CodeIgniter\CodeIgniter->run()
#11 C:\Users\suluh\Documents\GitHub\sag\ci4\vendor\codeigniter4\framework\system\Boot.php(67): CodeIgniter\Boot::runCodeIgniter(Object(CodeIgniter\CodeIgniter))
#12 C:\Users\suluh\Documents\GitHub\sag\public_html\index.php(56): CodeIgniter\Boot::bootWeb(Object(Config\Paths))
#13 {main}
CRITICAL - 2024-11-08 09:39:55 --> CodeIgniter\Database\Exceptions\DatabaseException: Unknown column 'order_list.id_product' in 'on clause'
[Method: GET, Route: order/uq98szad7]
in SYSTEMPATH\Database\BaseConnection.php on line 688.
 1 SYSTEMPATH\Database\BaseBuilder.php(1644): CodeIgniter\Database\BaseConnection->query('SELECT `ordertable`.`id_order`, `ordertable`.`id_product`, `ordertable`.`id_size`, `ordertable`.`nama`, `ordertable`.`ukuran`, `ordertable`.`nomor_punggung`, `ordertable`.`keterangan`, `product`.`judul`, `product`.`id_group`, `product`.`nama` as `nama_produk`, `product`.`picture`, `product`.`slug`, `product`.`text`, `order_list`.`price`
FROM `ordertable`
JOIN `product` ON `product`.`id` = `order_list`.`id_product`
JOIN `order_list` ON `product`.`id` = `order_list`.`id_product`
WHERE `ordertable`.`id_order` = :ordertable.id_order:', [...], false)
 2 SYSTEMPATH\Model.php(286): CodeIgniter\Database\BaseBuilder->get()
 3 SYSTEMPATH\BaseModel.php(676): CodeIgniter\Model->doFindAll(0, 0)
 4 APPPATH\Controllers\Home.php(101): CodeIgniter\BaseModel->findAll()
 5 SYSTEMPATH\CodeIgniter.php(933): App\Controllers\Home->client('uq98szad7')
 6 SYSTEMPATH\CodeIgniter.php(509): CodeIgniter\CodeIgniter->runController(Object(App\Controllers\Home))
 7 SYSTEMPATH\CodeIgniter.php(355): CodeIgniter\CodeIgniter->handleRequest(null, Object(Config\Cache), false)
 8 SYSTEMPATH\Boot.php(325): CodeIgniter\CodeIgniter->run()
 9 SYSTEMPATH\Boot.php(67): CodeIgniter\Boot::runCodeIgniter(Object(CodeIgniter\CodeIgniter))
10 FCPATH\index.php(56): CodeIgniter\Boot::bootWeb(Object(Config\Paths))
CRITICAL - 2024-11-08 09:39:55 --> [Caused by] CodeIgniter\Database\Exceptions\DatabaseException: Unknown column 'order_list.id_product' in 'on clause'
in SYSTEMPATH\Database\MySQLi\Connection.php on line 317.
 1 SYSTEMPATH\Database\BaseConnection.php(734): CodeIgniter\Database\MySQLi\Connection->execute('SELECT `ordertable`.`id_order`, `ordertable`.`id_product`, `ordertable`.`id_size`, `ordertable`.`nama`, `ordertable`.`ukuran`, `ordertable`.`nomor_punggung`, `ordertable`.`keterangan`, `product`.`judul`, `product`.`id_group`, `product`.`nama` as `nama_produk`, `product`.`picture`, `product`.`slug`, `product`.`text`, `order_list`.`price`
FROM `ordertable`
JOIN `product` ON `product`.`id` = `order_list`.`id_product`
JOIN `order_list` ON `product`.`id` = `order_list`.`id_product`
WHERE `ordertable`.`id_order` = \'uq98szad7\'')
 2 SYSTEMPATH\Database\BaseConnection.php(648): CodeIgniter\Database\BaseConnection->simpleQuery('SELECT `ordertable`.`id_order`, `ordertable`.`id_product`, `ordertable`.`id_size`, `ordertable`.`nama`, `ordertable`.`ukuran`, `ordertable`.`nomor_punggung`, `ordertable`.`keterangan`, `product`.`judul`, `product`.`id_group`, `product`.`nama` as `nama_produk`, `product`.`picture`, `product`.`slug`, `product`.`text`, `order_list`.`price`
FROM `ordertable`
JOIN `product` ON `product`.`id` = `order_list`.`id_product`
JOIN `order_list` ON `product`.`id` = `order_list`.`id_product`
WHERE `ordertable`.`id_order` = \'uq98szad7\'')
 3 SYSTEMPATH\Database\BaseBuilder.php(1644): CodeIgniter\Database\BaseConnection->query('SELECT `ordertable`.`id_order`, `ordertable`.`id_product`, `ordertable`.`id_size`, `ordertable`.`nama`, `ordertable`.`ukuran`, `ordertable`.`nomor_punggung`, `ordertable`.`keterangan`, `product`.`judul`, `product`.`id_group`, `product`.`nama` as `nama_produk`, `product`.`picture`, `product`.`slug`, `product`.`text`, `order_list`.`price`
FROM `ordertable`
JOIN `product` ON `product`.`id` = `order_list`.`id_product`
JOIN `order_list` ON `product`.`id` = `order_list`.`id_product`
WHERE `ordertable`.`id_order` = :ordertable.id_order:', [...], false)
 4 SYSTEMPATH\Model.php(286): CodeIgniter\Database\BaseBuilder->get()
 5 SYSTEMPATH\BaseModel.php(676): CodeIgniter\Model->doFindAll(0, 0)
 6 APPPATH\Controllers\Home.php(101): CodeIgniter\BaseModel->findAll()
 7 SYSTEMPATH\CodeIgniter.php(933): App\Controllers\Home->client('uq98szad7')
 8 SYSTEMPATH\CodeIgniter.php(509): CodeIgniter\CodeIgniter->runController(Object(App\Controllers\Home))
 9 SYSTEMPATH\CodeIgniter.php(355): CodeIgniter\CodeIgniter->handleRequest(null, Object(Config\Cache), false)
10 SYSTEMPATH\Boot.php(325): CodeIgniter\CodeIgniter->run()
11 SYSTEMPATH\Boot.php(67): CodeIgniter\Boot::runCodeIgniter(Object(CodeIgniter\CodeIgniter))
12 FCPATH\index.php(56): CodeIgniter\Boot::bootWeb(Object(Config\Paths))
CRITICAL - 2024-11-08 09:39:55 --> [Caused by] mysqli_sql_exception: Unknown column 'order_list.id_product' in 'on clause'
in SYSTEMPATH\Database\MySQLi\Connection.php on line 312.
 1 SYSTEMPATH\Database\MySQLi\Connection.php(312): mysqli->query('SELECT `ordertable`.`id_order`, `ordertable`.`id_product`, `ordertable`.`id_size`, `ordertable`.`nama`, `ordertable`.`ukuran`, `ordertable`.`nomor_punggung`, `ordertable`.`keterangan`, `product`.`judul`, `product`.`id_group`, `product`.`nama` as `nama_produk`, `product`.`picture`, `product`.`slug`, `product`.`text`, `order_list`.`price`
FROM `ordertable`
JOIN `product` ON `product`.`id` = `order_list`.`id_product`
JOIN `order_list` ON `product`.`id` = `order_list`.`id_product`
WHERE `ordertable`.`id_order` = \'uq98szad7\'', 0)
 2 SYSTEMPATH\Database\BaseConnection.php(734): CodeIgniter\Database\MySQLi\Connection->execute('SELECT `ordertable`.`id_order`, `ordertable`.`id_product`, `ordertable`.`id_size`, `ordertable`.`nama`, `ordertable`.`ukuran`, `ordertable`.`nomor_punggung`, `ordertable`.`keterangan`, `product`.`judul`, `product`.`id_group`, `product`.`nama` as `nama_produk`, `product`.`picture`, `product`.`slug`, `product`.`text`, `order_list`.`price`
FROM `ordertable`
JOIN `product` ON `product`.`id` = `order_list`.`id_product`
JOIN `order_list` ON `product`.`id` = `order_list`.`id_product`
WHERE `ordertable`.`id_order` = \'uq98szad7\'')
 3 SYSTEMPATH\Database\BaseConnection.php(648): CodeIgniter\Database\BaseConnection->simpleQuery('SELECT `ordertable`.`id_order`, `ordertable`.`id_product`, `ordertable`.`id_size`, `ordertable`.`nama`, `ordertable`.`ukuran`, `ordertable`.`nomor_punggung`, `ordertable`.`keterangan`, `product`.`judul`, `product`.`id_group`, `product`.`nama` as `nama_produk`, `product`.`picture`, `product`.`slug`, `product`.`text`, `order_list`.`price`
FROM `ordertable`
JOIN `product` ON `product`.`id` = `order_list`.`id_product`
JOIN `order_list` ON `product`.`id` = `order_list`.`id_product`
WHERE `ordertable`.`id_order` = \'uq98szad7\'')
 4 SYSTEMPATH\Database\BaseBuilder.php(1644): CodeIgniter\Database\BaseConnection->query('SELECT `ordertable`.`id_order`, `ordertable`.`id_product`, `ordertable`.`id_size`, `ordertable`.`nama`, `ordertable`.`ukuran`, `ordertable`.`nomor_punggung`, `ordertable`.`keterangan`, `product`.`judul`, `product`.`id_group`, `product`.`nama` as `nama_produk`, `product`.`picture`, `product`.`slug`, `product`.`text`, `order_list`.`price`
FROM `ordertable`
JOIN `product` ON `product`.`id` = `order_list`.`id_product`
JOIN `order_list` ON `product`.`id` = `order_list`.`id_product`
WHERE `ordertable`.`id_order` = :ordertable.id_order:', [...], false)
 5 SYSTEMPATH\Model.php(286): CodeIgniter\Database\BaseBuilder->get()
 6 SYSTEMPATH\BaseModel.php(676): CodeIgniter\Model->doFindAll(0, 0)
 7 APPPATH\Controllers\Home.php(101): CodeIgniter\BaseModel->findAll()
 8 SYSTEMPATH\CodeIgniter.php(933): App\Controllers\Home->client('uq98szad7')
 9 SYSTEMPATH\CodeIgniter.php(509): CodeIgniter\CodeIgniter->runController(Object(App\Controllers\Home))
10 SYSTEMPATH\CodeIgniter.php(355): CodeIgniter\CodeIgniter->handleRequest(null, Object(Config\Cache), false)
11 SYSTEMPATH\Boot.php(325): CodeIgniter\CodeIgniter->run()
12 SYSTEMPATH\Boot.php(67): CodeIgniter\Boot::runCodeIgniter(Object(CodeIgniter\CodeIgniter))
13 FCPATH\index.php(56): CodeIgniter\Boot::bootWeb(Object(Config\Paths))
ERROR - 2024-11-08 09:39:57 --> mysqli_sql_exception: Unknown column 'order_list.id_product' in 'on clause' in C:\Users\suluh\Documents\GitHub\sag\ci4\vendor\codeigniter4\framework\system\Database\MySQLi\Connection.php:312
Stack trace:
#0 C:\Users\suluh\Documents\GitHub\sag\ci4\vendor\codeigniter4\framework\system\Database\MySQLi\Connection.php(312): mysqli->query('SELECT `orderta...', 0)
#1 C:\Users\suluh\Documents\GitHub\sag\ci4\vendor\codeigniter4\framework\system\Database\BaseConnection.php(734): CodeIgniter\Database\MySQLi\Connection->execute('SELECT `orderta...')
#2 C:\Users\suluh\Documents\GitHub\sag\ci4\vendor\codeigniter4\framework\system\Database\BaseConnection.php(648): CodeIgniter\Database\BaseConnection->simpleQuery('SELECT `orderta...')
#3 C:\Users\suluh\Documents\GitHub\sag\ci4\vendor\codeigniter4\framework\system\Database\BaseBuilder.php(1644): CodeIgniter\Database\BaseConnection->query('SELECT `orderta...', Array, false)
#4 C:\Users\suluh\Documents\GitHub\sag\ci4\vendor\codeigniter4\framework\system\Model.php(286): CodeIgniter\Database\BaseBuilder->get()
#5 C:\Users\suluh\Documents\GitHub\sag\ci4\vendor\codeigniter4\framework\system\BaseModel.php(676): CodeIgniter\Model->doFindAll(0, 0)
#6 C:\Users\suluh\Documents\GitHub\sag\ci4\app\Controllers\Home.php(101): CodeIgniter\BaseModel->findAll()
#7 C:\Users\suluh\Documents\GitHub\sag\ci4\vendor\codeigniter4\framework\system\CodeIgniter.php(933): App\Controllers\Home->client('uq98szad7')
#8 C:\Users\suluh\Documents\GitHub\sag\ci4\vendor\codeigniter4\framework\system\CodeIgniter.php(509): CodeIgniter\CodeIgniter->runController(Object(App\Controllers\Home))
#9 C:\Users\suluh\Documents\GitHub\sag\ci4\vendor\codeigniter4\framework\system\CodeIgniter.php(355): CodeIgniter\CodeIgniter->handleRequest(NULL, Object(Config\Cache), false)
#10 C:\Users\suluh\Documents\GitHub\sag\ci4\vendor\codeigniter4\framework\system\Boot.php(325): CodeIgniter\CodeIgniter->run()
#11 C:\Users\suluh\Documents\GitHub\sag\ci4\vendor\codeigniter4\framework\system\Boot.php(67): CodeIgniter\Boot::runCodeIgniter(Object(CodeIgniter\CodeIgniter))
#12 C:\Users\suluh\Documents\GitHub\sag\public_html\index.php(56): CodeIgniter\Boot::bootWeb(Object(Config\Paths))
#13 {main}
CRITICAL - 2024-11-08 09:39:57 --> CodeIgniter\Database\Exceptions\DatabaseException: Unknown column 'order_list.id_product' in 'on clause'
[Method: GET, Route: order/uq98szad7]
in SYSTEMPATH\Database\BaseConnection.php on line 688.
 1 SYSTEMPATH\Database\BaseBuilder.php(1644): CodeIgniter\Database\BaseConnection->query('SELECT `ordertable`.`id_order`, `ordertable`.`id_product`, `ordertable`.`id_size`, `ordertable`.`nama`, `ordertable`.`ukuran`, `ordertable`.`nomor_punggung`, `ordertable`.`keterangan`, `product`.`judul`, `product`.`id_group`, `product`.`nama` as `nama_produk`, `product`.`picture`, `product`.`slug`, `product`.`text`, `order_list`.`price`
FROM `ordertable`
JOIN `product` ON `product`.`id` = `order_list`.`id_product`
JOIN `order_list` ON `product`.`id` = `order_list`.`id_product`
WHERE `ordertable`.`id_order` = :ordertable.id_order:', [...], false)
 2 SYSTEMPATH\Model.php(286): CodeIgniter\Database\BaseBuilder->get()
 3 SYSTEMPATH\BaseModel.php(676): CodeIgniter\Model->doFindAll(0, 0)
 4 APPPATH\Controllers\Home.php(101): CodeIgniter\BaseModel->findAll()
 5 SYSTEMPATH\CodeIgniter.php(933): App\Controllers\Home->client('uq98szad7')
 6 SYSTEMPATH\CodeIgniter.php(509): CodeIgniter\CodeIgniter->runController(Object(App\Controllers\Home))
 7 SYSTEMPATH\CodeIgniter.php(355): CodeIgniter\CodeIgniter->handleRequest(null, Object(Config\Cache), false)
 8 SYSTEMPATH\Boot.php(325): CodeIgniter\CodeIgniter->run()
 9 SYSTEMPATH\Boot.php(67): CodeIgniter\Boot::runCodeIgniter(Object(CodeIgniter\CodeIgniter))
10 FCPATH\index.php(56): CodeIgniter\Boot::bootWeb(Object(Config\Paths))
CRITICAL - 2024-11-08 09:39:57 --> [Caused by] CodeIgniter\Database\Exceptions\DatabaseException: Unknown column 'order_list.id_product' in 'on clause'
in SYSTEMPATH\Database\MySQLi\Connection.php on line 317.
 1 SYSTEMPATH\Database\BaseConnection.php(734): CodeIgniter\Database\MySQLi\Connection->execute('SELECT `ordertable`.`id_order`, `ordertable`.`id_product`, `ordertable`.`id_size`, `ordertable`.`nama`, `ordertable`.`ukuran`, `ordertable`.`nomor_punggung`, `ordertable`.`keterangan`, `product`.`judul`, `product`.`id_group`, `product`.`nama` as `nama_produk`, `product`.`picture`, `product`.`slug`, `product`.`text`, `order_list`.`price`
FROM `ordertable`
JOIN `product` ON `product`.`id` = `order_list`.`id_product`
JOIN `order_list` ON `product`.`id` = `order_list`.`id_product`
WHERE `ordertable`.`id_order` = \'uq98szad7\'')
 2 SYSTEMPATH\Database\BaseConnection.php(648): CodeIgniter\Database\BaseConnection->simpleQuery('SELECT `ordertable`.`id_order`, `ordertable`.`id_product`, `ordertable`.`id_size`, `ordertable`.`nama`, `ordertable`.`ukuran`, `ordertable`.`nomor_punggung`, `ordertable`.`keterangan`, `product`.`judul`, `product`.`id_group`, `product`.`nama` as `nama_produk`, `product`.`picture`, `product`.`slug`, `product`.`text`, `order_list`.`price`
FROM `ordertable`
JOIN `product` ON `product`.`id` = `order_list`.`id_product`
JOIN `order_list` ON `product`.`id` = `order_list`.`id_product`
WHERE `ordertable`.`id_order` = \'uq98szad7\'')
 3 SYSTEMPATH\Database\BaseBuilder.php(1644): CodeIgniter\Database\BaseConnection->query('SELECT `ordertable`.`id_order`, `ordertable`.`id_product`, `ordertable`.`id_size`, `ordertable`.`nama`, `ordertable`.`ukuran`, `ordertable`.`nomor_punggung`, `ordertable`.`keterangan`, `product`.`judul`, `product`.`id_group`, `product`.`nama` as `nama_produk`, `product`.`picture`, `product`.`slug`, `product`.`text`, `order_list`.`price`
FROM `ordertable`
JOIN `product` ON `product`.`id` = `order_list`.`id_product`
JOIN `order_list` ON `product`.`id` = `order_list`.`id_product`
WHERE `ordertable`.`id_order` = :ordertable.id_order:', [...], false)
 4 SYSTEMPATH\Model.php(286): CodeIgniter\Database\BaseBuilder->get()
 5 SYSTEMPATH\BaseModel.php(676): CodeIgniter\Model->doFindAll(0, 0)
 6 APPPATH\Controllers\Home.php(101): CodeIgniter\BaseModel->findAll()
 7 SYSTEMPATH\CodeIgniter.php(933): App\Controllers\Home->client('uq98szad7')
 8 SYSTEMPATH\CodeIgniter.php(509): CodeIgniter\CodeIgniter->runController(Object(App\Controllers\Home))
 9 SYSTEMPATH\CodeIgniter.php(355): CodeIgniter\CodeIgniter->handleRequest(null, Object(Config\Cache), false)
10 SYSTEMPATH\Boot.php(325): CodeIgniter\CodeIgniter->run()
11 SYSTEMPATH\Boot.php(67): CodeIgniter\Boot::runCodeIgniter(Object(CodeIgniter\CodeIgniter))
12 FCPATH\index.php(56): CodeIgniter\Boot::bootWeb(Object(Config\Paths))
CRITICAL - 2024-11-08 09:39:57 --> [Caused by] mysqli_sql_exception: Unknown column 'order_list.id_product' in 'on clause'
in SYSTEMPATH\Database\MySQLi\Connection.php on line 312.
 1 SYSTEMPATH\Database\MySQLi\Connection.php(312): mysqli->query('SELECT `ordertable`.`id_order`, `ordertable`.`id_product`, `ordertable`.`id_size`, `ordertable`.`nama`, `ordertable`.`ukuran`, `ordertable`.`nomor_punggung`, `ordertable`.`keterangan`, `product`.`judul`, `product`.`id_group`, `product`.`nama` as `nama_produk`, `product`.`picture`, `product`.`slug`, `product`.`text`, `order_list`.`price`
FROM `ordertable`
JOIN `product` ON `product`.`id` = `order_list`.`id_product`
JOIN `order_list` ON `product`.`id` = `order_list`.`id_product`
WHERE `ordertable`.`id_order` = \'uq98szad7\'', 0)
 2 SYSTEMPATH\Database\BaseConnection.php(734): CodeIgniter\Database\MySQLi\Connection->execute('SELECT `ordertable`.`id_order`, `ordertable`.`id_product`, `ordertable`.`id_size`, `ordertable`.`nama`, `ordertable`.`ukuran`, `ordertable`.`nomor_punggung`, `ordertable`.`keterangan`, `product`.`judul`, `product`.`id_group`, `product`.`nama` as `nama_produk`, `product`.`picture`, `product`.`slug`, `product`.`text`, `order_list`.`price`
FROM `ordertable`
JOIN `product` ON `product`.`id` = `order_list`.`id_product`
JOIN `order_list` ON `product`.`id` = `order_list`.`id_product`
WHERE `ordertable`.`id_order` = \'uq98szad7\'')
 3 SYSTEMPATH\Database\BaseConnection.php(648): CodeIgniter\Database\BaseConnection->simpleQuery('SELECT `ordertable`.`id_order`, `ordertable`.`id_product`, `ordertable`.`id_size`, `ordertable`.`nama`, `ordertable`.`ukuran`, `ordertable`.`nomor_punggung`, `ordertable`.`keterangan`, `product`.`judul`, `product`.`id_group`, `product`.`nama` as `nama_produk`, `product`.`picture`, `product`.`slug`, `product`.`text`, `order_list`.`price`
FROM `ordertable`
JOIN `product` ON `product`.`id` = `order_list`.`id_product`
JOIN `order_list` ON `product`.`id` = `order_list`.`id_product`
WHERE `ordertable`.`id_order` = \'uq98szad7\'')
 4 SYSTEMPATH\Database\BaseBuilder.php(1644): CodeIgniter\Database\BaseConnection->query('SELECT `ordertable`.`id_order`, `ordertable`.`id_product`, `ordertable`.`id_size`, `ordertable`.`nama`, `ordertable`.`ukuran`, `ordertable`.`nomor_punggung`, `ordertable`.`keterangan`, `product`.`judul`, `product`.`id_group`, `product`.`nama` as `nama_produk`, `product`.`picture`, `product`.`slug`, `product`.`text`, `order_list`.`price`
FROM `ordertable`
JOIN `product` ON `product`.`id` = `order_list`.`id_product`
JOIN `order_list` ON `product`.`id` = `order_list`.`id_product`
WHERE `ordertable`.`id_order` = :ordertable.id_order:', [...], false)
 5 SYSTEMPATH\Model.php(286): CodeIgniter\Database\BaseBuilder->get()
 6 SYSTEMPATH\BaseModel.php(676): CodeIgniter\Model->doFindAll(0, 0)
 7 APPPATH\Controllers\Home.php(101): CodeIgniter\BaseModel->findAll()
 8 SYSTEMPATH\CodeIgniter.php(933): App\Controllers\Home->client('uq98szad7')
 9 SYSTEMPATH\CodeIgniter.php(509): CodeIgniter\CodeIgniter->runController(Object(App\Controllers\Home))
10 SYSTEMPATH\CodeIgniter.php(355): CodeIgniter\CodeIgniter->handleRequest(null, Object(Config\Cache), false)
11 SYSTEMPATH\Boot.php(325): CodeIgniter\CodeIgniter->run()
12 SYSTEMPATH\Boot.php(67): CodeIgniter\Boot::runCodeIgniter(Object(CodeIgniter\CodeIgniter))
13 FCPATH\index.php(56): CodeIgniter\Boot::bootWeb(Object(Config\Paths))
CRITICAL - 2024-11-08 09:41:28 --> ErrorException: Undefined array key "id"
[Method: GET, Route: order/uq98szad7]
in APPPATH\Views\admin\content\order_form.php on line 138.
 1 APPPATH\Views\admin\content\order_form.php(138): CodeIgniter\Debug\Exceptions->errorHandler(2, 'Undefined array key "id"', 'C:\\Users\\suluh\\Documents\\GitHub\\sag\\ci4\\app\\Views\\admin\\content\\order_form.php', 138)
 2 SYSTEMPATH\View\View.php(234): include('C:\\Users\\suluh\\Documents\\GitHub\\sag\\ci4\\app\\Views\\admin\\content\\order_form.php')
 3 SYSTEMPATH\View\View.php(237): CodeIgniter\View\View->CodeIgniter\View\{closure}()
 4 SYSTEMPATH\Common.php(1171): CodeIgniter\View\View->render('admin/content/order_form', [], true)
 5 APPPATH\Controllers\Home.php(108): view('admin/content/order_form', [...])
 6 SYSTEMPATH\CodeIgniter.php(933): App\Controllers\Home->client('uq98szad7')
 7 SYSTEMPATH\CodeIgniter.php(509): CodeIgniter\CodeIgniter->runController(Object(App\Controllers\Home))
 8 SYSTEMPATH\CodeIgniter.php(355): CodeIgniter\CodeIgniter->handleRequest(null, Object(Config\Cache), false)
 9 SYSTEMPATH\Boot.php(325): CodeIgniter\CodeIgniter->run()
10 SYSTEMPATH\Boot.php(67): CodeIgniter\Boot::runCodeIgniter(Object(CodeIgniter\CodeIgniter))
11 FCPATH\index.php(56): CodeIgniter\Boot::bootWeb(Object(Config\Paths))
INFO - 2024-11-08 09:42:22 --> Session: Class initialized using 'CodeIgniter\Session\Handlers\FileHandler' driver.
INFO - 2024-11-08 09:42:26 --> Session: Class initialized using 'CodeIgniter\Session\Handlers\FileHandler' driver.
INFO - 2024-11-08 09:42:32 --> Session: Class initialized using 'CodeIgniter\Session\Handlers\FileHandler' driver.
INFO - 2024-11-08 09:42:36 --> Session: Class initialized using 'CodeIgniter\Session\Handlers\FileHandler' driver.
INFO - 2024-11-08 09:48:31 --> Session: Class initialized using 'CodeIgniter\Session\Handlers\FileHandler' driver.
