ERROR - 2024-10-28 09:27:48 --> Error connecting to the database: mysqli_sql_exception: Unknown database 'sagara' in C:\Users\suluh\Documents\ci4\ci4\vendor\codeigniter4\framework\system\Database\MySQLi\Connection.php:186
Stack trace:
#0 C:\Users\suluh\Documents\ci4\ci4\vendor\codeigniter4\framework\system\Database\MySQLi\Connection.php(186): mysqli->real_connect('localhost', 'root', Object(SensitiveParameterValue), 'sagara', 3306, '', 0)
#1 C:\Users\suluh\Documents\ci4\ci4\vendor\codeigniter4\framework\system\Database\BaseConnection.php(421): CodeIgniter\Database\MySQLi\Connection->connect(false)
#2 C:\Users\suluh\Documents\ci4\ci4\vendor\codeigniter4\framework\system\Database\BaseConnection.php(616): CodeIgniter\Database\BaseConnection->initialize()
#3 C:\Users\suluh\Documents\ci4\ci4\vendor\codeigniter4\framework\system\Database\BaseBuilder.php(1644): CodeIgniter\Database\BaseConnection->query('SELECT *\nFROM `...', Array, false)
#4 C:\Users\suluh\Documents\ci4\ci4\vendor\codeigniter4\framework\system\Model.php(930): CodeIgniter\Database\BaseBuilder->get()
#5 C:\Users\suluh\Documents\ci4\ci4\app\Controllers\Home.php(19): CodeIgniter\Model->__call('get', Array)
#6 C:\Users\suluh\Documents\ci4\ci4\vendor\codeigniter4\framework\system\CodeIgniter.php(933): App\Controllers\Home->menu()
#7 C:\Users\suluh\Documents\ci4\ci4\vendor\codeigniter4\framework\system\CodeIgniter.php(509): CodeIgniter\CodeIgniter->runController(Object(App\Controllers\Home))
#8 C:\Users\suluh\Documents\ci4\ci4\vendor\codeigniter4\framework\system\CodeIgniter.php(355): CodeIgniter\CodeIgniter->handleRequest(NULL, Object(Config\Cache), false)
#9 C:\Users\suluh\Documents\ci4\ci4\vendor\codeigniter4\framework\system\Boot.php(325): CodeIgniter\CodeIgniter->run()
#10 C:\Users\suluh\Documents\ci4\ci4\vendor\codeigniter4\framework\system\Boot.php(67): CodeIgniter\Boot::runCodeIgniter(Object(CodeIgniter\CodeIgniter))
#11 C:\Users\suluh\Documents\ci4\ci4\public\index.php(56): CodeIgniter\Boot::bootWeb(Object(Config\Paths))
#12 {main}

Next CodeIgniter\Database\Exceptions\DatabaseException: Unknown database 'sagara' in C:\Users\suluh\Documents\ci4\ci4\vendor\codeigniter4\framework\system\Database\MySQLi\Connection.php:231
Stack trace:
#0 C:\Users\suluh\Documents\ci4\ci4\vendor\codeigniter4\framework\system\Database\BaseConnection.php(421): CodeIgniter\Database\MySQLi\Connection->connect(false)
#1 C:\Users\suluh\Documents\ci4\ci4\vendor\codeigniter4\framework\system\Database\BaseConnection.php(616): CodeIgniter\Database\BaseConnection->initialize()
#2 C:\Users\suluh\Documents\ci4\ci4\vendor\codeigniter4\framework\system\Database\BaseBuilder.php(1644): CodeIgniter\Database\BaseConnection->query('SELECT *\nFROM `...', Array, false)
#3 C:\Users\suluh\Documents\ci4\ci4\vendor\codeigniter4\framework\system\Model.php(930): CodeIgniter\Database\BaseBuilder->get()
#4 C:\Users\suluh\Documents\ci4\ci4\app\Controllers\Home.php(19): CodeIgniter\Model->__call('get', Array)
#5 C:\Users\suluh\Documents\ci4\ci4\vendor\codeigniter4\framework\system\CodeIgniter.php(933): App\Controllers\Home->menu()
#6 C:\Users\suluh\Documents\ci4\ci4\vendor\codeigniter4\framework\system\CodeIgniter.php(509): CodeIgniter\CodeIgniter->runController(Object(App\Controllers\Home))
#7 C:\Users\suluh\Documents\ci4\ci4\vendor\codeigniter4\framework\system\CodeIgniter.php(355): CodeIgniter\CodeIgniter->handleRequest(NULL, Object(Config\Cache), false)
#8 C:\Users\suluh\Documents\ci4\ci4\vendor\codeigniter4\framework\system\Boot.php(325): CodeIgniter\CodeIgniter->run()
#9 C:\Users\suluh\Documents\ci4\ci4\vendor\codeigniter4\framework\system\Boot.php(67): CodeIgniter\Boot::runCodeIgniter(Object(CodeIgniter\CodeIgniter))
#10 C:\Users\suluh\Documents\ci4\ci4\public\index.php(56): CodeIgniter\Boot::bootWeb(Object(Config\Paths))
#11 {main}
CRITICAL - 2024-10-28 09:27:48 --> CodeIgniter\Database\Exceptions\DatabaseException: Unable to connect to the database.
Main connection [MySQLi]: Unknown database 'sagara'
[Method: POST, Route: home/menu]
in SYSTEMPATH\Database\BaseConnection.php on line 467.
 1 SYSTEMPATH\Database\BaseConnection.php(616): CodeIgniter\Database\BaseConnection->initialize()
 2 SYSTEMPATH\Database\BaseBuilder.php(1644): CodeIgniter\Database\BaseConnection->query('SELECT *
FROM `page`
WHERE `id` != :id:
AND `deleted_at` IS NULL', [...], false)
 3 SYSTEMPATH\Model.php(930): CodeIgniter\Database\BaseBuilder->get()
 4 APPPATH\Controllers\Home.php(19): CodeIgniter\Model->__call('get', [])
 5 SYSTEMPATH\CodeIgniter.php(933): App\Controllers\Home->menu()
 6 SYSTEMPATH\CodeIgniter.php(509): CodeIgniter\CodeIgniter->runController(Object(App\Controllers\Home))
 7 SYSTEMPATH\CodeIgniter.php(355): CodeIgniter\CodeIgniter->handleRequest(null, Object(Config\Cache), false)
 8 SYSTEMPATH\Boot.php(325): CodeIgniter\CodeIgniter->run()
 9 SYSTEMPATH\Boot.php(67): CodeIgniter\Boot::runCodeIgniter(Object(CodeIgniter\CodeIgniter))
10 FCPATH\index.php(56): CodeIgniter\Boot::bootWeb(Object(Config\Paths))
ERROR - 2024-10-28 09:27:49 --> Error connecting to the database: mysqli_sql_exception: Unknown database 'sagara' in C:\Users\suluh\Documents\ci4\ci4\vendor\codeigniter4\framework\system\Database\MySQLi\Connection.php:186
Stack trace:
#0 C:\Users\suluh\Documents\ci4\ci4\vendor\codeigniter4\framework\system\Database\MySQLi\Connection.php(186): mysqli->real_connect('localhost', 'root', Object(SensitiveParameterValue), 'sagara', 3306, '', 0)
#1 C:\Users\suluh\Documents\ci4\ci4\vendor\codeigniter4\framework\system\Database\BaseConnection.php(421): CodeIgniter\Database\MySQLi\Connection->connect(false)
#2 C:\Users\suluh\Documents\ci4\ci4\vendor\codeigniter4\framework\system\Database\BaseConnection.php(616): CodeIgniter\Database\BaseConnection->initialize()
#3 C:\Users\suluh\Documents\ci4\ci4\vendor\codeigniter4\framework\system\Database\BaseBuilder.php(1644): CodeIgniter\Database\BaseConnection->query('SELECT *\nFROM `...', Array, false)
#4 C:\Users\suluh\Documents\ci4\ci4\vendor\codeigniter4\framework\system\Model.php(930): CodeIgniter\Database\BaseBuilder->get()
#5 C:\Users\suluh\Documents\ci4\ci4\app\Controllers\Home.php(56): CodeIgniter\Model->__call('get', Array)
#6 C:\Users\suluh\Documents\ci4\ci4\vendor\codeigniter4\framework\system\CodeIgniter.php(933): App\Controllers\Home->getSlider()
#7 C:\Users\suluh\Documents\ci4\ci4\vendor\codeigniter4\framework\system\CodeIgniter.php(509): CodeIgniter\CodeIgniter->runController(Object(App\Controllers\Home))
#8 C:\Users\suluh\Documents\ci4\ci4\vendor\codeigniter4\framework\system\CodeIgniter.php(355): CodeIgniter\CodeIgniter->handleRequest(NULL, Object(Config\Cache), false)
#9 C:\Users\suluh\Documents\ci4\ci4\vendor\codeigniter4\framework\system\Boot.php(325): CodeIgniter\CodeIgniter->run()
#10 C:\Users\suluh\Documents\ci4\ci4\vendor\codeigniter4\framework\system\Boot.php(67): CodeIgniter\Boot::runCodeIgniter(Object(CodeIgniter\CodeIgniter))
#11 C:\Users\suluh\Documents\ci4\ci4\public\index.php(56): CodeIgniter\Boot::bootWeb(Object(Config\Paths))
#12 {main}

Next CodeIgniter\Database\Exceptions\DatabaseException: Unknown database 'sagara' in C:\Users\suluh\Documents\ci4\ci4\vendor\codeigniter4\framework\system\Database\MySQLi\Connection.php:231
Stack trace:
#0 C:\Users\suluh\Documents\ci4\ci4\vendor\codeigniter4\framework\system\Database\BaseConnection.php(421): CodeIgniter\Database\MySQLi\Connection->connect(false)
#1 C:\Users\suluh\Documents\ci4\ci4\vendor\codeigniter4\framework\system\Database\BaseConnection.php(616): CodeIgniter\Database\BaseConnection->initialize()
#2 C:\Users\suluh\Documents\ci4\ci4\vendor\codeigniter4\framework\system\Database\BaseBuilder.php(1644): CodeIgniter\Database\BaseConnection->query('SELECT *\nFROM `...', Array, false)
#3 C:\Users\suluh\Documents\ci4\ci4\vendor\codeigniter4\framework\system\Model.php(930): CodeIgniter\Database\BaseBuilder->get()
#4 C:\Users\suluh\Documents\ci4\ci4\app\Controllers\Home.php(56): CodeIgniter\Model->__call('get', Array)
#5 C:\Users\suluh\Documents\ci4\ci4\vendor\codeigniter4\framework\system\CodeIgniter.php(933): App\Controllers\Home->getSlider()
#6 C:\Users\suluh\Documents\ci4\ci4\vendor\codeigniter4\framework\system\CodeIgniter.php(509): CodeIgniter\CodeIgniter->runController(Object(App\Controllers\Home))
#7 C:\Users\suluh\Documents\ci4\ci4\vendor\codeigniter4\framework\system\CodeIgniter.php(355): CodeIgniter\CodeIgniter->handleRequest(NULL, Object(Config\Cache), false)
#8 C:\Users\suluh\Documents\ci4\ci4\vendor\codeigniter4\framework\system\Boot.php(325): CodeIgniter\CodeIgniter->run()
#9 C:\Users\suluh\Documents\ci4\ci4\vendor\codeigniter4\framework\system\Boot.php(67): CodeIgniter\Boot::runCodeIgniter(Object(CodeIgniter\CodeIgniter))
#10 C:\Users\suluh\Documents\ci4\ci4\public\index.php(56): CodeIgniter\Boot::bootWeb(Object(Config\Paths))
#11 {main}
CRITICAL - 2024-10-28 09:27:49 --> CodeIgniter\Database\Exceptions\DatabaseException: Unable to connect to the database.
Main connection [MySQLi]: Unknown database 'sagara'
[Method: POST, Route: home/getSlider]
in SYSTEMPATH\Database\BaseConnection.php on line 467.
 1 SYSTEMPATH\Database\BaseConnection.php(616): CodeIgniter\Database\BaseConnection->initialize()
 2 SYSTEMPATH\Database\BaseBuilder.php(1644): CodeIgniter\Database\BaseConnection->query('SELECT *
FROM `slider`
WHERE `status` = :status:
AND `deleted_at` IS NULL', [...], false)
 3 SYSTEMPATH\Model.php(930): CodeIgniter\Database\BaseBuilder->get()
 4 APPPATH\Controllers\Home.php(56): CodeIgniter\Model->__call('get', [])
 5 SYSTEMPATH\CodeIgniter.php(933): App\Controllers\Home->getSlider()
 6 SYSTEMPATH\CodeIgniter.php(509): CodeIgniter\CodeIgniter->runController(Object(App\Controllers\Home))
 7 SYSTEMPATH\CodeIgniter.php(355): CodeIgniter\CodeIgniter->handleRequest(null, Object(Config\Cache), false)
 8 SYSTEMPATH\Boot.php(325): CodeIgniter\CodeIgniter->run()
 9 SYSTEMPATH\Boot.php(67): CodeIgniter\Boot::runCodeIgniter(Object(CodeIgniter\CodeIgniter))
10 FCPATH\index.php(56): CodeIgniter\Boot::bootWeb(Object(Config\Paths))
ERROR - 2024-10-28 09:27:49 --> Error connecting to the database: mysqli_sql_exception: Unknown database 'sagara' in C:\Users\suluh\Documents\ci4\ci4\vendor\codeigniter4\framework\system\Database\MySQLi\Connection.php:186
Stack trace:
#0 C:\Users\suluh\Documents\ci4\ci4\vendor\codeigniter4\framework\system\Database\MySQLi\Connection.php(186): mysqli->real_connect('localhost', 'root', Object(SensitiveParameterValue), 'sagara', 3306, '', 0)
#1 C:\Users\suluh\Documents\ci4\ci4\vendor\codeigniter4\framework\system\Database\BaseConnection.php(421): CodeIgniter\Database\MySQLi\Connection->connect(false)
#2 C:\Users\suluh\Documents\ci4\ci4\vendor\codeigniter4\framework\system\Database\BaseConnection.php(616): CodeIgniter\Database\BaseConnection->initialize()
#3 C:\Users\suluh\Documents\ci4\ci4\vendor\codeigniter4\framework\system\Database\BaseBuilder.php(1644): CodeIgniter\Database\BaseConnection->query('SELECT *\nFROM `...', Array, false)
#4 C:\Users\suluh\Documents\ci4\ci4\vendor\codeigniter4\framework\system\Model.php(930): CodeIgniter\Database\BaseBuilder->get()
#5 C:\Users\suluh\Documents\ci4\ci4\app\Controllers\Home.php(85): CodeIgniter\Model->__call('get', Array)
#6 C:\Users\suluh\Documents\ci4\ci4\vendor\codeigniter4\framework\system\CodeIgniter.php(933): App\Controllers\Home->getGroupProduct()
#7 C:\Users\suluh\Documents\ci4\ci4\vendor\codeigniter4\framework\system\CodeIgniter.php(509): CodeIgniter\CodeIgniter->runController(Object(App\Controllers\Home))
#8 C:\Users\suluh\Documents\ci4\ci4\vendor\codeigniter4\framework\system\CodeIgniter.php(355): CodeIgniter\CodeIgniter->handleRequest(NULL, Object(Config\Cache), false)
#9 C:\Users\suluh\Documents\ci4\ci4\vendor\codeigniter4\framework\system\Boot.php(325): CodeIgniter\CodeIgniter->run()
#10 C:\Users\suluh\Documents\ci4\ci4\vendor\codeigniter4\framework\system\Boot.php(67): CodeIgniter\Boot::runCodeIgniter(Object(CodeIgniter\CodeIgniter))
#11 C:\Users\suluh\Documents\ci4\ci4\public\index.php(56): CodeIgniter\Boot::bootWeb(Object(Config\Paths))
#12 {main}

Next CodeIgniter\Database\Exceptions\DatabaseException: Unknown database 'sagara' in C:\Users\suluh\Documents\ci4\ci4\vendor\codeigniter4\framework\system\Database\MySQLi\Connection.php:231
Stack trace:
#0 C:\Users\suluh\Documents\ci4\ci4\vendor\codeigniter4\framework\system\Database\BaseConnection.php(421): CodeIgniter\Database\MySQLi\Connection->connect(false)
#1 C:\Users\suluh\Documents\ci4\ci4\vendor\codeigniter4\framework\system\Database\BaseConnection.php(616): CodeIgniter\Database\BaseConnection->initialize()
#2 C:\Users\suluh\Documents\ci4\ci4\vendor\codeigniter4\framework\system\Database\BaseBuilder.php(1644): CodeIgniter\Database\BaseConnection->query('SELECT *\nFROM `...', Array, false)
#3 C:\Users\suluh\Documents\ci4\ci4\vendor\codeigniter4\framework\system\Model.php(930): CodeIgniter\Database\BaseBuilder->get()
#4 C:\Users\suluh\Documents\ci4\ci4\app\Controllers\Home.php(85): CodeIgniter\Model->__call('get', Array)
#5 C:\Users\suluh\Documents\ci4\ci4\vendor\codeigniter4\framework\system\CodeIgniter.php(933): App\Controllers\Home->getGroupProduct()
#6 C:\Users\suluh\Documents\ci4\ci4\vendor\codeigniter4\framework\system\CodeIgniter.php(509): CodeIgniter\CodeIgniter->runController(Object(App\Controllers\Home))
#7 C:\Users\suluh\Documents\ci4\ci4\vendor\codeigniter4\framework\system\CodeIgniter.php(355): CodeIgniter\CodeIgniter->handleRequest(NULL, Object(Config\Cache), false)
#8 C:\Users\suluh\Documents\ci4\ci4\vendor\codeigniter4\framework\system\Boot.php(325): CodeIgniter\CodeIgniter->run()
#9 C:\Users\suluh\Documents\ci4\ci4\vendor\codeigniter4\framework\system\Boot.php(67): CodeIgniter\Boot::runCodeIgniter(Object(CodeIgniter\CodeIgniter))
#10 C:\Users\suluh\Documents\ci4\ci4\public\index.php(56): CodeIgniter\Boot::bootWeb(Object(Config\Paths))
#11 {main}
CRITICAL - 2024-10-28 09:27:49 --> CodeIgniter\Database\Exceptions\DatabaseException: Unable to connect to the database.
Main connection [MySQLi]: Unknown database 'sagara'
[Method: POST, Route: home/getGroupProduct]
in SYSTEMPATH\Database\BaseConnection.php on line 467.
 1 SYSTEMPATH\Database\BaseConnection.php(616): CodeIgniter\Database\BaseConnection->initialize()
 2 SYSTEMPATH\Database\BaseBuilder.php(1644): CodeIgniter\Database\BaseConnection->query('SELECT *
FROM `product_group`
WHERE `deleted_at` IS NULL', [], false)
 3 SYSTEMPATH\Model.php(930): CodeIgniter\Database\BaseBuilder->get()
 4 APPPATH\Controllers\Home.php(85): CodeIgniter\Model->__call('get', [])
 5 SYSTEMPATH\CodeIgniter.php(933): App\Controllers\Home->getGroupProduct()
 6 SYSTEMPATH\CodeIgniter.php(509): CodeIgniter\CodeIgniter->runController(Object(App\Controllers\Home))
 7 SYSTEMPATH\CodeIgniter.php(355): CodeIgniter\CodeIgniter->handleRequest(null, Object(Config\Cache), false)
 8 SYSTEMPATH\Boot.php(325): CodeIgniter\CodeIgniter->run()
 9 SYSTEMPATH\Boot.php(67): CodeIgniter\Boot::runCodeIgniter(Object(CodeIgniter\CodeIgniter))
10 FCPATH\index.php(56): CodeIgniter\Boot::bootWeb(Object(Config\Paths))
ERROR - 2024-10-28 09:33:20 --> Error connecting to the database: mysqli_sql_exception: Unknown database 'sagara' in C:\Users\suluh\Documents\ci4\ci4\vendor\codeigniter4\framework\system\Database\MySQLi\Connection.php:186
Stack trace:
#0 C:\Users\suluh\Documents\ci4\ci4\vendor\codeigniter4\framework\system\Database\MySQLi\Connection.php(186): mysqli->real_connect('localhost', 'root', Object(SensitiveParameterValue), 'sagara', 3306, '', 0)
#1 C:\Users\suluh\Documents\ci4\ci4\vendor\codeigniter4\framework\system\Database\BaseConnection.php(421): CodeIgniter\Database\MySQLi\Connection->connect(false)
#2 C:\Users\suluh\Documents\ci4\ci4\vendor\codeigniter4\framework\system\Database\BaseConnection.php(616): CodeIgniter\Database\BaseConnection->initialize()
#3 C:\Users\suluh\Documents\ci4\ci4\vendor\codeigniter4\framework\system\Database\BaseBuilder.php(1644): CodeIgniter\Database\BaseConnection->query('SELECT *\nFROM `...', Array, false)
#4 C:\Users\suluh\Documents\ci4\ci4\vendor\codeigniter4\framework\system\Model.php(930): CodeIgniter\Database\BaseBuilder->get()
#5 C:\Users\suluh\Documents\ci4\ci4\app\Controllers\Home.php(19): CodeIgniter\Model->__call('get', Array)
#6 C:\Users\suluh\Documents\ci4\ci4\vendor\codeigniter4\framework\system\CodeIgniter.php(933): App\Controllers\Home->menu()
#7 C:\Users\suluh\Documents\ci4\ci4\vendor\codeigniter4\framework\system\CodeIgniter.php(509): CodeIgniter\CodeIgniter->runController(Object(App\Controllers\Home))
#8 C:\Users\suluh\Documents\ci4\ci4\vendor\codeigniter4\framework\system\CodeIgniter.php(355): CodeIgniter\CodeIgniter->handleRequest(NULL, Object(Config\Cache), false)
#9 C:\Users\suluh\Documents\ci4\ci4\vendor\codeigniter4\framework\system\Boot.php(325): CodeIgniter\CodeIgniter->run()
#10 C:\Users\suluh\Documents\ci4\ci4\vendor\codeigniter4\framework\system\Boot.php(67): CodeIgniter\Boot::runCodeIgniter(Object(CodeIgniter\CodeIgniter))
#11 C:\Users\suluh\Documents\ci4\public_html\index.php(56): CodeIgniter\Boot::bootWeb(Object(Config\Paths))
#12 {main}

Next CodeIgniter\Database\Exceptions\DatabaseException: Unknown database 'sagara' in C:\Users\suluh\Documents\ci4\ci4\vendor\codeigniter4\framework\system\Database\MySQLi\Connection.php:231
Stack trace:
#0 C:\Users\suluh\Documents\ci4\ci4\vendor\codeigniter4\framework\system\Database\BaseConnection.php(421): CodeIgniter\Database\MySQLi\Connection->connect(false)
#1 C:\Users\suluh\Documents\ci4\ci4\vendor\codeigniter4\framework\system\Database\BaseConnection.php(616): CodeIgniter\Database\BaseConnection->initialize()
#2 C:\Users\suluh\Documents\ci4\ci4\vendor\codeigniter4\framework\system\Database\BaseBuilder.php(1644): CodeIgniter\Database\BaseConnection->query('SELECT *\nFROM `...', Array, false)
#3 C:\Users\suluh\Documents\ci4\ci4\vendor\codeigniter4\framework\system\Model.php(930): CodeIgniter\Database\BaseBuilder->get()
#4 C:\Users\suluh\Documents\ci4\ci4\app\Controllers\Home.php(19): CodeIgniter\Model->__call('get', Array)
#5 C:\Users\suluh\Documents\ci4\ci4\vendor\codeigniter4\framework\system\CodeIgniter.php(933): App\Controllers\Home->menu()
#6 C:\Users\suluh\Documents\ci4\ci4\vendor\codeigniter4\framework\system\CodeIgniter.php(509): CodeIgniter\CodeIgniter->runController(Object(App\Controllers\Home))
#7 C:\Users\suluh\Documents\ci4\ci4\vendor\codeigniter4\framework\system\CodeIgniter.php(355): CodeIgniter\CodeIgniter->handleRequest(NULL, Object(Config\Cache), false)
#8 C:\Users\suluh\Documents\ci4\ci4\vendor\codeigniter4\framework\system\Boot.php(325): CodeIgniter\CodeIgniter->run()
#9 C:\Users\suluh\Documents\ci4\ci4\vendor\codeigniter4\framework\system\Boot.php(67): CodeIgniter\Boot::runCodeIgniter(Object(CodeIgniter\CodeIgniter))
#10 C:\Users\suluh\Documents\ci4\public_html\index.php(56): CodeIgniter\Boot::bootWeb(Object(Config\Paths))
#11 {main}
CRITICAL - 2024-10-28 09:33:20 --> CodeIgniter\Database\Exceptions\DatabaseException: Unable to connect to the database.
Main connection [MySQLi]: Unknown database 'sagara'
[Method: POST, Route: home/menu]
in SYSTEMPATH\Database\BaseConnection.php on line 467.
 1 SYSTEMPATH\Database\BaseConnection.php(616): CodeIgniter\Database\BaseConnection->initialize()
 2 SYSTEMPATH\Database\BaseBuilder.php(1644): CodeIgniter\Database\BaseConnection->query('SELECT *
FROM `page`
WHERE `id` != :id:
AND `deleted_at` IS NULL', [...], false)
 3 SYSTEMPATH\Model.php(930): CodeIgniter\Database\BaseBuilder->get()
 4 APPPATH\Controllers\Home.php(19): CodeIgniter\Model->__call('get', [])
 5 SYSTEMPATH\CodeIgniter.php(933): App\Controllers\Home->menu()
 6 SYSTEMPATH\CodeIgniter.php(509): CodeIgniter\CodeIgniter->runController(Object(App\Controllers\Home))
 7 SYSTEMPATH\CodeIgniter.php(355): CodeIgniter\CodeIgniter->handleRequest(null, Object(Config\Cache), false)
 8 SYSTEMPATH\Boot.php(325): CodeIgniter\CodeIgniter->run()
 9 SYSTEMPATH\Boot.php(67): CodeIgniter\Boot::runCodeIgniter(Object(CodeIgniter\CodeIgniter))
10 FCPATH\index.php(56): CodeIgniter\Boot::bootWeb(Object(Config\Paths))
ERROR - 2024-10-28 09:33:20 --> Error connecting to the database: mysqli_sql_exception: Unknown database 'sagara' in C:\Users\suluh\Documents\ci4\ci4\vendor\codeigniter4\framework\system\Database\MySQLi\Connection.php:186
Stack trace:
#0 C:\Users\suluh\Documents\ci4\ci4\vendor\codeigniter4\framework\system\Database\MySQLi\Connection.php(186): mysqli->real_connect('localhost', 'root', Object(SensitiveParameterValue), 'sagara', 3306, '', 0)
#1 C:\Users\suluh\Documents\ci4\ci4\vendor\codeigniter4\framework\system\Database\BaseConnection.php(421): CodeIgniter\Database\MySQLi\Connection->connect(false)
#2 C:\Users\suluh\Documents\ci4\ci4\vendor\codeigniter4\framework\system\Database\BaseConnection.php(616): CodeIgniter\Database\BaseConnection->initialize()
#3 C:\Users\suluh\Documents\ci4\ci4\vendor\codeigniter4\framework\system\Database\BaseBuilder.php(1644): CodeIgniter\Database\BaseConnection->query('SELECT *\nFROM `...', Array, false)
#4 C:\Users\suluh\Documents\ci4\ci4\vendor\codeigniter4\framework\system\Model.php(930): CodeIgniter\Database\BaseBuilder->get()
#5 C:\Users\suluh\Documents\ci4\ci4\app\Controllers\Home.php(56): CodeIgniter\Model->__call('get', Array)
#6 C:\Users\suluh\Documents\ci4\ci4\vendor\codeigniter4\framework\system\CodeIgniter.php(933): App\Controllers\Home->getSlider()
#7 C:\Users\suluh\Documents\ci4\ci4\vendor\codeigniter4\framework\system\CodeIgniter.php(509): CodeIgniter\CodeIgniter->runController(Object(App\Controllers\Home))
#8 C:\Users\suluh\Documents\ci4\ci4\vendor\codeigniter4\framework\system\CodeIgniter.php(355): CodeIgniter\CodeIgniter->handleRequest(NULL, Object(Config\Cache), false)
#9 C:\Users\suluh\Documents\ci4\ci4\vendor\codeigniter4\framework\system\Boot.php(325): CodeIgniter\CodeIgniter->run()
#10 C:\Users\suluh\Documents\ci4\ci4\vendor\codeigniter4\framework\system\Boot.php(67): CodeIgniter\Boot::runCodeIgniter(Object(CodeIgniter\CodeIgniter))
#11 C:\Users\suluh\Documents\ci4\public_html\index.php(56): CodeIgniter\Boot::bootWeb(Object(Config\Paths))
#12 {main}

Next CodeIgniter\Database\Exceptions\DatabaseException: Unknown database 'sagara' in C:\Users\suluh\Documents\ci4\ci4\vendor\codeigniter4\framework\system\Database\MySQLi\Connection.php:231
Stack trace:
#0 C:\Users\suluh\Documents\ci4\ci4\vendor\codeigniter4\framework\system\Database\BaseConnection.php(421): CodeIgniter\Database\MySQLi\Connection->connect(false)
#1 C:\Users\suluh\Documents\ci4\ci4\vendor\codeigniter4\framework\system\Database\BaseConnection.php(616): CodeIgniter\Database\BaseConnection->initialize()
#2 C:\Users\suluh\Documents\ci4\ci4\vendor\codeigniter4\framework\system\Database\BaseBuilder.php(1644): CodeIgniter\Database\BaseConnection->query('SELECT *\nFROM `...', Array, false)
#3 C:\Users\suluh\Documents\ci4\ci4\vendor\codeigniter4\framework\system\Model.php(930): CodeIgniter\Database\BaseBuilder->get()
#4 C:\Users\suluh\Documents\ci4\ci4\app\Controllers\Home.php(56): CodeIgniter\Model->__call('get', Array)
#5 C:\Users\suluh\Documents\ci4\ci4\vendor\codeigniter4\framework\system\CodeIgniter.php(933): App\Controllers\Home->getSlider()
#6 C:\Users\suluh\Documents\ci4\ci4\vendor\codeigniter4\framework\system\CodeIgniter.php(509): CodeIgniter\CodeIgniter->runController(Object(App\Controllers\Home))
#7 C:\Users\suluh\Documents\ci4\ci4\vendor\codeigniter4\framework\system\CodeIgniter.php(355): CodeIgniter\CodeIgniter->handleRequest(NULL, Object(Config\Cache), false)
#8 C:\Users\suluh\Documents\ci4\ci4\vendor\codeigniter4\framework\system\Boot.php(325): CodeIgniter\CodeIgniter->run()
#9 C:\Users\suluh\Documents\ci4\ci4\vendor\codeigniter4\framework\system\Boot.php(67): CodeIgniter\Boot::runCodeIgniter(Object(CodeIgniter\CodeIgniter))
#10 C:\Users\suluh\Documents\ci4\public_html\index.php(56): CodeIgniter\Boot::bootWeb(Object(Config\Paths))
#11 {main}
CRITICAL - 2024-10-28 09:33:20 --> CodeIgniter\Database\Exceptions\DatabaseException: Unable to connect to the database.
Main connection [MySQLi]: Unknown database 'sagara'
[Method: POST, Route: home/getSlider]
in SYSTEMPATH\Database\BaseConnection.php on line 467.
 1 SYSTEMPATH\Database\BaseConnection.php(616): CodeIgniter\Database\BaseConnection->initialize()
 2 SYSTEMPATH\Database\BaseBuilder.php(1644): CodeIgniter\Database\BaseConnection->query('SELECT *
FROM `slider`
WHERE `status` = :status:
AND `deleted_at` IS NULL', [...], false)
 3 SYSTEMPATH\Model.php(930): CodeIgniter\Database\BaseBuilder->get()
 4 APPPATH\Controllers\Home.php(56): CodeIgniter\Model->__call('get', [])
 5 SYSTEMPATH\CodeIgniter.php(933): App\Controllers\Home->getSlider()
 6 SYSTEMPATH\CodeIgniter.php(509): CodeIgniter\CodeIgniter->runController(Object(App\Controllers\Home))
 7 SYSTEMPATH\CodeIgniter.php(355): CodeIgniter\CodeIgniter->handleRequest(null, Object(Config\Cache), false)
 8 SYSTEMPATH\Boot.php(325): CodeIgniter\CodeIgniter->run()
 9 SYSTEMPATH\Boot.php(67): CodeIgniter\Boot::runCodeIgniter(Object(CodeIgniter\CodeIgniter))
10 FCPATH\index.php(56): CodeIgniter\Boot::bootWeb(Object(Config\Paths))
ERROR - 2024-10-28 09:33:20 --> Error connecting to the database: mysqli_sql_exception: Unknown database 'sagara' in C:\Users\suluh\Documents\ci4\ci4\vendor\codeigniter4\framework\system\Database\MySQLi\Connection.php:186
Stack trace:
#0 C:\Users\suluh\Documents\ci4\ci4\vendor\codeigniter4\framework\system\Database\MySQLi\Connection.php(186): mysqli->real_connect('localhost', 'root', Object(SensitiveParameterValue), 'sagara', 3306, '', 0)
#1 C:\Users\suluh\Documents\ci4\ci4\vendor\codeigniter4\framework\system\Database\BaseConnection.php(421): CodeIgniter\Database\MySQLi\Connection->connect(false)
#2 C:\Users\suluh\Documents\ci4\ci4\vendor\codeigniter4\framework\system\Database\BaseConnection.php(616): CodeIgniter\Database\BaseConnection->initialize()
#3 C:\Users\suluh\Documents\ci4\ci4\vendor\codeigniter4\framework\system\Database\BaseBuilder.php(1644): CodeIgniter\Database\BaseConnection->query('SELECT *\nFROM `...', Array, false)
#4 C:\Users\suluh\Documents\ci4\ci4\vendor\codeigniter4\framework\system\Model.php(930): CodeIgniter\Database\BaseBuilder->get()
#5 C:\Users\suluh\Documents\ci4\ci4\app\Controllers\Home.php(85): CodeIgniter\Model->__call('get', Array)
#6 C:\Users\suluh\Documents\ci4\ci4\vendor\codeigniter4\framework\system\CodeIgniter.php(933): App\Controllers\Home->getGroupProduct()
#7 C:\Users\suluh\Documents\ci4\ci4\vendor\codeigniter4\framework\system\CodeIgniter.php(509): CodeIgniter\CodeIgniter->runController(Object(App\Controllers\Home))
#8 C:\Users\suluh\Documents\ci4\ci4\vendor\codeigniter4\framework\system\CodeIgniter.php(355): CodeIgniter\CodeIgniter->handleRequest(NULL, Object(Config\Cache), false)
#9 C:\Users\suluh\Documents\ci4\ci4\vendor\codeigniter4\framework\system\Boot.php(325): CodeIgniter\CodeIgniter->run()
#10 C:\Users\suluh\Documents\ci4\ci4\vendor\codeigniter4\framework\system\Boot.php(67): CodeIgniter\Boot::runCodeIgniter(Object(CodeIgniter\CodeIgniter))
#11 C:\Users\suluh\Documents\ci4\public_html\index.php(56): CodeIgniter\Boot::bootWeb(Object(Config\Paths))
#12 {main}

Next CodeIgniter\Database\Exceptions\DatabaseException: Unknown database 'sagara' in C:\Users\suluh\Documents\ci4\ci4\vendor\codeigniter4\framework\system\Database\MySQLi\Connection.php:231
Stack trace:
#0 C:\Users\suluh\Documents\ci4\ci4\vendor\codeigniter4\framework\system\Database\BaseConnection.php(421): CodeIgniter\Database\MySQLi\Connection->connect(false)
#1 C:\Users\suluh\Documents\ci4\ci4\vendor\codeigniter4\framework\system\Database\BaseConnection.php(616): CodeIgniter\Database\BaseConnection->initialize()
#2 C:\Users\suluh\Documents\ci4\ci4\vendor\codeigniter4\framework\system\Database\BaseBuilder.php(1644): CodeIgniter\Database\BaseConnection->query('SELECT *\nFROM `...', Array, false)
#3 C:\Users\suluh\Documents\ci4\ci4\vendor\codeigniter4\framework\system\Model.php(930): CodeIgniter\Database\BaseBuilder->get()
#4 C:\Users\suluh\Documents\ci4\ci4\app\Controllers\Home.php(85): CodeIgniter\Model->__call('get', Array)
#5 C:\Users\suluh\Documents\ci4\ci4\vendor\codeigniter4\framework\system\CodeIgniter.php(933): App\Controllers\Home->getGroupProduct()
#6 C:\Users\suluh\Documents\ci4\ci4\vendor\codeigniter4\framework\system\CodeIgniter.php(509): CodeIgniter\CodeIgniter->runController(Object(App\Controllers\Home))
#7 C:\Users\suluh\Documents\ci4\ci4\vendor\codeigniter4\framework\system\CodeIgniter.php(355): CodeIgniter\CodeIgniter->handleRequest(NULL, Object(Config\Cache), false)
#8 C:\Users\suluh\Documents\ci4\ci4\vendor\codeigniter4\framework\system\Boot.php(325): CodeIgniter\CodeIgniter->run()
#9 C:\Users\suluh\Documents\ci4\ci4\vendor\codeigniter4\framework\system\Boot.php(67): CodeIgniter\Boot::runCodeIgniter(Object(CodeIgniter\CodeIgniter))
#10 C:\Users\suluh\Documents\ci4\public_html\index.php(56): CodeIgniter\Boot::bootWeb(Object(Config\Paths))
#11 {main}
CRITICAL - 2024-10-28 09:33:20 --> CodeIgniter\Database\Exceptions\DatabaseException: Unable to connect to the database.
Main connection [MySQLi]: Unknown database 'sagara'
[Method: POST, Route: home/getGroupProduct]
in SYSTEMPATH\Database\BaseConnection.php on line 467.
 1 SYSTEMPATH\Database\BaseConnection.php(616): CodeIgniter\Database\BaseConnection->initialize()
 2 SYSTEMPATH\Database\BaseBuilder.php(1644): CodeIgniter\Database\BaseConnection->query('SELECT *
FROM `product_group`
WHERE `deleted_at` IS NULL', [], false)
 3 SYSTEMPATH\Model.php(930): CodeIgniter\Database\BaseBuilder->get()
 4 APPPATH\Controllers\Home.php(85): CodeIgniter\Model->__call('get', [])
 5 SYSTEMPATH\CodeIgniter.php(933): App\Controllers\Home->getGroupProduct()
 6 SYSTEMPATH\CodeIgniter.php(509): CodeIgniter\CodeIgniter->runController(Object(App\Controllers\Home))
 7 SYSTEMPATH\CodeIgniter.php(355): CodeIgniter\CodeIgniter->handleRequest(null, Object(Config\Cache), false)
 8 SYSTEMPATH\Boot.php(325): CodeIgniter\CodeIgniter->run()
 9 SYSTEMPATH\Boot.php(67): CodeIgniter\Boot::runCodeIgniter(Object(CodeIgniter\CodeIgniter))
10 FCPATH\index.php(56): CodeIgniter\Boot::bootWeb(Object(Config\Paths))
ERROR - 2024-10-28 09:34:29 --> Error connecting to the database: mysqli_sql_exception: Unknown database 'sagara' in C:\Users\suluh\Documents\ci4\ci4\vendor\codeigniter4\framework\system\Database\MySQLi\Connection.php:186
Stack trace:
#0 C:\Users\suluh\Documents\ci4\ci4\vendor\codeigniter4\framework\system\Database\MySQLi\Connection.php(186): mysqli->real_connect('localhost', 'root', Object(SensitiveParameterValue), 'sagara', 3306, '', 0)
#1 C:\Users\suluh\Documents\ci4\ci4\vendor\codeigniter4\framework\system\Database\BaseConnection.php(421): CodeIgniter\Database\MySQLi\Connection->connect(false)
#2 C:\Users\suluh\Documents\ci4\ci4\vendor\codeigniter4\framework\system\Database\BaseConnection.php(616): CodeIgniter\Database\BaseConnection->initialize()
#3 C:\Users\suluh\Documents\ci4\ci4\vendor\codeigniter4\framework\system\Database\BaseBuilder.php(1644): CodeIgniter\Database\BaseConnection->query('SELECT *\nFROM `...', Array, false)
#4 C:\Users\suluh\Documents\ci4\ci4\vendor\codeigniter4\framework\system\Model.php(930): CodeIgniter\Database\BaseBuilder->get()
#5 C:\Users\suluh\Documents\ci4\ci4\app\Controllers\Home.php(19): CodeIgniter\Model->__call('get', Array)
#6 C:\Users\suluh\Documents\ci4\ci4\vendor\codeigniter4\framework\system\CodeIgniter.php(933): App\Controllers\Home->menu()
#7 C:\Users\suluh\Documents\ci4\ci4\vendor\codeigniter4\framework\system\CodeIgniter.php(509): CodeIgniter\CodeIgniter->runController(Object(App\Controllers\Home))
#8 C:\Users\suluh\Documents\ci4\ci4\vendor\codeigniter4\framework\system\CodeIgniter.php(355): CodeIgniter\CodeIgniter->handleRequest(NULL, Object(Config\Cache), false)
#9 C:\Users\suluh\Documents\ci4\ci4\vendor\codeigniter4\framework\system\Boot.php(325): CodeIgniter\CodeIgniter->run()
#10 C:\Users\suluh\Documents\ci4\ci4\vendor\codeigniter4\framework\system\Boot.php(67): CodeIgniter\Boot::runCodeIgniter(Object(CodeIgniter\CodeIgniter))
#11 C:\Users\suluh\Documents\ci4\public_html\index.php(56): CodeIgniter\Boot::bootWeb(Object(Config\Paths))
#12 {main}

Next CodeIgniter\Database\Exceptions\DatabaseException: Unknown database 'sagara' in C:\Users\suluh\Documents\ci4\ci4\vendor\codeigniter4\framework\system\Database\MySQLi\Connection.php:231
Stack trace:
#0 C:\Users\suluh\Documents\ci4\ci4\vendor\codeigniter4\framework\system\Database\BaseConnection.php(421): CodeIgniter\Database\MySQLi\Connection->connect(false)
#1 C:\Users\suluh\Documents\ci4\ci4\vendor\codeigniter4\framework\system\Database\BaseConnection.php(616): CodeIgniter\Database\BaseConnection->initialize()
#2 C:\Users\suluh\Documents\ci4\ci4\vendor\codeigniter4\framework\system\Database\BaseBuilder.php(1644): CodeIgniter\Database\BaseConnection->query('SELECT *\nFROM `...', Array, false)
#3 C:\Users\suluh\Documents\ci4\ci4\vendor\codeigniter4\framework\system\Model.php(930): CodeIgniter\Database\BaseBuilder->get()
#4 C:\Users\suluh\Documents\ci4\ci4\app\Controllers\Home.php(19): CodeIgniter\Model->__call('get', Array)
#5 C:\Users\suluh\Documents\ci4\ci4\vendor\codeigniter4\framework\system\CodeIgniter.php(933): App\Controllers\Home->menu()
#6 C:\Users\suluh\Documents\ci4\ci4\vendor\codeigniter4\framework\system\CodeIgniter.php(509): CodeIgniter\CodeIgniter->runController(Object(App\Controllers\Home))
#7 C:\Users\suluh\Documents\ci4\ci4\vendor\codeigniter4\framework\system\CodeIgniter.php(355): CodeIgniter\CodeIgniter->handleRequest(NULL, Object(Config\Cache), false)
#8 C:\Users\suluh\Documents\ci4\ci4\vendor\codeigniter4\framework\system\Boot.php(325): CodeIgniter\CodeIgniter->run()
#9 C:\Users\suluh\Documents\ci4\ci4\vendor\codeigniter4\framework\system\Boot.php(67): CodeIgniter\Boot::runCodeIgniter(Object(CodeIgniter\CodeIgniter))
#10 C:\Users\suluh\Documents\ci4\public_html\index.php(56): CodeIgniter\Boot::bootWeb(Object(Config\Paths))
#11 {main}
CRITICAL - 2024-10-28 09:34:29 --> CodeIgniter\Database\Exceptions\DatabaseException: Unable to connect to the database.
Main connection [MySQLi]: Unknown database 'sagara'
[Method: POST, Route: home/menu]
in SYSTEMPATH\Database\BaseConnection.php on line 467.
 1 SYSTEMPATH\Database\BaseConnection.php(616): CodeIgniter\Database\BaseConnection->initialize()
 2 SYSTEMPATH\Database\BaseBuilder.php(1644): CodeIgniter\Database\BaseConnection->query('SELECT *
FROM `page`
WHERE `id` != :id:
AND `deleted_at` IS NULL', [...], false)
 3 SYSTEMPATH\Model.php(930): CodeIgniter\Database\BaseBuilder->get()
 4 APPPATH\Controllers\Home.php(19): CodeIgniter\Model->__call('get', [])
 5 SYSTEMPATH\CodeIgniter.php(933): App\Controllers\Home->menu()
 6 SYSTEMPATH\CodeIgniter.php(509): CodeIgniter\CodeIgniter->runController(Object(App\Controllers\Home))
 7 SYSTEMPATH\CodeIgniter.php(355): CodeIgniter\CodeIgniter->handleRequest(null, Object(Config\Cache), false)
 8 SYSTEMPATH\Boot.php(325): CodeIgniter\CodeIgniter->run()
 9 SYSTEMPATH\Boot.php(67): CodeIgniter\Boot::runCodeIgniter(Object(CodeIgniter\CodeIgniter))
10 FCPATH\index.php(56): CodeIgniter\Boot::bootWeb(Object(Config\Paths))
ERROR - 2024-10-28 09:34:29 --> Error connecting to the database: mysqli_sql_exception: Unknown database 'sagara' in C:\Users\suluh\Documents\ci4\ci4\vendor\codeigniter4\framework\system\Database\MySQLi\Connection.php:186
Stack trace:
#0 C:\Users\suluh\Documents\ci4\ci4\vendor\codeigniter4\framework\system\Database\MySQLi\Connection.php(186): mysqli->real_connect('localhost', 'root', Object(SensitiveParameterValue), 'sagara', 3306, '', 0)
#1 C:\Users\suluh\Documents\ci4\ci4\vendor\codeigniter4\framework\system\Database\BaseConnection.php(421): CodeIgniter\Database\MySQLi\Connection->connect(false)
#2 C:\Users\suluh\Documents\ci4\ci4\vendor\codeigniter4\framework\system\Database\BaseConnection.php(616): CodeIgniter\Database\BaseConnection->initialize()
#3 C:\Users\suluh\Documents\ci4\ci4\vendor\codeigniter4\framework\system\Database\BaseBuilder.php(1644): CodeIgniter\Database\BaseConnection->query('SELECT *\nFROM `...', Array, false)
#4 C:\Users\suluh\Documents\ci4\ci4\vendor\codeigniter4\framework\system\Model.php(930): CodeIgniter\Database\BaseBuilder->get()
#5 C:\Users\suluh\Documents\ci4\ci4\app\Controllers\Home.php(56): CodeIgniter\Model->__call('get', Array)
#6 C:\Users\suluh\Documents\ci4\ci4\vendor\codeigniter4\framework\system\CodeIgniter.php(933): App\Controllers\Home->getSlider()
#7 C:\Users\suluh\Documents\ci4\ci4\vendor\codeigniter4\framework\system\CodeIgniter.php(509): CodeIgniter\CodeIgniter->runController(Object(App\Controllers\Home))
#8 C:\Users\suluh\Documents\ci4\ci4\vendor\codeigniter4\framework\system\CodeIgniter.php(355): CodeIgniter\CodeIgniter->handleRequest(NULL, Object(Config\Cache), false)
#9 C:\Users\suluh\Documents\ci4\ci4\vendor\codeigniter4\framework\system\Boot.php(325): CodeIgniter\CodeIgniter->run()
#10 C:\Users\suluh\Documents\ci4\ci4\vendor\codeigniter4\framework\system\Boot.php(67): CodeIgniter\Boot::runCodeIgniter(Object(CodeIgniter\CodeIgniter))
#11 C:\Users\suluh\Documents\ci4\public_html\index.php(56): CodeIgniter\Boot::bootWeb(Object(Config\Paths))
#12 {main}

Next CodeIgniter\Database\Exceptions\DatabaseException: Unknown database 'sagara' in C:\Users\suluh\Documents\ci4\ci4\vendor\codeigniter4\framework\system\Database\MySQLi\Connection.php:231
Stack trace:
#0 C:\Users\suluh\Documents\ci4\ci4\vendor\codeigniter4\framework\system\Database\BaseConnection.php(421): CodeIgniter\Database\MySQLi\Connection->connect(false)
#1 C:\Users\suluh\Documents\ci4\ci4\vendor\codeigniter4\framework\system\Database\BaseConnection.php(616): CodeIgniter\Database\BaseConnection->initialize()
#2 C:\Users\suluh\Documents\ci4\ci4\vendor\codeigniter4\framework\system\Database\BaseBuilder.php(1644): CodeIgniter\Database\BaseConnection->query('SELECT *\nFROM `...', Array, false)
#3 C:\Users\suluh\Documents\ci4\ci4\vendor\codeigniter4\framework\system\Model.php(930): CodeIgniter\Database\BaseBuilder->get()
#4 C:\Users\suluh\Documents\ci4\ci4\app\Controllers\Home.php(56): CodeIgniter\Model->__call('get', Array)
#5 C:\Users\suluh\Documents\ci4\ci4\vendor\codeigniter4\framework\system\CodeIgniter.php(933): App\Controllers\Home->getSlider()
#6 C:\Users\suluh\Documents\ci4\ci4\vendor\codeigniter4\framework\system\CodeIgniter.php(509): CodeIgniter\CodeIgniter->runController(Object(App\Controllers\Home))
#7 C:\Users\suluh\Documents\ci4\ci4\vendor\codeigniter4\framework\system\CodeIgniter.php(355): CodeIgniter\CodeIgniter->handleRequest(NULL, Object(Config\Cache), false)
#8 C:\Users\suluh\Documents\ci4\ci4\vendor\codeigniter4\framework\system\Boot.php(325): CodeIgniter\CodeIgniter->run()
#9 C:\Users\suluh\Documents\ci4\ci4\vendor\codeigniter4\framework\system\Boot.php(67): CodeIgniter\Boot::runCodeIgniter(Object(CodeIgniter\CodeIgniter))
#10 C:\Users\suluh\Documents\ci4\public_html\index.php(56): CodeIgniter\Boot::bootWeb(Object(Config\Paths))
#11 {main}
CRITICAL - 2024-10-28 09:34:29 --> CodeIgniter\Database\Exceptions\DatabaseException: Unable to connect to the database.
Main connection [MySQLi]: Unknown database 'sagara'
[Method: POST, Route: home/getSlider]
in SYSTEMPATH\Database\BaseConnection.php on line 467.
 1 SYSTEMPATH\Database\BaseConnection.php(616): CodeIgniter\Database\BaseConnection->initialize()
 2 SYSTEMPATH\Database\BaseBuilder.php(1644): CodeIgniter\Database\BaseConnection->query('SELECT *
FROM `slider`
WHERE `status` = :status:
AND `deleted_at` IS NULL', [...], false)
 3 SYSTEMPATH\Model.php(930): CodeIgniter\Database\BaseBuilder->get()
 4 APPPATH\Controllers\Home.php(56): CodeIgniter\Model->__call('get', [])
 5 SYSTEMPATH\CodeIgniter.php(933): App\Controllers\Home->getSlider()
 6 SYSTEMPATH\CodeIgniter.php(509): CodeIgniter\CodeIgniter->runController(Object(App\Controllers\Home))
 7 SYSTEMPATH\CodeIgniter.php(355): CodeIgniter\CodeIgniter->handleRequest(null, Object(Config\Cache), false)
 8 SYSTEMPATH\Boot.php(325): CodeIgniter\CodeIgniter->run()
 9 SYSTEMPATH\Boot.php(67): CodeIgniter\Boot::runCodeIgniter(Object(CodeIgniter\CodeIgniter))
10 FCPATH\index.php(56): CodeIgniter\Boot::bootWeb(Object(Config\Paths))
ERROR - 2024-10-28 09:34:29 --> Error connecting to the database: mysqli_sql_exception: Unknown database 'sagara' in C:\Users\suluh\Documents\ci4\ci4\vendor\codeigniter4\framework\system\Database\MySQLi\Connection.php:186
Stack trace:
#0 C:\Users\suluh\Documents\ci4\ci4\vendor\codeigniter4\framework\system\Database\MySQLi\Connection.php(186): mysqli->real_connect('localhost', 'root', Object(SensitiveParameterValue), 'sagara', 3306, '', 0)
#1 C:\Users\suluh\Documents\ci4\ci4\vendor\codeigniter4\framework\system\Database\BaseConnection.php(421): CodeIgniter\Database\MySQLi\Connection->connect(false)
#2 C:\Users\suluh\Documents\ci4\ci4\vendor\codeigniter4\framework\system\Database\BaseConnection.php(616): CodeIgniter\Database\BaseConnection->initialize()
#3 C:\Users\suluh\Documents\ci4\ci4\vendor\codeigniter4\framework\system\Database\BaseBuilder.php(1644): CodeIgniter\Database\BaseConnection->query('SELECT *\nFROM `...', Array, false)
#4 C:\Users\suluh\Documents\ci4\ci4\vendor\codeigniter4\framework\system\Model.php(930): CodeIgniter\Database\BaseBuilder->get()
#5 C:\Users\suluh\Documents\ci4\ci4\app\Controllers\Home.php(85): CodeIgniter\Model->__call('get', Array)
#6 C:\Users\suluh\Documents\ci4\ci4\vendor\codeigniter4\framework\system\CodeIgniter.php(933): App\Controllers\Home->getGroupProduct()
#7 C:\Users\suluh\Documents\ci4\ci4\vendor\codeigniter4\framework\system\CodeIgniter.php(509): CodeIgniter\CodeIgniter->runController(Object(App\Controllers\Home))
#8 C:\Users\suluh\Documents\ci4\ci4\vendor\codeigniter4\framework\system\CodeIgniter.php(355): CodeIgniter\CodeIgniter->handleRequest(NULL, Object(Config\Cache), false)
#9 C:\Users\suluh\Documents\ci4\ci4\vendor\codeigniter4\framework\system\Boot.php(325): CodeIgniter\CodeIgniter->run()
#10 C:\Users\suluh\Documents\ci4\ci4\vendor\codeigniter4\framework\system\Boot.php(67): CodeIgniter\Boot::runCodeIgniter(Object(CodeIgniter\CodeIgniter))
#11 C:\Users\suluh\Documents\ci4\public_html\index.php(56): CodeIgniter\Boot::bootWeb(Object(Config\Paths))
#12 {main}

Next CodeIgniter\Database\Exceptions\DatabaseException: Unknown database 'sagara' in C:\Users\suluh\Documents\ci4\ci4\vendor\codeigniter4\framework\system\Database\MySQLi\Connection.php:231
Stack trace:
#0 C:\Users\suluh\Documents\ci4\ci4\vendor\codeigniter4\framework\system\Database\BaseConnection.php(421): CodeIgniter\Database\MySQLi\Connection->connect(false)
#1 C:\Users\suluh\Documents\ci4\ci4\vendor\codeigniter4\framework\system\Database\BaseConnection.php(616): CodeIgniter\Database\BaseConnection->initialize()
#2 C:\Users\suluh\Documents\ci4\ci4\vendor\codeigniter4\framework\system\Database\BaseBuilder.php(1644): CodeIgniter\Database\BaseConnection->query('SELECT *\nFROM `...', Array, false)
#3 C:\Users\suluh\Documents\ci4\ci4\vendor\codeigniter4\framework\system\Model.php(930): CodeIgniter\Database\BaseBuilder->get()
#4 C:\Users\suluh\Documents\ci4\ci4\app\Controllers\Home.php(85): CodeIgniter\Model->__call('get', Array)
#5 C:\Users\suluh\Documents\ci4\ci4\vendor\codeigniter4\framework\system\CodeIgniter.php(933): App\Controllers\Home->getGroupProduct()
#6 C:\Users\suluh\Documents\ci4\ci4\vendor\codeigniter4\framework\system\CodeIgniter.php(509): CodeIgniter\CodeIgniter->runController(Object(App\Controllers\Home))
#7 C:\Users\suluh\Documents\ci4\ci4\vendor\codeigniter4\framework\system\CodeIgniter.php(355): CodeIgniter\CodeIgniter->handleRequest(NULL, Object(Config\Cache), false)
#8 C:\Users\suluh\Documents\ci4\ci4\vendor\codeigniter4\framework\system\Boot.php(325): CodeIgniter\CodeIgniter->run()
#9 C:\Users\suluh\Documents\ci4\ci4\vendor\codeigniter4\framework\system\Boot.php(67): CodeIgniter\Boot::runCodeIgniter(Object(CodeIgniter\CodeIgniter))
#10 C:\Users\suluh\Documents\ci4\public_html\index.php(56): CodeIgniter\Boot::bootWeb(Object(Config\Paths))
#11 {main}
CRITICAL - 2024-10-28 09:34:29 --> CodeIgniter\Database\Exceptions\DatabaseException: Unable to connect to the database.
Main connection [MySQLi]: Unknown database 'sagara'
[Method: POST, Route: home/getGroupProduct]
in SYSTEMPATH\Database\BaseConnection.php on line 467.
 1 SYSTEMPATH\Database\BaseConnection.php(616): CodeIgniter\Database\BaseConnection->initialize()
 2 SYSTEMPATH\Database\BaseBuilder.php(1644): CodeIgniter\Database\BaseConnection->query('SELECT *
FROM `product_group`
WHERE `deleted_at` IS NULL', [], false)
 3 SYSTEMPATH\Model.php(930): CodeIgniter\Database\BaseBuilder->get()
 4 APPPATH\Controllers\Home.php(85): CodeIgniter\Model->__call('get', [])
 5 SYSTEMPATH\CodeIgniter.php(933): App\Controllers\Home->getGroupProduct()
 6 SYSTEMPATH\CodeIgniter.php(509): CodeIgniter\CodeIgniter->runController(Object(App\Controllers\Home))
 7 SYSTEMPATH\CodeIgniter.php(355): CodeIgniter\CodeIgniter->handleRequest(null, Object(Config\Cache), false)
 8 SYSTEMPATH\Boot.php(325): CodeIgniter\CodeIgniter->run()
 9 SYSTEMPATH\Boot.php(67): CodeIgniter\Boot::runCodeIgniter(Object(CodeIgniter\CodeIgniter))
10 FCPATH\index.php(56): CodeIgniter\Boot::bootWeb(Object(Config\Paths))
INFO - 2024-10-28 09:34:38 --> Session: Class initialized using 'CodeIgniter\Session\Handlers\FileHandler' driver.
INFO - 2024-10-28 09:34:39 --> Session: Class initialized using 'CodeIgniter\Session\Handlers\FileHandler' driver.
ERROR - 2024-10-28 09:34:39 --> Error connecting to the database: mysqli_sql_exception: Unknown database 'sagara' in C:\Users\suluh\Documents\ci4\ci4\vendor\codeigniter4\framework\system\Database\MySQLi\Connection.php:186
Stack trace:
#0 C:\Users\suluh\Documents\ci4\ci4\vendor\codeigniter4\framework\system\Database\MySQLi\Connection.php(186): mysqli->real_connect('localhost', 'root', Object(SensitiveParameterValue), 'sagara', 3306, '', 0)
#1 C:\Users\suluh\Documents\ci4\ci4\vendor\codeigniter4\framework\system\Database\BaseConnection.php(421): CodeIgniter\Database\MySQLi\Connection->connect(false)
#2 C:\Users\suluh\Documents\ci4\ci4\vendor\codeigniter4\framework\system\Database\BaseConnection.php(616): CodeIgniter\Database\BaseConnection->initialize()
#3 C:\Users\suluh\Documents\ci4\ci4\vendor\codeigniter4\framework\system\Database\BaseBuilder.php(1728): CodeIgniter\Database\BaseConnection->query('SELECT COUNT(*)...', Array, false)
#4 C:\Users\suluh\Documents\ci4\ci4\vendor\codeigniter4\framework\system\Model.php(678): CodeIgniter\Database\BaseBuilder->countAllResults(true)
#5 C:\Users\suluh\Documents\ci4\ci4\app\Controllers\Login.php(250): CodeIgniter\Model->countAllResults()
#6 C:\Users\suluh\Documents\ci4\ci4\vendor\codeigniter4\framework\system\CodeIgniter.php(933): App\Controllers\Login->index()
#7 C:\Users\suluh\Documents\ci4\ci4\vendor\codeigniter4\framework\system\CodeIgniter.php(509): CodeIgniter\CodeIgniter->runController(Object(App\Controllers\Login))
#8 C:\Users\suluh\Documents\ci4\ci4\vendor\codeigniter4\framework\system\CodeIgniter.php(355): CodeIgniter\CodeIgniter->handleRequest(NULL, Object(Config\Cache), false)
#9 C:\Users\suluh\Documents\ci4\ci4\vendor\codeigniter4\framework\system\Boot.php(325): CodeIgniter\CodeIgniter->run()
#10 C:\Users\suluh\Documents\ci4\ci4\vendor\codeigniter4\framework\system\Boot.php(67): CodeIgniter\Boot::runCodeIgniter(Object(CodeIgniter\CodeIgniter))
#11 C:\Users\suluh\Documents\ci4\ci4\public\index.php(56): CodeIgniter\Boot::bootWeb(Object(Config\Paths))
#12 {main}

Next CodeIgniter\Database\Exceptions\DatabaseException: Unknown database 'sagara' in C:\Users\suluh\Documents\ci4\ci4\vendor\codeigniter4\framework\system\Database\MySQLi\Connection.php:231
Stack trace:
#0 C:\Users\suluh\Documents\ci4\ci4\vendor\codeigniter4\framework\system\Database\BaseConnection.php(421): CodeIgniter\Database\MySQLi\Connection->connect(false)
#1 C:\Users\suluh\Documents\ci4\ci4\vendor\codeigniter4\framework\system\Database\BaseConnection.php(616): CodeIgniter\Database\BaseConnection->initialize()
#2 C:\Users\suluh\Documents\ci4\ci4\vendor\codeigniter4\framework\system\Database\BaseBuilder.php(1728): CodeIgniter\Database\BaseConnection->query('SELECT COUNT(*)...', Array, false)
#3 C:\Users\suluh\Documents\ci4\ci4\vendor\codeigniter4\framework\system\Model.php(678): CodeIgniter\Database\BaseBuilder->countAllResults(true)
#4 C:\Users\suluh\Documents\ci4\ci4\app\Controllers\Login.php(250): CodeIgniter\Model->countAllResults()
#5 C:\Users\suluh\Documents\ci4\ci4\vendor\codeigniter4\framework\system\CodeIgniter.php(933): App\Controllers\Login->index()
#6 C:\Users\suluh\Documents\ci4\ci4\vendor\codeigniter4\framework\system\CodeIgniter.php(509): CodeIgniter\CodeIgniter->runController(Object(App\Controllers\Login))
#7 C:\Users\suluh\Documents\ci4\ci4\vendor\codeigniter4\framework\system\CodeIgniter.php(355): CodeIgniter\CodeIgniter->handleRequest(NULL, Object(Config\Cache), false)
#8 C:\Users\suluh\Documents\ci4\ci4\vendor\codeigniter4\framework\system\Boot.php(325): CodeIgniter\CodeIgniter->run()
#9 C:\Users\suluh\Documents\ci4\ci4\vendor\codeigniter4\framework\system\Boot.php(67): CodeIgniter\Boot::runCodeIgniter(Object(CodeIgniter\CodeIgniter))
#10 C:\Users\suluh\Documents\ci4\ci4\public\index.php(56): CodeIgniter\Boot::bootWeb(Object(Config\Paths))
#11 {main}
CRITICAL - 2024-10-28 09:34:39 --> CodeIgniter\Database\Exceptions\DatabaseException: Unable to connect to the database.
Main connection [MySQLi]: Unknown database 'sagara'
[Method: GET, Route: admin/login]
in SYSTEMPATH\Database\BaseConnection.php on line 467.
 1 SYSTEMPATH\Database\BaseConnection.php(616): CodeIgniter\Database\BaseConnection->initialize()
 2 SYSTEMPATH\Database\BaseBuilder.php(1728): CodeIgniter\Database\BaseConnection->query('SELECT COUNT(*) AS `numrows`
FROM `user`', [], false)
 3 SYSTEMPATH\Model.php(678): CodeIgniter\Database\BaseBuilder->countAllResults(true)
 4 APPPATH\Controllers\Login.php(250): CodeIgniter\Model->countAllResults()
 5 SYSTEMPATH\CodeIgniter.php(933): App\Controllers\Login->index()
 6 SYSTEMPATH\CodeIgniter.php(509): CodeIgniter\CodeIgniter->runController(Object(App\Controllers\Login))
 7 SYSTEMPATH\CodeIgniter.php(355): CodeIgniter\CodeIgniter->handleRequest(null, Object(Config\Cache), false)
 8 SYSTEMPATH\Boot.php(325): CodeIgniter\CodeIgniter->run()
 9 SYSTEMPATH\Boot.php(67): CodeIgniter\Boot::runCodeIgniter(Object(CodeIgniter\CodeIgniter))
10 FCPATH\index.php(56): CodeIgniter\Boot::bootWeb(Object(Config\Paths))
INFO - 2024-10-28 09:43:29 --> Session: Class initialized using 'CodeIgniter\Session\Handlers\FileHandler' driver.
INFO - 2024-10-28 09:43:29 --> Session: Class initialized using 'CodeIgniter\Session\Handlers\FileHandler' driver.
INFO - 2024-10-28 09:43:29 --> Session: Class initialized using 'CodeIgniter\Session\Handlers\FileHandler' driver.
INFO - 2024-10-28 09:43:58 --> Session: Class initialized using 'CodeIgniter\Session\Handlers\FileHandler' driver.
INFO - 2024-10-28 09:43:59 --> Session: Class initialized using 'CodeIgniter\Session\Handlers\FileHandler' driver.
INFO - 2024-10-28 09:44:11 --> Session: Class initialized using 'CodeIgniter\Session\Handlers\FileHandler' driver.
INFO - 2024-10-28 09:44:12 --> Session: Class initialized using 'CodeIgniter\Session\Handlers\FileHandler' driver.
INFO - 2024-10-28 09:44:12 --> Session: Class initialized using 'CodeIgniter\Session\Handlers\FileHandler' driver.
INFO - 2024-10-28 09:50:50 --> Session: Class initialized using 'CodeIgniter\Session\Handlers\FileHandler' driver.
