CRITICAL - 2024-09-28 03:20:05 --> CodeIgniter\View\Exceptions\ViewException: Invalid file: "content/topbar.php"
[Method: GET, Route: /]
in SYSTEMPATH\Exceptions\FrameworkException.php on line 41.
 1 SYSTEMPATH\View\View.php(222): CodeIgniter\Exceptions\FrameworkException::forInvalidFile('content/topbar.php')
 2 SYSTEMPATH\View\View.php(487): CodeIgniter\View\View->render('content/topbar', null, true)
 3 APPPATH\Views\frontend\index.php(43): CodeIgniter\View\View->include('content/topbar')
 4 SYSTEMPATH\View\View.php(234): include('C:\\laragon\\www\\gereja\\app\\Views\\frontend\\index.php')
 5 SYSTEMPATH\View\View.php(237): CodeIgniter\View\View->CodeIgniter\View\{closure}()
 6 SYSTEMPATH\Common.php(1169): CodeIgniter\View\View->render('frontend/index', [], true)
 7 APPPATH\Controllers\Home.php(9): view('frontend/index')
 8 SYSTEMPATH\CodeIgniter.php(933): App\Controllers\Home->index()
 9 SYSTEMPATH\CodeIgniter.php(509): CodeIgniter\CodeIgniter->runController(Object(App\Controllers\Home))
10 SYSTEMPATH\CodeIgniter.php(355): CodeIgniter\CodeIgniter->handleRequest(null, Object(Config\Cache), false)
11 SYSTEMPATH\Boot.php(325): CodeIgniter\CodeIgniter->run()
12 SYSTEMPATH\Boot.php(67): CodeIgniter\Boot::runCodeIgniter(Object(CodeIgniter\CodeIgniter))
13 FCPATH\index.php(56): CodeIgniter\Boot::bootWeb(Object(Config\Paths))
CRITICAL - 2024-09-28 03:20:15 --> CodeIgniter\View\Exceptions\ViewException: Invalid file: "topbar.php"
[Method: GET, Route: /]
in SYSTEMPATH\Exceptions\FrameworkException.php on line 41.
 1 SYSTEMPATH\View\View.php(222): CodeIgniter\Exceptions\FrameworkException::forInvalidFile('topbar.php')
 2 SYSTEMPATH\View\View.php(487): CodeIgniter\View\View->render('topbar', null, true)
 3 APPPATH\Views\frontend\index.php(43): CodeIgniter\View\View->include('topbar')
 4 SYSTEMPATH\View\View.php(234): include('C:\\laragon\\www\\gereja\\app\\Views\\frontend\\index.php')
 5 SYSTEMPATH\View\View.php(237): CodeIgniter\View\View->CodeIgniter\View\{closure}()
 6 SYSTEMPATH\Common.php(1169): CodeIgniter\View\View->render('frontend/index', [], true)
 7 APPPATH\Controllers\Home.php(9): view('frontend/index')
 8 SYSTEMPATH\CodeIgniter.php(933): App\Controllers\Home->index()
 9 SYSTEMPATH\CodeIgniter.php(509): CodeIgniter\CodeIgniter->runController(Object(App\Controllers\Home))
10 SYSTEMPATH\CodeIgniter.php(355): CodeIgniter\CodeIgniter->handleRequest(null, Object(Config\Cache), false)
11 SYSTEMPATH\Boot.php(325): CodeIgniter\CodeIgniter->run()
12 SYSTEMPATH\Boot.php(67): CodeIgniter\Boot::runCodeIgniter(Object(CodeIgniter\CodeIgniter))
13 FCPATH\index.php(56): CodeIgniter\Boot::bootWeb(Object(Config\Paths))
CRITICAL - 2024-09-28 09:13:55 --> ErrorException: Array to string conversion
[Method: GET, Route: /]
in APPPATH\Views\frontend\index.php on line 59.
 1 APPPATH\Views\frontend\index.php(59): CodeIgniter\Debug\Exceptions->errorHandler(2, 'Array to string conversion', 'C:\\laragon\\www\\gereja\\app\\Views\\frontend\\index.php', 59)
 2 SYSTEMPATH\View\View.php(234): include('C:\\laragon\\www\\gereja\\app\\Views\\frontend\\index.php')
 3 SYSTEMPATH\View\View.php(237): CodeIgniter\View\View->CodeIgniter\View\{closure}()
 4 SYSTEMPATH\Common.php(1169): CodeIgniter\View\View->render('frontend/index', [], true)
 5 APPPATH\Controllers\Home.php(9): view('frontend/index')
 6 SYSTEMPATH\CodeIgniter.php(933): App\Controllers\Home->index()
 7 SYSTEMPATH\CodeIgniter.php(509): CodeIgniter\CodeIgniter->runController(Object(App\Controllers\Home))
 8 SYSTEMPATH\CodeIgniter.php(355): CodeIgniter\CodeIgniter->handleRequest(null, Object(Config\Cache), false)
 9 SYSTEMPATH\Boot.php(325): CodeIgniter\CodeIgniter->run()
10 SYSTEMPATH\Boot.php(67): CodeIgniter\Boot::runCodeIgniter(Object(CodeIgniter\CodeIgniter))
11 FCPATH\index.php(56): CodeIgniter\Boot::bootWeb(Object(Config\Paths))
CRITICAL - 2024-09-28 13:15:29 --> ArgumentCountError: Too few arguments to function CodeIgniter\Router\RouteCollection::get(), 1 passed in C:\laragon\www\gki\app\Config\Routes.php on line 9 and at least 2 expected
[Method: GET, Route: index]
in SYSTEMPATH\Router\RouteCollection.php on line 1051.
 1 APPPATH\Config\Routes.php(9): CodeIgniter\Router\RouteCollection->get('')
 2 SYSTEMPATH\Router\RouteCollection.php(340): require('C:\\laragon\\www\\gki\\app\\Config\\Routes.php')
 3 SYSTEMPATH\CodeIgniter.php(823): CodeIgniter\Router\RouteCollection->loadRoutes()
 4 SYSTEMPATH\CodeIgniter.php(457): CodeIgniter\CodeIgniter->tryToRouteIt(null)
 5 SYSTEMPATH\CodeIgniter.php(355): CodeIgniter\CodeIgniter->handleRequest(null, Object(Config\Cache), false)
 6 SYSTEMPATH\Boot.php(325): CodeIgniter\CodeIgniter->run()
 7 SYSTEMPATH\Boot.php(67): CodeIgniter\Boot::runCodeIgniter(Object(CodeIgniter\CodeIgniter))
 8 FCPATH\index.php(56): CodeIgniter\Boot::bootWeb(Object(Config\Paths))
CRITICAL - 2024-09-28 13:15:31 --> ArgumentCountError: Too few arguments to function CodeIgniter\Router\RouteCollection::get(), 1 passed in C:\laragon\www\gki\app\Config\Routes.php on line 9 and at least 2 expected
[Method: GET, Route: /]
in SYSTEMPATH\Router\RouteCollection.php on line 1051.
 1 APPPATH\Config\Routes.php(9): CodeIgniter\Router\RouteCollection->get('')
 2 SYSTEMPATH\Router\RouteCollection.php(340): require('C:\\laragon\\www\\gki\\app\\Config\\Routes.php')
 3 SYSTEMPATH\CodeIgniter.php(823): CodeIgniter\Router\RouteCollection->loadRoutes()
 4 SYSTEMPATH\CodeIgniter.php(457): CodeIgniter\CodeIgniter->tryToRouteIt(null)
 5 SYSTEMPATH\CodeIgniter.php(355): CodeIgniter\CodeIgniter->handleRequest(null, Object(Config\Cache), false)
 6 SYSTEMPATH\Boot.php(325): CodeIgniter\CodeIgniter->run()
 7 SYSTEMPATH\Boot.php(67): CodeIgniter\Boot::runCodeIgniter(Object(CodeIgniter\CodeIgniter))
 8 FCPATH\index.php(56): CodeIgniter\Boot::bootWeb(Object(Config\Paths))
CRITICAL - 2024-09-28 13:16:33 --> ArgumentCountError: Too few arguments to function CodeIgniter\Router\RouteCollection::get(), 1 passed in C:\laragon\www\gki\app\Config\Routes.php on line 9 and at least 2 expected
[Method: GET, Route: /]
in SYSTEMPATH\Router\RouteCollection.php on line 1051.
 1 APPPATH\Config\Routes.php(9): CodeIgniter\Router\RouteCollection->get('')
 2 SYSTEMPATH\Router\RouteCollection.php(340): require('C:\\laragon\\www\\gki\\app\\Config\\Routes.php')
 3 SYSTEMPATH\CodeIgniter.php(823): CodeIgniter\Router\RouteCollection->loadRoutes()
 4 SYSTEMPATH\CodeIgniter.php(457): CodeIgniter\CodeIgniter->tryToRouteIt(null)
 5 SYSTEMPATH\CodeIgniter.php(355): CodeIgniter\CodeIgniter->handleRequest(null, Object(Config\Cache), false)
 6 SYSTEMPATH\Boot.php(325): CodeIgniter\CodeIgniter->run()
 7 SYSTEMPATH\Boot.php(67): CodeIgniter\Boot::runCodeIgniter(Object(CodeIgniter\CodeIgniter))
 8 FCPATH\index.php(56): CodeIgniter\Boot::bootWeb(Object(Config\Paths))
CRITICAL - 2024-09-28 13:16:47 --> ArgumentCountError: Too few arguments to function CodeIgniter\Router\RouteCollection::get(), 1 passed in C:\laragon\www\gki\app\Config\Routes.php on line 9 and at least 2 expected
[Method: GET, Route: /]
in SYSTEMPATH\Router\RouteCollection.php on line 1051.
 1 APPPATH\Config\Routes.php(9): CodeIgniter\Router\RouteCollection->get('')
 2 SYSTEMPATH\Router\RouteCollection.php(340): require('C:\\laragon\\www\\gki\\app\\Config\\Routes.php')
 3 SYSTEMPATH\CodeIgniter.php(823): CodeIgniter\Router\RouteCollection->loadRoutes()
 4 SYSTEMPATH\CodeIgniter.php(457): CodeIgniter\CodeIgniter->tryToRouteIt(null)
 5 SYSTEMPATH\CodeIgniter.php(355): CodeIgniter\CodeIgniter->handleRequest(null, Object(Config\Cache), false)
 6 SYSTEMPATH\Boot.php(325): CodeIgniter\CodeIgniter->run()
 7 SYSTEMPATH\Boot.php(67): CodeIgniter\Boot::runCodeIgniter(Object(CodeIgniter\CodeIgniter))
 8 FCPATH\index.php(56): CodeIgniter\Boot::bootWeb(Object(Config\Paths))
CRITICAL - 2024-09-28 13:46:06 --> CodeIgniter\View\Exceptions\ViewException: Invalid file: "Hello world.php"
[Method: GET, Route: hut]
in SYSTEMPATH\Exceptions\FrameworkException.php on line 41.
 1 SYSTEMPATH\View\View.php(222): CodeIgniter\Exceptions\FrameworkException::forInvalidFile('Hello world.php')
 2 SYSTEMPATH\Common.php(1169): CodeIgniter\View\View->render('Hello world', [], true)
 3 APPPATH\Controllers\Hutypk.php(9): view('Hello world')
 4 SYSTEMPATH\CodeIgniter.php(933): App\Controllers\Hutypk->index()
 5 SYSTEMPATH\CodeIgniter.php(509): CodeIgniter\CodeIgniter->runController(Object(App\Controllers\Hutypk))
 6 SYSTEMPATH\CodeIgniter.php(355): CodeIgniter\CodeIgniter->handleRequest(null, Object(Config\Cache), false)
 7 SYSTEMPATH\Boot.php(325): CodeIgniter\CodeIgniter->run()
 8 SYSTEMPATH\Boot.php(67): CodeIgniter\Boot::runCodeIgniter(Object(CodeIgniter\CodeIgniter))
 9 FCPATH\index.php(56): CodeIgniter\Boot::bootWeb(Object(Config\Paths))
CRITICAL - 2024-09-28 13:46:18 --> CodeIgniter\View\Exceptions\ViewException: Invalid file: "Hello world.php"
[Method: GET, Route: hut]
in SYSTEMPATH\Exceptions\FrameworkException.php on line 41.
 1 SYSTEMPATH\View\View.php(222): CodeIgniter\Exceptions\FrameworkException::forInvalidFile('Hello world.php')
 2 SYSTEMPATH\Common.php(1169): CodeIgniter\View\View->render('Hello world', [], true)
 3 APPPATH\Controllers\Hutypk.php(9): view('Hello world')
 4 SYSTEMPATH\CodeIgniter.php(933): App\Controllers\Hutypk->index()
 5 SYSTEMPATH\CodeIgniter.php(509): CodeIgniter\CodeIgniter->runController(Object(App\Controllers\Hutypk))
 6 SYSTEMPATH\CodeIgniter.php(355): CodeIgniter\CodeIgniter->handleRequest(null, Object(Config\Cache), false)
 7 SYSTEMPATH\Boot.php(325): CodeIgniter\CodeIgniter->run()
 8 SYSTEMPATH\Boot.php(67): CodeIgniter\Boot::runCodeIgniter(Object(CodeIgniter\CodeIgniter))
 9 FCPATH\index.php(56): CodeIgniter\Boot::bootWeb(Object(Config\Paths))
CRITICAL - 2024-09-28 13:46:19 --> CodeIgniter\View\Exceptions\ViewException: Invalid file: "Hello world.php"
[Method: GET, Route: hut]
in SYSTEMPATH\Exceptions\FrameworkException.php on line 41.
 1 SYSTEMPATH\View\View.php(222): CodeIgniter\Exceptions\FrameworkException::forInvalidFile('Hello world.php')
 2 SYSTEMPATH\Common.php(1169): CodeIgniter\View\View->render('Hello world', [], true)
 3 APPPATH\Controllers\Hutypk.php(9): view('Hello world')
 4 SYSTEMPATH\CodeIgniter.php(933): App\Controllers\Hutypk->index()
 5 SYSTEMPATH\CodeIgniter.php(509): CodeIgniter\CodeIgniter->runController(Object(App\Controllers\Hutypk))
 6 SYSTEMPATH\CodeIgniter.php(355): CodeIgniter\CodeIgniter->handleRequest(null, Object(Config\Cache), false)
 7 SYSTEMPATH\Boot.php(325): CodeIgniter\CodeIgniter->run()
 8 SYSTEMPATH\Boot.php(67): CodeIgniter\Boot::runCodeIgniter(Object(CodeIgniter\CodeIgniter))
 9 FCPATH\index.php(56): CodeIgniter\Boot::bootWeb(Object(Config\Paths))
CRITICAL - 2024-09-28 13:46:19 --> CodeIgniter\View\Exceptions\ViewException: Invalid file: "Hello world.php"
[Method: GET, Route: hut]
in SYSTEMPATH\Exceptions\FrameworkException.php on line 41.
 1 SYSTEMPATH\View\View.php(222): CodeIgniter\Exceptions\FrameworkException::forInvalidFile('Hello world.php')
 2 SYSTEMPATH\Common.php(1169): CodeIgniter\View\View->render('Hello world', [], true)
 3 APPPATH\Controllers\Hutypk.php(9): view('Hello world')
 4 SYSTEMPATH\CodeIgniter.php(933): App\Controllers\Hutypk->index()
 5 SYSTEMPATH\CodeIgniter.php(509): CodeIgniter\CodeIgniter->runController(Object(App\Controllers\Hutypk))
 6 SYSTEMPATH\CodeIgniter.php(355): CodeIgniter\CodeIgniter->handleRequest(null, Object(Config\Cache), false)
 7 SYSTEMPATH\Boot.php(325): CodeIgniter\CodeIgniter->run()
 8 SYSTEMPATH\Boot.php(67): CodeIgniter\Boot::runCodeIgniter(Object(CodeIgniter\CodeIgniter))
 9 FCPATH\index.php(56): CodeIgniter\Boot::bootWeb(Object(Config\Paths))
CRITICAL - 2024-09-28 13:46:19 --> CodeIgniter\View\Exceptions\ViewException: Invalid file: "Hello world.php"
[Method: GET, Route: hut]
in SYSTEMPATH\Exceptions\FrameworkException.php on line 41.
 1 SYSTEMPATH\View\View.php(222): CodeIgniter\Exceptions\FrameworkException::forInvalidFile('Hello world.php')
 2 SYSTEMPATH\Common.php(1169): CodeIgniter\View\View->render('Hello world', [], true)
 3 APPPATH\Controllers\Hutypk.php(9): view('Hello world')
 4 SYSTEMPATH\CodeIgniter.php(933): App\Controllers\Hutypk->index()
 5 SYSTEMPATH\CodeIgniter.php(509): CodeIgniter\CodeIgniter->runController(Object(App\Controllers\Hutypk))
 6 SYSTEMPATH\CodeIgniter.php(355): CodeIgniter\CodeIgniter->handleRequest(null, Object(Config\Cache), false)
 7 SYSTEMPATH\Boot.php(325): CodeIgniter\CodeIgniter->run()
 8 SYSTEMPATH\Boot.php(67): CodeIgniter\Boot::runCodeIgniter(Object(CodeIgniter\CodeIgniter))
 9 FCPATH\index.php(56): CodeIgniter\Boot::bootWeb(Object(Config\Paths))
CRITICAL - 2024-09-28 13:46:19 --> CodeIgniter\View\Exceptions\ViewException: Invalid file: "Hello world.php"
[Method: GET, Route: hut]
in SYSTEMPATH\Exceptions\FrameworkException.php on line 41.
 1 SYSTEMPATH\View\View.php(222): CodeIgniter\Exceptions\FrameworkException::forInvalidFile('Hello world.php')
 2 SYSTEMPATH\Common.php(1169): CodeIgniter\View\View->render('Hello world', [], true)
 3 APPPATH\Controllers\Hutypk.php(9): view('Hello world')
 4 SYSTEMPATH\CodeIgniter.php(933): App\Controllers\Hutypk->index()
 5 SYSTEMPATH\CodeIgniter.php(509): CodeIgniter\CodeIgniter->runController(Object(App\Controllers\Hutypk))
 6 SYSTEMPATH\CodeIgniter.php(355): CodeIgniter\CodeIgniter->handleRequest(null, Object(Config\Cache), false)
 7 SYSTEMPATH\Boot.php(325): CodeIgniter\CodeIgniter->run()
 8 SYSTEMPATH\Boot.php(67): CodeIgniter\Boot::runCodeIgniter(Object(CodeIgniter\CodeIgniter))
 9 FCPATH\index.php(56): CodeIgniter\Boot::bootWeb(Object(Config\Paths))
CRITICAL - 2024-09-28 13:46:20 --> CodeIgniter\View\Exceptions\ViewException: Invalid file: "Hello world.php"
[Method: GET, Route: hut]
in SYSTEMPATH\Exceptions\FrameworkException.php on line 41.
 1 SYSTEMPATH\View\View.php(222): CodeIgniter\Exceptions\FrameworkException::forInvalidFile('Hello world.php')
 2 SYSTEMPATH\Common.php(1169): CodeIgniter\View\View->render('Hello world', [], true)
 3 APPPATH\Controllers\Hutypk.php(9): view('Hello world')
 4 SYSTEMPATH\CodeIgniter.php(933): App\Controllers\Hutypk->index()
 5 SYSTEMPATH\CodeIgniter.php(509): CodeIgniter\CodeIgniter->runController(Object(App\Controllers\Hutypk))
 6 SYSTEMPATH\CodeIgniter.php(355): CodeIgniter\CodeIgniter->handleRequest(null, Object(Config\Cache), false)
 7 SYSTEMPATH\Boot.php(325): CodeIgniter\CodeIgniter->run()
 8 SYSTEMPATH\Boot.php(67): CodeIgniter\Boot::runCodeIgniter(Object(CodeIgniter\CodeIgniter))
 9 FCPATH\index.php(56): CodeIgniter\Boot::bootWeb(Object(Config\Paths))
CRITICAL - 2024-09-28 13:46:20 --> CodeIgniter\View\Exceptions\ViewException: Invalid file: "Hello world.php"
[Method: GET, Route: hut]
in SYSTEMPATH\Exceptions\FrameworkException.php on line 41.
 1 SYSTEMPATH\View\View.php(222): CodeIgniter\Exceptions\FrameworkException::forInvalidFile('Hello world.php')
 2 SYSTEMPATH\Common.php(1169): CodeIgniter\View\View->render('Hello world', [], true)
 3 APPPATH\Controllers\Hutypk.php(9): view('Hello world')
 4 SYSTEMPATH\CodeIgniter.php(933): App\Controllers\Hutypk->index()
 5 SYSTEMPATH\CodeIgniter.php(509): CodeIgniter\CodeIgniter->runController(Object(App\Controllers\Hutypk))
 6 SYSTEMPATH\CodeIgniter.php(355): CodeIgniter\CodeIgniter->handleRequest(null, Object(Config\Cache), false)
 7 SYSTEMPATH\Boot.php(325): CodeIgniter\CodeIgniter->run()
 8 SYSTEMPATH\Boot.php(67): CodeIgniter\Boot::runCodeIgniter(Object(CodeIgniter\CodeIgniter))
 9 FCPATH\index.php(56): CodeIgniter\Boot::bootWeb(Object(Config\Paths))
CRITICAL - 2024-09-28 13:46:20 --> CodeIgniter\View\Exceptions\ViewException: Invalid file: "Hello world.php"
[Method: GET, Route: hut]
in SYSTEMPATH\Exceptions\FrameworkException.php on line 41.
 1 SYSTEMPATH\View\View.php(222): CodeIgniter\Exceptions\FrameworkException::forInvalidFile('Hello world.php')
 2 SYSTEMPATH\Common.php(1169): CodeIgniter\View\View->render('Hello world', [], true)
 3 APPPATH\Controllers\Hutypk.php(9): view('Hello world')
 4 SYSTEMPATH\CodeIgniter.php(933): App\Controllers\Hutypk->index()
 5 SYSTEMPATH\CodeIgniter.php(509): CodeIgniter\CodeIgniter->runController(Object(App\Controllers\Hutypk))
 6 SYSTEMPATH\CodeIgniter.php(355): CodeIgniter\CodeIgniter->handleRequest(null, Object(Config\Cache), false)
 7 SYSTEMPATH\Boot.php(325): CodeIgniter\CodeIgniter->run()
 8 SYSTEMPATH\Boot.php(67): CodeIgniter\Boot::runCodeIgniter(Object(CodeIgniter\CodeIgniter))
 9 FCPATH\index.php(56): CodeIgniter\Boot::bootWeb(Object(Config\Paths))
CRITICAL - 2024-09-28 13:46:20 --> CodeIgniter\View\Exceptions\ViewException: Invalid file: "Hello world.php"
[Method: GET, Route: hut]
in SYSTEMPATH\Exceptions\FrameworkException.php on line 41.
 1 SYSTEMPATH\View\View.php(222): CodeIgniter\Exceptions\FrameworkException::forInvalidFile('Hello world.php')
 2 SYSTEMPATH\Common.php(1169): CodeIgniter\View\View->render('Hello world', [], true)
 3 APPPATH\Controllers\Hutypk.php(9): view('Hello world')
 4 SYSTEMPATH\CodeIgniter.php(933): App\Controllers\Hutypk->index()
 5 SYSTEMPATH\CodeIgniter.php(509): CodeIgniter\CodeIgniter->runController(Object(App\Controllers\Hutypk))
 6 SYSTEMPATH\CodeIgniter.php(355): CodeIgniter\CodeIgniter->handleRequest(null, Object(Config\Cache), false)
 7 SYSTEMPATH\Boot.php(325): CodeIgniter\CodeIgniter->run()
 8 SYSTEMPATH\Boot.php(67): CodeIgniter\Boot::runCodeIgniter(Object(CodeIgniter\CodeIgniter))
 9 FCPATH\index.php(56): CodeIgniter\Boot::bootWeb(Object(Config\Paths))
CRITICAL - 2024-09-28 13:46:20 --> CodeIgniter\View\Exceptions\ViewException: Invalid file: "Hello world.php"
[Method: GET, Route: hut]
in SYSTEMPATH\Exceptions\FrameworkException.php on line 41.
 1 SYSTEMPATH\View\View.php(222): CodeIgniter\Exceptions\FrameworkException::forInvalidFile('Hello world.php')
 2 SYSTEMPATH\Common.php(1169): CodeIgniter\View\View->render('Hello world', [], true)
 3 APPPATH\Controllers\Hutypk.php(9): view('Hello world')
 4 SYSTEMPATH\CodeIgniter.php(933): App\Controllers\Hutypk->index()
 5 SYSTEMPATH\CodeIgniter.php(509): CodeIgniter\CodeIgniter->runController(Object(App\Controllers\Hutypk))
 6 SYSTEMPATH\CodeIgniter.php(355): CodeIgniter\CodeIgniter->handleRequest(null, Object(Config\Cache), false)
 7 SYSTEMPATH\Boot.php(325): CodeIgniter\CodeIgniter->run()
 8 SYSTEMPATH\Boot.php(67): CodeIgniter\Boot::runCodeIgniter(Object(CodeIgniter\CodeIgniter))
 9 FCPATH\index.php(56): CodeIgniter\Boot::bootWeb(Object(Config\Paths))
CRITICAL - 2024-09-28 13:46:20 --> CodeIgniter\View\Exceptions\ViewException: Invalid file: "Hello world.php"
[Method: GET, Route: hut]
in SYSTEMPATH\Exceptions\FrameworkException.php on line 41.
 1 SYSTEMPATH\View\View.php(222): CodeIgniter\Exceptions\FrameworkException::forInvalidFile('Hello world.php')
 2 SYSTEMPATH\Common.php(1169): CodeIgniter\View\View->render('Hello world', [], true)
 3 APPPATH\Controllers\Hutypk.php(9): view('Hello world')
 4 SYSTEMPATH\CodeIgniter.php(933): App\Controllers\Hutypk->index()
 5 SYSTEMPATH\CodeIgniter.php(509): CodeIgniter\CodeIgniter->runController(Object(App\Controllers\Hutypk))
 6 SYSTEMPATH\CodeIgniter.php(355): CodeIgniter\CodeIgniter->handleRequest(null, Object(Config\Cache), false)
 7 SYSTEMPATH\Boot.php(325): CodeIgniter\CodeIgniter->run()
 8 SYSTEMPATH\Boot.php(67): CodeIgniter\Boot::runCodeIgniter(Object(CodeIgniter\CodeIgniter))
 9 FCPATH\index.php(56): CodeIgniter\Boot::bootWeb(Object(Config\Paths))
CRITICAL - 2024-09-28 13:46:21 --> CodeIgniter\View\Exceptions\ViewException: Invalid file: "Hello world.php"
[Method: GET, Route: hut]
in SYSTEMPATH\Exceptions\FrameworkException.php on line 41.
 1 SYSTEMPATH\View\View.php(222): CodeIgniter\Exceptions\FrameworkException::forInvalidFile('Hello world.php')
 2 SYSTEMPATH\Common.php(1169): CodeIgniter\View\View->render('Hello world', [], true)
 3 APPPATH\Controllers\Hutypk.php(9): view('Hello world')
 4 SYSTEMPATH\CodeIgniter.php(933): App\Controllers\Hutypk->index()
 5 SYSTEMPATH\CodeIgniter.php(509): CodeIgniter\CodeIgniter->runController(Object(App\Controllers\Hutypk))
 6 SYSTEMPATH\CodeIgniter.php(355): CodeIgniter\CodeIgniter->handleRequest(null, Object(Config\Cache), false)
 7 SYSTEMPATH\Boot.php(325): CodeIgniter\CodeIgniter->run()
 8 SYSTEMPATH\Boot.php(67): CodeIgniter\Boot::runCodeIgniter(Object(CodeIgniter\CodeIgniter))
 9 FCPATH\index.php(56): CodeIgniter\Boot::bootWeb(Object(Config\Paths))
CRITICAL - 2024-09-28 13:46:21 --> CodeIgniter\View\Exceptions\ViewException: Invalid file: "Hello world.php"
[Method: GET, Route: hut]
in SYSTEMPATH\Exceptions\FrameworkException.php on line 41.
 1 SYSTEMPATH\View\View.php(222): CodeIgniter\Exceptions\FrameworkException::forInvalidFile('Hello world.php')
 2 SYSTEMPATH\Common.php(1169): CodeIgniter\View\View->render('Hello world', [], true)
 3 APPPATH\Controllers\Hutypk.php(9): view('Hello world')
 4 SYSTEMPATH\CodeIgniter.php(933): App\Controllers\Hutypk->index()
 5 SYSTEMPATH\CodeIgniter.php(509): CodeIgniter\CodeIgniter->runController(Object(App\Controllers\Hutypk))
 6 SYSTEMPATH\CodeIgniter.php(355): CodeIgniter\CodeIgniter->handleRequest(null, Object(Config\Cache), false)
 7 SYSTEMPATH\Boot.php(325): CodeIgniter\CodeIgniter->run()
 8 SYSTEMPATH\Boot.php(67): CodeIgniter\Boot::runCodeIgniter(Object(CodeIgniter\CodeIgniter))
 9 FCPATH\index.php(56): CodeIgniter\Boot::bootWeb(Object(Config\Paths))
CRITICAL - 2024-09-28 13:46:21 --> CodeIgniter\View\Exceptions\ViewException: Invalid file: "Hello world.php"
[Method: GET, Route: hut]
in SYSTEMPATH\Exceptions\FrameworkException.php on line 41.
 1 SYSTEMPATH\View\View.php(222): CodeIgniter\Exceptions\FrameworkException::forInvalidFile('Hello world.php')
 2 SYSTEMPATH\Common.php(1169): CodeIgniter\View\View->render('Hello world', [], true)
 3 APPPATH\Controllers\Hutypk.php(9): view('Hello world')
 4 SYSTEMPATH\CodeIgniter.php(933): App\Controllers\Hutypk->index()
 5 SYSTEMPATH\CodeIgniter.php(509): CodeIgniter\CodeIgniter->runController(Object(App\Controllers\Hutypk))
 6 SYSTEMPATH\CodeIgniter.php(355): CodeIgniter\CodeIgniter->handleRequest(null, Object(Config\Cache), false)
 7 SYSTEMPATH\Boot.php(325): CodeIgniter\CodeIgniter->run()
 8 SYSTEMPATH\Boot.php(67): CodeIgniter\Boot::runCodeIgniter(Object(CodeIgniter\CodeIgniter))
 9 FCPATH\index.php(56): CodeIgniter\Boot::bootWeb(Object(Config\Paths))
CRITICAL - 2024-09-28 13:46:21 --> CodeIgniter\View\Exceptions\ViewException: Invalid file: "Hello world.php"
[Method: GET, Route: hut]
in SYSTEMPATH\Exceptions\FrameworkException.php on line 41.
 1 SYSTEMPATH\View\View.php(222): CodeIgniter\Exceptions\FrameworkException::forInvalidFile('Hello world.php')
 2 SYSTEMPATH\Common.php(1169): CodeIgniter\View\View->render('Hello world', [], true)
 3 APPPATH\Controllers\Hutypk.php(9): view('Hello world')
 4 SYSTEMPATH\CodeIgniter.php(933): App\Controllers\Hutypk->index()
 5 SYSTEMPATH\CodeIgniter.php(509): CodeIgniter\CodeIgniter->runController(Object(App\Controllers\Hutypk))
 6 SYSTEMPATH\CodeIgniter.php(355): CodeIgniter\CodeIgniter->handleRequest(null, Object(Config\Cache), false)
 7 SYSTEMPATH\Boot.php(325): CodeIgniter\CodeIgniter->run()
 8 SYSTEMPATH\Boot.php(67): CodeIgniter\Boot::runCodeIgniter(Object(CodeIgniter\CodeIgniter))
 9 FCPATH\index.php(56): CodeIgniter\Boot::bootWeb(Object(Config\Paths))
CRITICAL - 2024-09-28 13:46:21 --> CodeIgniter\View\Exceptions\ViewException: Invalid file: "Hello world.php"
[Method: GET, Route: hut]
in SYSTEMPATH\Exceptions\FrameworkException.php on line 41.
 1 SYSTEMPATH\View\View.php(222): CodeIgniter\Exceptions\FrameworkException::forInvalidFile('Hello world.php')
 2 SYSTEMPATH\Common.php(1169): CodeIgniter\View\View->render('Hello world', [], true)
 3 APPPATH\Controllers\Hutypk.php(9): view('Hello world')
 4 SYSTEMPATH\CodeIgniter.php(933): App\Controllers\Hutypk->index()
 5 SYSTEMPATH\CodeIgniter.php(509): CodeIgniter\CodeIgniter->runController(Object(App\Controllers\Hutypk))
 6 SYSTEMPATH\CodeIgniter.php(355): CodeIgniter\CodeIgniter->handleRequest(null, Object(Config\Cache), false)
 7 SYSTEMPATH\Boot.php(325): CodeIgniter\CodeIgniter->run()
 8 SYSTEMPATH\Boot.php(67): CodeIgniter\Boot::runCodeIgniter(Object(CodeIgniter\CodeIgniter))
 9 FCPATH\index.php(56): CodeIgniter\Boot::bootWeb(Object(Config\Paths))
CRITICAL - 2024-09-28 13:46:22 --> CodeIgniter\View\Exceptions\ViewException: Invalid file: "Hello world.php"
[Method: GET, Route: hut]
in SYSTEMPATH\Exceptions\FrameworkException.php on line 41.
 1 SYSTEMPATH\View\View.php(222): CodeIgniter\Exceptions\FrameworkException::forInvalidFile('Hello world.php')
 2 SYSTEMPATH\Common.php(1169): CodeIgniter\View\View->render('Hello world', [], true)
 3 APPPATH\Controllers\Hutypk.php(9): view('Hello world')
 4 SYSTEMPATH\CodeIgniter.php(933): App\Controllers\Hutypk->index()
 5 SYSTEMPATH\CodeIgniter.php(509): CodeIgniter\CodeIgniter->runController(Object(App\Controllers\Hutypk))
 6 SYSTEMPATH\CodeIgniter.php(355): CodeIgniter\CodeIgniter->handleRequest(null, Object(Config\Cache), false)
 7 SYSTEMPATH\Boot.php(325): CodeIgniter\CodeIgniter->run()
 8 SYSTEMPATH\Boot.php(67): CodeIgniter\Boot::runCodeIgniter(Object(CodeIgniter\CodeIgniter))
 9 FCPATH\index.php(56): CodeIgniter\Boot::bootWeb(Object(Config\Paths))
CRITICAL - 2024-09-28 13:46:22 --> CodeIgniter\View\Exceptions\ViewException: Invalid file: "Hello world.php"
[Method: GET, Route: hut]
in SYSTEMPATH\Exceptions\FrameworkException.php on line 41.
 1 SYSTEMPATH\View\View.php(222): CodeIgniter\Exceptions\FrameworkException::forInvalidFile('Hello world.php')
 2 SYSTEMPATH\Common.php(1169): CodeIgniter\View\View->render('Hello world', [], true)
 3 APPPATH\Controllers\Hutypk.php(9): view('Hello world')
 4 SYSTEMPATH\CodeIgniter.php(933): App\Controllers\Hutypk->index()
 5 SYSTEMPATH\CodeIgniter.php(509): CodeIgniter\CodeIgniter->runController(Object(App\Controllers\Hutypk))
 6 SYSTEMPATH\CodeIgniter.php(355): CodeIgniter\CodeIgniter->handleRequest(null, Object(Config\Cache), false)
 7 SYSTEMPATH\Boot.php(325): CodeIgniter\CodeIgniter->run()
 8 SYSTEMPATH\Boot.php(67): CodeIgniter\Boot::runCodeIgniter(Object(CodeIgniter\CodeIgniter))
 9 FCPATH\index.php(56): CodeIgniter\Boot::bootWeb(Object(Config\Paths))
CRITICAL - 2024-09-28 13:46:22 --> CodeIgniter\View\Exceptions\ViewException: Invalid file: "Hello world.php"
[Method: GET, Route: hut]
in SYSTEMPATH\Exceptions\FrameworkException.php on line 41.
 1 SYSTEMPATH\View\View.php(222): CodeIgniter\Exceptions\FrameworkException::forInvalidFile('Hello world.php')
 2 SYSTEMPATH\Common.php(1169): CodeIgniter\View\View->render('Hello world', [], true)
 3 APPPATH\Controllers\Hutypk.php(9): view('Hello world')
 4 SYSTEMPATH\CodeIgniter.php(933): App\Controllers\Hutypk->index()
 5 SYSTEMPATH\CodeIgniter.php(509): CodeIgniter\CodeIgniter->runController(Object(App\Controllers\Hutypk))
 6 SYSTEMPATH\CodeIgniter.php(355): CodeIgniter\CodeIgniter->handleRequest(null, Object(Config\Cache), false)
 7 SYSTEMPATH\Boot.php(325): CodeIgniter\CodeIgniter->run()
 8 SYSTEMPATH\Boot.php(67): CodeIgniter\Boot::runCodeIgniter(Object(CodeIgniter\CodeIgniter))
 9 FCPATH\index.php(56): CodeIgniter\Boot::bootWeb(Object(Config\Paths))
CRITICAL - 2024-09-28 13:48:01 --> CodeIgniter\View\Exceptions\ViewException: Invalid file: "section/index.php"
[Method: GET, Route: hut]
in SYSTEMPATH\Exceptions\FrameworkException.php on line 41.
 1 SYSTEMPATH\View\View.php(222): CodeIgniter\Exceptions\FrameworkException::forInvalidFile('section/index.php')
 2 SYSTEMPATH\Common.php(1169): CodeIgniter\View\View->render('section/index', [], true)
 3 APPPATH\Controllers\Hutypk.php(9): view('section/index')
 4 SYSTEMPATH\CodeIgniter.php(933): App\Controllers\Hutypk->index()
 5 SYSTEMPATH\CodeIgniter.php(509): CodeIgniter\CodeIgniter->runController(Object(App\Controllers\Hutypk))
 6 SYSTEMPATH\CodeIgniter.php(355): CodeIgniter\CodeIgniter->handleRequest(null, Object(Config\Cache), false)
 7 SYSTEMPATH\Boot.php(325): CodeIgniter\CodeIgniter->run()
 8 SYSTEMPATH\Boot.php(67): CodeIgniter\Boot::runCodeIgniter(Object(CodeIgniter\CodeIgniter))
 9 FCPATH\index.php(56): CodeIgniter\Boot::bootWeb(Object(Config\Paths))
CRITICAL - 2024-09-28 13:49:56 --> CodeIgniter\View\Exceptions\ViewException: Invalid file: "section/index.php"
[Method: GET, Route: hut]
in SYSTEMPATH\Exceptions\FrameworkException.php on line 41.
 1 SYSTEMPATH\View\View.php(222): CodeIgniter\Exceptions\FrameworkException::forInvalidFile('section/index.php')
 2 SYSTEMPATH\Common.php(1169): CodeIgniter\View\View->render('section/index', [], true)
 3 APPPATH\Controllers\Hutypk.php(9): view('section/index')
 4 SYSTEMPATH\CodeIgniter.php(933): App\Controllers\Hutypk->index()
 5 SYSTEMPATH\CodeIgniter.php(509): CodeIgniter\CodeIgniter->runController(Object(App\Controllers\Hutypk))
 6 SYSTEMPATH\CodeIgniter.php(355): CodeIgniter\CodeIgniter->handleRequest(null, Object(Config\Cache), false)
 7 SYSTEMPATH\Boot.php(325): CodeIgniter\CodeIgniter->run()
 8 SYSTEMPATH\Boot.php(67): CodeIgniter\Boot::runCodeIgniter(Object(CodeIgniter\CodeIgniter))
 9 FCPATH\index.php(56): CodeIgniter\Boot::bootWeb(Object(Config\Paths))
CRITICAL - 2024-09-28 13:49:57 --> CodeIgniter\View\Exceptions\ViewException: Invalid file: "section/index.php"
[Method: GET, Route: hut]
in SYSTEMPATH\Exceptions\FrameworkException.php on line 41.
 1 SYSTEMPATH\View\View.php(222): CodeIgniter\Exceptions\FrameworkException::forInvalidFile('section/index.php')
 2 SYSTEMPATH\Common.php(1169): CodeIgniter\View\View->render('section/index', [], true)
 3 APPPATH\Controllers\Hutypk.php(9): view('section/index')
 4 SYSTEMPATH\CodeIgniter.php(933): App\Controllers\Hutypk->index()
 5 SYSTEMPATH\CodeIgniter.php(509): CodeIgniter\CodeIgniter->runController(Object(App\Controllers\Hutypk))
 6 SYSTEMPATH\CodeIgniter.php(355): CodeIgniter\CodeIgniter->handleRequest(null, Object(Config\Cache), false)
 7 SYSTEMPATH\Boot.php(325): CodeIgniter\CodeIgniter->run()
 8 SYSTEMPATH\Boot.php(67): CodeIgniter\Boot::runCodeIgniter(Object(CodeIgniter\CodeIgniter))
 9 FCPATH\index.php(56): CodeIgniter\Boot::bootWeb(Object(Config\Paths))
CRITICAL - 2024-09-28 13:49:57 --> CodeIgniter\View\Exceptions\ViewException: Invalid file: "section/index.php"
[Method: GET, Route: hut]
in SYSTEMPATH\Exceptions\FrameworkException.php on line 41.
 1 SYSTEMPATH\View\View.php(222): CodeIgniter\Exceptions\FrameworkException::forInvalidFile('section/index.php')
 2 SYSTEMPATH\Common.php(1169): CodeIgniter\View\View->render('section/index', [], true)
 3 APPPATH\Controllers\Hutypk.php(9): view('section/index')
 4 SYSTEMPATH\CodeIgniter.php(933): App\Controllers\Hutypk->index()
 5 SYSTEMPATH\CodeIgniter.php(509): CodeIgniter\CodeIgniter->runController(Object(App\Controllers\Hutypk))
 6 SYSTEMPATH\CodeIgniter.php(355): CodeIgniter\CodeIgniter->handleRequest(null, Object(Config\Cache), false)
 7 SYSTEMPATH\Boot.php(325): CodeIgniter\CodeIgniter->run()
 8 SYSTEMPATH\Boot.php(67): CodeIgniter\Boot::runCodeIgniter(Object(CodeIgniter\CodeIgniter))
 9 FCPATH\index.php(56): CodeIgniter\Boot::bootWeb(Object(Config\Paths))
CRITICAL - 2024-09-28 13:49:57 --> CodeIgniter\View\Exceptions\ViewException: Invalid file: "section/index.php"
[Method: GET, Route: hut]
in SYSTEMPATH\Exceptions\FrameworkException.php on line 41.
 1 SYSTEMPATH\View\View.php(222): CodeIgniter\Exceptions\FrameworkException::forInvalidFile('section/index.php')
 2 SYSTEMPATH\Common.php(1169): CodeIgniter\View\View->render('section/index', [], true)
 3 APPPATH\Controllers\Hutypk.php(9): view('section/index')
 4 SYSTEMPATH\CodeIgniter.php(933): App\Controllers\Hutypk->index()
 5 SYSTEMPATH\CodeIgniter.php(509): CodeIgniter\CodeIgniter->runController(Object(App\Controllers\Hutypk))
 6 SYSTEMPATH\CodeIgniter.php(355): CodeIgniter\CodeIgniter->handleRequest(null, Object(Config\Cache), false)
 7 SYSTEMPATH\Boot.php(325): CodeIgniter\CodeIgniter->run()
 8 SYSTEMPATH\Boot.php(67): CodeIgniter\Boot::runCodeIgniter(Object(CodeIgniter\CodeIgniter))
 9 FCPATH\index.php(56): CodeIgniter\Boot::bootWeb(Object(Config\Paths))
CRITICAL - 2024-09-28 13:49:57 --> CodeIgniter\View\Exceptions\ViewException: Invalid file: "section/index.php"
[Method: GET, Route: hut]
in SYSTEMPATH\Exceptions\FrameworkException.php on line 41.
 1 SYSTEMPATH\View\View.php(222): CodeIgniter\Exceptions\FrameworkException::forInvalidFile('section/index.php')
 2 SYSTEMPATH\Common.php(1169): CodeIgniter\View\View->render('section/index', [], true)
 3 APPPATH\Controllers\Hutypk.php(9): view('section/index')
 4 SYSTEMPATH\CodeIgniter.php(933): App\Controllers\Hutypk->index()
 5 SYSTEMPATH\CodeIgniter.php(509): CodeIgniter\CodeIgniter->runController(Object(App\Controllers\Hutypk))
 6 SYSTEMPATH\CodeIgniter.php(355): CodeIgniter\CodeIgniter->handleRequest(null, Object(Config\Cache), false)
 7 SYSTEMPATH\Boot.php(325): CodeIgniter\CodeIgniter->run()
 8 SYSTEMPATH\Boot.php(67): CodeIgniter\Boot::runCodeIgniter(Object(CodeIgniter\CodeIgniter))
 9 FCPATH\index.php(56): CodeIgniter\Boot::bootWeb(Object(Config\Paths))
CRITICAL - 2024-09-28 13:49:57 --> CodeIgniter\View\Exceptions\ViewException: Invalid file: "section/index.php"
[Method: GET, Route: hut]
in SYSTEMPATH\Exceptions\FrameworkException.php on line 41.
 1 SYSTEMPATH\View\View.php(222): CodeIgniter\Exceptions\FrameworkException::forInvalidFile('section/index.php')
 2 SYSTEMPATH\Common.php(1169): CodeIgniter\View\View->render('section/index', [], true)
 3 APPPATH\Controllers\Hutypk.php(9): view('section/index')
 4 SYSTEMPATH\CodeIgniter.php(933): App\Controllers\Hutypk->index()
 5 SYSTEMPATH\CodeIgniter.php(509): CodeIgniter\CodeIgniter->runController(Object(App\Controllers\Hutypk))
 6 SYSTEMPATH\CodeIgniter.php(355): CodeIgniter\CodeIgniter->handleRequest(null, Object(Config\Cache), false)
 7 SYSTEMPATH\Boot.php(325): CodeIgniter\CodeIgniter->run()
 8 SYSTEMPATH\Boot.php(67): CodeIgniter\Boot::runCodeIgniter(Object(CodeIgniter\CodeIgniter))
 9 FCPATH\index.php(56): CodeIgniter\Boot::bootWeb(Object(Config\Paths))
CRITICAL - 2024-09-28 13:49:57 --> CodeIgniter\View\Exceptions\ViewException: Invalid file: "section/index.php"
[Method: GET, Route: hut]
in SYSTEMPATH\Exceptions\FrameworkException.php on line 41.
 1 SYSTEMPATH\View\View.php(222): CodeIgniter\Exceptions\FrameworkException::forInvalidFile('section/index.php')
 2 SYSTEMPATH\Common.php(1169): CodeIgniter\View\View->render('section/index', [], true)
 3 APPPATH\Controllers\Hutypk.php(9): view('section/index')
 4 SYSTEMPATH\CodeIgniter.php(933): App\Controllers\Hutypk->index()
 5 SYSTEMPATH\CodeIgniter.php(509): CodeIgniter\CodeIgniter->runController(Object(App\Controllers\Hutypk))
 6 SYSTEMPATH\CodeIgniter.php(355): CodeIgniter\CodeIgniter->handleRequest(null, Object(Config\Cache), false)
 7 SYSTEMPATH\Boot.php(325): CodeIgniter\CodeIgniter->run()
 8 SYSTEMPATH\Boot.php(67): CodeIgniter\Boot::runCodeIgniter(Object(CodeIgniter\CodeIgniter))
 9 FCPATH\index.php(56): CodeIgniter\Boot::bootWeb(Object(Config\Paths))
CRITICAL - 2024-09-28 13:49:58 --> CodeIgniter\View\Exceptions\ViewException: Invalid file: "section/index.php"
[Method: GET, Route: hut]
in SYSTEMPATH\Exceptions\FrameworkException.php on line 41.
 1 SYSTEMPATH\View\View.php(222): CodeIgniter\Exceptions\FrameworkException::forInvalidFile('section/index.php')
 2 SYSTEMPATH\Common.php(1169): CodeIgniter\View\View->render('section/index', [], true)
 3 APPPATH\Controllers\Hutypk.php(9): view('section/index')
 4 SYSTEMPATH\CodeIgniter.php(933): App\Controllers\Hutypk->index()
 5 SYSTEMPATH\CodeIgniter.php(509): CodeIgniter\CodeIgniter->runController(Object(App\Controllers\Hutypk))
 6 SYSTEMPATH\CodeIgniter.php(355): CodeIgniter\CodeIgniter->handleRequest(null, Object(Config\Cache), false)
 7 SYSTEMPATH\Boot.php(325): CodeIgniter\CodeIgniter->run()
 8 SYSTEMPATH\Boot.php(67): CodeIgniter\Boot::runCodeIgniter(Object(CodeIgniter\CodeIgniter))
 9 FCPATH\index.php(56): CodeIgniter\Boot::bootWeb(Object(Config\Paths))
CRITICAL - 2024-09-28 13:49:58 --> CodeIgniter\View\Exceptions\ViewException: Invalid file: "section/index.php"
[Method: GET, Route: hut]
in SYSTEMPATH\Exceptions\FrameworkException.php on line 41.
 1 SYSTEMPATH\View\View.php(222): CodeIgniter\Exceptions\FrameworkException::forInvalidFile('section/index.php')
 2 SYSTEMPATH\Common.php(1169): CodeIgniter\View\View->render('section/index', [], true)
 3 APPPATH\Controllers\Hutypk.php(9): view('section/index')
 4 SYSTEMPATH\CodeIgniter.php(933): App\Controllers\Hutypk->index()
 5 SYSTEMPATH\CodeIgniter.php(509): CodeIgniter\CodeIgniter->runController(Object(App\Controllers\Hutypk))
 6 SYSTEMPATH\CodeIgniter.php(355): CodeIgniter\CodeIgniter->handleRequest(null, Object(Config\Cache), false)
 7 SYSTEMPATH\Boot.php(325): CodeIgniter\CodeIgniter->run()
 8 SYSTEMPATH\Boot.php(67): CodeIgniter\Boot::runCodeIgniter(Object(CodeIgniter\CodeIgniter))
 9 FCPATH\index.php(56): CodeIgniter\Boot::bootWeb(Object(Config\Paths))
CRITICAL - 2024-09-28 13:49:58 --> CodeIgniter\View\Exceptions\ViewException: Invalid file: "section/index.php"
[Method: GET, Route: hut]
in SYSTEMPATH\Exceptions\FrameworkException.php on line 41.
 1 SYSTEMPATH\View\View.php(222): CodeIgniter\Exceptions\FrameworkException::forInvalidFile('section/index.php')
 2 SYSTEMPATH\Common.php(1169): CodeIgniter\View\View->render('section/index', [], true)
 3 APPPATH\Controllers\Hutypk.php(9): view('section/index')
 4 SYSTEMPATH\CodeIgniter.php(933): App\Controllers\Hutypk->index()
 5 SYSTEMPATH\CodeIgniter.php(509): CodeIgniter\CodeIgniter->runController(Object(App\Controllers\Hutypk))
 6 SYSTEMPATH\CodeIgniter.php(355): CodeIgniter\CodeIgniter->handleRequest(null, Object(Config\Cache), false)
 7 SYSTEMPATH\Boot.php(325): CodeIgniter\CodeIgniter->run()
 8 SYSTEMPATH\Boot.php(67): CodeIgniter\Boot::runCodeIgniter(Object(CodeIgniter\CodeIgniter))
 9 FCPATH\index.php(56): CodeIgniter\Boot::bootWeb(Object(Config\Paths))
CRITICAL - 2024-09-28 13:49:58 --> CodeIgniter\View\Exceptions\ViewException: Invalid file: "section/index.php"
[Method: GET, Route: hut]
in SYSTEMPATH\Exceptions\FrameworkException.php on line 41.
 1 SYSTEMPATH\View\View.php(222): CodeIgniter\Exceptions\FrameworkException::forInvalidFile('section/index.php')
 2 SYSTEMPATH\Common.php(1169): CodeIgniter\View\View->render('section/index', [], true)
 3 APPPATH\Controllers\Hutypk.php(9): view('section/index')
 4 SYSTEMPATH\CodeIgniter.php(933): App\Controllers\Hutypk->index()
 5 SYSTEMPATH\CodeIgniter.php(509): CodeIgniter\CodeIgniter->runController(Object(App\Controllers\Hutypk))
 6 SYSTEMPATH\CodeIgniter.php(355): CodeIgniter\CodeIgniter->handleRequest(null, Object(Config\Cache), false)
 7 SYSTEMPATH\Boot.php(325): CodeIgniter\CodeIgniter->run()
 8 SYSTEMPATH\Boot.php(67): CodeIgniter\Boot::runCodeIgniter(Object(CodeIgniter\CodeIgniter))
 9 FCPATH\index.php(56): CodeIgniter\Boot::bootWeb(Object(Config\Paths))
CRITICAL - 2024-09-28 13:49:58 --> CodeIgniter\View\Exceptions\ViewException: Invalid file: "section/index.php"
[Method: GET, Route: hut]
in SYSTEMPATH\Exceptions\FrameworkException.php on line 41.
 1 SYSTEMPATH\View\View.php(222): CodeIgniter\Exceptions\FrameworkException::forInvalidFile('section/index.php')
 2 SYSTEMPATH\Common.php(1169): CodeIgniter\View\View->render('section/index', [], true)
 3 APPPATH\Controllers\Hutypk.php(9): view('section/index')
 4 SYSTEMPATH\CodeIgniter.php(933): App\Controllers\Hutypk->index()
 5 SYSTEMPATH\CodeIgniter.php(509): CodeIgniter\CodeIgniter->runController(Object(App\Controllers\Hutypk))
 6 SYSTEMPATH\CodeIgniter.php(355): CodeIgniter\CodeIgniter->handleRequest(null, Object(Config\Cache), false)
 7 SYSTEMPATH\Boot.php(325): CodeIgniter\CodeIgniter->run()
 8 SYSTEMPATH\Boot.php(67): CodeIgniter\Boot::runCodeIgniter(Object(CodeIgniter\CodeIgniter))
 9 FCPATH\index.php(56): CodeIgniter\Boot::bootWeb(Object(Config\Paths))
CRITICAL - 2024-09-28 13:49:58 --> CodeIgniter\View\Exceptions\ViewException: Invalid file: "section/index.php"
[Method: GET, Route: hut]
in SYSTEMPATH\Exceptions\FrameworkException.php on line 41.
 1 SYSTEMPATH\View\View.php(222): CodeIgniter\Exceptions\FrameworkException::forInvalidFile('section/index.php')
 2 SYSTEMPATH\Common.php(1169): CodeIgniter\View\View->render('section/index', [], true)
 3 APPPATH\Controllers\Hutypk.php(9): view('section/index')
 4 SYSTEMPATH\CodeIgniter.php(933): App\Controllers\Hutypk->index()
 5 SYSTEMPATH\CodeIgniter.php(509): CodeIgniter\CodeIgniter->runController(Object(App\Controllers\Hutypk))
 6 SYSTEMPATH\CodeIgniter.php(355): CodeIgniter\CodeIgniter->handleRequest(null, Object(Config\Cache), false)
 7 SYSTEMPATH\Boot.php(325): CodeIgniter\CodeIgniter->run()
 8 SYSTEMPATH\Boot.php(67): CodeIgniter\Boot::runCodeIgniter(Object(CodeIgniter\CodeIgniter))
 9 FCPATH\index.php(56): CodeIgniter\Boot::bootWeb(Object(Config\Paths))
CRITICAL - 2024-09-28 13:49:58 --> CodeIgniter\View\Exceptions\ViewException: Invalid file: "section/index.php"
[Method: GET, Route: hut]
in SYSTEMPATH\Exceptions\FrameworkException.php on line 41.
 1 SYSTEMPATH\View\View.php(222): CodeIgniter\Exceptions\FrameworkException::forInvalidFile('section/index.php')
 2 SYSTEMPATH\Common.php(1169): CodeIgniter\View\View->render('section/index', [], true)
 3 APPPATH\Controllers\Hutypk.php(9): view('section/index')
 4 SYSTEMPATH\CodeIgniter.php(933): App\Controllers\Hutypk->index()
 5 SYSTEMPATH\CodeIgniter.php(509): CodeIgniter\CodeIgniter->runController(Object(App\Controllers\Hutypk))
 6 SYSTEMPATH\CodeIgniter.php(355): CodeIgniter\CodeIgniter->handleRequest(null, Object(Config\Cache), false)
 7 SYSTEMPATH\Boot.php(325): CodeIgniter\CodeIgniter->run()
 8 SYSTEMPATH\Boot.php(67): CodeIgniter\Boot::runCodeIgniter(Object(CodeIgniter\CodeIgniter))
 9 FCPATH\index.php(56): CodeIgniter\Boot::bootWeb(Object(Config\Paths))
CRITICAL - 2024-09-28 13:49:59 --> CodeIgniter\View\Exceptions\ViewException: Invalid file: "section/index.php"
[Method: GET, Route: hut]
in SYSTEMPATH\Exceptions\FrameworkException.php on line 41.
 1 SYSTEMPATH\View\View.php(222): CodeIgniter\Exceptions\FrameworkException::forInvalidFile('section/index.php')
 2 SYSTEMPATH\Common.php(1169): CodeIgniter\View\View->render('section/index', [], true)
 3 APPPATH\Controllers\Hutypk.php(9): view('section/index')
 4 SYSTEMPATH\CodeIgniter.php(933): App\Controllers\Hutypk->index()
 5 SYSTEMPATH\CodeIgniter.php(509): CodeIgniter\CodeIgniter->runController(Object(App\Controllers\Hutypk))
 6 SYSTEMPATH\CodeIgniter.php(355): CodeIgniter\CodeIgniter->handleRequest(null, Object(Config\Cache), false)
 7 SYSTEMPATH\Boot.php(325): CodeIgniter\CodeIgniter->run()
 8 SYSTEMPATH\Boot.php(67): CodeIgniter\Boot::runCodeIgniter(Object(CodeIgniter\CodeIgniter))
 9 FCPATH\index.php(56): CodeIgniter\Boot::bootWeb(Object(Config\Paths))
CRITICAL - 2024-09-28 13:49:59 --> CodeIgniter\View\Exceptions\ViewException: Invalid file: "section/index.php"
[Method: GET, Route: hut]
in SYSTEMPATH\Exceptions\FrameworkException.php on line 41.
 1 SYSTEMPATH\View\View.php(222): CodeIgniter\Exceptions\FrameworkException::forInvalidFile('section/index.php')
 2 SYSTEMPATH\Common.php(1169): CodeIgniter\View\View->render('section/index', [], true)
 3 APPPATH\Controllers\Hutypk.php(9): view('section/index')
 4 SYSTEMPATH\CodeIgniter.php(933): App\Controllers\Hutypk->index()
 5 SYSTEMPATH\CodeIgniter.php(509): CodeIgniter\CodeIgniter->runController(Object(App\Controllers\Hutypk))
 6 SYSTEMPATH\CodeIgniter.php(355): CodeIgniter\CodeIgniter->handleRequest(null, Object(Config\Cache), false)
 7 SYSTEMPATH\Boot.php(325): CodeIgniter\CodeIgniter->run()
 8 SYSTEMPATH\Boot.php(67): CodeIgniter\Boot::runCodeIgniter(Object(CodeIgniter\CodeIgniter))
 9 FCPATH\index.php(56): CodeIgniter\Boot::bootWeb(Object(Config\Paths))
CRITICAL - 2024-09-28 13:49:59 --> CodeIgniter\View\Exceptions\ViewException: Invalid file: "section/index.php"
[Method: GET, Route: hut]
in SYSTEMPATH\Exceptions\FrameworkException.php on line 41.
 1 SYSTEMPATH\View\View.php(222): CodeIgniter\Exceptions\FrameworkException::forInvalidFile('section/index.php')
 2 SYSTEMPATH\Common.php(1169): CodeIgniter\View\View->render('section/index', [], true)
 3 APPPATH\Controllers\Hutypk.php(9): view('section/index')
 4 SYSTEMPATH\CodeIgniter.php(933): App\Controllers\Hutypk->index()
 5 SYSTEMPATH\CodeIgniter.php(509): CodeIgniter\CodeIgniter->runController(Object(App\Controllers\Hutypk))
 6 SYSTEMPATH\CodeIgniter.php(355): CodeIgniter\CodeIgniter->handleRequest(null, Object(Config\Cache), false)
 7 SYSTEMPATH\Boot.php(325): CodeIgniter\CodeIgniter->run()
 8 SYSTEMPATH\Boot.php(67): CodeIgniter\Boot::runCodeIgniter(Object(CodeIgniter\CodeIgniter))
 9 FCPATH\index.php(56): CodeIgniter\Boot::bootWeb(Object(Config\Paths))
CRITICAL - 2024-09-28 13:49:59 --> CodeIgniter\View\Exceptions\ViewException: Invalid file: "section/index.php"
[Method: GET, Route: hut]
in SYSTEMPATH\Exceptions\FrameworkException.php on line 41.
 1 SYSTEMPATH\View\View.php(222): CodeIgniter\Exceptions\FrameworkException::forInvalidFile('section/index.php')
 2 SYSTEMPATH\Common.php(1169): CodeIgniter\View\View->render('section/index', [], true)
 3 APPPATH\Controllers\Hutypk.php(9): view('section/index')
 4 SYSTEMPATH\CodeIgniter.php(933): App\Controllers\Hutypk->index()
 5 SYSTEMPATH\CodeIgniter.php(509): CodeIgniter\CodeIgniter->runController(Object(App\Controllers\Hutypk))
 6 SYSTEMPATH\CodeIgniter.php(355): CodeIgniter\CodeIgniter->handleRequest(null, Object(Config\Cache), false)
 7 SYSTEMPATH\Boot.php(325): CodeIgniter\CodeIgniter->run()
 8 SYSTEMPATH\Boot.php(67): CodeIgniter\Boot::runCodeIgniter(Object(CodeIgniter\CodeIgniter))
 9 FCPATH\index.php(56): CodeIgniter\Boot::bootWeb(Object(Config\Paths))
CRITICAL - 2024-09-28 13:49:59 --> CodeIgniter\View\Exceptions\ViewException: Invalid file: "section/index.php"
[Method: GET, Route: hut]
in SYSTEMPATH\Exceptions\FrameworkException.php on line 41.
 1 SYSTEMPATH\View\View.php(222): CodeIgniter\Exceptions\FrameworkException::forInvalidFile('section/index.php')
 2 SYSTEMPATH\Common.php(1169): CodeIgniter\View\View->render('section/index', [], true)
 3 APPPATH\Controllers\Hutypk.php(9): view('section/index')
 4 SYSTEMPATH\CodeIgniter.php(933): App\Controllers\Hutypk->index()
 5 SYSTEMPATH\CodeIgniter.php(509): CodeIgniter\CodeIgniter->runController(Object(App\Controllers\Hutypk))
 6 SYSTEMPATH\CodeIgniter.php(355): CodeIgniter\CodeIgniter->handleRequest(null, Object(Config\Cache), false)
 7 SYSTEMPATH\Boot.php(325): CodeIgniter\CodeIgniter->run()
 8 SYSTEMPATH\Boot.php(67): CodeIgniter\Boot::runCodeIgniter(Object(CodeIgniter\CodeIgniter))
 9 FCPATH\index.php(56): CodeIgniter\Boot::bootWeb(Object(Config\Paths))
CRITICAL - 2024-09-28 13:49:59 --> CodeIgniter\View\Exceptions\ViewException: Invalid file: "section/index.php"
[Method: GET, Route: hut]
in SYSTEMPATH\Exceptions\FrameworkException.php on line 41.
 1 SYSTEMPATH\View\View.php(222): CodeIgniter\Exceptions\FrameworkException::forInvalidFile('section/index.php')
 2 SYSTEMPATH\Common.php(1169): CodeIgniter\View\View->render('section/index', [], true)
 3 APPPATH\Controllers\Hutypk.php(9): view('section/index')
 4 SYSTEMPATH\CodeIgniter.php(933): App\Controllers\Hutypk->index()
 5 SYSTEMPATH\CodeIgniter.php(509): CodeIgniter\CodeIgniter->runController(Object(App\Controllers\Hutypk))
 6 SYSTEMPATH\CodeIgniter.php(355): CodeIgniter\CodeIgniter->handleRequest(null, Object(Config\Cache), false)
 7 SYSTEMPATH\Boot.php(325): CodeIgniter\CodeIgniter->run()
 8 SYSTEMPATH\Boot.php(67): CodeIgniter\Boot::runCodeIgniter(Object(CodeIgniter\CodeIgniter))
 9 FCPATH\index.php(56): CodeIgniter\Boot::bootWeb(Object(Config\Paths))
CRITICAL - 2024-09-28 13:49:59 --> CodeIgniter\View\Exceptions\ViewException: Invalid file: "section/index.php"
[Method: GET, Route: hut]
in SYSTEMPATH\Exceptions\FrameworkException.php on line 41.
 1 SYSTEMPATH\View\View.php(222): CodeIgniter\Exceptions\FrameworkException::forInvalidFile('section/index.php')
 2 SYSTEMPATH\Common.php(1169): CodeIgniter\View\View->render('section/index', [], true)
 3 APPPATH\Controllers\Hutypk.php(9): view('section/index')
 4 SYSTEMPATH\CodeIgniter.php(933): App\Controllers\Hutypk->index()
 5 SYSTEMPATH\CodeIgniter.php(509): CodeIgniter\CodeIgniter->runController(Object(App\Controllers\Hutypk))
 6 SYSTEMPATH\CodeIgniter.php(355): CodeIgniter\CodeIgniter->handleRequest(null, Object(Config\Cache), false)
 7 SYSTEMPATH\Boot.php(325): CodeIgniter\CodeIgniter->run()
 8 SYSTEMPATH\Boot.php(67): CodeIgniter\Boot::runCodeIgniter(Object(CodeIgniter\CodeIgniter))
 9 FCPATH\index.php(56): CodeIgniter\Boot::bootWeb(Object(Config\Paths))
CRITICAL - 2024-09-28 13:50:00 --> CodeIgniter\View\Exceptions\ViewException: Invalid file: "section/index.php"
[Method: GET, Route: hut]
in SYSTEMPATH\Exceptions\FrameworkException.php on line 41.
 1 SYSTEMPATH\View\View.php(222): CodeIgniter\Exceptions\FrameworkException::forInvalidFile('section/index.php')
 2 SYSTEMPATH\Common.php(1169): CodeIgniter\View\View->render('section/index', [], true)
 3 APPPATH\Controllers\Hutypk.php(9): view('section/index')
 4 SYSTEMPATH\CodeIgniter.php(933): App\Controllers\Hutypk->index()
 5 SYSTEMPATH\CodeIgniter.php(509): CodeIgniter\CodeIgniter->runController(Object(App\Controllers\Hutypk))
 6 SYSTEMPATH\CodeIgniter.php(355): CodeIgniter\CodeIgniter->handleRequest(null, Object(Config\Cache), false)
 7 SYSTEMPATH\Boot.php(325): CodeIgniter\CodeIgniter->run()
 8 SYSTEMPATH\Boot.php(67): CodeIgniter\Boot::runCodeIgniter(Object(CodeIgniter\CodeIgniter))
 9 FCPATH\index.php(56): CodeIgniter\Boot::bootWeb(Object(Config\Paths))
CRITICAL - 2024-09-28 13:50:00 --> CodeIgniter\View\Exceptions\ViewException: Invalid file: "section/index.php"
[Method: GET, Route: hut]
in SYSTEMPATH\Exceptions\FrameworkException.php on line 41.
 1 SYSTEMPATH\View\View.php(222): CodeIgniter\Exceptions\FrameworkException::forInvalidFile('section/index.php')
 2 SYSTEMPATH\Common.php(1169): CodeIgniter\View\View->render('section/index', [], true)
 3 APPPATH\Controllers\Hutypk.php(9): view('section/index')
 4 SYSTEMPATH\CodeIgniter.php(933): App\Controllers\Hutypk->index()
 5 SYSTEMPATH\CodeIgniter.php(509): CodeIgniter\CodeIgniter->runController(Object(App\Controllers\Hutypk))
 6 SYSTEMPATH\CodeIgniter.php(355): CodeIgniter\CodeIgniter->handleRequest(null, Object(Config\Cache), false)
 7 SYSTEMPATH\Boot.php(325): CodeIgniter\CodeIgniter->run()
 8 SYSTEMPATH\Boot.php(67): CodeIgniter\Boot::runCodeIgniter(Object(CodeIgniter\CodeIgniter))
 9 FCPATH\index.php(56): CodeIgniter\Boot::bootWeb(Object(Config\Paths))
CRITICAL - 2024-09-28 13:50:00 --> CodeIgniter\View\Exceptions\ViewException: Invalid file: "section/index.php"
[Method: GET, Route: hut]
in SYSTEMPATH\Exceptions\FrameworkException.php on line 41.
 1 SYSTEMPATH\View\View.php(222): CodeIgniter\Exceptions\FrameworkException::forInvalidFile('section/index.php')
 2 SYSTEMPATH\Common.php(1169): CodeIgniter\View\View->render('section/index', [], true)
 3 APPPATH\Controllers\Hutypk.php(9): view('section/index')
 4 SYSTEMPATH\CodeIgniter.php(933): App\Controllers\Hutypk->index()
 5 SYSTEMPATH\CodeIgniter.php(509): CodeIgniter\CodeIgniter->runController(Object(App\Controllers\Hutypk))
 6 SYSTEMPATH\CodeIgniter.php(355): CodeIgniter\CodeIgniter->handleRequest(null, Object(Config\Cache), false)
 7 SYSTEMPATH\Boot.php(325): CodeIgniter\CodeIgniter->run()
 8 SYSTEMPATH\Boot.php(67): CodeIgniter\Boot::runCodeIgniter(Object(CodeIgniter\CodeIgniter))
 9 FCPATH\index.php(56): CodeIgniter\Boot::bootWeb(Object(Config\Paths))
CRITICAL - 2024-09-28 13:50:00 --> CodeIgniter\View\Exceptions\ViewException: Invalid file: "section/index.php"
[Method: GET, Route: hut]
in SYSTEMPATH\Exceptions\FrameworkException.php on line 41.
 1 SYSTEMPATH\View\View.php(222): CodeIgniter\Exceptions\FrameworkException::forInvalidFile('section/index.php')
 2 SYSTEMPATH\Common.php(1169): CodeIgniter\View\View->render('section/index', [], true)
 3 APPPATH\Controllers\Hutypk.php(9): view('section/index')
 4 SYSTEMPATH\CodeIgniter.php(933): App\Controllers\Hutypk->index()
 5 SYSTEMPATH\CodeIgniter.php(509): CodeIgniter\CodeIgniter->runController(Object(App\Controllers\Hutypk))
 6 SYSTEMPATH\CodeIgniter.php(355): CodeIgniter\CodeIgniter->handleRequest(null, Object(Config\Cache), false)
 7 SYSTEMPATH\Boot.php(325): CodeIgniter\CodeIgniter->run()
 8 SYSTEMPATH\Boot.php(67): CodeIgniter\Boot::runCodeIgniter(Object(CodeIgniter\CodeIgniter))
 9 FCPATH\index.php(56): CodeIgniter\Boot::bootWeb(Object(Config\Paths))
CRITICAL - 2024-09-28 13:50:00 --> CodeIgniter\View\Exceptions\ViewException: Invalid file: "section/index.php"
[Method: GET, Route: hut]
in SYSTEMPATH\Exceptions\FrameworkException.php on line 41.
 1 SYSTEMPATH\View\View.php(222): CodeIgniter\Exceptions\FrameworkException::forInvalidFile('section/index.php')
 2 SYSTEMPATH\Common.php(1169): CodeIgniter\View\View->render('section/index', [], true)
 3 APPPATH\Controllers\Hutypk.php(9): view('section/index')
 4 SYSTEMPATH\CodeIgniter.php(933): App\Controllers\Hutypk->index()
 5 SYSTEMPATH\CodeIgniter.php(509): CodeIgniter\CodeIgniter->runController(Object(App\Controllers\Hutypk))
 6 SYSTEMPATH\CodeIgniter.php(355): CodeIgniter\CodeIgniter->handleRequest(null, Object(Config\Cache), false)
 7 SYSTEMPATH\Boot.php(325): CodeIgniter\CodeIgniter->run()
 8 SYSTEMPATH\Boot.php(67): CodeIgniter\Boot::runCodeIgniter(Object(CodeIgniter\CodeIgniter))
 9 FCPATH\index.php(56): CodeIgniter\Boot::bootWeb(Object(Config\Paths))
CRITICAL - 2024-09-28 13:50:00 --> CodeIgniter\View\Exceptions\ViewException: Invalid file: "section/index.php"
[Method: GET, Route: hut]
in SYSTEMPATH\Exceptions\FrameworkException.php on line 41.
 1 SYSTEMPATH\View\View.php(222): CodeIgniter\Exceptions\FrameworkException::forInvalidFile('section/index.php')
 2 SYSTEMPATH\Common.php(1169): CodeIgniter\View\View->render('section/index', [], true)
 3 APPPATH\Controllers\Hutypk.php(9): view('section/index')
 4 SYSTEMPATH\CodeIgniter.php(933): App\Controllers\Hutypk->index()
 5 SYSTEMPATH\CodeIgniter.php(509): CodeIgniter\CodeIgniter->runController(Object(App\Controllers\Hutypk))
 6 SYSTEMPATH\CodeIgniter.php(355): CodeIgniter\CodeIgniter->handleRequest(null, Object(Config\Cache), false)
 7 SYSTEMPATH\Boot.php(325): CodeIgniter\CodeIgniter->run()
 8 SYSTEMPATH\Boot.php(67): CodeIgniter\Boot::runCodeIgniter(Object(CodeIgniter\CodeIgniter))
 9 FCPATH\index.php(56): CodeIgniter\Boot::bootWeb(Object(Config\Paths))
CRITICAL - 2024-09-28 13:50:21 --> CodeIgniter\View\Exceptions\ViewException: Invalid file: "section/hut.php"
[Method: GET, Route: hut]
in SYSTEMPATH\Exceptions\FrameworkException.php on line 41.
 1 SYSTEMPATH\View\View.php(222): CodeIgniter\Exceptions\FrameworkException::forInvalidFile('section/hut.php')
 2 SYSTEMPATH\Common.php(1169): CodeIgniter\View\View->render('section/hut', [], true)
 3 APPPATH\Controllers\Hutypk.php(9): view('section/hut')
 4 SYSTEMPATH\CodeIgniter.php(933): App\Controllers\Hutypk->index()
 5 SYSTEMPATH\CodeIgniter.php(509): CodeIgniter\CodeIgniter->runController(Object(App\Controllers\Hutypk))
 6 SYSTEMPATH\CodeIgniter.php(355): CodeIgniter\CodeIgniter->handleRequest(null, Object(Config\Cache), false)
 7 SYSTEMPATH\Boot.php(325): CodeIgniter\CodeIgniter->run()
 8 SYSTEMPATH\Boot.php(67): CodeIgniter\Boot::runCodeIgniter(Object(CodeIgniter\CodeIgniter))
 9 FCPATH\index.php(56): CodeIgniter\Boot::bootWeb(Object(Config\Paths))
CRITICAL - 2024-09-28 13:50:22 --> CodeIgniter\View\Exceptions\ViewException: Invalid file: "section/hut.php"
[Method: GET, Route: hut]
in SYSTEMPATH\Exceptions\FrameworkException.php on line 41.
 1 SYSTEMPATH\View\View.php(222): CodeIgniter\Exceptions\FrameworkException::forInvalidFile('section/hut.php')
 2 SYSTEMPATH\Common.php(1169): CodeIgniter\View\View->render('section/hut', [], true)
 3 APPPATH\Controllers\Hutypk.php(9): view('section/hut')
 4 SYSTEMPATH\CodeIgniter.php(933): App\Controllers\Hutypk->index()
 5 SYSTEMPATH\CodeIgniter.php(509): CodeIgniter\CodeIgniter->runController(Object(App\Controllers\Hutypk))
 6 SYSTEMPATH\CodeIgniter.php(355): CodeIgniter\CodeIgniter->handleRequest(null, Object(Config\Cache), false)
 7 SYSTEMPATH\Boot.php(325): CodeIgniter\CodeIgniter->run()
 8 SYSTEMPATH\Boot.php(67): CodeIgniter\Boot::runCodeIgniter(Object(CodeIgniter\CodeIgniter))
 9 FCPATH\index.php(56): CodeIgniter\Boot::bootWeb(Object(Config\Paths))
CRITICAL - 2024-09-28 13:50:22 --> CodeIgniter\View\Exceptions\ViewException: Invalid file: "section/hut.php"
[Method: GET, Route: hut]
in SYSTEMPATH\Exceptions\FrameworkException.php on line 41.
 1 SYSTEMPATH\View\View.php(222): CodeIgniter\Exceptions\FrameworkException::forInvalidFile('section/hut.php')
 2 SYSTEMPATH\Common.php(1169): CodeIgniter\View\View->render('section/hut', [], true)
 3 APPPATH\Controllers\Hutypk.php(9): view('section/hut')
 4 SYSTEMPATH\CodeIgniter.php(933): App\Controllers\Hutypk->index()
 5 SYSTEMPATH\CodeIgniter.php(509): CodeIgniter\CodeIgniter->runController(Object(App\Controllers\Hutypk))
 6 SYSTEMPATH\CodeIgniter.php(355): CodeIgniter\CodeIgniter->handleRequest(null, Object(Config\Cache), false)
 7 SYSTEMPATH\Boot.php(325): CodeIgniter\CodeIgniter->run()
 8 SYSTEMPATH\Boot.php(67): CodeIgniter\Boot::runCodeIgniter(Object(CodeIgniter\CodeIgniter))
 9 FCPATH\index.php(56): CodeIgniter\Boot::bootWeb(Object(Config\Paths))
CRITICAL - 2024-09-28 13:50:22 --> CodeIgniter\View\Exceptions\ViewException: Invalid file: "section/hut.php"
[Method: GET, Route: hut]
in SYSTEMPATH\Exceptions\FrameworkException.php on line 41.
 1 SYSTEMPATH\View\View.php(222): CodeIgniter\Exceptions\FrameworkException::forInvalidFile('section/hut.php')
 2 SYSTEMPATH\Common.php(1169): CodeIgniter\View\View->render('section/hut', [], true)
 3 APPPATH\Controllers\Hutypk.php(9): view('section/hut')
 4 SYSTEMPATH\CodeIgniter.php(933): App\Controllers\Hutypk->index()
 5 SYSTEMPATH\CodeIgniter.php(509): CodeIgniter\CodeIgniter->runController(Object(App\Controllers\Hutypk))
 6 SYSTEMPATH\CodeIgniter.php(355): CodeIgniter\CodeIgniter->handleRequest(null, Object(Config\Cache), false)
 7 SYSTEMPATH\Boot.php(325): CodeIgniter\CodeIgniter->run()
 8 SYSTEMPATH\Boot.php(67): CodeIgniter\Boot::runCodeIgniter(Object(CodeIgniter\CodeIgniter))
 9 FCPATH\index.php(56): CodeIgniter\Boot::bootWeb(Object(Config\Paths))
CRITICAL - 2024-09-28 13:50:23 --> CodeIgniter\View\Exceptions\ViewException: Invalid file: "section/hut.php"
[Method: GET, Route: hut]
in SYSTEMPATH\Exceptions\FrameworkException.php on line 41.
 1 SYSTEMPATH\View\View.php(222): CodeIgniter\Exceptions\FrameworkException::forInvalidFile('section/hut.php')
 2 SYSTEMPATH\Common.php(1169): CodeIgniter\View\View->render('section/hut', [], true)
 3 APPPATH\Controllers\Hutypk.php(9): view('section/hut')
 4 SYSTEMPATH\CodeIgniter.php(933): App\Controllers\Hutypk->index()
 5 SYSTEMPATH\CodeIgniter.php(509): CodeIgniter\CodeIgniter->runController(Object(App\Controllers\Hutypk))
 6 SYSTEMPATH\CodeIgniter.php(355): CodeIgniter\CodeIgniter->handleRequest(null, Object(Config\Cache), false)
 7 SYSTEMPATH\Boot.php(325): CodeIgniter\CodeIgniter->run()
 8 SYSTEMPATH\Boot.php(67): CodeIgniter\Boot::runCodeIgniter(Object(CodeIgniter\CodeIgniter))
 9 FCPATH\index.php(56): CodeIgniter\Boot::bootWeb(Object(Config\Paths))
CRITICAL - 2024-09-28 13:50:23 --> CodeIgniter\View\Exceptions\ViewException: Invalid file: "section/hut.php"
[Method: GET, Route: hut]
in SYSTEMPATH\Exceptions\FrameworkException.php on line 41.
 1 SYSTEMPATH\View\View.php(222): CodeIgniter\Exceptions\FrameworkException::forInvalidFile('section/hut.php')
 2 SYSTEMPATH\Common.php(1169): CodeIgniter\View\View->render('section/hut', [], true)
 3 APPPATH\Controllers\Hutypk.php(9): view('section/hut')
 4 SYSTEMPATH\CodeIgniter.php(933): App\Controllers\Hutypk->index()
 5 SYSTEMPATH\CodeIgniter.php(509): CodeIgniter\CodeIgniter->runController(Object(App\Controllers\Hutypk))
 6 SYSTEMPATH\CodeIgniter.php(355): CodeIgniter\CodeIgniter->handleRequest(null, Object(Config\Cache), false)
 7 SYSTEMPATH\Boot.php(325): CodeIgniter\CodeIgniter->run()
 8 SYSTEMPATH\Boot.php(67): CodeIgniter\Boot::runCodeIgniter(Object(CodeIgniter\CodeIgniter))
 9 FCPATH\index.php(56): CodeIgniter\Boot::bootWeb(Object(Config\Paths))
CRITICAL - 2024-09-28 13:50:37 --> CodeIgniter\View\Exceptions\ViewException: Invalid file: "section/hut.php"
[Method: GET, Route: hut]
in SYSTEMPATH\Exceptions\FrameworkException.php on line 41.
 1 SYSTEMPATH\View\View.php(222): CodeIgniter\Exceptions\FrameworkException::forInvalidFile('section/hut.php')
 2 SYSTEMPATH\Common.php(1169): CodeIgniter\View\View->render('section/hut', [], true)
 3 APPPATH\Controllers\Hutypk.php(9): view('section/hut')
 4 SYSTEMPATH\CodeIgniter.php(933): App\Controllers\Hutypk->index()
 5 SYSTEMPATH\CodeIgniter.php(509): CodeIgniter\CodeIgniter->runController(Object(App\Controllers\Hutypk))
 6 SYSTEMPATH\CodeIgniter.php(355): CodeIgniter\CodeIgniter->handleRequest(null, Object(Config\Cache), false)
 7 SYSTEMPATH\Boot.php(325): CodeIgniter\CodeIgniter->run()
 8 SYSTEMPATH\Boot.php(67): CodeIgniter\Boot::runCodeIgniter(Object(CodeIgniter\CodeIgniter))
 9 FCPATH\index.php(56): CodeIgniter\Boot::bootWeb(Object(Config\Paths))
CRITICAL - 2024-09-28 13:50:38 --> CodeIgniter\View\Exceptions\ViewException: Invalid file: "section/hut.php"
[Method: GET, Route: hut]
in SYSTEMPATH\Exceptions\FrameworkException.php on line 41.
 1 SYSTEMPATH\View\View.php(222): CodeIgniter\Exceptions\FrameworkException::forInvalidFile('section/hut.php')
 2 SYSTEMPATH\Common.php(1169): CodeIgniter\View\View->render('section/hut', [], true)
 3 APPPATH\Controllers\Hutypk.php(9): view('section/hut')
 4 SYSTEMPATH\CodeIgniter.php(933): App\Controllers\Hutypk->index()
 5 SYSTEMPATH\CodeIgniter.php(509): CodeIgniter\CodeIgniter->runController(Object(App\Controllers\Hutypk))
 6 SYSTEMPATH\CodeIgniter.php(355): CodeIgniter\CodeIgniter->handleRequest(null, Object(Config\Cache), false)
 7 SYSTEMPATH\Boot.php(325): CodeIgniter\CodeIgniter->run()
 8 SYSTEMPATH\Boot.php(67): CodeIgniter\Boot::runCodeIgniter(Object(CodeIgniter\CodeIgniter))
 9 FCPATH\index.php(56): CodeIgniter\Boot::bootWeb(Object(Config\Paths))
CRITICAL - 2024-09-28 13:50:38 --> CodeIgniter\View\Exceptions\ViewException: Invalid file: "section/hut.php"
[Method: GET, Route: hut]
in SYSTEMPATH\Exceptions\FrameworkException.php on line 41.
 1 SYSTEMPATH\View\View.php(222): CodeIgniter\Exceptions\FrameworkException::forInvalidFile('section/hut.php')
 2 SYSTEMPATH\Common.php(1169): CodeIgniter\View\View->render('section/hut', [], true)
 3 APPPATH\Controllers\Hutypk.php(9): view('section/hut')
 4 SYSTEMPATH\CodeIgniter.php(933): App\Controllers\Hutypk->index()
 5 SYSTEMPATH\CodeIgniter.php(509): CodeIgniter\CodeIgniter->runController(Object(App\Controllers\Hutypk))
 6 SYSTEMPATH\CodeIgniter.php(355): CodeIgniter\CodeIgniter->handleRequest(null, Object(Config\Cache), false)
 7 SYSTEMPATH\Boot.php(325): CodeIgniter\CodeIgniter->run()
 8 SYSTEMPATH\Boot.php(67): CodeIgniter\Boot::runCodeIgniter(Object(CodeIgniter\CodeIgniter))
 9 FCPATH\index.php(56): CodeIgniter\Boot::bootWeb(Object(Config\Paths))
CRITICAL - 2024-09-28 13:50:38 --> CodeIgniter\View\Exceptions\ViewException: Invalid file: "section/hut.php"
[Method: GET, Route: hut]
in SYSTEMPATH\Exceptions\FrameworkException.php on line 41.
 1 SYSTEMPATH\View\View.php(222): CodeIgniter\Exceptions\FrameworkException::forInvalidFile('section/hut.php')
 2 SYSTEMPATH\Common.php(1169): CodeIgniter\View\View->render('section/hut', [], true)
 3 APPPATH\Controllers\Hutypk.php(9): view('section/hut')
 4 SYSTEMPATH\CodeIgniter.php(933): App\Controllers\Hutypk->index()
 5 SYSTEMPATH\CodeIgniter.php(509): CodeIgniter\CodeIgniter->runController(Object(App\Controllers\Hutypk))
 6 SYSTEMPATH\CodeIgniter.php(355): CodeIgniter\CodeIgniter->handleRequest(null, Object(Config\Cache), false)
 7 SYSTEMPATH\Boot.php(325): CodeIgniter\CodeIgniter->run()
 8 SYSTEMPATH\Boot.php(67): CodeIgniter\Boot::runCodeIgniter(Object(CodeIgniter\CodeIgniter))
 9 FCPATH\index.php(56): CodeIgniter\Boot::bootWeb(Object(Config\Paths))
CRITICAL - 2024-09-28 13:50:38 --> CodeIgniter\View\Exceptions\ViewException: Invalid file: "section/hut.php"
[Method: GET, Route: hut]
in SYSTEMPATH\Exceptions\FrameworkException.php on line 41.
 1 SYSTEMPATH\View\View.php(222): CodeIgniter\Exceptions\FrameworkException::forInvalidFile('section/hut.php')
 2 SYSTEMPATH\Common.php(1169): CodeIgniter\View\View->render('section/hut', [], true)
 3 APPPATH\Controllers\Hutypk.php(9): view('section/hut')
 4 SYSTEMPATH\CodeIgniter.php(933): App\Controllers\Hutypk->index()
 5 SYSTEMPATH\CodeIgniter.php(509): CodeIgniter\CodeIgniter->runController(Object(App\Controllers\Hutypk))
 6 SYSTEMPATH\CodeIgniter.php(355): CodeIgniter\CodeIgniter->handleRequest(null, Object(Config\Cache), false)
 7 SYSTEMPATH\Boot.php(325): CodeIgniter\CodeIgniter->run()
 8 SYSTEMPATH\Boot.php(67): CodeIgniter\Boot::runCodeIgniter(Object(CodeIgniter\CodeIgniter))
 9 FCPATH\index.php(56): CodeIgniter\Boot::bootWeb(Object(Config\Paths))
CRITICAL - 2024-09-28 13:50:38 --> CodeIgniter\View\Exceptions\ViewException: Invalid file: "section/hut.php"
[Method: GET, Route: hut]
in SYSTEMPATH\Exceptions\FrameworkException.php on line 41.
 1 SYSTEMPATH\View\View.php(222): CodeIgniter\Exceptions\FrameworkException::forInvalidFile('section/hut.php')
 2 SYSTEMPATH\Common.php(1169): CodeIgniter\View\View->render('section/hut', [], true)
 3 APPPATH\Controllers\Hutypk.php(9): view('section/hut')
 4 SYSTEMPATH\CodeIgniter.php(933): App\Controllers\Hutypk->index()
 5 SYSTEMPATH\CodeIgniter.php(509): CodeIgniter\CodeIgniter->runController(Object(App\Controllers\Hutypk))
 6 SYSTEMPATH\CodeIgniter.php(355): CodeIgniter\CodeIgniter->handleRequest(null, Object(Config\Cache), false)
 7 SYSTEMPATH\Boot.php(325): CodeIgniter\CodeIgniter->run()
 8 SYSTEMPATH\Boot.php(67): CodeIgniter\Boot::runCodeIgniter(Object(CodeIgniter\CodeIgniter))
 9 FCPATH\index.php(56): CodeIgniter\Boot::bootWeb(Object(Config\Paths))
CRITICAL - 2024-09-28 13:50:38 --> CodeIgniter\View\Exceptions\ViewException: Invalid file: "section/hut.php"
[Method: GET, Route: hut]
in SYSTEMPATH\Exceptions\FrameworkException.php on line 41.
 1 SYSTEMPATH\View\View.php(222): CodeIgniter\Exceptions\FrameworkException::forInvalidFile('section/hut.php')
 2 SYSTEMPATH\Common.php(1169): CodeIgniter\View\View->render('section/hut', [], true)
 3 APPPATH\Controllers\Hutypk.php(9): view('section/hut')
 4 SYSTEMPATH\CodeIgniter.php(933): App\Controllers\Hutypk->index()
 5 SYSTEMPATH\CodeIgniter.php(509): CodeIgniter\CodeIgniter->runController(Object(App\Controllers\Hutypk))
 6 SYSTEMPATH\CodeIgniter.php(355): CodeIgniter\CodeIgniter->handleRequest(null, Object(Config\Cache), false)
 7 SYSTEMPATH\Boot.php(325): CodeIgniter\CodeIgniter->run()
 8 SYSTEMPATH\Boot.php(67): CodeIgniter\Boot::runCodeIgniter(Object(CodeIgniter\CodeIgniter))
 9 FCPATH\index.php(56): CodeIgniter\Boot::bootWeb(Object(Config\Paths))
CRITICAL - 2024-09-28 13:50:39 --> CodeIgniter\View\Exceptions\ViewException: Invalid file: "section/hut.php"
[Method: GET, Route: hut]
in SYSTEMPATH\Exceptions\FrameworkException.php on line 41.
 1 SYSTEMPATH\View\View.php(222): CodeIgniter\Exceptions\FrameworkException::forInvalidFile('section/hut.php')
 2 SYSTEMPATH\Common.php(1169): CodeIgniter\View\View->render('section/hut', [], true)
 3 APPPATH\Controllers\Hutypk.php(9): view('section/hut')
 4 SYSTEMPATH\CodeIgniter.php(933): App\Controllers\Hutypk->index()
 5 SYSTEMPATH\CodeIgniter.php(509): CodeIgniter\CodeIgniter->runController(Object(App\Controllers\Hutypk))
 6 SYSTEMPATH\CodeIgniter.php(355): CodeIgniter\CodeIgniter->handleRequest(null, Object(Config\Cache), false)
 7 SYSTEMPATH\Boot.php(325): CodeIgniter\CodeIgniter->run()
 8 SYSTEMPATH\Boot.php(67): CodeIgniter\Boot::runCodeIgniter(Object(CodeIgniter\CodeIgniter))
 9 FCPATH\index.php(56): CodeIgniter\Boot::bootWeb(Object(Config\Paths))
CRITICAL - 2024-09-28 13:50:39 --> CodeIgniter\View\Exceptions\ViewException: Invalid file: "section/hut.php"
[Method: GET, Route: hut]
in SYSTEMPATH\Exceptions\FrameworkException.php on line 41.
 1 SYSTEMPATH\View\View.php(222): CodeIgniter\Exceptions\FrameworkException::forInvalidFile('section/hut.php')
 2 SYSTEMPATH\Common.php(1169): CodeIgniter\View\View->render('section/hut', [], true)
 3 APPPATH\Controllers\Hutypk.php(9): view('section/hut')
 4 SYSTEMPATH\CodeIgniter.php(933): App\Controllers\Hutypk->index()
 5 SYSTEMPATH\CodeIgniter.php(509): CodeIgniter\CodeIgniter->runController(Object(App\Controllers\Hutypk))
 6 SYSTEMPATH\CodeIgniter.php(355): CodeIgniter\CodeIgniter->handleRequest(null, Object(Config\Cache), false)
 7 SYSTEMPATH\Boot.php(325): CodeIgniter\CodeIgniter->run()
 8 SYSTEMPATH\Boot.php(67): CodeIgniter\Boot::runCodeIgniter(Object(CodeIgniter\CodeIgniter))
 9 FCPATH\index.php(56): CodeIgniter\Boot::bootWeb(Object(Config\Paths))
CRITICAL - 2024-09-28 13:50:39 --> CodeIgniter\View\Exceptions\ViewException: Invalid file: "section/hut.php"
[Method: GET, Route: hut]
in SYSTEMPATH\Exceptions\FrameworkException.php on line 41.
 1 SYSTEMPATH\View\View.php(222): CodeIgniter\Exceptions\FrameworkException::forInvalidFile('section/hut.php')
 2 SYSTEMPATH\Common.php(1169): CodeIgniter\View\View->render('section/hut', [], true)
 3 APPPATH\Controllers\Hutypk.php(9): view('section/hut')
 4 SYSTEMPATH\CodeIgniter.php(933): App\Controllers\Hutypk->index()
 5 SYSTEMPATH\CodeIgniter.php(509): CodeIgniter\CodeIgniter->runController(Object(App\Controllers\Hutypk))
 6 SYSTEMPATH\CodeIgniter.php(355): CodeIgniter\CodeIgniter->handleRequest(null, Object(Config\Cache), false)
 7 SYSTEMPATH\Boot.php(325): CodeIgniter\CodeIgniter->run()
 8 SYSTEMPATH\Boot.php(67): CodeIgniter\Boot::runCodeIgniter(Object(CodeIgniter\CodeIgniter))
 9 FCPATH\index.php(56): CodeIgniter\Boot::bootWeb(Object(Config\Paths))
CRITICAL - 2024-09-28 14:41:36 --> CodeIgniter\View\Exceptions\ViewException: Invalid file: "frontend/section/Kgereja/.php"
[Method: GET, Route: /]
in SYSTEMPATH\Exceptions\FrameworkException.php on line 41.
 1 SYSTEMPATH\View\View.php(222): CodeIgniter\Exceptions\FrameworkException::forInvalidFile('frontend/section/Kgereja/.php')
 2 SYSTEMPATH\View\View.php(487): CodeIgniter\View\View->render('frontend/section/Kgereja/', null, true)
 3 APPPATH\Views\frontend\index.php(58): CodeIgniter\View\View->include('frontend/section/Kgereja/')
 4 SYSTEMPATH\View\View.php(234): include('C:\\laragon\\www\\gki\\app\\Views\\frontend\\index.php')
 5 SYSTEMPATH\View\View.php(237): CodeIgniter\View\View->CodeIgniter\View\{closure}()
 6 SYSTEMPATH\Common.php(1169): CodeIgniter\View\View->render('frontend/index', [], true)
 7 APPPATH\Controllers\Home.php(9): view('frontend/index')
 8 SYSTEMPATH\CodeIgniter.php(933): App\Controllers\Home->index()
 9 SYSTEMPATH\CodeIgniter.php(509): CodeIgniter\CodeIgniter->runController(Object(App\Controllers\Home))
10 SYSTEMPATH\CodeIgniter.php(355): CodeIgniter\CodeIgniter->handleRequest(null, Object(Config\Cache), false)
11 SYSTEMPATH\Boot.php(325): CodeIgniter\CodeIgniter->run()
12 SYSTEMPATH\Boot.php(67): CodeIgniter\Boot::runCodeIgniter(Object(CodeIgniter\CodeIgniter))
13 FCPATH\index.php(56): CodeIgniter\Boot::bootWeb(Object(Config\Paths))
CRITICAL - 2024-09-28 14:52:58 --> CodeIgniter\View\Exceptions\ViewException: Invalid file: "navbar.php"
[Method: GET, Route: /]
in SYSTEMPATH\Exceptions\FrameworkException.php on line 41.
 1 SYSTEMPATH\View\View.php(222): CodeIgniter\Exceptions\FrameworkException::forInvalidFile('navbar.php')
 2 SYSTEMPATH\View\View.php(487): CodeIgniter\View\View->render('navbar', null, true)
 3 APPPATH\Views\frontend\section\hutgereja.php(1): CodeIgniter\View\View->include('navbar')
 4 SYSTEMPATH\View\View.php(234): include('C:\\laragon\\www\\gki\\app\\Views\\frontend\\section\\hutgereja.php')
 5 SYSTEMPATH\View\View.php(237): CodeIgniter\View\View->CodeIgniter\View\{closure}()
 6 SYSTEMPATH\View\View.php(487): CodeIgniter\View\View->render('frontend/section/hutgereja', null, true)
 7 APPPATH\Views\frontend\index.php(57): CodeIgniter\View\View->include('frontend/section/hutgereja')
 8 SYSTEMPATH\View\View.php(234): include('C:\\laragon\\www\\gki\\app\\Views\\frontend\\index.php')
 9 SYSTEMPATH\View\View.php(237): CodeIgniter\View\View->CodeIgniter\View\{closure}()
10 SYSTEMPATH\Common.php(1169): CodeIgniter\View\View->render('frontend/index', [], true)
11 APPPATH\Controllers\Home.php(9): view('frontend/index')
12 SYSTEMPATH\CodeIgniter.php(933): App\Controllers\Home->index()
13 SYSTEMPATH\CodeIgniter.php(509): CodeIgniter\CodeIgniter->runController(Object(App\Controllers\Home))
14 SYSTEMPATH\CodeIgniter.php(355): CodeIgniter\CodeIgniter->handleRequest(null, Object(Config\Cache), false)
15 SYSTEMPATH\Boot.php(325): CodeIgniter\CodeIgniter->run()
16 SYSTEMPATH\Boot.php(67): CodeIgniter\Boot::runCodeIgniter(Object(CodeIgniter\CodeIgniter))
17 FCPATH\index.php(56): CodeIgniter\Boot::bootWeb(Object(Config\Paths))
CRITICAL - 2024-09-28 15:01:19 --> CodeIgniter\View\Exceptions\ViewException: Invalid file: "index.php"
[Method: GET, Route: hut-gereja]
in SYSTEMPATH\Exceptions\FrameworkException.php on line 41.
 1 SYSTEMPATH\View\View.php(222): CodeIgniter\Exceptions\FrameworkException::forInvalidFile('index.php')
 2 SYSTEMPATH\View\View.php(250): CodeIgniter\View\View->render('index', [], true)
 3 SYSTEMPATH\Common.php(1169): CodeIgniter\View\View->render('frontend/section/hutgereja', [], true)
 4 APPPATH\Controllers\Hutgereja.php(9): view('frontend/section/hutgereja')
 5 SYSTEMPATH\CodeIgniter.php(933): App\Controllers\Hutgereja->index()
 6 SYSTEMPATH\CodeIgniter.php(509): CodeIgniter\CodeIgniter->runController(Object(App\Controllers\Hutgereja))
 7 SYSTEMPATH\CodeIgniter.php(355): CodeIgniter\CodeIgniter->handleRequest(null, Object(Config\Cache), false)
 8 SYSTEMPATH\Boot.php(325): CodeIgniter\CodeIgniter->run()
 9 SYSTEMPATH\Boot.php(67): CodeIgniter\Boot::runCodeIgniter(Object(CodeIgniter\CodeIgniter))
10 FCPATH\index.php(56): CodeIgniter\Boot::bootWeb(Object(Config\Paths))
CRITICAL - 2024-09-28 15:01:49 --> CodeIgniter\View\Exceptions\ViewException: Invalid file: "index.php"
[Method: GET, Route: hut-gereja]
in SYSTEMPATH\Exceptions\FrameworkException.php on line 41.
 1 SYSTEMPATH\View\View.php(222): CodeIgniter\Exceptions\FrameworkException::forInvalidFile('index.php')
 2 SYSTEMPATH\View\View.php(250): CodeIgniter\View\View->render('index', [], true)
 3 SYSTEMPATH\Common.php(1169): CodeIgniter\View\View->render('frontend/section/hutgereja', [], true)
 4 APPPATH\Controllers\Hutgereja.php(9): view('frontend/section/hutgereja')
 5 SYSTEMPATH\CodeIgniter.php(933): App\Controllers\Hutgereja->index()
 6 SYSTEMPATH\CodeIgniter.php(509): CodeIgniter\CodeIgniter->runController(Object(App\Controllers\Hutgereja))
 7 SYSTEMPATH\CodeIgniter.php(355): CodeIgniter\CodeIgniter->handleRequest(null, Object(Config\Cache), false)
 8 SYSTEMPATH\Boot.php(325): CodeIgniter\CodeIgniter->run()
 9 SYSTEMPATH\Boot.php(67): CodeIgniter\Boot::runCodeIgniter(Object(CodeIgniter\CodeIgniter))
10 FCPATH\index.php(56): CodeIgniter\Boot::bootWeb(Object(Config\Paths))
CRITICAL - 2024-09-28 15:17:25 --> CodeIgniter\View\Exceptions\ViewException: Invalid file: "index.php"
[Method: GET, Route: hut-gereja]
in SYSTEMPATH\Exceptions\FrameworkException.php on line 41.
 1 SYSTEMPATH\View\View.php(222): CodeIgniter\Exceptions\FrameworkException::forInvalidFile('index.php')
 2 SYSTEMPATH\View\View.php(250): CodeIgniter\View\View->render('index', [], true)
 3 SYSTEMPATH\Common.php(1169): CodeIgniter\View\View->render('frontend/section/kgereja/hutgereja', [], true)
 4 APPPATH\Controllers\Hutgereja.php(9): view('frontend/section/kgereja/hutgereja')
 5 SYSTEMPATH\CodeIgniter.php(933): App\Controllers\Hutgereja->index()
 6 SYSTEMPATH\CodeIgniter.php(509): CodeIgniter\CodeIgniter->runController(Object(App\Controllers\Hutgereja))
 7 SYSTEMPATH\CodeIgniter.php(355): CodeIgniter\CodeIgniter->handleRequest(null, Object(Config\Cache), false)
 8 SYSTEMPATH\Boot.php(325): CodeIgniter\CodeIgniter->run()
 9 SYSTEMPATH\Boot.php(67): CodeIgniter\Boot::runCodeIgniter(Object(CodeIgniter\CodeIgniter))
10 FCPATH\index.php(56): CodeIgniter\Boot::bootWeb(Object(Config\Paths))
CRITICAL - 2024-09-28 15:17:53 --> CodeIgniter\View\Exceptions\ViewException: Invalid file: "section/index.php"
[Method: GET, Route: hut-gereja]
in SYSTEMPATH\Exceptions\FrameworkException.php on line 41.
 1 SYSTEMPATH\View\View.php(222): CodeIgniter\Exceptions\FrameworkException::forInvalidFile('section/index.php')
 2 SYSTEMPATH\View\View.php(250): CodeIgniter\View\View->render('section/index', [], true)
 3 SYSTEMPATH\Common.php(1169): CodeIgniter\View\View->render('frontend/section/kgereja/hutgereja', [], true)
 4 APPPATH\Controllers\Hutgereja.php(9): view('frontend/section/kgereja/hutgereja')
 5 SYSTEMPATH\CodeIgniter.php(933): App\Controllers\Hutgereja->index()
 6 SYSTEMPATH\CodeIgniter.php(509): CodeIgniter\CodeIgniter->runController(Object(App\Controllers\Hutgereja))
 7 SYSTEMPATH\CodeIgniter.php(355): CodeIgniter\CodeIgniter->handleRequest(null, Object(Config\Cache), false)
 8 SYSTEMPATH\Boot.php(325): CodeIgniter\CodeIgniter->run()
 9 SYSTEMPATH\Boot.php(67): CodeIgniter\Boot::runCodeIgniter(Object(CodeIgniter\CodeIgniter))
10 FCPATH\index.php(56): CodeIgniter\Boot::bootWeb(Object(Config\Paths))
CRITICAL - 2024-09-28 15:17:54 --> CodeIgniter\View\Exceptions\ViewException: Invalid file: "section/index.php"
[Method: GET, Route: hut-gereja]
in SYSTEMPATH\Exceptions\FrameworkException.php on line 41.
 1 SYSTEMPATH\View\View.php(222): CodeIgniter\Exceptions\FrameworkException::forInvalidFile('section/index.php')
 2 SYSTEMPATH\View\View.php(250): CodeIgniter\View\View->render('section/index', [], true)
 3 SYSTEMPATH\Common.php(1169): CodeIgniter\View\View->render('frontend/section/kgereja/hutgereja', [], true)
 4 APPPATH\Controllers\Hutgereja.php(9): view('frontend/section/kgereja/hutgereja')
 5 SYSTEMPATH\CodeIgniter.php(933): App\Controllers\Hutgereja->index()
 6 SYSTEMPATH\CodeIgniter.php(509): CodeIgniter\CodeIgniter->runController(Object(App\Controllers\Hutgereja))
 7 SYSTEMPATH\CodeIgniter.php(355): CodeIgniter\CodeIgniter->handleRequest(null, Object(Config\Cache), false)
 8 SYSTEMPATH\Boot.php(325): CodeIgniter\CodeIgniter->run()
 9 SYSTEMPATH\Boot.php(67): CodeIgniter\Boot::runCodeIgniter(Object(CodeIgniter\CodeIgniter))
10 FCPATH\index.php(56): CodeIgniter\Boot::bootWeb(Object(Config\Paths))
CRITICAL - 2024-09-28 15:17:54 --> CodeIgniter\View\Exceptions\ViewException: Invalid file: "section/index.php"
[Method: GET, Route: hut-gereja]
in SYSTEMPATH\Exceptions\FrameworkException.php on line 41.
 1 SYSTEMPATH\View\View.php(222): CodeIgniter\Exceptions\FrameworkException::forInvalidFile('section/index.php')
 2 SYSTEMPATH\View\View.php(250): CodeIgniter\View\View->render('section/index', [], true)
 3 SYSTEMPATH\Common.php(1169): CodeIgniter\View\View->render('frontend/section/kgereja/hutgereja', [], true)
 4 APPPATH\Controllers\Hutgereja.php(9): view('frontend/section/kgereja/hutgereja')
 5 SYSTEMPATH\CodeIgniter.php(933): App\Controllers\Hutgereja->index()
 6 SYSTEMPATH\CodeIgniter.php(509): CodeIgniter\CodeIgniter->runController(Object(App\Controllers\Hutgereja))
 7 SYSTEMPATH\CodeIgniter.php(355): CodeIgniter\CodeIgniter->handleRequest(null, Object(Config\Cache), false)
 8 SYSTEMPATH\Boot.php(325): CodeIgniter\CodeIgniter->run()
 9 SYSTEMPATH\Boot.php(67): CodeIgniter\Boot::runCodeIgniter(Object(CodeIgniter\CodeIgniter))
10 FCPATH\index.php(56): CodeIgniter\Boot::bootWeb(Object(Config\Paths))
CRITICAL - 2024-09-28 15:17:54 --> CodeIgniter\View\Exceptions\ViewException: Invalid file: "section/index.php"
[Method: GET, Route: hut-gereja]
in SYSTEMPATH\Exceptions\FrameworkException.php on line 41.
 1 SYSTEMPATH\View\View.php(222): CodeIgniter\Exceptions\FrameworkException::forInvalidFile('section/index.php')
 2 SYSTEMPATH\View\View.php(250): CodeIgniter\View\View->render('section/index', [], true)
 3 SYSTEMPATH\Common.php(1169): CodeIgniter\View\View->render('frontend/section/kgereja/hutgereja', [], true)
 4 APPPATH\Controllers\Hutgereja.php(9): view('frontend/section/kgereja/hutgereja')
 5 SYSTEMPATH\CodeIgniter.php(933): App\Controllers\Hutgereja->index()
 6 SYSTEMPATH\CodeIgniter.php(509): CodeIgniter\CodeIgniter->runController(Object(App\Controllers\Hutgereja))
 7 SYSTEMPATH\CodeIgniter.php(355): CodeIgniter\CodeIgniter->handleRequest(null, Object(Config\Cache), false)
 8 SYSTEMPATH\Boot.php(325): CodeIgniter\CodeIgniter->run()
 9 SYSTEMPATH\Boot.php(67): CodeIgniter\Boot::runCodeIgniter(Object(CodeIgniter\CodeIgniter))
10 FCPATH\index.php(56): CodeIgniter\Boot::bootWeb(Object(Config\Paths))
CRITICAL - 2024-09-28 15:17:55 --> CodeIgniter\View\Exceptions\ViewException: Invalid file: "section/index.php"
[Method: GET, Route: hut-gereja]
in SYSTEMPATH\Exceptions\FrameworkException.php on line 41.
 1 SYSTEMPATH\View\View.php(222): CodeIgniter\Exceptions\FrameworkException::forInvalidFile('section/index.php')
 2 SYSTEMPATH\View\View.php(250): CodeIgniter\View\View->render('section/index', [], true)
 3 SYSTEMPATH\Common.php(1169): CodeIgniter\View\View->render('frontend/section/kgereja/hutgereja', [], true)
 4 APPPATH\Controllers\Hutgereja.php(9): view('frontend/section/kgereja/hutgereja')
 5 SYSTEMPATH\CodeIgniter.php(933): App\Controllers\Hutgereja->index()
 6 SYSTEMPATH\CodeIgniter.php(509): CodeIgniter\CodeIgniter->runController(Object(App\Controllers\Hutgereja))
 7 SYSTEMPATH\CodeIgniter.php(355): CodeIgniter\CodeIgniter->handleRequest(null, Object(Config\Cache), false)
 8 SYSTEMPATH\Boot.php(325): CodeIgniter\CodeIgniter->run()
 9 SYSTEMPATH\Boot.php(67): CodeIgniter\Boot::runCodeIgniter(Object(CodeIgniter\CodeIgniter))
10 FCPATH\index.php(56): CodeIgniter\Boot::bootWeb(Object(Config\Paths))
CRITICAL - 2024-09-28 15:17:55 --> CodeIgniter\View\Exceptions\ViewException: Invalid file: "section/index.php"
[Method: GET, Route: hut-gereja]
in SYSTEMPATH\Exceptions\FrameworkException.php on line 41.
 1 SYSTEMPATH\View\View.php(222): CodeIgniter\Exceptions\FrameworkException::forInvalidFile('section/index.php')
 2 SYSTEMPATH\View\View.php(250): CodeIgniter\View\View->render('section/index', [], true)
 3 SYSTEMPATH\Common.php(1169): CodeIgniter\View\View->render('frontend/section/kgereja/hutgereja', [], true)
 4 APPPATH\Controllers\Hutgereja.php(9): view('frontend/section/kgereja/hutgereja')
 5 SYSTEMPATH\CodeIgniter.php(933): App\Controllers\Hutgereja->index()
 6 SYSTEMPATH\CodeIgniter.php(509): CodeIgniter\CodeIgniter->runController(Object(App\Controllers\Hutgereja))
 7 SYSTEMPATH\CodeIgniter.php(355): CodeIgniter\CodeIgniter->handleRequest(null, Object(Config\Cache), false)
 8 SYSTEMPATH\Boot.php(325): CodeIgniter\CodeIgniter->run()
 9 SYSTEMPATH\Boot.php(67): CodeIgniter\Boot::runCodeIgniter(Object(CodeIgniter\CodeIgniter))
10 FCPATH\index.php(56): CodeIgniter\Boot::bootWeb(Object(Config\Paths))
CRITICAL - 2024-09-28 15:17:55 --> CodeIgniter\View\Exceptions\ViewException: Invalid file: "section/index.php"
[Method: GET, Route: hut-gereja]
in SYSTEMPATH\Exceptions\FrameworkException.php on line 41.
 1 SYSTEMPATH\View\View.php(222): CodeIgniter\Exceptions\FrameworkException::forInvalidFile('section/index.php')
 2 SYSTEMPATH\View\View.php(250): CodeIgniter\View\View->render('section/index', [], true)
 3 SYSTEMPATH\Common.php(1169): CodeIgniter\View\View->render('frontend/section/kgereja/hutgereja', [], true)
 4 APPPATH\Controllers\Hutgereja.php(9): view('frontend/section/kgereja/hutgereja')
 5 SYSTEMPATH\CodeIgniter.php(933): App\Controllers\Hutgereja->index()
 6 SYSTEMPATH\CodeIgniter.php(509): CodeIgniter\CodeIgniter->runController(Object(App\Controllers\Hutgereja))
 7 SYSTEMPATH\CodeIgniter.php(355): CodeIgniter\CodeIgniter->handleRequest(null, Object(Config\Cache), false)
 8 SYSTEMPATH\Boot.php(325): CodeIgniter\CodeIgniter->run()
 9 SYSTEMPATH\Boot.php(67): CodeIgniter\Boot::runCodeIgniter(Object(CodeIgniter\CodeIgniter))
10 FCPATH\index.php(56): CodeIgniter\Boot::bootWeb(Object(Config\Paths))
CRITICAL - 2024-09-28 15:17:55 --> CodeIgniter\View\Exceptions\ViewException: Invalid file: "section/index.php"
[Method: GET, Route: hut-gereja]
in SYSTEMPATH\Exceptions\FrameworkException.php on line 41.
 1 SYSTEMPATH\View\View.php(222): CodeIgniter\Exceptions\FrameworkException::forInvalidFile('section/index.php')
 2 SYSTEMPATH\View\View.php(250): CodeIgniter\View\View->render('section/index', [], true)
 3 SYSTEMPATH\Common.php(1169): CodeIgniter\View\View->render('frontend/section/kgereja/hutgereja', [], true)
 4 APPPATH\Controllers\Hutgereja.php(9): view('frontend/section/kgereja/hutgereja')
 5 SYSTEMPATH\CodeIgniter.php(933): App\Controllers\Hutgereja->index()
 6 SYSTEMPATH\CodeIgniter.php(509): CodeIgniter\CodeIgniter->runController(Object(App\Controllers\Hutgereja))
 7 SYSTEMPATH\CodeIgniter.php(355): CodeIgniter\CodeIgniter->handleRequest(null, Object(Config\Cache), false)
 8 SYSTEMPATH\Boot.php(325): CodeIgniter\CodeIgniter->run()
 9 SYSTEMPATH\Boot.php(67): CodeIgniter\Boot::runCodeIgniter(Object(CodeIgniter\CodeIgniter))
10 FCPATH\index.php(56): CodeIgniter\Boot::bootWeb(Object(Config\Paths))
CRITICAL - 2024-09-28 15:17:55 --> CodeIgniter\View\Exceptions\ViewException: Invalid file: "section/index.php"
[Method: GET, Route: hut-gereja]
in SYSTEMPATH\Exceptions\FrameworkException.php on line 41.
 1 SYSTEMPATH\View\View.php(222): CodeIgniter\Exceptions\FrameworkException::forInvalidFile('section/index.php')
 2 SYSTEMPATH\View\View.php(250): CodeIgniter\View\View->render('section/index', [], true)
 3 SYSTEMPATH\Common.php(1169): CodeIgniter\View\View->render('frontend/section/kgereja/hutgereja', [], true)
 4 APPPATH\Controllers\Hutgereja.php(9): view('frontend/section/kgereja/hutgereja')
 5 SYSTEMPATH\CodeIgniter.php(933): App\Controllers\Hutgereja->index()
 6 SYSTEMPATH\CodeIgniter.php(509): CodeIgniter\CodeIgniter->runController(Object(App\Controllers\Hutgereja))
 7 SYSTEMPATH\CodeIgniter.php(355): CodeIgniter\CodeIgniter->handleRequest(null, Object(Config\Cache), false)
 8 SYSTEMPATH\Boot.php(325): CodeIgniter\CodeIgniter->run()
 9 SYSTEMPATH\Boot.php(67): CodeIgniter\Boot::runCodeIgniter(Object(CodeIgniter\CodeIgniter))
10 FCPATH\index.php(56): CodeIgniter\Boot::bootWeb(Object(Config\Paths))
CRITICAL - 2024-09-28 15:17:55 --> CodeIgniter\View\Exceptions\ViewException: Invalid file: "section/index.php"
[Method: GET, Route: hut-gereja]
in SYSTEMPATH\Exceptions\FrameworkException.php on line 41.
 1 SYSTEMPATH\View\View.php(222): CodeIgniter\Exceptions\FrameworkException::forInvalidFile('section/index.php')
 2 SYSTEMPATH\View\View.php(250): CodeIgniter\View\View->render('section/index', [], true)
 3 SYSTEMPATH\Common.php(1169): CodeIgniter\View\View->render('frontend/section/kgereja/hutgereja', [], true)
 4 APPPATH\Controllers\Hutgereja.php(9): view('frontend/section/kgereja/hutgereja')
 5 SYSTEMPATH\CodeIgniter.php(933): App\Controllers\Hutgereja->index()
 6 SYSTEMPATH\CodeIgniter.php(509): CodeIgniter\CodeIgniter->runController(Object(App\Controllers\Hutgereja))
 7 SYSTEMPATH\CodeIgniter.php(355): CodeIgniter\CodeIgniter->handleRequest(null, Object(Config\Cache), false)
 8 SYSTEMPATH\Boot.php(325): CodeIgniter\CodeIgniter->run()
 9 SYSTEMPATH\Boot.php(67): CodeIgniter\Boot::runCodeIgniter(Object(CodeIgniter\CodeIgniter))
10 FCPATH\index.php(56): CodeIgniter\Boot::bootWeb(Object(Config\Paths))
CRITICAL - 2024-09-28 15:17:56 --> CodeIgniter\View\Exceptions\ViewException: Invalid file: "section/index.php"
[Method: GET, Route: hut-gereja]
in SYSTEMPATH\Exceptions\FrameworkException.php on line 41.
 1 SYSTEMPATH\View\View.php(222): CodeIgniter\Exceptions\FrameworkException::forInvalidFile('section/index.php')
 2 SYSTEMPATH\View\View.php(250): CodeIgniter\View\View->render('section/index', [], true)
 3 SYSTEMPATH\Common.php(1169): CodeIgniter\View\View->render('frontend/section/kgereja/hutgereja', [], true)
 4 APPPATH\Controllers\Hutgereja.php(9): view('frontend/section/kgereja/hutgereja')
 5 SYSTEMPATH\CodeIgniter.php(933): App\Controllers\Hutgereja->index()
 6 SYSTEMPATH\CodeIgniter.php(509): CodeIgniter\CodeIgniter->runController(Object(App\Controllers\Hutgereja))
 7 SYSTEMPATH\CodeIgniter.php(355): CodeIgniter\CodeIgniter->handleRequest(null, Object(Config\Cache), false)
 8 SYSTEMPATH\Boot.php(325): CodeIgniter\CodeIgniter->run()
 9 SYSTEMPATH\Boot.php(67): CodeIgniter\Boot::runCodeIgniter(Object(CodeIgniter\CodeIgniter))
10 FCPATH\index.php(56): CodeIgniter\Boot::bootWeb(Object(Config\Paths))
CRITICAL - 2024-09-28 15:17:56 --> CodeIgniter\View\Exceptions\ViewException: Invalid file: "section/index.php"
[Method: GET, Route: hut-gereja]
in SYSTEMPATH\Exceptions\FrameworkException.php on line 41.
 1 SYSTEMPATH\View\View.php(222): CodeIgniter\Exceptions\FrameworkException::forInvalidFile('section/index.php')
 2 SYSTEMPATH\View\View.php(250): CodeIgniter\View\View->render('section/index', [], true)
 3 SYSTEMPATH\Common.php(1169): CodeIgniter\View\View->render('frontend/section/kgereja/hutgereja', [], true)
 4 APPPATH\Controllers\Hutgereja.php(9): view('frontend/section/kgereja/hutgereja')
 5 SYSTEMPATH\CodeIgniter.php(933): App\Controllers\Hutgereja->index()
 6 SYSTEMPATH\CodeIgniter.php(509): CodeIgniter\CodeIgniter->runController(Object(App\Controllers\Hutgereja))
 7 SYSTEMPATH\CodeIgniter.php(355): CodeIgniter\CodeIgniter->handleRequest(null, Object(Config\Cache), false)
 8 SYSTEMPATH\Boot.php(325): CodeIgniter\CodeIgniter->run()
 9 SYSTEMPATH\Boot.php(67): CodeIgniter\Boot::runCodeIgniter(Object(CodeIgniter\CodeIgniter))
10 FCPATH\index.php(56): CodeIgniter\Boot::bootWeb(Object(Config\Paths))
CRITICAL - 2024-09-28 15:17:56 --> CodeIgniter\View\Exceptions\ViewException: Invalid file: "section/index.php"
[Method: GET, Route: hut-gereja]
in SYSTEMPATH\Exceptions\FrameworkException.php on line 41.
 1 SYSTEMPATH\View\View.php(222): CodeIgniter\Exceptions\FrameworkException::forInvalidFile('section/index.php')
 2 SYSTEMPATH\View\View.php(250): CodeIgniter\View\View->render('section/index', [], true)
 3 SYSTEMPATH\Common.php(1169): CodeIgniter\View\View->render('frontend/section/kgereja/hutgereja', [], true)
 4 APPPATH\Controllers\Hutgereja.php(9): view('frontend/section/kgereja/hutgereja')
 5 SYSTEMPATH\CodeIgniter.php(933): App\Controllers\Hutgereja->index()
 6 SYSTEMPATH\CodeIgniter.php(509): CodeIgniter\CodeIgniter->runController(Object(App\Controllers\Hutgereja))
 7 SYSTEMPATH\CodeIgniter.php(355): CodeIgniter\CodeIgniter->handleRequest(null, Object(Config\Cache), false)
 8 SYSTEMPATH\Boot.php(325): CodeIgniter\CodeIgniter->run()
 9 SYSTEMPATH\Boot.php(67): CodeIgniter\Boot::runCodeIgniter(Object(CodeIgniter\CodeIgniter))
10 FCPATH\index.php(56): CodeIgniter\Boot::bootWeb(Object(Config\Paths))
CRITICAL - 2024-09-28 15:17:56 --> CodeIgniter\View\Exceptions\ViewException: Invalid file: "section/index.php"
[Method: GET, Route: hut-gereja]
in SYSTEMPATH\Exceptions\FrameworkException.php on line 41.
 1 SYSTEMPATH\View\View.php(222): CodeIgniter\Exceptions\FrameworkException::forInvalidFile('section/index.php')
 2 SYSTEMPATH\View\View.php(250): CodeIgniter\View\View->render('section/index', [], true)
 3 SYSTEMPATH\Common.php(1169): CodeIgniter\View\View->render('frontend/section/kgereja/hutgereja', [], true)
 4 APPPATH\Controllers\Hutgereja.php(9): view('frontend/section/kgereja/hutgereja')
 5 SYSTEMPATH\CodeIgniter.php(933): App\Controllers\Hutgereja->index()
 6 SYSTEMPATH\CodeIgniter.php(509): CodeIgniter\CodeIgniter->runController(Object(App\Controllers\Hutgereja))
 7 SYSTEMPATH\CodeIgniter.php(355): CodeIgniter\CodeIgniter->handleRequest(null, Object(Config\Cache), false)
 8 SYSTEMPATH\Boot.php(325): CodeIgniter\CodeIgniter->run()
 9 SYSTEMPATH\Boot.php(67): CodeIgniter\Boot::runCodeIgniter(Object(CodeIgniter\CodeIgniter))
10 FCPATH\index.php(56): CodeIgniter\Boot::bootWeb(Object(Config\Paths))
CRITICAL - 2024-09-28 15:17:56 --> CodeIgniter\View\Exceptions\ViewException: Invalid file: "section/index.php"
[Method: GET, Route: hut-gereja]
in SYSTEMPATH\Exceptions\FrameworkException.php on line 41.
 1 SYSTEMPATH\View\View.php(222): CodeIgniter\Exceptions\FrameworkException::forInvalidFile('section/index.php')
 2 SYSTEMPATH\View\View.php(250): CodeIgniter\View\View->render('section/index', [], true)
 3 SYSTEMPATH\Common.php(1169): CodeIgniter\View\View->render('frontend/section/kgereja/hutgereja', [], true)
 4 APPPATH\Controllers\Hutgereja.php(9): view('frontend/section/kgereja/hutgereja')
 5 SYSTEMPATH\CodeIgniter.php(933): App\Controllers\Hutgereja->index()
 6 SYSTEMPATH\CodeIgniter.php(509): CodeIgniter\CodeIgniter->runController(Object(App\Controllers\Hutgereja))
 7 SYSTEMPATH\CodeIgniter.php(355): CodeIgniter\CodeIgniter->handleRequest(null, Object(Config\Cache), false)
 8 SYSTEMPATH\Boot.php(325): CodeIgniter\CodeIgniter->run()
 9 SYSTEMPATH\Boot.php(67): CodeIgniter\Boot::runCodeIgniter(Object(CodeIgniter\CodeIgniter))
10 FCPATH\index.php(56): CodeIgniter\Boot::bootWeb(Object(Config\Paths))
CRITICAL - 2024-09-28 15:18:15 --> CodeIgniter\View\Exceptions\ViewException: Invalid file: "section/index.php"
[Method: GET, Route: hut-gereja]
in SYSTEMPATH\Exceptions\FrameworkException.php on line 41.
 1 SYSTEMPATH\View\View.php(222): CodeIgniter\Exceptions\FrameworkException::forInvalidFile('section/index.php')
 2 SYSTEMPATH\View\View.php(250): CodeIgniter\View\View->render('section/index', [], true)
 3 SYSTEMPATH\Common.php(1169): CodeIgniter\View\View->render('frontend/section/kgereja/hutgereja', [], true)
 4 APPPATH\Controllers\Hutgereja.php(9): view('frontend/section/kgereja/hutgereja')
 5 SYSTEMPATH\CodeIgniter.php(933): App\Controllers\Hutgereja->index()
 6 SYSTEMPATH\CodeIgniter.php(509): CodeIgniter\CodeIgniter->runController(Object(App\Controllers\Hutgereja))
 7 SYSTEMPATH\CodeIgniter.php(355): CodeIgniter\CodeIgniter->handleRequest(null, Object(Config\Cache), false)
 8 SYSTEMPATH\Boot.php(325): CodeIgniter\CodeIgniter->run()
 9 SYSTEMPATH\Boot.php(67): CodeIgniter\Boot::runCodeIgniter(Object(CodeIgniter\CodeIgniter))
10 FCPATH\index.php(56): CodeIgniter\Boot::bootWeb(Object(Config\Paths))
CRITICAL - 2024-09-28 15:18:16 --> CodeIgniter\View\Exceptions\ViewException: Invalid file: "section/index.php"
[Method: GET, Route: hut-gereja]
in SYSTEMPATH\Exceptions\FrameworkException.php on line 41.
 1 SYSTEMPATH\View\View.php(222): CodeIgniter\Exceptions\FrameworkException::forInvalidFile('section/index.php')
 2 SYSTEMPATH\View\View.php(250): CodeIgniter\View\View->render('section/index', [], true)
 3 SYSTEMPATH\Common.php(1169): CodeIgniter\View\View->render('frontend/section/kgereja/hutgereja', [], true)
 4 APPPATH\Controllers\Hutgereja.php(9): view('frontend/section/kgereja/hutgereja')
 5 SYSTEMPATH\CodeIgniter.php(933): App\Controllers\Hutgereja->index()
 6 SYSTEMPATH\CodeIgniter.php(509): CodeIgniter\CodeIgniter->runController(Object(App\Controllers\Hutgereja))
 7 SYSTEMPATH\CodeIgniter.php(355): CodeIgniter\CodeIgniter->handleRequest(null, Object(Config\Cache), false)
 8 SYSTEMPATH\Boot.php(325): CodeIgniter\CodeIgniter->run()
 9 SYSTEMPATH\Boot.php(67): CodeIgniter\Boot::runCodeIgniter(Object(CodeIgniter\CodeIgniter))
10 FCPATH\index.php(56): CodeIgniter\Boot::bootWeb(Object(Config\Paths))
