ERROR - 2024-10-15 08:39:02 --> Error connecting to the database: mysqli_sql_exception: Access denied for user 'root'@'localhost' (using password: NO) in C:\Users\Administrator\Documents\GitHub\gki-main\system\Database\MySQLi\Connection.php:186
Stack trace:
#0 C:\Users\Administrator\Documents\GitHub\gki-main\system\Database\MySQLi\Connection.php(186): mysqli->real_connect()
#1 C:\Users\Administrator\Documents\GitHub\gki-main\system\Database\BaseConnection.php(421): CodeIgniter\Database\MySQLi\Connection->connect()
#2 C:\Users\Administrator\Documents\GitHub\gki-main\system\Database\BaseConnection.php(616): CodeIgniter\Database\BaseConnection->initialize()
#3 C:\Users\Administrator\Documents\GitHub\gki-main\system\Database\BaseConnection.php(1485): CodeIgniter\Database\BaseConnection->query()
#4 C:\Users\Administrator\Documents\GitHub\gki-main\system\Database\BaseConnection.php(1505): CodeIgniter\Database\BaseConnection->listTables()
#5 C:\Users\Administrator\Documents\GitHub\gki-main\system\Database\MigrationRunner.php(759): CodeIgniter\Database\BaseConnection->tableExists()
#6 C:\Users\Administrator\Documents\GitHub\gki-main\system\Database\MigrationRunner.php(163): CodeIgniter\Database\MigrationRunner->ensureTable()
#7 C:\Users\Administrator\Documents\GitHub\gki-main\system\Commands\Database\Migrate.php(85): CodeIgniter\Database\MigrationRunner->latest()
#8 C:\Users\Administrator\Documents\GitHub\gki-main\system\CLI\Commands.php(70): CodeIgniter\Commands\Database\Migrate->run()
#9 C:\Users\Administrator\Documents\GitHub\gki-main\system\CLI\Console.php(48): CodeIgniter\CLI\Commands->run()
#10 C:\Users\Administrator\Documents\GitHub\gki-main\system\Boot.php(351): CodeIgniter\CLI\Console->run()
#11 C:\Users\Administrator\Documents\GitHub\gki-main\system\Boot.php(104): CodeIgniter\Boot::runCommand()
#12 C:\Users\Administrator\Documents\GitHub\gki-main\spark(84): CodeIgniter\Boot::bootSpark()
#13 {main}

Next CodeIgniter\Database\Exceptions\DatabaseException: Access denied for user '****'@'localhost' (using password: NO) in C:\Users\Administrator\Documents\GitHub\gki-main\system\Database\MySQLi\Connection.php:231
Stack trace:
#0 C:\Users\Administrator\Documents\GitHub\gki-main\system\Database\BaseConnection.php(421): CodeIgniter\Database\MySQLi\Connection->connect()
#1 C:\Users\Administrator\Documents\GitHub\gki-main\system\Database\BaseConnection.php(616): CodeIgniter\Database\BaseConnection->initialize()
#2 C:\Users\Administrator\Documents\GitHub\gki-main\system\Database\BaseConnection.php(1485): CodeIgniter\Database\BaseConnection->query()
#3 C:\Users\Administrator\Documents\GitHub\gki-main\system\Database\BaseConnection.php(1505): CodeIgniter\Database\BaseConnection->listTables()
#4 C:\Users\Administrator\Documents\GitHub\gki-main\system\Database\MigrationRunner.php(759): CodeIgniter\Database\BaseConnection->tableExists()
#5 C:\Users\Administrator\Documents\GitHub\gki-main\system\Database\MigrationRunner.php(163): CodeIgniter\Database\MigrationRunner->ensureTable()
#6 C:\Users\Administrator\Documents\GitHub\gki-main\system\Commands\Database\Migrate.php(85): CodeIgniter\Database\MigrationRunner->latest()
#7 C:\Users\Administrator\Documents\GitHub\gki-main\system\CLI\Commands.php(70): CodeIgniter\Commands\Database\Migrate->run()
#8 C:\Users\Administrator\Documents\GitHub\gki-main\system\CLI\Console.php(48): CodeIgniter\CLI\Commands->run()
#9 C:\Users\Administrator\Documents\GitHub\gki-main\system\Boot.php(351): CodeIgniter\CLI\Console->run()
#10 C:\Users\Administrator\Documents\GitHub\gki-main\system\Boot.php(104): CodeIgniter\Boot::runCommand()
#11 C:\Users\Administrator\Documents\GitHub\gki-main\spark(84): CodeIgniter\Boot::bootSpark()
#12 {main}
ERROR - 2024-10-15 09:07:46 --> Error connecting to the database: mysqli_sql_exception: Access denied for user 'root'@'localhost' (using password: NO) in C:\Users\Administrator\Documents\GitHub\gki-main\system\Database\MySQLi\Connection.php:186
Stack trace:
#0 C:\Users\Administrator\Documents\GitHub\gki-main\system\Database\MySQLi\Connection.php(186): mysqli->real_connect()
#1 C:\Users\Administrator\Documents\GitHub\gki-main\system\Database\BaseConnection.php(421): CodeIgniter\Database\MySQLi\Connection->connect()
#2 C:\Users\Administrator\Documents\GitHub\gki-main\system\Database\BaseConnection.php(616): CodeIgniter\Database\BaseConnection->initialize()
#3 C:\Users\Administrator\Documents\GitHub\gki-main\system\Database\BaseConnection.php(1485): CodeIgniter\Database\BaseConnection->query()
#4 C:\Users\Administrator\Documents\GitHub\gki-main\system\Database\BaseConnection.php(1505): CodeIgniter\Database\BaseConnection->listTables()
#5 C:\Users\Administrator\Documents\GitHub\gki-main\system\Database\MigrationRunner.php(759): CodeIgniter\Database\BaseConnection->tableExists()
#6 C:\Users\Administrator\Documents\GitHub\gki-main\system\Database\MigrationRunner.php(163): CodeIgniter\Database\MigrationRunner->ensureTable()
#7 C:\Users\Administrator\Documents\GitHub\gki-main\system\Commands\Database\Migrate.php(85): CodeIgniter\Database\MigrationRunner->latest()
#8 C:\Users\Administrator\Documents\GitHub\gki-main\system\CLI\Commands.php(70): CodeIgniter\Commands\Database\Migrate->run()
#9 C:\Users\Administrator\Documents\GitHub\gki-main\system\CLI\Console.php(48): CodeIgniter\CLI\Commands->run()
#10 C:\Users\Administrator\Documents\GitHub\gki-main\system\Boot.php(351): CodeIgniter\CLI\Console->run()
#11 C:\Users\Administrator\Documents\GitHub\gki-main\system\Boot.php(104): CodeIgniter\Boot::runCommand()
#12 C:\Users\Administrator\Documents\GitHub\gki-main\spark(84): CodeIgniter\Boot::bootSpark()
#13 {main}

Next CodeIgniter\Database\Exceptions\DatabaseException: Access denied for user '****'@'localhost' (using password: NO) in C:\Users\Administrator\Documents\GitHub\gki-main\system\Database\MySQLi\Connection.php:231
Stack trace:
#0 C:\Users\Administrator\Documents\GitHub\gki-main\system\Database\BaseConnection.php(421): CodeIgniter\Database\MySQLi\Connection->connect()
#1 C:\Users\Administrator\Documents\GitHub\gki-main\system\Database\BaseConnection.php(616): CodeIgniter\Database\BaseConnection->initialize()
#2 C:\Users\Administrator\Documents\GitHub\gki-main\system\Database\BaseConnection.php(1485): CodeIgniter\Database\BaseConnection->query()
#3 C:\Users\Administrator\Documents\GitHub\gki-main\system\Database\BaseConnection.php(1505): CodeIgniter\Database\BaseConnection->listTables()
#4 C:\Users\Administrator\Documents\GitHub\gki-main\system\Database\MigrationRunner.php(759): CodeIgniter\Database\BaseConnection->tableExists()
#5 C:\Users\Administrator\Documents\GitHub\gki-main\system\Database\MigrationRunner.php(163): CodeIgniter\Database\MigrationRunner->ensureTable()
#6 C:\Users\Administrator\Documents\GitHub\gki-main\system\Commands\Database\Migrate.php(85): CodeIgniter\Database\MigrationRunner->latest()
#7 C:\Users\Administrator\Documents\GitHub\gki-main\system\CLI\Commands.php(70): CodeIgniter\Commands\Database\Migrate->run()
#8 C:\Users\Administrator\Documents\GitHub\gki-main\system\CLI\Console.php(48): CodeIgniter\CLI\Commands->run()
#9 C:\Users\Administrator\Documents\GitHub\gki-main\system\Boot.php(351): CodeIgniter\CLI\Console->run()
#10 C:\Users\Administrator\Documents\GitHub\gki-main\system\Boot.php(104): CodeIgniter\Boot::runCommand()
#11 C:\Users\Administrator\Documents\GitHub\gki-main\spark(84): CodeIgniter\Boot::bootSpark()
#12 {main}
ERROR - 2024-10-15 09:08:13 --> Error connecting to the database: mysqli_sql_exception: Access denied for user 'root'@'localhost' (using password: YES) in C:\Users\Administrator\Documents\GitHub\gki-main\system\Database\MySQLi\Connection.php:186
Stack trace:
#0 C:\Users\Administrator\Documents\GitHub\gki-main\system\Database\MySQLi\Connection.php(186): mysqli->real_connect()
#1 C:\Users\Administrator\Documents\GitHub\gki-main\system\Database\BaseConnection.php(421): CodeIgniter\Database\MySQLi\Connection->connect()
#2 C:\Users\Administrator\Documents\GitHub\gki-main\system\Database\BaseConnection.php(616): CodeIgniter\Database\BaseConnection->initialize()
#3 C:\Users\Administrator\Documents\GitHub\gki-main\system\Database\BaseConnection.php(1485): CodeIgniter\Database\BaseConnection->query()
#4 C:\Users\Administrator\Documents\GitHub\gki-main\system\Database\BaseConnection.php(1505): CodeIgniter\Database\BaseConnection->listTables()
#5 C:\Users\Administrator\Documents\GitHub\gki-main\system\Database\MigrationRunner.php(759): CodeIgniter\Database\BaseConnection->tableExists()
#6 C:\Users\Administrator\Documents\GitHub\gki-main\system\Database\MigrationRunner.php(163): CodeIgniter\Database\MigrationRunner->ensureTable()
#7 C:\Users\Administrator\Documents\GitHub\gki-main\system\Commands\Database\Migrate.php(85): CodeIgniter\Database\MigrationRunner->latest()
#8 C:\Users\Administrator\Documents\GitHub\gki-main\system\CLI\Commands.php(70): CodeIgniter\Commands\Database\Migrate->run()
#9 C:\Users\Administrator\Documents\GitHub\gki-main\system\CLI\Console.php(48): CodeIgniter\CLI\Commands->run()
#10 C:\Users\Administrator\Documents\GitHub\gki-main\system\Boot.php(351): CodeIgniter\CLI\Console->run()
#11 C:\Users\Administrator\Documents\GitHub\gki-main\system\Boot.php(104): CodeIgniter\Boot::runCommand()
#12 C:\Users\Administrator\Documents\GitHub\gki-main\spark(84): CodeIgniter\Boot::bootSpark()
#13 {main}

Next CodeIgniter\Database\Exceptions\DatabaseException: Access denied for user '****'@'localhost' (using password: YES) in C:\Users\Administrator\Documents\GitHub\gki-main\system\Database\MySQLi\Connection.php:231
Stack trace:
#0 C:\Users\Administrator\Documents\GitHub\gki-main\system\Database\BaseConnection.php(421): CodeIgniter\Database\MySQLi\Connection->connect()
#1 C:\Users\Administrator\Documents\GitHub\gki-main\system\Database\BaseConnection.php(616): CodeIgniter\Database\BaseConnection->initialize()
#2 C:\Users\Administrator\Documents\GitHub\gki-main\system\Database\BaseConnection.php(1485): CodeIgniter\Database\BaseConnection->query()
#3 C:\Users\Administrator\Documents\GitHub\gki-main\system\Database\BaseConnection.php(1505): CodeIgniter\Database\BaseConnection->listTables()
#4 C:\Users\Administrator\Documents\GitHub\gki-main\system\Database\MigrationRunner.php(759): CodeIgniter\Database\BaseConnection->tableExists()
#5 C:\Users\Administrator\Documents\GitHub\gki-main\system\Database\MigrationRunner.php(163): CodeIgniter\Database\MigrationRunner->ensureTable()
#6 C:\Users\Administrator\Documents\GitHub\gki-main\system\Commands\Database\Migrate.php(85): CodeIgniter\Database\MigrationRunner->latest()
#7 C:\Users\Administrator\Documents\GitHub\gki-main\system\CLI\Commands.php(70): CodeIgniter\Commands\Database\Migrate->run()
#8 C:\Users\Administrator\Documents\GitHub\gki-main\system\CLI\Console.php(48): CodeIgniter\CLI\Commands->run()
#9 C:\Users\Administrator\Documents\GitHub\gki-main\system\Boot.php(351): CodeIgniter\CLI\Console->run()
#10 C:\Users\Administrator\Documents\GitHub\gki-main\system\Boot.php(104): CodeIgniter\Boot::runCommand()
#11 C:\Users\Administrator\Documents\GitHub\gki-main\spark(84): CodeIgniter\Boot::bootSpark()
#12 {main}
ERROR - 2024-10-15 09:09:05 --> mysqli_sql_exception: Invalid default value for 'created_at' in C:\Users\Administrator\Documents\GitHub\gki-main\system\Database\MySQLi\Connection.php:312
Stack trace:
#0 C:\Users\Administrator\Documents\GitHub\gki-main\system\Database\MySQLi\Connection.php(312): mysqli->query()
#1 C:\Users\Administrator\Documents\GitHub\gki-main\system\Database\BaseConnection.php(734): CodeIgniter\Database\MySQLi\Connection->execute()
#2 C:\Users\Administrator\Documents\GitHub\gki-main\system\Database\BaseConnection.php(648): CodeIgniter\Database\BaseConnection->simpleQuery()
#3 C:\Users\Administrator\Documents\GitHub\gki-main\system\Database\Forge.php(570): CodeIgniter\Database\BaseConnection->query()
#4 C:\Users\Administrator\Documents\GitHub\gki-main\app\Database\Migrations\2024-10-15-082729_CreateUsersTable.php(37): CodeIgniter\Database\Forge->createTable()
#5 C:\Users\Administrator\Documents\GitHub\gki-main\system\Database\MigrationRunner.php(867): App\Database\Migrations\CreateUsersTable->up()
#6 C:\Users\Administrator\Documents\GitHub\gki-main\system\Database\MigrationRunner.php(183): CodeIgniter\Database\MigrationRunner->migrate()
#7 C:\Users\Administrator\Documents\GitHub\gki-main\system\Commands\Database\Migrate.php(85): CodeIgniter\Database\MigrationRunner->latest()
#8 C:\Users\Administrator\Documents\GitHub\gki-main\system\CLI\Commands.php(70): CodeIgniter\Commands\Database\Migrate->run()
#9 C:\Users\Administrator\Documents\GitHub\gki-main\system\CLI\Console.php(48): CodeIgniter\CLI\Commands->run()
#10 C:\Users\Administrator\Documents\GitHub\gki-main\system\Boot.php(351): CodeIgniter\CLI\Console->run()
#11 C:\Users\Administrator\Documents\GitHub\gki-main\system\Boot.php(104): CodeIgniter\Boot::runCommand()
#12 C:\Users\Administrator\Documents\GitHub\gki-main\spark(84): CodeIgniter\Boot::bootSpark()
#13 {main}
INFO - 2024-10-15 09:42:53 --> Session: Class initialized using 'CodeIgniter\Session\Handlers\FileHandler' driver.
INFO - 2024-10-15 09:52:16 --> Session: Class initialized using 'CodeIgniter\Session\Handlers\FileHandler' driver.
INFO - 2024-10-15 09:52:52 --> Session: Class initialized using 'CodeIgniter\Session\Handlers\FileHandler' driver.
INFO - 2024-10-15 09:53:58 --> Session: Class initialized using 'CodeIgniter\Session\Handlers\FileHandler' driver.
INFO - 2024-10-15 09:54:04 --> Session: Class initialized using 'CodeIgniter\Session\Handlers\FileHandler' driver.
INFO - 2024-10-15 09:54:42 --> Session: Class initialized using 'CodeIgniter\Session\Handlers\FileHandler' driver.
INFO - 2024-10-15 09:55:03 --> Session: Class initialized using 'CodeIgniter\Session\Handlers\FileHandler' driver.
ERROR - 2024-10-15 10:16:30 --> mysqli_sql_exception: Invalid default value for 'created_at' in C:\Users\Administrator\Documents\GitHub\gki-main\system\Database\MySQLi\Connection.php:312
Stack trace:
#0 C:\Users\Administrator\Documents\GitHub\gki-main\system\Database\MySQLi\Connection.php(312): mysqli->query()
#1 C:\Users\Administrator\Documents\GitHub\gki-main\system\Database\BaseConnection.php(734): CodeIgniter\Database\MySQLi\Connection->execute()
#2 C:\Users\Administrator\Documents\GitHub\gki-main\system\Database\BaseConnection.php(648): CodeIgniter\Database\BaseConnection->simpleQuery()
#3 C:\Users\Administrator\Documents\GitHub\gki-main\system\Database\Forge.php(570): CodeIgniter\Database\BaseConnection->query()
#4 C:\Users\Administrator\Documents\GitHub\gki-main\app\Database\Migrations\2024-10-15-101551_CreateContentTable.php(36): CodeIgniter\Database\Forge->createTable()
#5 C:\Users\Administrator\Documents\GitHub\gki-main\system\Database\MigrationRunner.php(867): App\Database\Migrations\CreateContentTable->up()
#6 C:\Users\Administrator\Documents\GitHub\gki-main\system\Database\MigrationRunner.php(183): CodeIgniter\Database\MigrationRunner->migrate()
#7 C:\Users\Administrator\Documents\GitHub\gki-main\system\Commands\Database\Migrate.php(85): CodeIgniter\Database\MigrationRunner->latest()
#8 C:\Users\Administrator\Documents\GitHub\gki-main\system\CLI\Commands.php(70): CodeIgniter\Commands\Database\Migrate->run()
#9 C:\Users\Administrator\Documents\GitHub\gki-main\system\CLI\Console.php(48): CodeIgniter\CLI\Commands->run()
#10 C:\Users\Administrator\Documents\GitHub\gki-main\system\Boot.php(351): CodeIgniter\CLI\Console->run()
#11 C:\Users\Administrator\Documents\GitHub\gki-main\system\Boot.php(104): CodeIgniter\Boot::runCommand()
#12 C:\Users\Administrator\Documents\GitHub\gki-main\spark(84): CodeIgniter\Boot::bootSpark()
#13 {main}
INFO - 2024-10-15 23:49:36 --> Session: Class initialized using 'CodeIgniter\Session\Handlers\FileHandler' driver.
INFO - 2024-10-15 23:49:43 --> Session: Class initialized using 'CodeIgniter\Session\Handlers\FileHandler' driver.
INFO - 2024-10-15 23:52:54 --> Session: Class initialized using 'CodeIgniter\Session\Handlers\FileHandler' driver.
CRITICAL - 2024-10-15 23:52:54 --> ParseError: syntax error, unexpected token "}", expecting variable
[Method: GET, Route: admin/dashboard]
in APPPATH\Controllers\Admin.php on line 24.
 1 SYSTEMPATH\Autoloader\Autoloader.php(296): CodeIgniter\Autoloader\Autoloader->includeFile()
 2 SYSTEMPATH\Autoloader\Autoloader.php(272): CodeIgniter\Autoloader\Autoloader->loadInNamespace()
 3 [internal function]: CodeIgniter\Autoloader\Autoloader->loadClass()
 4 SYSTEMPATH\CodeIgniter.php(887): class_exists()
 5 SYSTEMPATH\CodeIgniter.php(496): CodeIgniter\CodeIgniter->startController()
 6 SYSTEMPATH\CodeIgniter.php(355): CodeIgniter\CodeIgniter->handleRequest()
 7 SYSTEMPATH\Boot.php(325): CodeIgniter\CodeIgniter->run()
 8 SYSTEMPATH\Boot.php(67): CodeIgniter\Boot::runCodeIgniter()
 9 FCPATH\index.php(56): CodeIgniter\Boot::bootWeb()
10 SYSTEMPATH\rewrite.php(44): require_once('C:\\Users\\Administrator\\Documents\\GitHub\\gki-main\\public\\index.php')
INFO - 2024-10-15 23:53:08 --> Session: Class initialized using 'CodeIgniter\Session\Handlers\FileHandler' driver.
INFO - 2024-10-15 23:53:27 --> Session: Class initialized using 'CodeIgniter\Session\Handlers\FileHandler' driver.
CRITICAL - 2024-10-15 23:53:27 --> ErrorException: Trying to access array offset on null
[Method: GET, Route: admin/dashboard]
in APPPATH\Views\admin\layout\navbar.php on line 15.
 1 APPPATH\Views\admin\layout\navbar.php(15): CodeIgniter\Debug\Exceptions->errorHandler()
 2 SYSTEMPATH\View\View.php(234): include('C:\\Users\\Administrator\\Documents\\GitHub\\gki-main\\app\\Views\\admin\\layout\\navbar.php')
 3 SYSTEMPATH\View\View.php(237): CodeIgniter\View\View->CodeIgniter\View\{closure}()
 4 SYSTEMPATH\Common.php(1169): CodeIgniter\View\View->render()
 5 APPPATH\Views\admin\index.php(3): view()
 6 SYSTEMPATH\View\View.php(234): include('C:\\Users\\Administrator\\Documents\\GitHub\\gki-main\\app\\Views\\admin\\index.php')
 7 SYSTEMPATH\View\View.php(237): CodeIgniter\View\View->CodeIgniter\View\{closure}()
 8 SYSTEMPATH\Common.php(1169): CodeIgniter\View\View->render()
 9 APPPATH\Controllers\Admin.php(14): view()
10 SYSTEMPATH\CodeIgniter.php(933): App\Controllers\Admin->index()
11 SYSTEMPATH\CodeIgniter.php(509): CodeIgniter\CodeIgniter->runController()
12 SYSTEMPATH\CodeIgniter.php(355): CodeIgniter\CodeIgniter->handleRequest()
13 SYSTEMPATH\Boot.php(325): CodeIgniter\CodeIgniter->run()
14 SYSTEMPATH\Boot.php(67): CodeIgniter\Boot::runCodeIgniter()
15 FCPATH\index.php(56): CodeIgniter\Boot::bootWeb()
16 SYSTEMPATH\rewrite.php(44): require_once('C:\\Users\\Administrator\\Documents\\GitHub\\gki-main\\public\\index.php')
INFO - 2024-10-15 23:55:00 --> Session: Class initialized using 'CodeIgniter\Session\Handlers\FileHandler' driver.
CRITICAL - 2024-10-15 23:55:00 --> ErrorException: Trying to access array offset on null
[Method: GET, Route: admin/dashboard]
in APPPATH\Views\admin\layout\navbar.php on line 15.
 1 APPPATH\Views\admin\layout\navbar.php(15): CodeIgniter\Debug\Exceptions->errorHandler()
 2 SYSTEMPATH\View\View.php(234): include('C:\\Users\\Administrator\\Documents\\GitHub\\gki-main\\app\\Views\\admin\\layout\\navbar.php')
 3 SYSTEMPATH\View\View.php(237): CodeIgniter\View\View->CodeIgniter\View\{closure}()
 4 SYSTEMPATH\Common.php(1169): CodeIgniter\View\View->render()
 5 APPPATH\Views\admin\index.php(3): view()
 6 SYSTEMPATH\View\View.php(234): include('C:\\Users\\Administrator\\Documents\\GitHub\\gki-main\\app\\Views\\admin\\index.php')
 7 SYSTEMPATH\View\View.php(237): CodeIgniter\View\View->CodeIgniter\View\{closure}()
 8 SYSTEMPATH\Common.php(1169): CodeIgniter\View\View->render()
 9 APPPATH\Controllers\Admin.php(14): view()
10 SYSTEMPATH\CodeIgniter.php(933): App\Controllers\Admin->index()
11 SYSTEMPATH\CodeIgniter.php(509): CodeIgniter\CodeIgniter->runController()
12 SYSTEMPATH\CodeIgniter.php(355): CodeIgniter\CodeIgniter->handleRequest()
13 SYSTEMPATH\Boot.php(325): CodeIgniter\CodeIgniter->run()
14 SYSTEMPATH\Boot.php(67): CodeIgniter\Boot::runCodeIgniter()
15 FCPATH\index.php(56): CodeIgniter\Boot::bootWeb()
16 SYSTEMPATH\rewrite.php(44): require_once('C:\\Users\\Administrator\\Documents\\GitHub\\gki-main\\public\\index.php')
INFO - 2024-10-15 23:55:16 --> Session: Class initialized using 'CodeIgniter\Session\Handlers\FileHandler' driver.
CRITICAL - 2024-10-15 23:55:16 --> ErrorException: Trying to access array offset on null
[Method: GET, Route: admin/dashboard]
in APPPATH\Views\admin\layout\navbar.php on line 110.
 1 APPPATH\Views\admin\layout\navbar.php(110): CodeIgniter\Debug\Exceptions->errorHandler()
 2 SYSTEMPATH\View\View.php(234): include('C:\\Users\\Administrator\\Documents\\GitHub\\gki-main\\app\\Views\\admin\\layout\\navbar.php')
 3 SYSTEMPATH\View\View.php(237): CodeIgniter\View\View->CodeIgniter\View\{closure}()
 4 SYSTEMPATH\Common.php(1169): CodeIgniter\View\View->render()
 5 APPPATH\Views\admin\index.php(3): view()
 6 SYSTEMPATH\View\View.php(234): include('C:\\Users\\Administrator\\Documents\\GitHub\\gki-main\\app\\Views\\admin\\index.php')
 7 SYSTEMPATH\View\View.php(237): CodeIgniter\View\View->CodeIgniter\View\{closure}()
 8 SYSTEMPATH\Common.php(1169): CodeIgniter\View\View->render()
 9 APPPATH\Controllers\Admin.php(14): view()
10 SYSTEMPATH\CodeIgniter.php(933): App\Controllers\Admin->index()
11 SYSTEMPATH\CodeIgniter.php(509): CodeIgniter\CodeIgniter->runController()
12 SYSTEMPATH\CodeIgniter.php(355): CodeIgniter\CodeIgniter->handleRequest()
13 SYSTEMPATH\Boot.php(325): CodeIgniter\CodeIgniter->run()
14 SYSTEMPATH\Boot.php(67): CodeIgniter\Boot::runCodeIgniter()
15 FCPATH\index.php(56): CodeIgniter\Boot::bootWeb()
16 SYSTEMPATH\rewrite.php(44): require_once('C:\\Users\\Administrator\\Documents\\GitHub\\gki-main\\public\\index.php')
INFO - 2024-10-15 23:55:42 --> Session: Class initialized using 'CodeIgniter\Session\Handlers\FileHandler' driver.
INFO - 2024-10-15 23:56:02 --> Session: Class initialized using 'CodeIgniter\Session\Handlers\FileHandler' driver.
INFO - 2024-10-15 23:56:56 --> Session: Class initialized using 'CodeIgniter\Session\Handlers\FileHandler' driver.
INFO - 2024-10-15 23:57:12 --> Session: Class initialized using 'CodeIgniter\Session\Handlers\FileHandler' driver.
INFO - 2024-10-15 23:57:33 --> Session: Class initialized using 'CodeIgniter\Session\Handlers\FileHandler' driver.
INFO - 2024-10-15 23:57:36 --> Session: Class initialized using 'CodeIgniter\Session\Handlers\FileHandler' driver.
